[2024-03-16T19:21:03.222+0000] {processor.py:161} INFO - Started process (PID=82) to work on /home/airflow/.local/lib/python3.8/site-packages/airflow/example_dags/example_latest_only.py
[2024-03-16T19:21:03.223+0000] {processor.py:830} INFO - Processing file /home/airflow/.local/lib/python3.8/site-packages/airflow/example_dags/example_latest_only.py for tasks to queue
[2024-03-16T19:21:03.225+0000] {logging_mixin.py:188} INFO - [2024-03-16T19:21:03.224+0000] {dagbag.py:540} INFO - Filling up the DagBag from /home/airflow/.local/lib/python3.8/site-packages/airflow/example_dags/example_latest_only.py
[2024-03-16T19:21:03.230+0000] {processor.py:840} INFO - DAG(s) 'latest_only' retrieved from /home/airflow/.local/lib/python3.8/site-packages/airflow/example_dags/example_latest_only.py
[2024-03-16T19:21:03.238+0000] {logging_mixin.py:188} INFO - [2024-03-16T19:21:03.237+0000] {dag.py:3047} INFO - Sync 1 DAGs
[2024-03-16T19:21:03.255+0000] {logging_mixin.py:188} INFO - [2024-03-16T19:21:03.255+0000] {dag.py:3834} INFO - Setting next_dagrun for latest_only to 2024-03-16 12:00:00+00:00, run_after=2024-03-16 16:00:00+00:00
[2024-03-16T19:21:03.275+0000] {processor.py:183} INFO - Processing /home/airflow/.local/lib/python3.8/site-packages/airflow/example_dags/example_latest_only.py took 0.056 seconds
[2024-03-16T19:21:34.602+0000] {processor.py:161} INFO - Started process (PID=137) to work on /home/airflow/.local/lib/python3.8/site-packages/airflow/example_dags/example_latest_only.py
[2024-03-16T19:21:34.603+0000] {processor.py:830} INFO - Processing file /home/airflow/.local/lib/python3.8/site-packages/airflow/example_dags/example_latest_only.py for tasks to queue
[2024-03-16T19:21:34.605+0000] {logging_mixin.py:188} INFO - [2024-03-16T19:21:34.605+0000] {dagbag.py:540} INFO - Filling up the DagBag from /home/airflow/.local/lib/python3.8/site-packages/airflow/example_dags/example_latest_only.py
[2024-03-16T19:21:34.608+0000] {processor.py:840} INFO - DAG(s) 'latest_only' retrieved from /home/airflow/.local/lib/python3.8/site-packages/airflow/example_dags/example_latest_only.py
[2024-03-16T19:21:34.668+0000] {logging_mixin.py:188} INFO - [2024-03-16T19:21:34.668+0000] {dag.py:3047} INFO - Sync 1 DAGs
[2024-03-16T19:21:34.682+0000] {logging_mixin.py:188} INFO - [2024-03-16T19:21:34.682+0000] {dag.py:3834} INFO - Setting next_dagrun for latest_only to 2024-03-16 12:00:00+00:00, run_after=2024-03-16 16:00:00+00:00
[2024-03-16T19:21:34.697+0000] {processor.py:183} INFO - Processing /home/airflow/.local/lib/python3.8/site-packages/airflow/example_dags/example_latest_only.py took 0.097 seconds
[2024-03-16T19:22:04.994+0000] {processor.py:161} INFO - Started process (PID=192) to work on /home/airflow/.local/lib/python3.8/site-packages/airflow/example_dags/example_latest_only.py
[2024-03-16T19:22:04.995+0000] {processor.py:830} INFO - Processing file /home/airflow/.local/lib/python3.8/site-packages/airflow/example_dags/example_latest_only.py for tasks to queue
[2024-03-16T19:22:04.996+0000] {logging_mixin.py:188} INFO - [2024-03-16T19:22:04.996+0000] {dagbag.py:540} INFO - Filling up the DagBag from /home/airflow/.local/lib/python3.8/site-packages/airflow/example_dags/example_latest_only.py
[2024-03-16T19:22:04.999+0000] {processor.py:840} INFO - DAG(s) 'latest_only' retrieved from /home/airflow/.local/lib/python3.8/site-packages/airflow/example_dags/example_latest_only.py
[2024-03-16T19:22:05.011+0000] {logging_mixin.py:188} INFO - [2024-03-16T19:22:05.011+0000] {dag.py:3047} INFO - Sync 1 DAGs
[2024-03-16T19:22:05.025+0000] {logging_mixin.py:188} INFO - [2024-03-16T19:22:05.025+0000] {dag.py:3834} INFO - Setting next_dagrun for latest_only to 2024-03-16 12:00:00+00:00, run_after=2024-03-16 16:00:00+00:00
[2024-03-16T19:22:05.039+0000] {processor.py:183} INFO - Processing /home/airflow/.local/lib/python3.8/site-packages/airflow/example_dags/example_latest_only.py took 0.047 seconds
[2024-03-16T19:22:35.123+0000] {processor.py:161} INFO - Started process (PID=247) to work on /home/airflow/.local/lib/python3.8/site-packages/airflow/example_dags/example_latest_only.py
[2024-03-16T19:22:35.123+0000] {processor.py:830} INFO - Processing file /home/airflow/.local/lib/python3.8/site-packages/airflow/example_dags/example_latest_only.py for tasks to queue
[2024-03-16T19:22:35.124+0000] {logging_mixin.py:188} INFO - [2024-03-16T19:22:35.124+0000] {dagbag.py:540} INFO - Filling up the DagBag from /home/airflow/.local/lib/python3.8/site-packages/airflow/example_dags/example_latest_only.py
[2024-03-16T19:22:35.128+0000] {processor.py:840} INFO - DAG(s) 'latest_only' retrieved from /home/airflow/.local/lib/python3.8/site-packages/airflow/example_dags/example_latest_only.py
[2024-03-16T19:22:35.140+0000] {logging_mixin.py:188} INFO - [2024-03-16T19:22:35.140+0000] {dag.py:3047} INFO - Sync 1 DAGs
[2024-03-16T19:22:35.154+0000] {logging_mixin.py:188} INFO - [2024-03-16T19:22:35.153+0000] {dag.py:3834} INFO - Setting next_dagrun for latest_only to 2024-03-16 12:00:00+00:00, run_after=2024-03-16 16:00:00+00:00
[2024-03-16T19:22:35.167+0000] {processor.py:183} INFO - Processing /home/airflow/.local/lib/python3.8/site-packages/airflow/example_dags/example_latest_only.py took 0.046 seconds
[2024-03-16T19:23:05.375+0000] {processor.py:161} INFO - Started process (PID=302) to work on /home/airflow/.local/lib/python3.8/site-packages/airflow/example_dags/example_latest_only.py
[2024-03-16T19:23:05.375+0000] {processor.py:830} INFO - Processing file /home/airflow/.local/lib/python3.8/site-packages/airflow/example_dags/example_latest_only.py for tasks to queue
[2024-03-16T19:23:05.377+0000] {logging_mixin.py:188} INFO - [2024-03-16T19:23:05.376+0000] {dagbag.py:540} INFO - Filling up the DagBag from /home/airflow/.local/lib/python3.8/site-packages/airflow/example_dags/example_latest_only.py
[2024-03-16T19:23:05.380+0000] {processor.py:840} INFO - DAG(s) 'latest_only' retrieved from /home/airflow/.local/lib/python3.8/site-packages/airflow/example_dags/example_latest_only.py
[2024-03-16T19:23:05.393+0000] {logging_mixin.py:188} INFO - [2024-03-16T19:23:05.393+0000] {dag.py:3047} INFO - Sync 1 DAGs
[2024-03-16T19:23:05.412+0000] {logging_mixin.py:188} INFO - [2024-03-16T19:23:05.412+0000] {dag.py:3834} INFO - Setting next_dagrun for latest_only to 2024-03-16 12:00:00+00:00, run_after=2024-03-16 16:00:00+00:00
[2024-03-16T19:23:05.432+0000] {processor.py:183} INFO - Processing /home/airflow/.local/lib/python3.8/site-packages/airflow/example_dags/example_latest_only.py took 0.059 seconds
[2024-03-16T19:23:36.315+0000] {processor.py:161} INFO - Started process (PID=357) to work on /home/airflow/.local/lib/python3.8/site-packages/airflow/example_dags/example_latest_only.py
[2024-03-16T19:23:36.316+0000] {processor.py:830} INFO - Processing file /home/airflow/.local/lib/python3.8/site-packages/airflow/example_dags/example_latest_only.py for tasks to queue
[2024-03-16T19:23:36.317+0000] {logging_mixin.py:188} INFO - [2024-03-16T19:23:36.317+0000] {dagbag.py:540} INFO - Filling up the DagBag from /home/airflow/.local/lib/python3.8/site-packages/airflow/example_dags/example_latest_only.py
[2024-03-16T19:23:36.321+0000] {processor.py:840} INFO - DAG(s) 'latest_only' retrieved from /home/airflow/.local/lib/python3.8/site-packages/airflow/example_dags/example_latest_only.py
[2024-03-16T19:23:36.334+0000] {logging_mixin.py:188} INFO - [2024-03-16T19:23:36.334+0000] {dag.py:3047} INFO - Sync 1 DAGs
[2024-03-16T19:23:36.349+0000] {logging_mixin.py:188} INFO - [2024-03-16T19:23:36.349+0000] {dag.py:3834} INFO - Setting next_dagrun for latest_only to 2024-03-16 12:00:00+00:00, run_after=2024-03-16 16:00:00+00:00
[2024-03-16T19:23:36.364+0000] {processor.py:183} INFO - Processing /home/airflow/.local/lib/python3.8/site-packages/airflow/example_dags/example_latest_only.py took 0.051 seconds
[2024-03-16T19:24:07.240+0000] {processor.py:161} INFO - Started process (PID=412) to work on /home/airflow/.local/lib/python3.8/site-packages/airflow/example_dags/example_latest_only.py
[2024-03-16T19:24:07.241+0000] {processor.py:830} INFO - Processing file /home/airflow/.local/lib/python3.8/site-packages/airflow/example_dags/example_latest_only.py for tasks to queue
[2024-03-16T19:24:07.242+0000] {logging_mixin.py:188} INFO - [2024-03-16T19:24:07.242+0000] {dagbag.py:540} INFO - Filling up the DagBag from /home/airflow/.local/lib/python3.8/site-packages/airflow/example_dags/example_latest_only.py
[2024-03-16T19:24:07.245+0000] {processor.py:840} INFO - DAG(s) 'latest_only' retrieved from /home/airflow/.local/lib/python3.8/site-packages/airflow/example_dags/example_latest_only.py
[2024-03-16T19:24:07.258+0000] {logging_mixin.py:188} INFO - [2024-03-16T19:24:07.258+0000] {dag.py:3047} INFO - Sync 1 DAGs
[2024-03-16T19:24:07.273+0000] {logging_mixin.py:188} INFO - [2024-03-16T19:24:07.273+0000] {dag.py:3834} INFO - Setting next_dagrun for latest_only to 2024-03-16 12:00:00+00:00, run_after=2024-03-16 16:00:00+00:00
[2024-03-16T19:24:07.288+0000] {processor.py:183} INFO - Processing /home/airflow/.local/lib/python3.8/site-packages/airflow/example_dags/example_latest_only.py took 0.050 seconds
[2024-03-16T19:24:37.406+0000] {processor.py:161} INFO - Started process (PID=467) to work on /home/airflow/.local/lib/python3.8/site-packages/airflow/example_dags/example_latest_only.py
[2024-03-16T19:24:37.407+0000] {processor.py:830} INFO - Processing file /home/airflow/.local/lib/python3.8/site-packages/airflow/example_dags/example_latest_only.py for tasks to queue
[2024-03-16T19:24:37.408+0000] {logging_mixin.py:188} INFO - [2024-03-16T19:24:37.408+0000] {dagbag.py:540} INFO - Filling up the DagBag from /home/airflow/.local/lib/python3.8/site-packages/airflow/example_dags/example_latest_only.py
[2024-03-16T19:24:37.411+0000] {processor.py:840} INFO - DAG(s) 'latest_only' retrieved from /home/airflow/.local/lib/python3.8/site-packages/airflow/example_dags/example_latest_only.py
[2024-03-16T19:24:37.424+0000] {logging_mixin.py:188} INFO - [2024-03-16T19:24:37.424+0000] {dag.py:3047} INFO - Sync 1 DAGs
[2024-03-16T19:24:37.438+0000] {logging_mixin.py:188} INFO - [2024-03-16T19:24:37.438+0000] {dag.py:3834} INFO - Setting next_dagrun for latest_only to 2024-03-16 12:00:00+00:00, run_after=2024-03-16 16:00:00+00:00
[2024-03-16T19:24:37.452+0000] {processor.py:183} INFO - Processing /home/airflow/.local/lib/python3.8/site-packages/airflow/example_dags/example_latest_only.py took 0.048 seconds
[2024-03-16T19:25:07.603+0000] {processor.py:161} INFO - Started process (PID=522) to work on /home/airflow/.local/lib/python3.8/site-packages/airflow/example_dags/example_latest_only.py
[2024-03-16T19:25:07.604+0000] {processor.py:830} INFO - Processing file /home/airflow/.local/lib/python3.8/site-packages/airflow/example_dags/example_latest_only.py for tasks to queue
[2024-03-16T19:25:07.605+0000] {logging_mixin.py:188} INFO - [2024-03-16T19:25:07.605+0000] {dagbag.py:540} INFO - Filling up the DagBag from /home/airflow/.local/lib/python3.8/site-packages/airflow/example_dags/example_latest_only.py
[2024-03-16T19:25:07.609+0000] {processor.py:840} INFO - DAG(s) 'latest_only' retrieved from /home/airflow/.local/lib/python3.8/site-packages/airflow/example_dags/example_latest_only.py
[2024-03-16T19:25:07.620+0000] {logging_mixin.py:188} INFO - [2024-03-16T19:25:07.620+0000] {dag.py:3047} INFO - Sync 1 DAGs
[2024-03-16T19:25:07.633+0000] {logging_mixin.py:188} INFO - [2024-03-16T19:25:07.633+0000] {dag.py:3834} INFO - Setting next_dagrun for latest_only to 2024-03-16 12:00:00+00:00, run_after=2024-03-16 16:00:00+00:00
[2024-03-16T19:25:07.650+0000] {processor.py:183} INFO - Processing /home/airflow/.local/lib/python3.8/site-packages/airflow/example_dags/example_latest_only.py took 0.048 seconds
[2024-03-16T19:25:38.458+0000] {processor.py:161} INFO - Started process (PID=577) to work on /home/airflow/.local/lib/python3.8/site-packages/airflow/example_dags/example_latest_only.py
[2024-03-16T19:25:38.459+0000] {processor.py:830} INFO - Processing file /home/airflow/.local/lib/python3.8/site-packages/airflow/example_dags/example_latest_only.py for tasks to queue
[2024-03-16T19:25:38.460+0000] {logging_mixin.py:188} INFO - [2024-03-16T19:25:38.460+0000] {dagbag.py:540} INFO - Filling up the DagBag from /home/airflow/.local/lib/python3.8/site-packages/airflow/example_dags/example_latest_only.py
[2024-03-16T19:25:38.464+0000] {processor.py:840} INFO - DAG(s) 'latest_only' retrieved from /home/airflow/.local/lib/python3.8/site-packages/airflow/example_dags/example_latest_only.py
[2024-03-16T19:25:38.479+0000] {logging_mixin.py:188} INFO - [2024-03-16T19:25:38.479+0000] {dag.py:3047} INFO - Sync 1 DAGs
[2024-03-16T19:25:38.493+0000] {logging_mixin.py:188} INFO - [2024-03-16T19:25:38.493+0000] {dag.py:3834} INFO - Setting next_dagrun for latest_only to 2024-03-16 12:00:00+00:00, run_after=2024-03-16 16:00:00+00:00
[2024-03-16T19:25:38.508+0000] {processor.py:183} INFO - Processing /home/airflow/.local/lib/python3.8/site-packages/airflow/example_dags/example_latest_only.py took 0.052 seconds
[2024-03-16T19:26:09.389+0000] {processor.py:161} INFO - Started process (PID=632) to work on /home/airflow/.local/lib/python3.8/site-packages/airflow/example_dags/example_latest_only.py
[2024-03-16T19:26:09.390+0000] {processor.py:830} INFO - Processing file /home/airflow/.local/lib/python3.8/site-packages/airflow/example_dags/example_latest_only.py for tasks to queue
[2024-03-16T19:26:09.391+0000] {logging_mixin.py:188} INFO - [2024-03-16T19:26:09.391+0000] {dagbag.py:540} INFO - Filling up the DagBag from /home/airflow/.local/lib/python3.8/site-packages/airflow/example_dags/example_latest_only.py
[2024-03-16T19:26:09.394+0000] {processor.py:840} INFO - DAG(s) 'latest_only' retrieved from /home/airflow/.local/lib/python3.8/site-packages/airflow/example_dags/example_latest_only.py
[2024-03-16T19:26:09.407+0000] {logging_mixin.py:188} INFO - [2024-03-16T19:26:09.407+0000] {dag.py:3047} INFO - Sync 1 DAGs
[2024-03-16T19:26:09.420+0000] {logging_mixin.py:188} INFO - [2024-03-16T19:26:09.420+0000] {dag.py:3834} INFO - Setting next_dagrun for latest_only to 2024-03-16 12:00:00+00:00, run_after=2024-03-16 16:00:00+00:00
[2024-03-16T19:26:09.432+0000] {processor.py:183} INFO - Processing /home/airflow/.local/lib/python3.8/site-packages/airflow/example_dags/example_latest_only.py took 0.045 seconds
[2024-03-16T19:26:39.658+0000] {processor.py:161} INFO - Started process (PID=687) to work on /home/airflow/.local/lib/python3.8/site-packages/airflow/example_dags/example_latest_only.py
[2024-03-16T19:26:39.659+0000] {processor.py:830} INFO - Processing file /home/airflow/.local/lib/python3.8/site-packages/airflow/example_dags/example_latest_only.py for tasks to queue
[2024-03-16T19:26:39.660+0000] {logging_mixin.py:188} INFO - [2024-03-16T19:26:39.660+0000] {dagbag.py:540} INFO - Filling up the DagBag from /home/airflow/.local/lib/python3.8/site-packages/airflow/example_dags/example_latest_only.py
[2024-03-16T19:26:39.663+0000] {processor.py:840} INFO - DAG(s) 'latest_only' retrieved from /home/airflow/.local/lib/python3.8/site-packages/airflow/example_dags/example_latest_only.py
[2024-03-16T19:26:39.674+0000] {logging_mixin.py:188} INFO - [2024-03-16T19:26:39.674+0000] {dag.py:3047} INFO - Sync 1 DAGs
[2024-03-16T19:26:39.688+0000] {logging_mixin.py:188} INFO - [2024-03-16T19:26:39.688+0000] {dag.py:3834} INFO - Setting next_dagrun for latest_only to 2024-03-16 12:00:00+00:00, run_after=2024-03-16 16:00:00+00:00
[2024-03-16T19:26:39.700+0000] {processor.py:183} INFO - Processing /home/airflow/.local/lib/python3.8/site-packages/airflow/example_dags/example_latest_only.py took 0.044 seconds
[2024-03-16T19:27:09.785+0000] {processor.py:161} INFO - Started process (PID=742) to work on /home/airflow/.local/lib/python3.8/site-packages/airflow/example_dags/example_latest_only.py
[2024-03-16T19:27:09.785+0000] {processor.py:830} INFO - Processing file /home/airflow/.local/lib/python3.8/site-packages/airflow/example_dags/example_latest_only.py for tasks to queue
[2024-03-16T19:27:09.787+0000] {logging_mixin.py:188} INFO - [2024-03-16T19:27:09.786+0000] {dagbag.py:540} INFO - Filling up the DagBag from /home/airflow/.local/lib/python3.8/site-packages/airflow/example_dags/example_latest_only.py
[2024-03-16T19:27:09.790+0000] {processor.py:840} INFO - DAG(s) 'latest_only' retrieved from /home/airflow/.local/lib/python3.8/site-packages/airflow/example_dags/example_latest_only.py
[2024-03-16T19:27:09.802+0000] {logging_mixin.py:188} INFO - [2024-03-16T19:27:09.802+0000] {dag.py:3047} INFO - Sync 1 DAGs
[2024-03-16T19:27:09.817+0000] {logging_mixin.py:188} INFO - [2024-03-16T19:27:09.817+0000] {dag.py:3834} INFO - Setting next_dagrun for latest_only to 2024-03-16 12:00:00+00:00, run_after=2024-03-16 16:00:00+00:00
[2024-03-16T19:27:09.832+0000] {processor.py:183} INFO - Processing /home/airflow/.local/lib/python3.8/site-packages/airflow/example_dags/example_latest_only.py took 0.049 seconds
[2024-03-16T19:27:39.886+0000] {processor.py:161} INFO - Started process (PID=797) to work on /home/airflow/.local/lib/python3.8/site-packages/airflow/example_dags/example_latest_only.py
[2024-03-16T19:27:39.887+0000] {processor.py:830} INFO - Processing file /home/airflow/.local/lib/python3.8/site-packages/airflow/example_dags/example_latest_only.py for tasks to queue
[2024-03-16T19:27:39.888+0000] {logging_mixin.py:188} INFO - [2024-03-16T19:27:39.888+0000] {dagbag.py:540} INFO - Filling up the DagBag from /home/airflow/.local/lib/python3.8/site-packages/airflow/example_dags/example_latest_only.py
[2024-03-16T19:27:39.891+0000] {processor.py:840} INFO - DAG(s) 'latest_only' retrieved from /home/airflow/.local/lib/python3.8/site-packages/airflow/example_dags/example_latest_only.py
[2024-03-16T19:27:39.903+0000] {logging_mixin.py:188} INFO - [2024-03-16T19:27:39.902+0000] {dag.py:3047} INFO - Sync 1 DAGs
[2024-03-16T19:27:39.916+0000] {logging_mixin.py:188} INFO - [2024-03-16T19:27:39.916+0000] {dag.py:3834} INFO - Setting next_dagrun for latest_only to 2024-03-16 12:00:00+00:00, run_after=2024-03-16 16:00:00+00:00
[2024-03-16T19:27:39.928+0000] {processor.py:183} INFO - Processing /home/airflow/.local/lib/python3.8/site-packages/airflow/example_dags/example_latest_only.py took 0.043 seconds
[2024-03-16T19:28:10.638+0000] {processor.py:161} INFO - Started process (PID=852) to work on /home/airflow/.local/lib/python3.8/site-packages/airflow/example_dags/example_latest_only.py
[2024-03-16T19:28:10.639+0000] {processor.py:830} INFO - Processing file /home/airflow/.local/lib/python3.8/site-packages/airflow/example_dags/example_latest_only.py for tasks to queue
[2024-03-16T19:28:10.640+0000] {logging_mixin.py:188} INFO - [2024-03-16T19:28:10.640+0000] {dagbag.py:540} INFO - Filling up the DagBag from /home/airflow/.local/lib/python3.8/site-packages/airflow/example_dags/example_latest_only.py
[2024-03-16T19:28:10.643+0000] {processor.py:840} INFO - DAG(s) 'latest_only' retrieved from /home/airflow/.local/lib/python3.8/site-packages/airflow/example_dags/example_latest_only.py
[2024-03-16T19:28:10.655+0000] {logging_mixin.py:188} INFO - [2024-03-16T19:28:10.655+0000] {dag.py:3047} INFO - Sync 1 DAGs
[2024-03-16T19:28:10.668+0000] {logging_mixin.py:188} INFO - [2024-03-16T19:28:10.668+0000] {dag.py:3834} INFO - Setting next_dagrun for latest_only to 2024-03-16 12:00:00+00:00, run_after=2024-03-16 16:00:00+00:00
[2024-03-16T19:28:10.681+0000] {processor.py:183} INFO - Processing /home/airflow/.local/lib/python3.8/site-packages/airflow/example_dags/example_latest_only.py took 0.045 seconds
[2024-03-16T19:28:41.570+0000] {processor.py:161} INFO - Started process (PID=907) to work on /home/airflow/.local/lib/python3.8/site-packages/airflow/example_dags/example_latest_only.py
[2024-03-16T19:28:41.571+0000] {processor.py:830} INFO - Processing file /home/airflow/.local/lib/python3.8/site-packages/airflow/example_dags/example_latest_only.py for tasks to queue
[2024-03-16T19:28:41.572+0000] {logging_mixin.py:188} INFO - [2024-03-16T19:28:41.572+0000] {dagbag.py:540} INFO - Filling up the DagBag from /home/airflow/.local/lib/python3.8/site-packages/airflow/example_dags/example_latest_only.py
[2024-03-16T19:28:41.575+0000] {processor.py:840} INFO - DAG(s) 'latest_only' retrieved from /home/airflow/.local/lib/python3.8/site-packages/airflow/example_dags/example_latest_only.py
[2024-03-16T19:28:41.588+0000] {logging_mixin.py:188} INFO - [2024-03-16T19:28:41.588+0000] {dag.py:3047} INFO - Sync 1 DAGs
[2024-03-16T19:28:41.602+0000] {logging_mixin.py:188} INFO - [2024-03-16T19:28:41.602+0000] {dag.py:3834} INFO - Setting next_dagrun for latest_only to 2024-03-16 12:00:00+00:00, run_after=2024-03-16 16:00:00+00:00
[2024-03-16T19:28:41.617+0000] {processor.py:183} INFO - Processing /home/airflow/.local/lib/python3.8/site-packages/airflow/example_dags/example_latest_only.py took 0.049 seconds
