[2024-03-16T19:21:01.700+0000] {processor.py:161} INFO - Started process (PID=47) to work on /home/airflow/.local/lib/python3.8/site-packages/airflow/example_dags/example_latest_only_with_trigger.py
[2024-03-16T19:21:01.701+0000] {processor.py:830} INFO - Processing file /home/airflow/.local/lib/python3.8/site-packages/airflow/example_dags/example_latest_only_with_trigger.py for tasks to queue
[2024-03-16T19:21:01.702+0000] {logging_mixin.py:188} INFO - [2024-03-16T19:21:01.702+0000] {dagbag.py:540} INFO - Filling up the DagBag from /home/airflow/.local/lib/python3.8/site-packages/airflow/example_dags/example_latest_only_with_trigger.py
[2024-03-16T19:21:01.712+0000] {processor.py:840} INFO - DAG(s) 'latest_only_with_trigger' retrieved from /home/airflow/.local/lib/python3.8/site-packages/airflow/example_dags/example_latest_only_with_trigger.py
[2024-03-16T19:21:01.730+0000] {logging_mixin.py:188} INFO - [2024-03-16T19:21:01.730+0000] {dag.py:3047} INFO - Sync 1 DAGs
[2024-03-16T19:21:01.746+0000] {logging_mixin.py:188} INFO - [2024-03-16T19:21:01.746+0000] {dag.py:3834} INFO - Setting next_dagrun for latest_only_with_trigger to 2024-03-16 12:00:00+00:00, run_after=2024-03-16 16:00:00+00:00
[2024-03-16T19:21:01.762+0000] {processor.py:183} INFO - Processing /home/airflow/.local/lib/python3.8/site-packages/airflow/example_dags/example_latest_only_with_trigger.py took 0.064 seconds
[2024-03-16T19:21:32.339+0000] {processor.py:161} INFO - Started process (PID=102) to work on /home/airflow/.local/lib/python3.8/site-packages/airflow/example_dags/example_latest_only_with_trigger.py
[2024-03-16T19:21:32.340+0000] {processor.py:830} INFO - Processing file /home/airflow/.local/lib/python3.8/site-packages/airflow/example_dags/example_latest_only_with_trigger.py for tasks to queue
[2024-03-16T19:21:32.341+0000] {logging_mixin.py:188} INFO - [2024-03-16T19:21:32.341+0000] {dagbag.py:540} INFO - Filling up the DagBag from /home/airflow/.local/lib/python3.8/site-packages/airflow/example_dags/example_latest_only_with_trigger.py
[2024-03-16T19:21:32.346+0000] {processor.py:840} INFO - DAG(s) 'latest_only_with_trigger' retrieved from /home/airflow/.local/lib/python3.8/site-packages/airflow/example_dags/example_latest_only_with_trigger.py
[2024-03-16T19:21:32.465+0000] {logging_mixin.py:188} INFO - [2024-03-16T19:21:32.465+0000] {dag.py:3047} INFO - Sync 1 DAGs
[2024-03-16T19:21:32.479+0000] {logging_mixin.py:188} INFO - [2024-03-16T19:21:32.479+0000] {dag.py:3834} INFO - Setting next_dagrun for latest_only_with_trigger to 2024-03-16 12:00:00+00:00, run_after=2024-03-16 16:00:00+00:00
[2024-03-16T19:21:32.495+0000] {processor.py:183} INFO - Processing /home/airflow/.local/lib/python3.8/site-packages/airflow/example_dags/example_latest_only_with_trigger.py took 0.159 seconds
[2024-03-16T19:22:02.532+0000] {processor.py:161} INFO - Started process (PID=157) to work on /home/airflow/.local/lib/python3.8/site-packages/airflow/example_dags/example_latest_only_with_trigger.py
[2024-03-16T19:22:02.533+0000] {processor.py:830} INFO - Processing file /home/airflow/.local/lib/python3.8/site-packages/airflow/example_dags/example_latest_only_with_trigger.py for tasks to queue
[2024-03-16T19:22:02.535+0000] {logging_mixin.py:188} INFO - [2024-03-16T19:22:02.534+0000] {dagbag.py:540} INFO - Filling up the DagBag from /home/airflow/.local/lib/python3.8/site-packages/airflow/example_dags/example_latest_only_with_trigger.py
[2024-03-16T19:22:02.539+0000] {processor.py:840} INFO - DAG(s) 'latest_only_with_trigger' retrieved from /home/airflow/.local/lib/python3.8/site-packages/airflow/example_dags/example_latest_only_with_trigger.py
[2024-03-16T19:22:02.554+0000] {logging_mixin.py:188} INFO - [2024-03-16T19:22:02.554+0000] {dag.py:3047} INFO - Sync 1 DAGs
[2024-03-16T19:22:02.568+0000] {logging_mixin.py:188} INFO - [2024-03-16T19:22:02.568+0000] {dag.py:3834} INFO - Setting next_dagrun for latest_only_with_trigger to 2024-03-16 12:00:00+00:00, run_after=2024-03-16 16:00:00+00:00
[2024-03-16T19:22:02.582+0000] {processor.py:183} INFO - Processing /home/airflow/.local/lib/python3.8/site-packages/airflow/example_dags/example_latest_only_with_trigger.py took 0.053 seconds
[2024-03-16T19:22:32.673+0000] {processor.py:161} INFO - Started process (PID=212) to work on /home/airflow/.local/lib/python3.8/site-packages/airflow/example_dags/example_latest_only_with_trigger.py
[2024-03-16T19:22:32.674+0000] {processor.py:830} INFO - Processing file /home/airflow/.local/lib/python3.8/site-packages/airflow/example_dags/example_latest_only_with_trigger.py for tasks to queue
[2024-03-16T19:22:32.675+0000] {logging_mixin.py:188} INFO - [2024-03-16T19:22:32.675+0000] {dagbag.py:540} INFO - Filling up the DagBag from /home/airflow/.local/lib/python3.8/site-packages/airflow/example_dags/example_latest_only_with_trigger.py
[2024-03-16T19:22:32.678+0000] {processor.py:840} INFO - DAG(s) 'latest_only_with_trigger' retrieved from /home/airflow/.local/lib/python3.8/site-packages/airflow/example_dags/example_latest_only_with_trigger.py
[2024-03-16T19:22:32.692+0000] {logging_mixin.py:188} INFO - [2024-03-16T19:22:32.691+0000] {dag.py:3047} INFO - Sync 1 DAGs
[2024-03-16T19:22:32.705+0000] {logging_mixin.py:188} INFO - [2024-03-16T19:22:32.705+0000] {dag.py:3834} INFO - Setting next_dagrun for latest_only_with_trigger to 2024-03-16 12:00:00+00:00, run_after=2024-03-16 16:00:00+00:00
[2024-03-16T19:22:32.718+0000] {processor.py:183} INFO - Processing /home/airflow/.local/lib/python3.8/site-packages/airflow/example_dags/example_latest_only_with_trigger.py took 0.047 seconds
[2024-03-16T19:23:02.783+0000] {processor.py:161} INFO - Started process (PID=267) to work on /home/airflow/.local/lib/python3.8/site-packages/airflow/example_dags/example_latest_only_with_trigger.py
[2024-03-16T19:23:02.784+0000] {processor.py:830} INFO - Processing file /home/airflow/.local/lib/python3.8/site-packages/airflow/example_dags/example_latest_only_with_trigger.py for tasks to queue
[2024-03-16T19:23:02.785+0000] {logging_mixin.py:188} INFO - [2024-03-16T19:23:02.785+0000] {dagbag.py:540} INFO - Filling up the DagBag from /home/airflow/.local/lib/python3.8/site-packages/airflow/example_dags/example_latest_only_with_trigger.py
[2024-03-16T19:23:02.789+0000] {processor.py:840} INFO - DAG(s) 'latest_only_with_trigger' retrieved from /home/airflow/.local/lib/python3.8/site-packages/airflow/example_dags/example_latest_only_with_trigger.py
[2024-03-16T19:23:02.803+0000] {logging_mixin.py:188} INFO - [2024-03-16T19:23:02.802+0000] {dag.py:3047} INFO - Sync 1 DAGs
[2024-03-16T19:23:02.817+0000] {logging_mixin.py:188} INFO - [2024-03-16T19:23:02.817+0000] {dag.py:3834} INFO - Setting next_dagrun for latest_only_with_trigger to 2024-03-16 12:00:00+00:00, run_after=2024-03-16 16:00:00+00:00
[2024-03-16T19:23:02.837+0000] {processor.py:183} INFO - Processing /home/airflow/.local/lib/python3.8/site-packages/airflow/example_dags/example_latest_only_with_trigger.py took 0.056 seconds
[2024-03-16T19:23:32.983+0000] {processor.py:161} INFO - Started process (PID=322) to work on /home/airflow/.local/lib/python3.8/site-packages/airflow/example_dags/example_latest_only_with_trigger.py
[2024-03-16T19:23:32.984+0000] {processor.py:830} INFO - Processing file /home/airflow/.local/lib/python3.8/site-packages/airflow/example_dags/example_latest_only_with_trigger.py for tasks to queue
[2024-03-16T19:23:32.985+0000] {logging_mixin.py:188} INFO - [2024-03-16T19:23:32.985+0000] {dagbag.py:540} INFO - Filling up the DagBag from /home/airflow/.local/lib/python3.8/site-packages/airflow/example_dags/example_latest_only_with_trigger.py
[2024-03-16T19:23:32.989+0000] {processor.py:840} INFO - DAG(s) 'latest_only_with_trigger' retrieved from /home/airflow/.local/lib/python3.8/site-packages/airflow/example_dags/example_latest_only_with_trigger.py
[2024-03-16T19:23:33.003+0000] {logging_mixin.py:188} INFO - [2024-03-16T19:23:33.003+0000] {dag.py:3047} INFO - Sync 1 DAGs
[2024-03-16T19:23:33.016+0000] {logging_mixin.py:188} INFO - [2024-03-16T19:23:33.016+0000] {dag.py:3834} INFO - Setting next_dagrun for latest_only_with_trigger to 2024-03-16 12:00:00+00:00, run_after=2024-03-16 16:00:00+00:00
[2024-03-16T19:23:33.036+0000] {processor.py:183} INFO - Processing /home/airflow/.local/lib/python3.8/site-packages/airflow/example_dags/example_latest_only_with_trigger.py took 0.054 seconds
[2024-03-16T19:24:03.822+0000] {processor.py:161} INFO - Started process (PID=377) to work on /home/airflow/.local/lib/python3.8/site-packages/airflow/example_dags/example_latest_only_with_trigger.py
[2024-03-16T19:24:03.822+0000] {processor.py:830} INFO - Processing file /home/airflow/.local/lib/python3.8/site-packages/airflow/example_dags/example_latest_only_with_trigger.py for tasks to queue
[2024-03-16T19:24:03.824+0000] {logging_mixin.py:188} INFO - [2024-03-16T19:24:03.824+0000] {dagbag.py:540} INFO - Filling up the DagBag from /home/airflow/.local/lib/python3.8/site-packages/airflow/example_dags/example_latest_only_with_trigger.py
[2024-03-16T19:24:03.830+0000] {processor.py:840} INFO - DAG(s) 'latest_only_with_trigger' retrieved from /home/airflow/.local/lib/python3.8/site-packages/airflow/example_dags/example_latest_only_with_trigger.py
[2024-03-16T19:24:03.845+0000] {logging_mixin.py:188} INFO - [2024-03-16T19:24:03.845+0000] {dag.py:3047} INFO - Sync 1 DAGs
[2024-03-16T19:24:03.859+0000] {logging_mixin.py:188} INFO - [2024-03-16T19:24:03.858+0000] {dag.py:3834} INFO - Setting next_dagrun for latest_only_with_trigger to 2024-03-16 12:00:00+00:00, run_after=2024-03-16 16:00:00+00:00
[2024-03-16T19:24:03.873+0000] {processor.py:183} INFO - Processing /home/airflow/.local/lib/python3.8/site-packages/airflow/example_dags/example_latest_only_with_trigger.py took 0.054 seconds
[2024-03-16T19:24:33.975+0000] {processor.py:161} INFO - Started process (PID=432) to work on /home/airflow/.local/lib/python3.8/site-packages/airflow/example_dags/example_latest_only_with_trigger.py
[2024-03-16T19:24:33.976+0000] {processor.py:830} INFO - Processing file /home/airflow/.local/lib/python3.8/site-packages/airflow/example_dags/example_latest_only_with_trigger.py for tasks to queue
[2024-03-16T19:24:33.977+0000] {logging_mixin.py:188} INFO - [2024-03-16T19:24:33.977+0000] {dagbag.py:540} INFO - Filling up the DagBag from /home/airflow/.local/lib/python3.8/site-packages/airflow/example_dags/example_latest_only_with_trigger.py
[2024-03-16T19:24:33.981+0000] {processor.py:840} INFO - DAG(s) 'latest_only_with_trigger' retrieved from /home/airflow/.local/lib/python3.8/site-packages/airflow/example_dags/example_latest_only_with_trigger.py
[2024-03-16T19:24:33.994+0000] {logging_mixin.py:188} INFO - [2024-03-16T19:24:33.994+0000] {dag.py:3047} INFO - Sync 1 DAGs
[2024-03-16T19:24:34.010+0000] {logging_mixin.py:188} INFO - [2024-03-16T19:24:34.010+0000] {dag.py:3834} INFO - Setting next_dagrun for latest_only_with_trigger to 2024-03-16 12:00:00+00:00, run_after=2024-03-16 16:00:00+00:00
[2024-03-16T19:24:34.025+0000] {processor.py:183} INFO - Processing /home/airflow/.local/lib/python3.8/site-packages/airflow/example_dags/example_latest_only_with_trigger.py took 0.052 seconds
[2024-03-16T19:25:04.193+0000] {processor.py:161} INFO - Started process (PID=487) to work on /home/airflow/.local/lib/python3.8/site-packages/airflow/example_dags/example_latest_only_with_trigger.py
[2024-03-16T19:25:04.193+0000] {processor.py:830} INFO - Processing file /home/airflow/.local/lib/python3.8/site-packages/airflow/example_dags/example_latest_only_with_trigger.py for tasks to queue
[2024-03-16T19:25:04.195+0000] {logging_mixin.py:188} INFO - [2024-03-16T19:25:04.195+0000] {dagbag.py:540} INFO - Filling up the DagBag from /home/airflow/.local/lib/python3.8/site-packages/airflow/example_dags/example_latest_only_with_trigger.py
[2024-03-16T19:25:04.202+0000] {processor.py:840} INFO - DAG(s) 'latest_only_with_trigger' retrieved from /home/airflow/.local/lib/python3.8/site-packages/airflow/example_dags/example_latest_only_with_trigger.py
[2024-03-16T19:25:04.224+0000] {logging_mixin.py:188} INFO - [2024-03-16T19:25:04.223+0000] {dag.py:3047} INFO - Sync 1 DAGs
[2024-03-16T19:25:04.240+0000] {logging_mixin.py:188} INFO - [2024-03-16T19:25:04.240+0000] {dag.py:3834} INFO - Setting next_dagrun for latest_only_with_trigger to 2024-03-16 12:00:00+00:00, run_after=2024-03-16 16:00:00+00:00
[2024-03-16T19:25:04.258+0000] {processor.py:183} INFO - Processing /home/airflow/.local/lib/python3.8/site-packages/airflow/example_dags/example_latest_only_with_trigger.py took 0.068 seconds
[2024-03-16T19:25:35.032+0000] {processor.py:161} INFO - Started process (PID=542) to work on /home/airflow/.local/lib/python3.8/site-packages/airflow/example_dags/example_latest_only_with_trigger.py
[2024-03-16T19:25:35.033+0000] {processor.py:830} INFO - Processing file /home/airflow/.local/lib/python3.8/site-packages/airflow/example_dags/example_latest_only_with_trigger.py for tasks to queue
[2024-03-16T19:25:35.034+0000] {logging_mixin.py:188} INFO - [2024-03-16T19:25:35.034+0000] {dagbag.py:540} INFO - Filling up the DagBag from /home/airflow/.local/lib/python3.8/site-packages/airflow/example_dags/example_latest_only_with_trigger.py
[2024-03-16T19:25:35.038+0000] {processor.py:840} INFO - DAG(s) 'latest_only_with_trigger' retrieved from /home/airflow/.local/lib/python3.8/site-packages/airflow/example_dags/example_latest_only_with_trigger.py
[2024-03-16T19:25:35.052+0000] {logging_mixin.py:188} INFO - [2024-03-16T19:25:35.051+0000] {dag.py:3047} INFO - Sync 1 DAGs
[2024-03-16T19:25:35.066+0000] {logging_mixin.py:188} INFO - [2024-03-16T19:25:35.066+0000] {dag.py:3834} INFO - Setting next_dagrun for latest_only_with_trigger to 2024-03-16 12:00:00+00:00, run_after=2024-03-16 16:00:00+00:00
[2024-03-16T19:25:35.086+0000] {processor.py:183} INFO - Processing /home/airflow/.local/lib/python3.8/site-packages/airflow/example_dags/example_latest_only_with_trigger.py took 0.056 seconds
[2024-03-16T19:26:05.952+0000] {processor.py:161} INFO - Started process (PID=597) to work on /home/airflow/.local/lib/python3.8/site-packages/airflow/example_dags/example_latest_only_with_trigger.py
[2024-03-16T19:26:05.953+0000] {processor.py:830} INFO - Processing file /home/airflow/.local/lib/python3.8/site-packages/airflow/example_dags/example_latest_only_with_trigger.py for tasks to queue
[2024-03-16T19:26:05.955+0000] {logging_mixin.py:188} INFO - [2024-03-16T19:26:05.955+0000] {dagbag.py:540} INFO - Filling up the DagBag from /home/airflow/.local/lib/python3.8/site-packages/airflow/example_dags/example_latest_only_with_trigger.py
[2024-03-16T19:26:05.961+0000] {processor.py:840} INFO - DAG(s) 'latest_only_with_trigger' retrieved from /home/airflow/.local/lib/python3.8/site-packages/airflow/example_dags/example_latest_only_with_trigger.py
[2024-03-16T19:26:05.976+0000] {logging_mixin.py:188} INFO - [2024-03-16T19:26:05.976+0000] {dag.py:3047} INFO - Sync 1 DAGs
[2024-03-16T19:26:05.989+0000] {logging_mixin.py:188} INFO - [2024-03-16T19:26:05.989+0000] {dag.py:3834} INFO - Setting next_dagrun for latest_only_with_trigger to 2024-03-16 12:00:00+00:00, run_after=2024-03-16 16:00:00+00:00
[2024-03-16T19:26:06.003+0000] {processor.py:183} INFO - Processing /home/airflow/.local/lib/python3.8/site-packages/airflow/example_dags/example_latest_only_with_trigger.py took 0.054 seconds
[2024-03-16T19:26:36.078+0000] {processor.py:161} INFO - Started process (PID=652) to work on /home/airflow/.local/lib/python3.8/site-packages/airflow/example_dags/example_latest_only_with_trigger.py
[2024-03-16T19:26:36.079+0000] {processor.py:830} INFO - Processing file /home/airflow/.local/lib/python3.8/site-packages/airflow/example_dags/example_latest_only_with_trigger.py for tasks to queue
[2024-03-16T19:26:36.081+0000] {logging_mixin.py:188} INFO - [2024-03-16T19:26:36.081+0000] {dagbag.py:540} INFO - Filling up the DagBag from /home/airflow/.local/lib/python3.8/site-packages/airflow/example_dags/example_latest_only_with_trigger.py
[2024-03-16T19:26:36.085+0000] {processor.py:840} INFO - DAG(s) 'latest_only_with_trigger' retrieved from /home/airflow/.local/lib/python3.8/site-packages/airflow/example_dags/example_latest_only_with_trigger.py
[2024-03-16T19:26:36.098+0000] {logging_mixin.py:188} INFO - [2024-03-16T19:26:36.098+0000] {dag.py:3047} INFO - Sync 1 DAGs
[2024-03-16T19:26:36.112+0000] {logging_mixin.py:188} INFO - [2024-03-16T19:26:36.112+0000] {dag.py:3834} INFO - Setting next_dagrun for latest_only_with_trigger to 2024-03-16 12:00:00+00:00, run_after=2024-03-16 16:00:00+00:00
[2024-03-16T19:26:36.129+0000] {processor.py:183} INFO - Processing /home/airflow/.local/lib/python3.8/site-packages/airflow/example_dags/example_latest_only_with_trigger.py took 0.053 seconds
[2024-03-16T19:27:06.398+0000] {processor.py:161} INFO - Started process (PID=707) to work on /home/airflow/.local/lib/python3.8/site-packages/airflow/example_dags/example_latest_only_with_trigger.py
[2024-03-16T19:27:06.399+0000] {processor.py:830} INFO - Processing file /home/airflow/.local/lib/python3.8/site-packages/airflow/example_dags/example_latest_only_with_trigger.py for tasks to queue
[2024-03-16T19:27:06.400+0000] {logging_mixin.py:188} INFO - [2024-03-16T19:27:06.400+0000] {dagbag.py:540} INFO - Filling up the DagBag from /home/airflow/.local/lib/python3.8/site-packages/airflow/example_dags/example_latest_only_with_trigger.py
[2024-03-16T19:27:06.405+0000] {processor.py:840} INFO - DAG(s) 'latest_only_with_trigger' retrieved from /home/airflow/.local/lib/python3.8/site-packages/airflow/example_dags/example_latest_only_with_trigger.py
[2024-03-16T19:27:06.422+0000] {logging_mixin.py:188} INFO - [2024-03-16T19:27:06.422+0000] {dag.py:3047} INFO - Sync 1 DAGs
[2024-03-16T19:27:06.435+0000] {logging_mixin.py:188} INFO - [2024-03-16T19:27:06.435+0000] {dag.py:3834} INFO - Setting next_dagrun for latest_only_with_trigger to 2024-03-16 12:00:00+00:00, run_after=2024-03-16 16:00:00+00:00
[2024-03-16T19:27:06.450+0000] {processor.py:183} INFO - Processing /home/airflow/.local/lib/python3.8/site-packages/airflow/example_dags/example_latest_only_with_trigger.py took 0.054 seconds
[2024-03-16T19:27:36.551+0000] {processor.py:161} INFO - Started process (PID=762) to work on /home/airflow/.local/lib/python3.8/site-packages/airflow/example_dags/example_latest_only_with_trigger.py
[2024-03-16T19:27:36.551+0000] {processor.py:830} INFO - Processing file /home/airflow/.local/lib/python3.8/site-packages/airflow/example_dags/example_latest_only_with_trigger.py for tasks to queue
[2024-03-16T19:27:36.553+0000] {logging_mixin.py:188} INFO - [2024-03-16T19:27:36.553+0000] {dagbag.py:540} INFO - Filling up the DagBag from /home/airflow/.local/lib/python3.8/site-packages/airflow/example_dags/example_latest_only_with_trigger.py
[2024-03-16T19:27:36.556+0000] {processor.py:840} INFO - DAG(s) 'latest_only_with_trigger' retrieved from /home/airflow/.local/lib/python3.8/site-packages/airflow/example_dags/example_latest_only_with_trigger.py
[2024-03-16T19:27:36.573+0000] {logging_mixin.py:188} INFO - [2024-03-16T19:27:36.572+0000] {dag.py:3047} INFO - Sync 1 DAGs
[2024-03-16T19:27:36.587+0000] {logging_mixin.py:188} INFO - [2024-03-16T19:27:36.587+0000] {dag.py:3834} INFO - Setting next_dagrun for latest_only_with_trigger to 2024-03-16 12:00:00+00:00, run_after=2024-03-16 16:00:00+00:00
[2024-03-16T19:27:36.605+0000] {processor.py:183} INFO - Processing /home/airflow/.local/lib/python3.8/site-packages/airflow/example_dags/example_latest_only_with_trigger.py took 0.056 seconds
[2024-03-16T19:28:07.364+0000] {processor.py:161} INFO - Started process (PID=817) to work on /home/airflow/.local/lib/python3.8/site-packages/airflow/example_dags/example_latest_only_with_trigger.py
[2024-03-16T19:28:07.365+0000] {processor.py:830} INFO - Processing file /home/airflow/.local/lib/python3.8/site-packages/airflow/example_dags/example_latest_only_with_trigger.py for tasks to queue
[2024-03-16T19:28:07.367+0000] {logging_mixin.py:188} INFO - [2024-03-16T19:28:07.367+0000] {dagbag.py:540} INFO - Filling up the DagBag from /home/airflow/.local/lib/python3.8/site-packages/airflow/example_dags/example_latest_only_with_trigger.py
[2024-03-16T19:28:07.373+0000] {processor.py:840} INFO - DAG(s) 'latest_only_with_trigger' retrieved from /home/airflow/.local/lib/python3.8/site-packages/airflow/example_dags/example_latest_only_with_trigger.py
[2024-03-16T19:28:07.388+0000] {logging_mixin.py:188} INFO - [2024-03-16T19:28:07.388+0000] {dag.py:3047} INFO - Sync 1 DAGs
[2024-03-16T19:28:07.402+0000] {logging_mixin.py:188} INFO - [2024-03-16T19:28:07.402+0000] {dag.py:3834} INFO - Setting next_dagrun for latest_only_with_trigger to 2024-03-16 12:00:00+00:00, run_after=2024-03-16 16:00:00+00:00
[2024-03-16T19:28:07.420+0000] {processor.py:183} INFO - Processing /home/airflow/.local/lib/python3.8/site-packages/airflow/example_dags/example_latest_only_with_trigger.py took 0.060 seconds
[2024-03-16T19:28:38.109+0000] {processor.py:161} INFO - Started process (PID=872) to work on /home/airflow/.local/lib/python3.8/site-packages/airflow/example_dags/example_latest_only_with_trigger.py
[2024-03-16T19:28:38.110+0000] {processor.py:830} INFO - Processing file /home/airflow/.local/lib/python3.8/site-packages/airflow/example_dags/example_latest_only_with_trigger.py for tasks to queue
[2024-03-16T19:28:38.112+0000] {logging_mixin.py:188} INFO - [2024-03-16T19:28:38.112+0000] {dagbag.py:540} INFO - Filling up the DagBag from /home/airflow/.local/lib/python3.8/site-packages/airflow/example_dags/example_latest_only_with_trigger.py
[2024-03-16T19:28:38.118+0000] {processor.py:840} INFO - DAG(s) 'latest_only_with_trigger' retrieved from /home/airflow/.local/lib/python3.8/site-packages/airflow/example_dags/example_latest_only_with_trigger.py
[2024-03-16T19:28:38.134+0000] {logging_mixin.py:188} INFO - [2024-03-16T19:28:38.134+0000] {dag.py:3047} INFO - Sync 1 DAGs
[2024-03-16T19:28:38.148+0000] {logging_mixin.py:188} INFO - [2024-03-16T19:28:38.148+0000] {dag.py:3834} INFO - Setting next_dagrun for latest_only_with_trigger to 2024-03-16 12:00:00+00:00, run_after=2024-03-16 16:00:00+00:00
[2024-03-16T19:28:38.164+0000] {processor.py:183} INFO - Processing /home/airflow/.local/lib/python3.8/site-packages/airflow/example_dags/example_latest_only_with_trigger.py took 0.058 seconds
