[2024-03-16T19:21:02.550+0000] {processor.py:161} INFO - Started process (PID=65) to work on /home/airflow/.local/lib/python3.8/site-packages/airflow/example_dags/example_branch_python_dop_operator_3.py
[2024-03-16T19:21:02.550+0000] {processor.py:830} INFO - Processing file /home/airflow/.local/lib/python3.8/site-packages/airflow/example_dags/example_branch_python_dop_operator_3.py for tasks to queue
[2024-03-16T19:21:02.552+0000] {logging_mixin.py:188} INFO - [2024-03-16T19:21:02.552+0000] {dagbag.py:540} INFO - Filling up the DagBag from /home/airflow/.local/lib/python3.8/site-packages/airflow/example_dags/example_branch_python_dop_operator_3.py
[2024-03-16T19:21:02.561+0000] {processor.py:840} INFO - DAG(s) 'example_branch_dop_operator_v3' retrieved from /home/airflow/.local/lib/python3.8/site-packages/airflow/example_dags/example_branch_python_dop_operator_3.py
[2024-03-16T19:21:02.569+0000] {logging_mixin.py:188} INFO - [2024-03-16T19:21:02.569+0000] {dag.py:3047} INFO - Sync 1 DAGs
[2024-03-16T19:21:02.590+0000] {logging_mixin.py:188} INFO - [2024-03-16T19:21:02.589+0000] {dag.py:3834} INFO - Setting next_dagrun for example_branch_dop_operator_v3 to 2024-03-16 19:20:00+00:00, run_after=2024-03-16 19:21:00+00:00
[2024-03-16T19:21:02.608+0000] {processor.py:183} INFO - Processing /home/airflow/.local/lib/python3.8/site-packages/airflow/example_dags/example_branch_python_dop_operator_3.py took 0.060 seconds
[2024-03-16T19:21:33.528+0000] {processor.py:161} INFO - Started process (PID=120) to work on /home/airflow/.local/lib/python3.8/site-packages/airflow/example_dags/example_branch_python_dop_operator_3.py
[2024-03-16T19:21:33.529+0000] {processor.py:830} INFO - Processing file /home/airflow/.local/lib/python3.8/site-packages/airflow/example_dags/example_branch_python_dop_operator_3.py for tasks to queue
[2024-03-16T19:21:33.530+0000] {logging_mixin.py:188} INFO - [2024-03-16T19:21:33.530+0000] {dagbag.py:540} INFO - Filling up the DagBag from /home/airflow/.local/lib/python3.8/site-packages/airflow/example_dags/example_branch_python_dop_operator_3.py
[2024-03-16T19:21:33.536+0000] {processor.py:840} INFO - DAG(s) 'example_branch_dop_operator_v3' retrieved from /home/airflow/.local/lib/python3.8/site-packages/airflow/example_dags/example_branch_python_dop_operator_3.py
[2024-03-16T19:21:33.597+0000] {logging_mixin.py:188} INFO - [2024-03-16T19:21:33.597+0000] {dag.py:3047} INFO - Sync 1 DAGs
[2024-03-16T19:21:33.613+0000] {logging_mixin.py:188} INFO - [2024-03-16T19:21:33.613+0000] {dag.py:3834} INFO - Setting next_dagrun for example_branch_dop_operator_v3 to 2024-03-16 19:20:00+00:00, run_after=2024-03-16 19:21:00+00:00
[2024-03-16T19:21:33.629+0000] {processor.py:183} INFO - Processing /home/airflow/.local/lib/python3.8/site-packages/airflow/example_dags/example_branch_python_dop_operator_3.py took 0.103 seconds
[2024-03-16T19:22:04.267+0000] {processor.py:161} INFO - Started process (PID=175) to work on /home/airflow/.local/lib/python3.8/site-packages/airflow/example_dags/example_branch_python_dop_operator_3.py
[2024-03-16T19:22:04.268+0000] {processor.py:830} INFO - Processing file /home/airflow/.local/lib/python3.8/site-packages/airflow/example_dags/example_branch_python_dop_operator_3.py for tasks to queue
[2024-03-16T19:22:04.269+0000] {logging_mixin.py:188} INFO - [2024-03-16T19:22:04.268+0000] {dagbag.py:540} INFO - Filling up the DagBag from /home/airflow/.local/lib/python3.8/site-packages/airflow/example_dags/example_branch_python_dop_operator_3.py
[2024-03-16T19:22:04.274+0000] {processor.py:840} INFO - DAG(s) 'example_branch_dop_operator_v3' retrieved from /home/airflow/.local/lib/python3.8/site-packages/airflow/example_dags/example_branch_python_dop_operator_3.py
[2024-03-16T19:22:04.285+0000] {logging_mixin.py:188} INFO - [2024-03-16T19:22:04.285+0000] {dag.py:3047} INFO - Sync 1 DAGs
[2024-03-16T19:22:04.300+0000] {logging_mixin.py:188} INFO - [2024-03-16T19:22:04.300+0000] {dag.py:3834} INFO - Setting next_dagrun for example_branch_dop_operator_v3 to 2024-03-16 19:21:00+00:00, run_after=2024-03-16 19:22:00+00:00
[2024-03-16T19:22:04.313+0000] {processor.py:183} INFO - Processing /home/airflow/.local/lib/python3.8/site-packages/airflow/example_dags/example_branch_python_dop_operator_3.py took 0.048 seconds
[2024-03-16T19:22:34.434+0000] {processor.py:161} INFO - Started process (PID=230) to work on /home/airflow/.local/lib/python3.8/site-packages/airflow/example_dags/example_branch_python_dop_operator_3.py
[2024-03-16T19:22:34.434+0000] {processor.py:830} INFO - Processing file /home/airflow/.local/lib/python3.8/site-packages/airflow/example_dags/example_branch_python_dop_operator_3.py for tasks to queue
[2024-03-16T19:22:34.436+0000] {logging_mixin.py:188} INFO - [2024-03-16T19:22:34.435+0000] {dagbag.py:540} INFO - Filling up the DagBag from /home/airflow/.local/lib/python3.8/site-packages/airflow/example_dags/example_branch_python_dop_operator_3.py
[2024-03-16T19:22:34.441+0000] {processor.py:840} INFO - DAG(s) 'example_branch_dop_operator_v3' retrieved from /home/airflow/.local/lib/python3.8/site-packages/airflow/example_dags/example_branch_python_dop_operator_3.py
[2024-03-16T19:22:34.454+0000] {logging_mixin.py:188} INFO - [2024-03-16T19:22:34.453+0000] {dag.py:3047} INFO - Sync 1 DAGs
[2024-03-16T19:22:34.471+0000] {logging_mixin.py:188} INFO - [2024-03-16T19:22:34.471+0000] {dag.py:3834} INFO - Setting next_dagrun for example_branch_dop_operator_v3 to 2024-03-16 19:21:00+00:00, run_after=2024-03-16 19:22:00+00:00
[2024-03-16T19:22:34.484+0000] {processor.py:183} INFO - Processing /home/airflow/.local/lib/python3.8/site-packages/airflow/example_dags/example_branch_python_dop_operator_3.py took 0.052 seconds
[2024-03-16T19:23:04.711+0000] {processor.py:161} INFO - Started process (PID=285) to work on /home/airflow/.local/lib/python3.8/site-packages/airflow/example_dags/example_branch_python_dop_operator_3.py
[2024-03-16T19:23:04.712+0000] {processor.py:830} INFO - Processing file /home/airflow/.local/lib/python3.8/site-packages/airflow/example_dags/example_branch_python_dop_operator_3.py for tasks to queue
[2024-03-16T19:23:04.713+0000] {logging_mixin.py:188} INFO - [2024-03-16T19:23:04.713+0000] {dagbag.py:540} INFO - Filling up the DagBag from /home/airflow/.local/lib/python3.8/site-packages/airflow/example_dags/example_branch_python_dop_operator_3.py
[2024-03-16T19:23:04.720+0000] {processor.py:840} INFO - DAG(s) 'example_branch_dop_operator_v3' retrieved from /home/airflow/.local/lib/python3.8/site-packages/airflow/example_dags/example_branch_python_dop_operator_3.py
[2024-03-16T19:23:04.733+0000] {logging_mixin.py:188} INFO - [2024-03-16T19:23:04.733+0000] {dag.py:3047} INFO - Sync 1 DAGs
[2024-03-16T19:23:04.752+0000] {logging_mixin.py:188} INFO - [2024-03-16T19:23:04.752+0000] {dag.py:3834} INFO - Setting next_dagrun for example_branch_dop_operator_v3 to 2024-03-16 19:22:00+00:00, run_after=2024-03-16 19:23:00+00:00
[2024-03-16T19:23:04.770+0000] {processor.py:183} INFO - Processing /home/airflow/.local/lib/python3.8/site-packages/airflow/example_dags/example_branch_python_dop_operator_3.py took 0.061 seconds
[2024-03-16T19:23:35.657+0000] {processor.py:161} INFO - Started process (PID=340) to work on /home/airflow/.local/lib/python3.8/site-packages/airflow/example_dags/example_branch_python_dop_operator_3.py
[2024-03-16T19:23:35.657+0000] {processor.py:830} INFO - Processing file /home/airflow/.local/lib/python3.8/site-packages/airflow/example_dags/example_branch_python_dop_operator_3.py for tasks to queue
[2024-03-16T19:23:35.658+0000] {logging_mixin.py:188} INFO - [2024-03-16T19:23:35.658+0000] {dagbag.py:540} INFO - Filling up the DagBag from /home/airflow/.local/lib/python3.8/site-packages/airflow/example_dags/example_branch_python_dop_operator_3.py
[2024-03-16T19:23:35.664+0000] {processor.py:840} INFO - DAG(s) 'example_branch_dop_operator_v3' retrieved from /home/airflow/.local/lib/python3.8/site-packages/airflow/example_dags/example_branch_python_dop_operator_3.py
[2024-03-16T19:23:35.677+0000] {logging_mixin.py:188} INFO - [2024-03-16T19:23:35.676+0000] {dag.py:3047} INFO - Sync 1 DAGs
[2024-03-16T19:23:35.693+0000] {logging_mixin.py:188} INFO - [2024-03-16T19:23:35.693+0000] {dag.py:3834} INFO - Setting next_dagrun for example_branch_dop_operator_v3 to 2024-03-16 19:22:00+00:00, run_after=2024-03-16 19:23:00+00:00
[2024-03-16T19:23:35.710+0000] {processor.py:183} INFO - Processing /home/airflow/.local/lib/python3.8/site-packages/airflow/example_dags/example_branch_python_dop_operator_3.py took 0.056 seconds
[2024-03-16T19:24:06.579+0000] {processor.py:161} INFO - Started process (PID=395) to work on /home/airflow/.local/lib/python3.8/site-packages/airflow/example_dags/example_branch_python_dop_operator_3.py
[2024-03-16T19:24:06.580+0000] {processor.py:830} INFO - Processing file /home/airflow/.local/lib/python3.8/site-packages/airflow/example_dags/example_branch_python_dop_operator_3.py for tasks to queue
[2024-03-16T19:24:06.581+0000] {logging_mixin.py:188} INFO - [2024-03-16T19:24:06.581+0000] {dagbag.py:540} INFO - Filling up the DagBag from /home/airflow/.local/lib/python3.8/site-packages/airflow/example_dags/example_branch_python_dop_operator_3.py
[2024-03-16T19:24:06.587+0000] {processor.py:840} INFO - DAG(s) 'example_branch_dop_operator_v3' retrieved from /home/airflow/.local/lib/python3.8/site-packages/airflow/example_dags/example_branch_python_dop_operator_3.py
[2024-03-16T19:24:06.600+0000] {logging_mixin.py:188} INFO - [2024-03-16T19:24:06.600+0000] {dag.py:3047} INFO - Sync 1 DAGs
[2024-03-16T19:24:06.616+0000] {logging_mixin.py:188} INFO - [2024-03-16T19:24:06.616+0000] {dag.py:3834} INFO - Setting next_dagrun for example_branch_dop_operator_v3 to 2024-03-16 19:23:00+00:00, run_after=2024-03-16 19:24:00+00:00
[2024-03-16T19:24:06.631+0000] {processor.py:183} INFO - Processing /home/airflow/.local/lib/python3.8/site-packages/airflow/example_dags/example_branch_python_dop_operator_3.py took 0.053 seconds
[2024-03-16T19:24:36.783+0000] {processor.py:161} INFO - Started process (PID=450) to work on /home/airflow/.local/lib/python3.8/site-packages/airflow/example_dags/example_branch_python_dop_operator_3.py
[2024-03-16T19:24:36.784+0000] {processor.py:830} INFO - Processing file /home/airflow/.local/lib/python3.8/site-packages/airflow/example_dags/example_branch_python_dop_operator_3.py for tasks to queue
[2024-03-16T19:24:36.785+0000] {logging_mixin.py:188} INFO - [2024-03-16T19:24:36.785+0000] {dagbag.py:540} INFO - Filling up the DagBag from /home/airflow/.local/lib/python3.8/site-packages/airflow/example_dags/example_branch_python_dop_operator_3.py
[2024-03-16T19:24:36.790+0000] {processor.py:840} INFO - DAG(s) 'example_branch_dop_operator_v3' retrieved from /home/airflow/.local/lib/python3.8/site-packages/airflow/example_dags/example_branch_python_dop_operator_3.py
[2024-03-16T19:24:36.802+0000] {logging_mixin.py:188} INFO - [2024-03-16T19:24:36.802+0000] {dag.py:3047} INFO - Sync 1 DAGs
[2024-03-16T19:24:36.818+0000] {logging_mixin.py:188} INFO - [2024-03-16T19:24:36.818+0000] {dag.py:3834} INFO - Setting next_dagrun for example_branch_dop_operator_v3 to 2024-03-16 19:23:00+00:00, run_after=2024-03-16 19:24:00+00:00
[2024-03-16T19:24:36.833+0000] {processor.py:183} INFO - Processing /home/airflow/.local/lib/python3.8/site-packages/airflow/example_dags/example_branch_python_dop_operator_3.py took 0.052 seconds
[2024-03-16T19:25:06.955+0000] {processor.py:161} INFO - Started process (PID=505) to work on /home/airflow/.local/lib/python3.8/site-packages/airflow/example_dags/example_branch_python_dop_operator_3.py
[2024-03-16T19:25:06.956+0000] {processor.py:830} INFO - Processing file /home/airflow/.local/lib/python3.8/site-packages/airflow/example_dags/example_branch_python_dop_operator_3.py for tasks to queue
[2024-03-16T19:25:06.957+0000] {logging_mixin.py:188} INFO - [2024-03-16T19:25:06.957+0000] {dagbag.py:540} INFO - Filling up the DagBag from /home/airflow/.local/lib/python3.8/site-packages/airflow/example_dags/example_branch_python_dop_operator_3.py
[2024-03-16T19:25:06.963+0000] {processor.py:840} INFO - DAG(s) 'example_branch_dop_operator_v3' retrieved from /home/airflow/.local/lib/python3.8/site-packages/airflow/example_dags/example_branch_python_dop_operator_3.py
[2024-03-16T19:25:06.975+0000] {logging_mixin.py:188} INFO - [2024-03-16T19:25:06.975+0000] {dag.py:3047} INFO - Sync 1 DAGs
[2024-03-16T19:25:06.990+0000] {logging_mixin.py:188} INFO - [2024-03-16T19:25:06.990+0000] {dag.py:3834} INFO - Setting next_dagrun for example_branch_dop_operator_v3 to 2024-03-16 19:24:00+00:00, run_after=2024-03-16 19:25:00+00:00
[2024-03-16T19:25:07.003+0000] {processor.py:183} INFO - Processing /home/airflow/.local/lib/python3.8/site-packages/airflow/example_dags/example_branch_python_dop_operator_3.py took 0.051 seconds
[2024-03-16T19:25:37.803+0000] {processor.py:161} INFO - Started process (PID=560) to work on /home/airflow/.local/lib/python3.8/site-packages/airflow/example_dags/example_branch_python_dop_operator_3.py
[2024-03-16T19:25:37.804+0000] {processor.py:830} INFO - Processing file /home/airflow/.local/lib/python3.8/site-packages/airflow/example_dags/example_branch_python_dop_operator_3.py for tasks to queue
[2024-03-16T19:25:37.805+0000] {logging_mixin.py:188} INFO - [2024-03-16T19:25:37.805+0000] {dagbag.py:540} INFO - Filling up the DagBag from /home/airflow/.local/lib/python3.8/site-packages/airflow/example_dags/example_branch_python_dop_operator_3.py
[2024-03-16T19:25:37.811+0000] {processor.py:840} INFO - DAG(s) 'example_branch_dop_operator_v3' retrieved from /home/airflow/.local/lib/python3.8/site-packages/airflow/example_dags/example_branch_python_dop_operator_3.py
[2024-03-16T19:25:37.823+0000] {logging_mixin.py:188} INFO - [2024-03-16T19:25:37.823+0000] {dag.py:3047} INFO - Sync 1 DAGs
[2024-03-16T19:25:37.840+0000] {logging_mixin.py:188} INFO - [2024-03-16T19:25:37.840+0000] {dag.py:3834} INFO - Setting next_dagrun for example_branch_dop_operator_v3 to 2024-03-16 19:24:00+00:00, run_after=2024-03-16 19:25:00+00:00
[2024-03-16T19:25:37.860+0000] {processor.py:183} INFO - Processing /home/airflow/.local/lib/python3.8/site-packages/airflow/example_dags/example_branch_python_dop_operator_3.py took 0.058 seconds
[2024-03-16T19:26:08.718+0000] {processor.py:161} INFO - Started process (PID=615) to work on /home/airflow/.local/lib/python3.8/site-packages/airflow/example_dags/example_branch_python_dop_operator_3.py
[2024-03-16T19:26:08.718+0000] {processor.py:830} INFO - Processing file /home/airflow/.local/lib/python3.8/site-packages/airflow/example_dags/example_branch_python_dop_operator_3.py for tasks to queue
[2024-03-16T19:26:08.720+0000] {logging_mixin.py:188} INFO - [2024-03-16T19:26:08.719+0000] {dagbag.py:540} INFO - Filling up the DagBag from /home/airflow/.local/lib/python3.8/site-packages/airflow/example_dags/example_branch_python_dop_operator_3.py
[2024-03-16T19:26:08.725+0000] {processor.py:840} INFO - DAG(s) 'example_branch_dop_operator_v3' retrieved from /home/airflow/.local/lib/python3.8/site-packages/airflow/example_dags/example_branch_python_dop_operator_3.py
[2024-03-16T19:26:08.739+0000] {logging_mixin.py:188} INFO - [2024-03-16T19:26:08.738+0000] {dag.py:3047} INFO - Sync 1 DAGs
[2024-03-16T19:26:08.756+0000] {logging_mixin.py:188} INFO - [2024-03-16T19:26:08.755+0000] {dag.py:3834} INFO - Setting next_dagrun for example_branch_dop_operator_v3 to 2024-03-16 19:25:00+00:00, run_after=2024-03-16 19:26:00+00:00
[2024-03-16T19:26:08.771+0000] {processor.py:183} INFO - Processing /home/airflow/.local/lib/python3.8/site-packages/airflow/example_dags/example_branch_python_dop_operator_3.py took 0.055 seconds
[2024-03-16T19:26:38.899+0000] {processor.py:161} INFO - Started process (PID=670) to work on /home/airflow/.local/lib/python3.8/site-packages/airflow/example_dags/example_branch_python_dop_operator_3.py
[2024-03-16T19:26:38.900+0000] {processor.py:830} INFO - Processing file /home/airflow/.local/lib/python3.8/site-packages/airflow/example_dags/example_branch_python_dop_operator_3.py for tasks to queue
[2024-03-16T19:26:38.901+0000] {logging_mixin.py:188} INFO - [2024-03-16T19:26:38.901+0000] {dagbag.py:540} INFO - Filling up the DagBag from /home/airflow/.local/lib/python3.8/site-packages/airflow/example_dags/example_branch_python_dop_operator_3.py
[2024-03-16T19:26:38.906+0000] {processor.py:840} INFO - DAG(s) 'example_branch_dop_operator_v3' retrieved from /home/airflow/.local/lib/python3.8/site-packages/airflow/example_dags/example_branch_python_dop_operator_3.py
[2024-03-16T19:26:38.919+0000] {logging_mixin.py:188} INFO - [2024-03-16T19:26:38.919+0000] {dag.py:3047} INFO - Sync 1 DAGs
[2024-03-16T19:26:38.934+0000] {logging_mixin.py:188} INFO - [2024-03-16T19:26:38.934+0000] {dag.py:3834} INFO - Setting next_dagrun for example_branch_dop_operator_v3 to 2024-03-16 19:25:00+00:00, run_after=2024-03-16 19:26:00+00:00
[2024-03-16T19:26:38.947+0000] {processor.py:183} INFO - Processing /home/airflow/.local/lib/python3.8/site-packages/airflow/example_dags/example_branch_python_dop_operator_3.py took 0.050 seconds
[2024-03-16T19:27:09.148+0000] {processor.py:161} INFO - Started process (PID=725) to work on /home/airflow/.local/lib/python3.8/site-packages/airflow/example_dags/example_branch_python_dop_operator_3.py
[2024-03-16T19:27:09.148+0000] {processor.py:830} INFO - Processing file /home/airflow/.local/lib/python3.8/site-packages/airflow/example_dags/example_branch_python_dop_operator_3.py for tasks to queue
[2024-03-16T19:27:09.149+0000] {logging_mixin.py:188} INFO - [2024-03-16T19:27:09.149+0000] {dagbag.py:540} INFO - Filling up the DagBag from /home/airflow/.local/lib/python3.8/site-packages/airflow/example_dags/example_branch_python_dop_operator_3.py
[2024-03-16T19:27:09.155+0000] {processor.py:840} INFO - DAG(s) 'example_branch_dop_operator_v3' retrieved from /home/airflow/.local/lib/python3.8/site-packages/airflow/example_dags/example_branch_python_dop_operator_3.py
[2024-03-16T19:27:09.167+0000] {logging_mixin.py:188} INFO - [2024-03-16T19:27:09.167+0000] {dag.py:3047} INFO - Sync 1 DAGs
[2024-03-16T19:27:09.183+0000] {logging_mixin.py:188} INFO - [2024-03-16T19:27:09.183+0000] {dag.py:3834} INFO - Setting next_dagrun for example_branch_dop_operator_v3 to 2024-03-16 19:26:00+00:00, run_after=2024-03-16 19:27:00+00:00
[2024-03-16T19:27:09.196+0000] {processor.py:183} INFO - Processing /home/airflow/.local/lib/python3.8/site-packages/airflow/example_dags/example_branch_python_dop_operator_3.py took 0.050 seconds
[2024-03-16T19:27:39.250+0000] {processor.py:161} INFO - Started process (PID=780) to work on /home/airflow/.local/lib/python3.8/site-packages/airflow/example_dags/example_branch_python_dop_operator_3.py
[2024-03-16T19:27:39.250+0000] {processor.py:830} INFO - Processing file /home/airflow/.local/lib/python3.8/site-packages/airflow/example_dags/example_branch_python_dop_operator_3.py for tasks to queue
[2024-03-16T19:27:39.252+0000] {logging_mixin.py:188} INFO - [2024-03-16T19:27:39.251+0000] {dagbag.py:540} INFO - Filling up the DagBag from /home/airflow/.local/lib/python3.8/site-packages/airflow/example_dags/example_branch_python_dop_operator_3.py
[2024-03-16T19:27:39.257+0000] {processor.py:840} INFO - DAG(s) 'example_branch_dop_operator_v3' retrieved from /home/airflow/.local/lib/python3.8/site-packages/airflow/example_dags/example_branch_python_dop_operator_3.py
[2024-03-16T19:27:39.268+0000] {logging_mixin.py:188} INFO - [2024-03-16T19:27:39.268+0000] {dag.py:3047} INFO - Sync 1 DAGs
[2024-03-16T19:27:39.285+0000] {logging_mixin.py:188} INFO - [2024-03-16T19:27:39.285+0000] {dag.py:3834} INFO - Setting next_dagrun for example_branch_dop_operator_v3 to 2024-03-16 19:26:00+00:00, run_after=2024-03-16 19:27:00+00:00
[2024-03-16T19:27:39.299+0000] {processor.py:183} INFO - Processing /home/airflow/.local/lib/python3.8/site-packages/airflow/example_dags/example_branch_python_dop_operator_3.py took 0.052 seconds
[2024-03-16T19:28:10.082+0000] {processor.py:161} INFO - Started process (PID=835) to work on /home/airflow/.local/lib/python3.8/site-packages/airflow/example_dags/example_branch_python_dop_operator_3.py
[2024-03-16T19:28:10.083+0000] {processor.py:830} INFO - Processing file /home/airflow/.local/lib/python3.8/site-packages/airflow/example_dags/example_branch_python_dop_operator_3.py for tasks to queue
[2024-03-16T19:28:10.084+0000] {logging_mixin.py:188} INFO - [2024-03-16T19:28:10.084+0000] {dagbag.py:540} INFO - Filling up the DagBag from /home/airflow/.local/lib/python3.8/site-packages/airflow/example_dags/example_branch_python_dop_operator_3.py
[2024-03-16T19:28:10.090+0000] {processor.py:840} INFO - DAG(s) 'example_branch_dop_operator_v3' retrieved from /home/airflow/.local/lib/python3.8/site-packages/airflow/example_dags/example_branch_python_dop_operator_3.py
[2024-03-16T19:28:10.102+0000] {logging_mixin.py:188} INFO - [2024-03-16T19:28:10.102+0000] {dag.py:3047} INFO - Sync 1 DAGs
[2024-03-16T19:28:10.117+0000] {logging_mixin.py:188} INFO - [2024-03-16T19:28:10.117+0000] {dag.py:3834} INFO - Setting next_dagrun for example_branch_dop_operator_v3 to 2024-03-16 19:27:00+00:00, run_after=2024-03-16 19:28:00+00:00
[2024-03-16T19:28:10.130+0000] {processor.py:183} INFO - Processing /home/airflow/.local/lib/python3.8/site-packages/airflow/example_dags/example_branch_python_dop_operator_3.py took 0.050 seconds
[2024-03-16T19:28:40.903+0000] {processor.py:161} INFO - Started process (PID=890) to work on /home/airflow/.local/lib/python3.8/site-packages/airflow/example_dags/example_branch_python_dop_operator_3.py
[2024-03-16T19:28:40.904+0000] {processor.py:830} INFO - Processing file /home/airflow/.local/lib/python3.8/site-packages/airflow/example_dags/example_branch_python_dop_operator_3.py for tasks to queue
[2024-03-16T19:28:40.905+0000] {logging_mixin.py:188} INFO - [2024-03-16T19:28:40.905+0000] {dagbag.py:540} INFO - Filling up the DagBag from /home/airflow/.local/lib/python3.8/site-packages/airflow/example_dags/example_branch_python_dop_operator_3.py
[2024-03-16T19:28:40.911+0000] {processor.py:840} INFO - DAG(s) 'example_branch_dop_operator_v3' retrieved from /home/airflow/.local/lib/python3.8/site-packages/airflow/example_dags/example_branch_python_dop_operator_3.py
[2024-03-16T19:28:40.923+0000] {logging_mixin.py:188} INFO - [2024-03-16T19:28:40.923+0000] {dag.py:3047} INFO - Sync 1 DAGs
[2024-03-16T19:28:40.939+0000] {logging_mixin.py:188} INFO - [2024-03-16T19:28:40.939+0000] {dag.py:3834} INFO - Setting next_dagrun for example_branch_dop_operator_v3 to 2024-03-16 19:27:00+00:00, run_after=2024-03-16 19:28:00+00:00
[2024-03-16T19:28:40.952+0000] {processor.py:183} INFO - Processing /home/airflow/.local/lib/python3.8/site-packages/airflow/example_dags/example_branch_python_dop_operator_3.py took 0.051 seconds
