[2024-03-16T19:21:02.406+0000] {processor.py:161} INFO - Started process (PID=61) to work on /home/airflow/.local/lib/python3.8/site-packages/airflow/example_dags/example_short_circuit_operator.py
[2024-03-16T19:21:02.407+0000] {processor.py:830} INFO - Processing file /home/airflow/.local/lib/python3.8/site-packages/airflow/example_dags/example_short_circuit_operator.py for tasks to queue
[2024-03-16T19:21:02.408+0000] {logging_mixin.py:188} INFO - [2024-03-16T19:21:02.408+0000] {dagbag.py:540} INFO - Filling up the DagBag from /home/airflow/.local/lib/python3.8/site-packages/airflow/example_dags/example_short_circuit_operator.py
[2024-03-16T19:21:02.415+0000] {processor.py:840} INFO - DAG(s) 'example_short_circuit_operator' retrieved from /home/airflow/.local/lib/python3.8/site-packages/airflow/example_dags/example_short_circuit_operator.py
[2024-03-16T19:21:02.424+0000] {logging_mixin.py:188} INFO - [2024-03-16T19:21:02.424+0000] {dag.py:3047} INFO - Sync 1 DAGs
[2024-03-16T19:21:02.441+0000] {logging_mixin.py:188} INFO - [2024-03-16T19:21:02.441+0000] {dag.py:3834} INFO - Setting next_dagrun for example_short_circuit_operator to 2024-03-15 00:00:00+00:00, run_after=2024-03-16 00:00:00+00:00
[2024-03-16T19:21:02.458+0000] {processor.py:183} INFO - Processing /home/airflow/.local/lib/python3.8/site-packages/airflow/example_dags/example_short_circuit_operator.py took 0.054 seconds
[2024-03-16T19:21:33.295+0000] {processor.py:161} INFO - Started process (PID=116) to work on /home/airflow/.local/lib/python3.8/site-packages/airflow/example_dags/example_short_circuit_operator.py
[2024-03-16T19:21:33.295+0000] {processor.py:830} INFO - Processing file /home/airflow/.local/lib/python3.8/site-packages/airflow/example_dags/example_short_circuit_operator.py for tasks to queue
[2024-03-16T19:21:33.296+0000] {logging_mixin.py:188} INFO - [2024-03-16T19:21:33.296+0000] {dagbag.py:540} INFO - Filling up the DagBag from /home/airflow/.local/lib/python3.8/site-packages/airflow/example_dags/example_short_circuit_operator.py
[2024-03-16T19:21:33.301+0000] {processor.py:840} INFO - DAG(s) 'example_short_circuit_operator' retrieved from /home/airflow/.local/lib/python3.8/site-packages/airflow/example_dags/example_short_circuit_operator.py
[2024-03-16T19:21:33.366+0000] {logging_mixin.py:188} INFO - [2024-03-16T19:21:33.366+0000] {dag.py:3047} INFO - Sync 1 DAGs
[2024-03-16T19:21:33.379+0000] {logging_mixin.py:188} INFO - [2024-03-16T19:21:33.379+0000] {dag.py:3834} INFO - Setting next_dagrun for example_short_circuit_operator to 2024-03-15 00:00:00+00:00, run_after=2024-03-16 00:00:00+00:00
[2024-03-16T19:21:33.394+0000] {processor.py:183} INFO - Processing /home/airflow/.local/lib/python3.8/site-packages/airflow/example_dags/example_short_circuit_operator.py took 0.101 seconds
[2024-03-16T19:22:04.134+0000] {processor.py:161} INFO - Started process (PID=171) to work on /home/airflow/.local/lib/python3.8/site-packages/airflow/example_dags/example_short_circuit_operator.py
[2024-03-16T19:22:04.134+0000] {processor.py:830} INFO - Processing file /home/airflow/.local/lib/python3.8/site-packages/airflow/example_dags/example_short_circuit_operator.py for tasks to queue
[2024-03-16T19:22:04.136+0000] {logging_mixin.py:188} INFO - [2024-03-16T19:22:04.135+0000] {dagbag.py:540} INFO - Filling up the DagBag from /home/airflow/.local/lib/python3.8/site-packages/airflow/example_dags/example_short_circuit_operator.py
[2024-03-16T19:22:04.140+0000] {processor.py:840} INFO - DAG(s) 'example_short_circuit_operator' retrieved from /home/airflow/.local/lib/python3.8/site-packages/airflow/example_dags/example_short_circuit_operator.py
[2024-03-16T19:22:04.154+0000] {logging_mixin.py:188} INFO - [2024-03-16T19:22:04.154+0000] {dag.py:3047} INFO - Sync 1 DAGs
[2024-03-16T19:22:04.168+0000] {logging_mixin.py:188} INFO - [2024-03-16T19:22:04.168+0000] {dag.py:3834} INFO - Setting next_dagrun for example_short_circuit_operator to 2024-03-15 00:00:00+00:00, run_after=2024-03-16 00:00:00+00:00
[2024-03-16T19:22:04.180+0000] {processor.py:183} INFO - Processing /home/airflow/.local/lib/python3.8/site-packages/airflow/example_dags/example_short_circuit_operator.py took 0.048 seconds
[2024-03-16T19:22:34.297+0000] {processor.py:161} INFO - Started process (PID=226) to work on /home/airflow/.local/lib/python3.8/site-packages/airflow/example_dags/example_short_circuit_operator.py
[2024-03-16T19:22:34.298+0000] {processor.py:830} INFO - Processing file /home/airflow/.local/lib/python3.8/site-packages/airflow/example_dags/example_short_circuit_operator.py for tasks to queue
[2024-03-16T19:22:34.299+0000] {logging_mixin.py:188} INFO - [2024-03-16T19:22:34.299+0000] {dagbag.py:540} INFO - Filling up the DagBag from /home/airflow/.local/lib/python3.8/site-packages/airflow/example_dags/example_short_circuit_operator.py
[2024-03-16T19:22:34.304+0000] {processor.py:840} INFO - DAG(s) 'example_short_circuit_operator' retrieved from /home/airflow/.local/lib/python3.8/site-packages/airflow/example_dags/example_short_circuit_operator.py
[2024-03-16T19:22:34.318+0000] {logging_mixin.py:188} INFO - [2024-03-16T19:22:34.318+0000] {dag.py:3047} INFO - Sync 1 DAGs
[2024-03-16T19:22:34.333+0000] {logging_mixin.py:188} INFO - [2024-03-16T19:22:34.333+0000] {dag.py:3834} INFO - Setting next_dagrun for example_short_circuit_operator to 2024-03-15 00:00:00+00:00, run_after=2024-03-16 00:00:00+00:00
[2024-03-16T19:22:34.347+0000] {processor.py:183} INFO - Processing /home/airflow/.local/lib/python3.8/site-packages/airflow/example_dags/example_short_circuit_operator.py took 0.052 seconds
[2024-03-16T19:23:04.568+0000] {processor.py:161} INFO - Started process (PID=281) to work on /home/airflow/.local/lib/python3.8/site-packages/airflow/example_dags/example_short_circuit_operator.py
[2024-03-16T19:23:04.569+0000] {processor.py:830} INFO - Processing file /home/airflow/.local/lib/python3.8/site-packages/airflow/example_dags/example_short_circuit_operator.py for tasks to queue
[2024-03-16T19:23:04.571+0000] {logging_mixin.py:188} INFO - [2024-03-16T19:23:04.570+0000] {dagbag.py:540} INFO - Filling up the DagBag from /home/airflow/.local/lib/python3.8/site-packages/airflow/example_dags/example_short_circuit_operator.py
[2024-03-16T19:23:04.576+0000] {processor.py:840} INFO - DAG(s) 'example_short_circuit_operator' retrieved from /home/airflow/.local/lib/python3.8/site-packages/airflow/example_dags/example_short_circuit_operator.py
[2024-03-16T19:23:04.592+0000] {logging_mixin.py:188} INFO - [2024-03-16T19:23:04.592+0000] {dag.py:3047} INFO - Sync 1 DAGs
[2024-03-16T19:23:04.608+0000] {logging_mixin.py:188} INFO - [2024-03-16T19:23:04.608+0000] {dag.py:3834} INFO - Setting next_dagrun for example_short_circuit_operator to 2024-03-15 00:00:00+00:00, run_after=2024-03-16 00:00:00+00:00
[2024-03-16T19:23:04.623+0000] {processor.py:183} INFO - Processing /home/airflow/.local/lib/python3.8/site-packages/airflow/example_dags/example_short_circuit_operator.py took 0.057 seconds
[2024-03-16T19:23:35.514+0000] {processor.py:161} INFO - Started process (PID=336) to work on /home/airflow/.local/lib/python3.8/site-packages/airflow/example_dags/example_short_circuit_operator.py
[2024-03-16T19:23:35.515+0000] {processor.py:830} INFO - Processing file /home/airflow/.local/lib/python3.8/site-packages/airflow/example_dags/example_short_circuit_operator.py for tasks to queue
[2024-03-16T19:23:35.516+0000] {logging_mixin.py:188} INFO - [2024-03-16T19:23:35.516+0000] {dagbag.py:540} INFO - Filling up the DagBag from /home/airflow/.local/lib/python3.8/site-packages/airflow/example_dags/example_short_circuit_operator.py
[2024-03-16T19:23:35.522+0000] {processor.py:840} INFO - DAG(s) 'example_short_circuit_operator' retrieved from /home/airflow/.local/lib/python3.8/site-packages/airflow/example_dags/example_short_circuit_operator.py
[2024-03-16T19:23:35.537+0000] {logging_mixin.py:188} INFO - [2024-03-16T19:23:35.537+0000] {dag.py:3047} INFO - Sync 1 DAGs
[2024-03-16T19:23:35.552+0000] {logging_mixin.py:188} INFO - [2024-03-16T19:23:35.552+0000] {dag.py:3834} INFO - Setting next_dagrun for example_short_circuit_operator to 2024-03-15 00:00:00+00:00, run_after=2024-03-16 00:00:00+00:00
[2024-03-16T19:23:35.566+0000] {processor.py:183} INFO - Processing /home/airflow/.local/lib/python3.8/site-packages/airflow/example_dags/example_short_circuit_operator.py took 0.054 seconds
[2024-03-16T19:24:06.442+0000] {processor.py:161} INFO - Started process (PID=391) to work on /home/airflow/.local/lib/python3.8/site-packages/airflow/example_dags/example_short_circuit_operator.py
[2024-03-16T19:24:06.443+0000] {processor.py:830} INFO - Processing file /home/airflow/.local/lib/python3.8/site-packages/airflow/example_dags/example_short_circuit_operator.py for tasks to queue
[2024-03-16T19:24:06.444+0000] {logging_mixin.py:188} INFO - [2024-03-16T19:24:06.444+0000] {dagbag.py:540} INFO - Filling up the DagBag from /home/airflow/.local/lib/python3.8/site-packages/airflow/example_dags/example_short_circuit_operator.py
[2024-03-16T19:24:06.449+0000] {processor.py:840} INFO - DAG(s) 'example_short_circuit_operator' retrieved from /home/airflow/.local/lib/python3.8/site-packages/airflow/example_dags/example_short_circuit_operator.py
[2024-03-16T19:24:06.463+0000] {logging_mixin.py:188} INFO - [2024-03-16T19:24:06.463+0000] {dag.py:3047} INFO - Sync 1 DAGs
[2024-03-16T19:24:06.477+0000] {logging_mixin.py:188} INFO - [2024-03-16T19:24:06.477+0000] {dag.py:3834} INFO - Setting next_dagrun for example_short_circuit_operator to 2024-03-15 00:00:00+00:00, run_after=2024-03-16 00:00:00+00:00
[2024-03-16T19:24:06.492+0000] {processor.py:183} INFO - Processing /home/airflow/.local/lib/python3.8/site-packages/airflow/example_dags/example_short_circuit_operator.py took 0.053 seconds
[2024-03-16T19:24:36.655+0000] {processor.py:161} INFO - Started process (PID=446) to work on /home/airflow/.local/lib/python3.8/site-packages/airflow/example_dags/example_short_circuit_operator.py
[2024-03-16T19:24:36.656+0000] {processor.py:830} INFO - Processing file /home/airflow/.local/lib/python3.8/site-packages/airflow/example_dags/example_short_circuit_operator.py for tasks to queue
[2024-03-16T19:24:36.657+0000] {logging_mixin.py:188} INFO - [2024-03-16T19:24:36.657+0000] {dagbag.py:540} INFO - Filling up the DagBag from /home/airflow/.local/lib/python3.8/site-packages/airflow/example_dags/example_short_circuit_operator.py
[2024-03-16T19:24:36.662+0000] {processor.py:840} INFO - DAG(s) 'example_short_circuit_operator' retrieved from /home/airflow/.local/lib/python3.8/site-packages/airflow/example_dags/example_short_circuit_operator.py
[2024-03-16T19:24:36.676+0000] {logging_mixin.py:188} INFO - [2024-03-16T19:24:36.676+0000] {dag.py:3047} INFO - Sync 1 DAGs
[2024-03-16T19:24:36.690+0000] {logging_mixin.py:188} INFO - [2024-03-16T19:24:36.690+0000] {dag.py:3834} INFO - Setting next_dagrun for example_short_circuit_operator to 2024-03-15 00:00:00+00:00, run_after=2024-03-16 00:00:00+00:00
[2024-03-16T19:24:36.704+0000] {processor.py:183} INFO - Processing /home/airflow/.local/lib/python3.8/site-packages/airflow/example_dags/example_short_circuit_operator.py took 0.051 seconds
[2024-03-16T19:25:06.811+0000] {processor.py:161} INFO - Started process (PID=501) to work on /home/airflow/.local/lib/python3.8/site-packages/airflow/example_dags/example_short_circuit_operator.py
[2024-03-16T19:25:06.812+0000] {processor.py:830} INFO - Processing file /home/airflow/.local/lib/python3.8/site-packages/airflow/example_dags/example_short_circuit_operator.py for tasks to queue
[2024-03-16T19:25:06.813+0000] {logging_mixin.py:188} INFO - [2024-03-16T19:25:06.813+0000] {dagbag.py:540} INFO - Filling up the DagBag from /home/airflow/.local/lib/python3.8/site-packages/airflow/example_dags/example_short_circuit_operator.py
[2024-03-16T19:25:06.818+0000] {processor.py:840} INFO - DAG(s) 'example_short_circuit_operator' retrieved from /home/airflow/.local/lib/python3.8/site-packages/airflow/example_dags/example_short_circuit_operator.py
[2024-03-16T19:25:06.832+0000] {logging_mixin.py:188} INFO - [2024-03-16T19:25:06.832+0000] {dag.py:3047} INFO - Sync 1 DAGs
[2024-03-16T19:25:06.846+0000] {logging_mixin.py:188} INFO - [2024-03-16T19:25:06.846+0000] {dag.py:3834} INFO - Setting next_dagrun for example_short_circuit_operator to 2024-03-15 00:00:00+00:00, run_after=2024-03-16 00:00:00+00:00
[2024-03-16T19:25:06.860+0000] {processor.py:183} INFO - Processing /home/airflow/.local/lib/python3.8/site-packages/airflow/example_dags/example_short_circuit_operator.py took 0.051 seconds
[2024-03-16T19:25:37.672+0000] {processor.py:161} INFO - Started process (PID=556) to work on /home/airflow/.local/lib/python3.8/site-packages/airflow/example_dags/example_short_circuit_operator.py
[2024-03-16T19:25:37.673+0000] {processor.py:830} INFO - Processing file /home/airflow/.local/lib/python3.8/site-packages/airflow/example_dags/example_short_circuit_operator.py for tasks to queue
[2024-03-16T19:25:37.674+0000] {logging_mixin.py:188} INFO - [2024-03-16T19:25:37.674+0000] {dagbag.py:540} INFO - Filling up the DagBag from /home/airflow/.local/lib/python3.8/site-packages/airflow/example_dags/example_short_circuit_operator.py
[2024-03-16T19:25:37.679+0000] {processor.py:840} INFO - DAG(s) 'example_short_circuit_operator' retrieved from /home/airflow/.local/lib/python3.8/site-packages/airflow/example_dags/example_short_circuit_operator.py
[2024-03-16T19:25:37.694+0000] {logging_mixin.py:188} INFO - [2024-03-16T19:25:37.694+0000] {dag.py:3047} INFO - Sync 1 DAGs
[2024-03-16T19:25:37.709+0000] {logging_mixin.py:188} INFO - [2024-03-16T19:25:37.709+0000] {dag.py:3834} INFO - Setting next_dagrun for example_short_circuit_operator to 2024-03-15 00:00:00+00:00, run_after=2024-03-16 00:00:00+00:00
[2024-03-16T19:25:37.722+0000] {processor.py:183} INFO - Processing /home/airflow/.local/lib/python3.8/site-packages/airflow/example_dags/example_short_circuit_operator.py took 0.052 seconds
[2024-03-16T19:26:08.590+0000] {processor.py:161} INFO - Started process (PID=611) to work on /home/airflow/.local/lib/python3.8/site-packages/airflow/example_dags/example_short_circuit_operator.py
[2024-03-16T19:26:08.590+0000] {processor.py:830} INFO - Processing file /home/airflow/.local/lib/python3.8/site-packages/airflow/example_dags/example_short_circuit_operator.py for tasks to queue
[2024-03-16T19:26:08.592+0000] {logging_mixin.py:188} INFO - [2024-03-16T19:26:08.591+0000] {dagbag.py:540} INFO - Filling up the DagBag from /home/airflow/.local/lib/python3.8/site-packages/airflow/example_dags/example_short_circuit_operator.py
[2024-03-16T19:26:08.596+0000] {processor.py:840} INFO - DAG(s) 'example_short_circuit_operator' retrieved from /home/airflow/.local/lib/python3.8/site-packages/airflow/example_dags/example_short_circuit_operator.py
[2024-03-16T19:26:08.612+0000] {logging_mixin.py:188} INFO - [2024-03-16T19:26:08.611+0000] {dag.py:3047} INFO - Sync 1 DAGs
[2024-03-16T19:26:08.625+0000] {logging_mixin.py:188} INFO - [2024-03-16T19:26:08.625+0000] {dag.py:3834} INFO - Setting next_dagrun for example_short_circuit_operator to 2024-03-15 00:00:00+00:00, run_after=2024-03-16 00:00:00+00:00
[2024-03-16T19:26:08.640+0000] {processor.py:183} INFO - Processing /home/airflow/.local/lib/python3.8/site-packages/airflow/example_dags/example_short_circuit_operator.py took 0.053 seconds
[2024-03-16T19:26:38.769+0000] {processor.py:161} INFO - Started process (PID=666) to work on /home/airflow/.local/lib/python3.8/site-packages/airflow/example_dags/example_short_circuit_operator.py
[2024-03-16T19:26:38.770+0000] {processor.py:830} INFO - Processing file /home/airflow/.local/lib/python3.8/site-packages/airflow/example_dags/example_short_circuit_operator.py for tasks to queue
[2024-03-16T19:26:38.772+0000] {logging_mixin.py:188} INFO - [2024-03-16T19:26:38.771+0000] {dagbag.py:540} INFO - Filling up the DagBag from /home/airflow/.local/lib/python3.8/site-packages/airflow/example_dags/example_short_circuit_operator.py
[2024-03-16T19:26:38.777+0000] {processor.py:840} INFO - DAG(s) 'example_short_circuit_operator' retrieved from /home/airflow/.local/lib/python3.8/site-packages/airflow/example_dags/example_short_circuit_operator.py
[2024-03-16T19:26:38.792+0000] {logging_mixin.py:188} INFO - [2024-03-16T19:26:38.792+0000] {dag.py:3047} INFO - Sync 1 DAGs
[2024-03-16T19:26:38.808+0000] {logging_mixin.py:188} INFO - [2024-03-16T19:26:38.807+0000] {dag.py:3834} INFO - Setting next_dagrun for example_short_circuit_operator to 2024-03-15 00:00:00+00:00, run_after=2024-03-16 00:00:00+00:00
[2024-03-16T19:26:38.823+0000] {processor.py:183} INFO - Processing /home/airflow/.local/lib/python3.8/site-packages/airflow/example_dags/example_short_circuit_operator.py took 0.056 seconds
[2024-03-16T19:27:09.016+0000] {processor.py:161} INFO - Started process (PID=721) to work on /home/airflow/.local/lib/python3.8/site-packages/airflow/example_dags/example_short_circuit_operator.py
[2024-03-16T19:27:09.017+0000] {processor.py:830} INFO - Processing file /home/airflow/.local/lib/python3.8/site-packages/airflow/example_dags/example_short_circuit_operator.py for tasks to queue
[2024-03-16T19:27:09.019+0000] {logging_mixin.py:188} INFO - [2024-03-16T19:27:09.019+0000] {dagbag.py:540} INFO - Filling up the DagBag from /home/airflow/.local/lib/python3.8/site-packages/airflow/example_dags/example_short_circuit_operator.py
[2024-03-16T19:27:09.025+0000] {processor.py:840} INFO - DAG(s) 'example_short_circuit_operator' retrieved from /home/airflow/.local/lib/python3.8/site-packages/airflow/example_dags/example_short_circuit_operator.py
[2024-03-16T19:27:09.042+0000] {logging_mixin.py:188} INFO - [2024-03-16T19:27:09.042+0000] {dag.py:3047} INFO - Sync 1 DAGs
[2024-03-16T19:27:09.057+0000] {logging_mixin.py:188} INFO - [2024-03-16T19:27:09.057+0000] {dag.py:3834} INFO - Setting next_dagrun for example_short_circuit_operator to 2024-03-15 00:00:00+00:00, run_after=2024-03-16 00:00:00+00:00
[2024-03-16T19:27:09.071+0000] {processor.py:183} INFO - Processing /home/airflow/.local/lib/python3.8/site-packages/airflow/example_dags/example_short_circuit_operator.py took 0.059 seconds
[2024-03-16T19:27:39.104+0000] {processor.py:161} INFO - Started process (PID=776) to work on /home/airflow/.local/lib/python3.8/site-packages/airflow/example_dags/example_short_circuit_operator.py
[2024-03-16T19:27:39.105+0000] {processor.py:830} INFO - Processing file /home/airflow/.local/lib/python3.8/site-packages/airflow/example_dags/example_short_circuit_operator.py for tasks to queue
[2024-03-16T19:27:39.106+0000] {logging_mixin.py:188} INFO - [2024-03-16T19:27:39.106+0000] {dagbag.py:540} INFO - Filling up the DagBag from /home/airflow/.local/lib/python3.8/site-packages/airflow/example_dags/example_short_circuit_operator.py
[2024-03-16T19:27:39.111+0000] {processor.py:840} INFO - DAG(s) 'example_short_circuit_operator' retrieved from /home/airflow/.local/lib/python3.8/site-packages/airflow/example_dags/example_short_circuit_operator.py
[2024-03-16T19:27:39.124+0000] {logging_mixin.py:188} INFO - [2024-03-16T19:27:39.124+0000] {dag.py:3047} INFO - Sync 1 DAGs
[2024-03-16T19:27:39.137+0000] {logging_mixin.py:188} INFO - [2024-03-16T19:27:39.137+0000] {dag.py:3834} INFO - Setting next_dagrun for example_short_circuit_operator to 2024-03-15 00:00:00+00:00, run_after=2024-03-16 00:00:00+00:00
[2024-03-16T19:27:39.150+0000] {processor.py:183} INFO - Processing /home/airflow/.local/lib/python3.8/site-packages/airflow/example_dags/example_short_circuit_operator.py took 0.047 seconds
[2024-03-16T19:28:09.957+0000] {processor.py:161} INFO - Started process (PID=831) to work on /home/airflow/.local/lib/python3.8/site-packages/airflow/example_dags/example_short_circuit_operator.py
[2024-03-16T19:28:09.958+0000] {processor.py:830} INFO - Processing file /home/airflow/.local/lib/python3.8/site-packages/airflow/example_dags/example_short_circuit_operator.py for tasks to queue
[2024-03-16T19:28:09.959+0000] {logging_mixin.py:188} INFO - [2024-03-16T19:28:09.959+0000] {dagbag.py:540} INFO - Filling up the DagBag from /home/airflow/.local/lib/python3.8/site-packages/airflow/example_dags/example_short_circuit_operator.py
[2024-03-16T19:28:09.963+0000] {processor.py:840} INFO - DAG(s) 'example_short_circuit_operator' retrieved from /home/airflow/.local/lib/python3.8/site-packages/airflow/example_dags/example_short_circuit_operator.py
[2024-03-16T19:28:09.978+0000] {logging_mixin.py:188} INFO - [2024-03-16T19:28:09.977+0000] {dag.py:3047} INFO - Sync 1 DAGs
[2024-03-16T19:28:09.991+0000] {logging_mixin.py:188} INFO - [2024-03-16T19:28:09.990+0000] {dag.py:3834} INFO - Setting next_dagrun for example_short_circuit_operator to 2024-03-15 00:00:00+00:00, run_after=2024-03-16 00:00:00+00:00
[2024-03-16T19:28:10.003+0000] {processor.py:183} INFO - Processing /home/airflow/.local/lib/python3.8/site-packages/airflow/example_dags/example_short_circuit_operator.py took 0.047 seconds
[2024-03-16T19:28:40.780+0000] {processor.py:161} INFO - Started process (PID=886) to work on /home/airflow/.local/lib/python3.8/site-packages/airflow/example_dags/example_short_circuit_operator.py
[2024-03-16T19:28:40.781+0000] {processor.py:830} INFO - Processing file /home/airflow/.local/lib/python3.8/site-packages/airflow/example_dags/example_short_circuit_operator.py for tasks to queue
[2024-03-16T19:28:40.782+0000] {logging_mixin.py:188} INFO - [2024-03-16T19:28:40.782+0000] {dagbag.py:540} INFO - Filling up the DagBag from /home/airflow/.local/lib/python3.8/site-packages/airflow/example_dags/example_short_circuit_operator.py
[2024-03-16T19:28:40.786+0000] {processor.py:840} INFO - DAG(s) 'example_short_circuit_operator' retrieved from /home/airflow/.local/lib/python3.8/site-packages/airflow/example_dags/example_short_circuit_operator.py
[2024-03-16T19:28:40.801+0000] {logging_mixin.py:188} INFO - [2024-03-16T19:28:40.801+0000] {dag.py:3047} INFO - Sync 1 DAGs
[2024-03-16T19:28:40.815+0000] {logging_mixin.py:188} INFO - [2024-03-16T19:28:40.815+0000] {dag.py:3834} INFO - Setting next_dagrun for example_short_circuit_operator to 2024-03-15 00:00:00+00:00, run_after=2024-03-16 00:00:00+00:00
[2024-03-16T19:28:40.830+0000] {processor.py:183} INFO - Processing /home/airflow/.local/lib/python3.8/site-packages/airflow/example_dags/example_short_circuit_operator.py took 0.052 seconds
