[2024-03-16T19:21:02.698+0000] {processor.py:161} INFO - Started process (PID=69) to work on /home/airflow/.local/lib/python3.8/site-packages/airflow/example_dags/example_datasets.py
[2024-03-16T19:21:02.699+0000] {processor.py:830} INFO - Processing file /home/airflow/.local/lib/python3.8/site-packages/airflow/example_dags/example_datasets.py for tasks to queue
[2024-03-16T19:21:02.700+0000] {logging_mixin.py:188} INFO - [2024-03-16T19:21:02.700+0000] {dagbag.py:540} INFO - Filling up the DagBag from /home/airflow/.local/lib/python3.8/site-packages/airflow/example_dags/example_datasets.py
[2024-03-16T19:21:02.710+0000] {processor.py:840} INFO - DAG(s) 'dataset_consumes_1_and_2', 'dataset_produces_1', 'dataset_consumes_1', 'dataset_consumes_unknown_never_scheduled', 'dataset_produces_2', 'dataset_consumes_1_never_scheduled' retrieved from /home/airflow/.local/lib/python3.8/site-packages/airflow/example_dags/example_datasets.py
[2024-03-16T19:21:02.722+0000] {logging_mixin.py:188} INFO - [2024-03-16T19:21:02.722+0000] {dag.py:3047} INFO - Sync 6 DAGs
[2024-03-16T19:21:02.740+0000] {logging_mixin.py:188} INFO - [2024-03-16T19:21:02.740+0000] {dag.py:3834} INFO - Setting next_dagrun for dataset_consumes_1 to None, run_after=None
[2024-03-16T19:21:02.742+0000] {logging_mixin.py:188} INFO - [2024-03-16T19:21:02.742+0000] {dag.py:3834} INFO - Setting next_dagrun for dataset_consumes_1_and_2 to None, run_after=None
[2024-03-16T19:21:02.744+0000] {logging_mixin.py:188} INFO - [2024-03-16T19:21:02.744+0000] {dag.py:3834} INFO - Setting next_dagrun for dataset_consumes_1_never_scheduled to None, run_after=None
[2024-03-16T19:21:02.745+0000] {logging_mixin.py:188} INFO - [2024-03-16T19:21:02.745+0000] {dag.py:3834} INFO - Setting next_dagrun for dataset_consumes_unknown_never_scheduled to None, run_after=None
[2024-03-16T19:21:02.747+0000] {logging_mixin.py:188} INFO - [2024-03-16T19:21:02.747+0000] {dag.py:3834} INFO - Setting next_dagrun for dataset_produces_1 to 2024-03-15 00:00:00+00:00, run_after=2024-03-16 00:00:00+00:00
[2024-03-16T19:21:02.748+0000] {logging_mixin.py:188} INFO - [2024-03-16T19:21:02.748+0000] {dag.py:3834} INFO - Setting next_dagrun for dataset_produces_2 to None, run_after=None
[2024-03-16T19:21:02.771+0000] {processor.py:183} INFO - Processing /home/airflow/.local/lib/python3.8/site-packages/airflow/example_dags/example_datasets.py took 0.075 seconds
[2024-03-16T19:21:33.885+0000] {processor.py:161} INFO - Started process (PID=124) to work on /home/airflow/.local/lib/python3.8/site-packages/airflow/example_dags/example_datasets.py
[2024-03-16T19:21:33.886+0000] {processor.py:830} INFO - Processing file /home/airflow/.local/lib/python3.8/site-packages/airflow/example_dags/example_datasets.py for tasks to queue
[2024-03-16T19:21:33.887+0000] {logging_mixin.py:188} INFO - [2024-03-16T19:21:33.887+0000] {dagbag.py:540} INFO - Filling up the DagBag from /home/airflow/.local/lib/python3.8/site-packages/airflow/example_dags/example_datasets.py
[2024-03-16T19:21:33.893+0000] {processor.py:840} INFO - DAG(s) 'dataset_consumes_unknown_never_scheduled', 'dataset_consumes_1_and_2', 'dataset_produces_2', 'dataset_produces_1', 'dataset_consumes_1_never_scheduled', 'dataset_consumes_1' retrieved from /home/airflow/.local/lib/python3.8/site-packages/airflow/example_dags/example_datasets.py
[2024-03-16T19:21:33.994+0000] {logging_mixin.py:188} INFO - [2024-03-16T19:21:33.994+0000] {dag.py:3047} INFO - Sync 6 DAGs
[2024-03-16T19:21:34.007+0000] {logging_mixin.py:188} INFO - [2024-03-16T19:21:34.007+0000] {dag.py:3834} INFO - Setting next_dagrun for dataset_consumes_1 to None, run_after=None
[2024-03-16T19:21:34.010+0000] {logging_mixin.py:188} INFO - [2024-03-16T19:21:34.010+0000] {dag.py:3834} INFO - Setting next_dagrun for dataset_consumes_1_and_2 to None, run_after=None
[2024-03-16T19:21:34.011+0000] {logging_mixin.py:188} INFO - [2024-03-16T19:21:34.011+0000] {dag.py:3834} INFO - Setting next_dagrun for dataset_consumes_1_never_scheduled to None, run_after=None
[2024-03-16T19:21:34.012+0000] {logging_mixin.py:188} INFO - [2024-03-16T19:21:34.012+0000] {dag.py:3834} INFO - Setting next_dagrun for dataset_consumes_unknown_never_scheduled to None, run_after=None
[2024-03-16T19:21:34.014+0000] {logging_mixin.py:188} INFO - [2024-03-16T19:21:34.013+0000] {dag.py:3834} INFO - Setting next_dagrun for dataset_produces_1 to 2024-03-15 00:00:00+00:00, run_after=2024-03-16 00:00:00+00:00
[2024-03-16T19:21:34.015+0000] {logging_mixin.py:188} INFO - [2024-03-16T19:21:34.015+0000] {dag.py:3834} INFO - Setting next_dagrun for dataset_produces_2 to None, run_after=None
[2024-03-16T19:21:34.042+0000] {processor.py:183} INFO - Processing /home/airflow/.local/lib/python3.8/site-packages/airflow/example_dags/example_datasets.py took 0.159 seconds
[2024-03-16T19:22:04.457+0000] {processor.py:161} INFO - Started process (PID=179) to work on /home/airflow/.local/lib/python3.8/site-packages/airflow/example_dags/example_datasets.py
[2024-03-16T19:22:04.458+0000] {processor.py:830} INFO - Processing file /home/airflow/.local/lib/python3.8/site-packages/airflow/example_dags/example_datasets.py for tasks to queue
[2024-03-16T19:22:04.459+0000] {logging_mixin.py:188} INFO - [2024-03-16T19:22:04.459+0000] {dagbag.py:540} INFO - Filling up the DagBag from /home/airflow/.local/lib/python3.8/site-packages/airflow/example_dags/example_datasets.py
[2024-03-16T19:22:04.465+0000] {processor.py:840} INFO - DAG(s) 'dataset_consumes_1', 'dataset_produces_2', 'dataset_consumes_1_never_scheduled', 'dataset_consumes_unknown_never_scheduled', 'dataset_produces_1', 'dataset_consumes_1_and_2' retrieved from /home/airflow/.local/lib/python3.8/site-packages/airflow/example_dags/example_datasets.py
[2024-03-16T19:22:04.485+0000] {logging_mixin.py:188} INFO - [2024-03-16T19:22:04.485+0000] {dag.py:3047} INFO - Sync 6 DAGs
[2024-03-16T19:22:04.498+0000] {logging_mixin.py:188} INFO - [2024-03-16T19:22:04.498+0000] {dag.py:3834} INFO - Setting next_dagrun for dataset_consumes_1 to None, run_after=None
[2024-03-16T19:22:04.500+0000] {logging_mixin.py:188} INFO - [2024-03-16T19:22:04.500+0000] {dag.py:3834} INFO - Setting next_dagrun for dataset_consumes_1_and_2 to None, run_after=None
[2024-03-16T19:22:04.501+0000] {logging_mixin.py:188} INFO - [2024-03-16T19:22:04.501+0000] {dag.py:3834} INFO - Setting next_dagrun for dataset_consumes_1_never_scheduled to None, run_after=None
[2024-03-16T19:22:04.502+0000] {logging_mixin.py:188} INFO - [2024-03-16T19:22:04.502+0000] {dag.py:3834} INFO - Setting next_dagrun for dataset_consumes_unknown_never_scheduled to None, run_after=None
[2024-03-16T19:22:04.504+0000] {logging_mixin.py:188} INFO - [2024-03-16T19:22:04.504+0000] {dag.py:3834} INFO - Setting next_dagrun for dataset_produces_1 to 2024-03-15 00:00:00+00:00, run_after=2024-03-16 00:00:00+00:00
[2024-03-16T19:22:04.505+0000] {logging_mixin.py:188} INFO - [2024-03-16T19:22:04.504+0000] {dag.py:3834} INFO - Setting next_dagrun for dataset_produces_2 to None, run_after=None
[2024-03-16T19:22:04.529+0000] {processor.py:183} INFO - Processing /home/airflow/.local/lib/python3.8/site-packages/airflow/example_dags/example_datasets.py took 0.073 seconds
[2024-03-16T19:22:34.565+0000] {processor.py:161} INFO - Started process (PID=234) to work on /home/airflow/.local/lib/python3.8/site-packages/airflow/example_dags/example_datasets.py
[2024-03-16T19:22:34.566+0000] {processor.py:830} INFO - Processing file /home/airflow/.local/lib/python3.8/site-packages/airflow/example_dags/example_datasets.py for tasks to queue
[2024-03-16T19:22:34.567+0000] {logging_mixin.py:188} INFO - [2024-03-16T19:22:34.567+0000] {dagbag.py:540} INFO - Filling up the DagBag from /home/airflow/.local/lib/python3.8/site-packages/airflow/example_dags/example_datasets.py
[2024-03-16T19:22:34.573+0000] {processor.py:840} INFO - DAG(s) 'dataset_consumes_unknown_never_scheduled', 'dataset_consumes_1_and_2', 'dataset_consumes_1', 'dataset_produces_2', 'dataset_consumes_1_never_scheduled', 'dataset_produces_1' retrieved from /home/airflow/.local/lib/python3.8/site-packages/airflow/example_dags/example_datasets.py
[2024-03-16T19:22:34.595+0000] {logging_mixin.py:188} INFO - [2024-03-16T19:22:34.595+0000] {dag.py:3047} INFO - Sync 6 DAGs
[2024-03-16T19:22:34.610+0000] {logging_mixin.py:188} INFO - [2024-03-16T19:22:34.610+0000] {dag.py:3834} INFO - Setting next_dagrun for dataset_consumes_1 to None, run_after=None
[2024-03-16T19:22:34.612+0000] {logging_mixin.py:188} INFO - [2024-03-16T19:22:34.612+0000] {dag.py:3834} INFO - Setting next_dagrun for dataset_consumes_1_and_2 to None, run_after=None
[2024-03-16T19:22:34.613+0000] {logging_mixin.py:188} INFO - [2024-03-16T19:22:34.613+0000] {dag.py:3834} INFO - Setting next_dagrun for dataset_consumes_1_never_scheduled to None, run_after=None
[2024-03-16T19:22:34.614+0000] {logging_mixin.py:188} INFO - [2024-03-16T19:22:34.614+0000] {dag.py:3834} INFO - Setting next_dagrun for dataset_consumes_unknown_never_scheduled to None, run_after=None
[2024-03-16T19:22:34.616+0000] {logging_mixin.py:188} INFO - [2024-03-16T19:22:34.616+0000] {dag.py:3834} INFO - Setting next_dagrun for dataset_produces_1 to 2024-03-15 00:00:00+00:00, run_after=2024-03-16 00:00:00+00:00
[2024-03-16T19:22:34.617+0000] {logging_mixin.py:188} INFO - [2024-03-16T19:22:34.617+0000] {dag.py:3834} INFO - Setting next_dagrun for dataset_produces_2 to None, run_after=None
[2024-03-16T19:22:34.638+0000] {processor.py:183} INFO - Processing /home/airflow/.local/lib/python3.8/site-packages/airflow/example_dags/example_datasets.py took 0.075 seconds
[2024-03-16T19:23:04.862+0000] {processor.py:161} INFO - Started process (PID=289) to work on /home/airflow/.local/lib/python3.8/site-packages/airflow/example_dags/example_datasets.py
[2024-03-16T19:23:04.863+0000] {processor.py:830} INFO - Processing file /home/airflow/.local/lib/python3.8/site-packages/airflow/example_dags/example_datasets.py for tasks to queue
[2024-03-16T19:23:04.864+0000] {logging_mixin.py:188} INFO - [2024-03-16T19:23:04.864+0000] {dagbag.py:540} INFO - Filling up the DagBag from /home/airflow/.local/lib/python3.8/site-packages/airflow/example_dags/example_datasets.py
[2024-03-16T19:23:04.871+0000] {processor.py:840} INFO - DAG(s) 'dataset_consumes_1', 'dataset_consumes_1_never_scheduled', 'dataset_produces_1', 'dataset_consumes_unknown_never_scheduled', 'dataset_consumes_1_and_2', 'dataset_produces_2' retrieved from /home/airflow/.local/lib/python3.8/site-packages/airflow/example_dags/example_datasets.py
[2024-03-16T19:23:04.896+0000] {logging_mixin.py:188} INFO - [2024-03-16T19:23:04.896+0000] {dag.py:3047} INFO - Sync 6 DAGs
[2024-03-16T19:23:04.913+0000] {logging_mixin.py:188} INFO - [2024-03-16T19:23:04.912+0000] {dag.py:3834} INFO - Setting next_dagrun for dataset_consumes_1 to None, run_after=None
[2024-03-16T19:23:04.916+0000] {logging_mixin.py:188} INFO - [2024-03-16T19:23:04.916+0000] {dag.py:3834} INFO - Setting next_dagrun for dataset_consumes_1_and_2 to None, run_after=None
[2024-03-16T19:23:04.918+0000] {logging_mixin.py:188} INFO - [2024-03-16T19:23:04.917+0000] {dag.py:3834} INFO - Setting next_dagrun for dataset_consumes_1_never_scheduled to None, run_after=None
[2024-03-16T19:23:04.919+0000] {logging_mixin.py:188} INFO - [2024-03-16T19:23:04.919+0000] {dag.py:3834} INFO - Setting next_dagrun for dataset_consumes_unknown_never_scheduled to None, run_after=None
[2024-03-16T19:23:04.921+0000] {logging_mixin.py:188} INFO - [2024-03-16T19:23:04.921+0000] {dag.py:3834} INFO - Setting next_dagrun for dataset_produces_1 to 2024-03-15 00:00:00+00:00, run_after=2024-03-16 00:00:00+00:00
[2024-03-16T19:23:04.922+0000] {logging_mixin.py:188} INFO - [2024-03-16T19:23:04.922+0000] {dag.py:3834} INFO - Setting next_dagrun for dataset_produces_2 to None, run_after=None
[2024-03-16T19:23:04.945+0000] {processor.py:183} INFO - Processing /home/airflow/.local/lib/python3.8/site-packages/airflow/example_dags/example_datasets.py took 0.085 seconds
[2024-03-16T19:23:35.872+0000] {processor.py:161} INFO - Started process (PID=344) to work on /home/airflow/.local/lib/python3.8/site-packages/airflow/example_dags/example_datasets.py
[2024-03-16T19:23:35.873+0000] {processor.py:830} INFO - Processing file /home/airflow/.local/lib/python3.8/site-packages/airflow/example_dags/example_datasets.py for tasks to queue
[2024-03-16T19:23:35.874+0000] {logging_mixin.py:188} INFO - [2024-03-16T19:23:35.874+0000] {dagbag.py:540} INFO - Filling up the DagBag from /home/airflow/.local/lib/python3.8/site-packages/airflow/example_dags/example_datasets.py
[2024-03-16T19:23:35.880+0000] {processor.py:840} INFO - DAG(s) 'dataset_consumes_1', 'dataset_produces_2', 'dataset_consumes_1_never_scheduled', 'dataset_consumes_unknown_never_scheduled', 'dataset_consumes_1_and_2', 'dataset_produces_1' retrieved from /home/airflow/.local/lib/python3.8/site-packages/airflow/example_dags/example_datasets.py
[2024-03-16T19:23:35.904+0000] {logging_mixin.py:188} INFO - [2024-03-16T19:23:35.904+0000] {dag.py:3047} INFO - Sync 6 DAGs
[2024-03-16T19:23:35.920+0000] {logging_mixin.py:188} INFO - [2024-03-16T19:23:35.920+0000] {dag.py:3834} INFO - Setting next_dagrun for dataset_consumes_1 to None, run_after=None
[2024-03-16T19:23:35.923+0000] {logging_mixin.py:188} INFO - [2024-03-16T19:23:35.923+0000] {dag.py:3834} INFO - Setting next_dagrun for dataset_consumes_1_and_2 to None, run_after=None
[2024-03-16T19:23:35.925+0000] {logging_mixin.py:188} INFO - [2024-03-16T19:23:35.924+0000] {dag.py:3834} INFO - Setting next_dagrun for dataset_consumes_1_never_scheduled to None, run_after=None
[2024-03-16T19:23:35.926+0000] {logging_mixin.py:188} INFO - [2024-03-16T19:23:35.925+0000] {dag.py:3834} INFO - Setting next_dagrun for dataset_consumes_unknown_never_scheduled to None, run_after=None
[2024-03-16T19:23:35.927+0000] {logging_mixin.py:188} INFO - [2024-03-16T19:23:35.927+0000] {dag.py:3834} INFO - Setting next_dagrun for dataset_produces_1 to 2024-03-15 00:00:00+00:00, run_after=2024-03-16 00:00:00+00:00
[2024-03-16T19:23:35.928+0000] {logging_mixin.py:188} INFO - [2024-03-16T19:23:35.928+0000] {dag.py:3834} INFO - Setting next_dagrun for dataset_produces_2 to None, run_after=None
[2024-03-16T19:23:35.951+0000] {processor.py:183} INFO - Processing /home/airflow/.local/lib/python3.8/site-packages/airflow/example_dags/example_datasets.py took 0.081 seconds
[2024-03-16T19:24:06.798+0000] {processor.py:161} INFO - Started process (PID=399) to work on /home/airflow/.local/lib/python3.8/site-packages/airflow/example_dags/example_datasets.py
[2024-03-16T19:24:06.799+0000] {processor.py:830} INFO - Processing file /home/airflow/.local/lib/python3.8/site-packages/airflow/example_dags/example_datasets.py for tasks to queue
[2024-03-16T19:24:06.800+0000] {logging_mixin.py:188} INFO - [2024-03-16T19:24:06.800+0000] {dagbag.py:540} INFO - Filling up the DagBag from /home/airflow/.local/lib/python3.8/site-packages/airflow/example_dags/example_datasets.py
[2024-03-16T19:24:06.806+0000] {processor.py:840} INFO - DAG(s) 'dataset_consumes_1_never_scheduled', 'dataset_produces_2', 'dataset_consumes_unknown_never_scheduled', 'dataset_consumes_1_and_2', 'dataset_produces_1', 'dataset_consumes_1' retrieved from /home/airflow/.local/lib/python3.8/site-packages/airflow/example_dags/example_datasets.py
[2024-03-16T19:24:06.831+0000] {logging_mixin.py:188} INFO - [2024-03-16T19:24:06.830+0000] {dag.py:3047} INFO - Sync 6 DAGs
[2024-03-16T19:24:06.846+0000] {logging_mixin.py:188} INFO - [2024-03-16T19:24:06.846+0000] {dag.py:3834} INFO - Setting next_dagrun for dataset_consumes_1 to None, run_after=None
[2024-03-16T19:24:06.849+0000] {logging_mixin.py:188} INFO - [2024-03-16T19:24:06.849+0000] {dag.py:3834} INFO - Setting next_dagrun for dataset_consumes_1_and_2 to None, run_after=None
[2024-03-16T19:24:06.850+0000] {logging_mixin.py:188} INFO - [2024-03-16T19:24:06.850+0000] {dag.py:3834} INFO - Setting next_dagrun for dataset_consumes_1_never_scheduled to None, run_after=None
[2024-03-16T19:24:06.852+0000] {logging_mixin.py:188} INFO - [2024-03-16T19:24:06.852+0000] {dag.py:3834} INFO - Setting next_dagrun for dataset_consumes_unknown_never_scheduled to None, run_after=None
[2024-03-16T19:24:06.854+0000] {logging_mixin.py:188} INFO - [2024-03-16T19:24:06.854+0000] {dag.py:3834} INFO - Setting next_dagrun for dataset_produces_1 to 2024-03-15 00:00:00+00:00, run_after=2024-03-16 00:00:00+00:00
[2024-03-16T19:24:06.856+0000] {logging_mixin.py:188} INFO - [2024-03-16T19:24:06.855+0000] {dag.py:3834} INFO - Setting next_dagrun for dataset_produces_2 to None, run_after=None
[2024-03-16T19:24:06.881+0000] {processor.py:183} INFO - Processing /home/airflow/.local/lib/python3.8/site-packages/airflow/example_dags/example_datasets.py took 0.086 seconds
[2024-03-16T19:24:36.972+0000] {processor.py:161} INFO - Started process (PID=455) to work on /home/airflow/.local/lib/python3.8/site-packages/airflow/example_dags/example_datasets.py
[2024-03-16T19:24:36.973+0000] {processor.py:830} INFO - Processing file /home/airflow/.local/lib/python3.8/site-packages/airflow/example_dags/example_datasets.py for tasks to queue
[2024-03-16T19:24:36.974+0000] {logging_mixin.py:188} INFO - [2024-03-16T19:24:36.974+0000] {dagbag.py:540} INFO - Filling up the DagBag from /home/airflow/.local/lib/python3.8/site-packages/airflow/example_dags/example_datasets.py
[2024-03-16T19:24:36.980+0000] {processor.py:840} INFO - DAG(s) 'dataset_produces_2', 'dataset_consumes_1', 'dataset_consumes_1_and_2', 'dataset_consumes_unknown_never_scheduled', 'dataset_consumes_1_never_scheduled', 'dataset_produces_1' retrieved from /home/airflow/.local/lib/python3.8/site-packages/airflow/example_dags/example_datasets.py
[2024-03-16T19:24:37.003+0000] {logging_mixin.py:188} INFO - [2024-03-16T19:24:37.003+0000] {dag.py:3047} INFO - Sync 6 DAGs
[2024-03-16T19:24:37.017+0000] {logging_mixin.py:188} INFO - [2024-03-16T19:24:37.017+0000] {dag.py:3834} INFO - Setting next_dagrun for dataset_consumes_1 to None, run_after=None
[2024-03-16T19:24:37.020+0000] {logging_mixin.py:188} INFO - [2024-03-16T19:24:37.020+0000] {dag.py:3834} INFO - Setting next_dagrun for dataset_consumes_1_and_2 to None, run_after=None
[2024-03-16T19:24:37.021+0000] {logging_mixin.py:188} INFO - [2024-03-16T19:24:37.021+0000] {dag.py:3834} INFO - Setting next_dagrun for dataset_consumes_1_never_scheduled to None, run_after=None
[2024-03-16T19:24:37.022+0000] {logging_mixin.py:188} INFO - [2024-03-16T19:24:37.022+0000] {dag.py:3834} INFO - Setting next_dagrun for dataset_consumes_unknown_never_scheduled to None, run_after=None
[2024-03-16T19:24:37.024+0000] {logging_mixin.py:188} INFO - [2024-03-16T19:24:37.024+0000] {dag.py:3834} INFO - Setting next_dagrun for dataset_produces_1 to 2024-03-15 00:00:00+00:00, run_after=2024-03-16 00:00:00+00:00
[2024-03-16T19:24:37.026+0000] {logging_mixin.py:188} INFO - [2024-03-16T19:24:37.025+0000] {dag.py:3834} INFO - Setting next_dagrun for dataset_produces_2 to None, run_after=None
[2024-03-16T19:24:37.050+0000] {processor.py:183} INFO - Processing /home/airflow/.local/lib/python3.8/site-packages/airflow/example_dags/example_datasets.py took 0.080 seconds
[2024-03-16T19:25:07.155+0000] {processor.py:161} INFO - Started process (PID=509) to work on /home/airflow/.local/lib/python3.8/site-packages/airflow/example_dags/example_datasets.py
[2024-03-16T19:25:07.155+0000] {processor.py:830} INFO - Processing file /home/airflow/.local/lib/python3.8/site-packages/airflow/example_dags/example_datasets.py for tasks to queue
[2024-03-16T19:25:07.156+0000] {logging_mixin.py:188} INFO - [2024-03-16T19:25:07.156+0000] {dagbag.py:540} INFO - Filling up the DagBag from /home/airflow/.local/lib/python3.8/site-packages/airflow/example_dags/example_datasets.py
[2024-03-16T19:25:07.162+0000] {processor.py:840} INFO - DAG(s) 'dataset_consumes_1_and_2', 'dataset_produces_1', 'dataset_consumes_unknown_never_scheduled', 'dataset_produces_2', 'dataset_consumes_1_never_scheduled', 'dataset_consumes_1' retrieved from /home/airflow/.local/lib/python3.8/site-packages/airflow/example_dags/example_datasets.py
[2024-03-16T19:25:07.187+0000] {logging_mixin.py:188} INFO - [2024-03-16T19:25:07.187+0000] {dag.py:3047} INFO - Sync 6 DAGs
[2024-03-16T19:25:07.200+0000] {logging_mixin.py:188} INFO - [2024-03-16T19:25:07.200+0000] {dag.py:3834} INFO - Setting next_dagrun for dataset_consumes_1 to None, run_after=None
[2024-03-16T19:25:07.203+0000] {logging_mixin.py:188} INFO - [2024-03-16T19:25:07.203+0000] {dag.py:3834} INFO - Setting next_dagrun for dataset_consumes_1_and_2 to None, run_after=None
[2024-03-16T19:25:07.204+0000] {logging_mixin.py:188} INFO - [2024-03-16T19:25:07.204+0000] {dag.py:3834} INFO - Setting next_dagrun for dataset_consumes_1_never_scheduled to None, run_after=None
[2024-03-16T19:25:07.205+0000] {logging_mixin.py:188} INFO - [2024-03-16T19:25:07.204+0000] {dag.py:3834} INFO - Setting next_dagrun for dataset_consumes_unknown_never_scheduled to None, run_after=None
[2024-03-16T19:25:07.206+0000] {logging_mixin.py:188} INFO - [2024-03-16T19:25:07.206+0000] {dag.py:3834} INFO - Setting next_dagrun for dataset_produces_1 to 2024-03-15 00:00:00+00:00, run_after=2024-03-16 00:00:00+00:00
[2024-03-16T19:25:07.207+0000] {logging_mixin.py:188} INFO - [2024-03-16T19:25:07.207+0000] {dag.py:3834} INFO - Setting next_dagrun for dataset_produces_2 to None, run_after=None
[2024-03-16T19:25:07.228+0000] {processor.py:183} INFO - Processing /home/airflow/.local/lib/python3.8/site-packages/airflow/example_dags/example_datasets.py took 0.076 seconds
[2024-03-16T19:25:38.036+0000] {processor.py:161} INFO - Started process (PID=564) to work on /home/airflow/.local/lib/python3.8/site-packages/airflow/example_dags/example_datasets.py
[2024-03-16T19:25:38.037+0000] {processor.py:830} INFO - Processing file /home/airflow/.local/lib/python3.8/site-packages/airflow/example_dags/example_datasets.py for tasks to queue
[2024-03-16T19:25:38.038+0000] {logging_mixin.py:188} INFO - [2024-03-16T19:25:38.038+0000] {dagbag.py:540} INFO - Filling up the DagBag from /home/airflow/.local/lib/python3.8/site-packages/airflow/example_dags/example_datasets.py
[2024-03-16T19:25:38.044+0000] {processor.py:840} INFO - DAG(s) 'dataset_produces_2', 'dataset_consumes_unknown_never_scheduled', 'dataset_consumes_1', 'dataset_consumes_1_and_2', 'dataset_produces_1', 'dataset_consumes_1_never_scheduled' retrieved from /home/airflow/.local/lib/python3.8/site-packages/airflow/example_dags/example_datasets.py
[2024-03-16T19:25:38.065+0000] {logging_mixin.py:188} INFO - [2024-03-16T19:25:38.065+0000] {dag.py:3047} INFO - Sync 6 DAGs
[2024-03-16T19:25:38.079+0000] {logging_mixin.py:188} INFO - [2024-03-16T19:25:38.079+0000] {dag.py:3834} INFO - Setting next_dagrun for dataset_consumes_1 to None, run_after=None
[2024-03-16T19:25:38.081+0000] {logging_mixin.py:188} INFO - [2024-03-16T19:25:38.081+0000] {dag.py:3834} INFO - Setting next_dagrun for dataset_consumes_1_and_2 to None, run_after=None
[2024-03-16T19:25:38.082+0000] {logging_mixin.py:188} INFO - [2024-03-16T19:25:38.082+0000] {dag.py:3834} INFO - Setting next_dagrun for dataset_consumes_1_never_scheduled to None, run_after=None
[2024-03-16T19:25:38.083+0000] {logging_mixin.py:188} INFO - [2024-03-16T19:25:38.083+0000] {dag.py:3834} INFO - Setting next_dagrun for dataset_consumes_unknown_never_scheduled to None, run_after=None
[2024-03-16T19:25:38.085+0000] {logging_mixin.py:188} INFO - [2024-03-16T19:25:38.084+0000] {dag.py:3834} INFO - Setting next_dagrun for dataset_produces_1 to 2024-03-15 00:00:00+00:00, run_after=2024-03-16 00:00:00+00:00
[2024-03-16T19:25:38.085+0000] {logging_mixin.py:188} INFO - [2024-03-16T19:25:38.085+0000] {dag.py:3834} INFO - Setting next_dagrun for dataset_produces_2 to None, run_after=None
[2024-03-16T19:25:38.108+0000] {processor.py:183} INFO - Processing /home/airflow/.local/lib/python3.8/site-packages/airflow/example_dags/example_datasets.py took 0.074 seconds
[2024-03-16T19:26:08.851+0000] {processor.py:161} INFO - Started process (PID=619) to work on /home/airflow/.local/lib/python3.8/site-packages/airflow/example_dags/example_datasets.py
[2024-03-16T19:26:08.851+0000] {processor.py:830} INFO - Processing file /home/airflow/.local/lib/python3.8/site-packages/airflow/example_dags/example_datasets.py for tasks to queue
[2024-03-16T19:26:08.853+0000] {logging_mixin.py:188} INFO - [2024-03-16T19:26:08.852+0000] {dagbag.py:540} INFO - Filling up the DagBag from /home/airflow/.local/lib/python3.8/site-packages/airflow/example_dags/example_datasets.py
[2024-03-16T19:26:08.858+0000] {processor.py:840} INFO - DAG(s) 'dataset_produces_1', 'dataset_consumes_1_and_2', 'dataset_consumes_unknown_never_scheduled', 'dataset_consumes_1_never_scheduled', 'dataset_consumes_1', 'dataset_produces_2' retrieved from /home/airflow/.local/lib/python3.8/site-packages/airflow/example_dags/example_datasets.py
[2024-03-16T19:26:08.880+0000] {logging_mixin.py:188} INFO - [2024-03-16T19:26:08.879+0000] {dag.py:3047} INFO - Sync 6 DAGs
[2024-03-16T19:26:08.894+0000] {logging_mixin.py:188} INFO - [2024-03-16T19:26:08.894+0000] {dag.py:3834} INFO - Setting next_dagrun for dataset_consumes_1 to None, run_after=None
[2024-03-16T19:26:08.896+0000] {logging_mixin.py:188} INFO - [2024-03-16T19:26:08.896+0000] {dag.py:3834} INFO - Setting next_dagrun for dataset_consumes_1_and_2 to None, run_after=None
[2024-03-16T19:26:08.897+0000] {logging_mixin.py:188} INFO - [2024-03-16T19:26:08.897+0000] {dag.py:3834} INFO - Setting next_dagrun for dataset_consumes_1_never_scheduled to None, run_after=None
[2024-03-16T19:26:08.898+0000] {logging_mixin.py:188} INFO - [2024-03-16T19:26:08.898+0000] {dag.py:3834} INFO - Setting next_dagrun for dataset_consumes_unknown_never_scheduled to None, run_after=None
[2024-03-16T19:26:08.900+0000] {logging_mixin.py:188} INFO - [2024-03-16T19:26:08.900+0000] {dag.py:3834} INFO - Setting next_dagrun for dataset_produces_1 to 2024-03-15 00:00:00+00:00, run_after=2024-03-16 00:00:00+00:00
[2024-03-16T19:26:08.901+0000] {logging_mixin.py:188} INFO - [2024-03-16T19:26:08.901+0000] {dag.py:3834} INFO - Setting next_dagrun for dataset_produces_2 to None, run_after=None
[2024-03-16T19:26:08.921+0000] {processor.py:183} INFO - Processing /home/airflow/.local/lib/python3.8/site-packages/airflow/example_dags/example_datasets.py took 0.072 seconds
[2024-03-16T19:26:39.025+0000] {processor.py:161} INFO - Started process (PID=674) to work on /home/airflow/.local/lib/python3.8/site-packages/airflow/example_dags/example_datasets.py
[2024-03-16T19:26:39.026+0000] {processor.py:830} INFO - Processing file /home/airflow/.local/lib/python3.8/site-packages/airflow/example_dags/example_datasets.py for tasks to queue
[2024-03-16T19:26:39.027+0000] {logging_mixin.py:188} INFO - [2024-03-16T19:26:39.027+0000] {dagbag.py:540} INFO - Filling up the DagBag from /home/airflow/.local/lib/python3.8/site-packages/airflow/example_dags/example_datasets.py
[2024-03-16T19:26:39.033+0000] {processor.py:840} INFO - DAG(s) 'dataset_consumes_unknown_never_scheduled', 'dataset_produces_1', 'dataset_consumes_1', 'dataset_consumes_1_never_scheduled', 'dataset_consumes_1_and_2', 'dataset_produces_2' retrieved from /home/airflow/.local/lib/python3.8/site-packages/airflow/example_dags/example_datasets.py
[2024-03-16T19:26:39.055+0000] {logging_mixin.py:188} INFO - [2024-03-16T19:26:39.055+0000] {dag.py:3047} INFO - Sync 6 DAGs
[2024-03-16T19:26:39.070+0000] {logging_mixin.py:188} INFO - [2024-03-16T19:26:39.070+0000] {dag.py:3834} INFO - Setting next_dagrun for dataset_consumes_1 to None, run_after=None
[2024-03-16T19:26:39.072+0000] {logging_mixin.py:188} INFO - [2024-03-16T19:26:39.072+0000] {dag.py:3834} INFO - Setting next_dagrun for dataset_consumes_1_and_2 to None, run_after=None
[2024-03-16T19:26:39.073+0000] {logging_mixin.py:188} INFO - [2024-03-16T19:26:39.073+0000] {dag.py:3834} INFO - Setting next_dagrun for dataset_consumes_1_never_scheduled to None, run_after=None
[2024-03-16T19:26:39.074+0000] {logging_mixin.py:188} INFO - [2024-03-16T19:26:39.074+0000] {dag.py:3834} INFO - Setting next_dagrun for dataset_consumes_unknown_never_scheduled to None, run_after=None
[2024-03-16T19:26:39.076+0000] {logging_mixin.py:188} INFO - [2024-03-16T19:26:39.076+0000] {dag.py:3834} INFO - Setting next_dagrun for dataset_produces_1 to 2024-03-15 00:00:00+00:00, run_after=2024-03-16 00:00:00+00:00
[2024-03-16T19:26:39.077+0000] {logging_mixin.py:188} INFO - [2024-03-16T19:26:39.077+0000] {dag.py:3834} INFO - Setting next_dagrun for dataset_produces_2 to None, run_after=None
[2024-03-16T19:26:39.097+0000] {processor.py:183} INFO - Processing /home/airflow/.local/lib/python3.8/site-packages/airflow/example_dags/example_datasets.py took 0.074 seconds
[2024-03-16T19:27:09.274+0000] {processor.py:161} INFO - Started process (PID=729) to work on /home/airflow/.local/lib/python3.8/site-packages/airflow/example_dags/example_datasets.py
[2024-03-16T19:27:09.275+0000] {processor.py:830} INFO - Processing file /home/airflow/.local/lib/python3.8/site-packages/airflow/example_dags/example_datasets.py for tasks to queue
[2024-03-16T19:27:09.276+0000] {logging_mixin.py:188} INFO - [2024-03-16T19:27:09.276+0000] {dagbag.py:540} INFO - Filling up the DagBag from /home/airflow/.local/lib/python3.8/site-packages/airflow/example_dags/example_datasets.py
[2024-03-16T19:27:09.283+0000] {processor.py:840} INFO - DAG(s) 'dataset_consumes_1_never_scheduled', 'dataset_consumes_1_and_2', 'dataset_consumes_unknown_never_scheduled', 'dataset_consumes_1', 'dataset_produces_2', 'dataset_produces_1' retrieved from /home/airflow/.local/lib/python3.8/site-packages/airflow/example_dags/example_datasets.py
[2024-03-16T19:27:09.304+0000] {logging_mixin.py:188} INFO - [2024-03-16T19:27:09.304+0000] {dag.py:3047} INFO - Sync 6 DAGs
[2024-03-16T19:27:09.318+0000] {logging_mixin.py:188} INFO - [2024-03-16T19:27:09.318+0000] {dag.py:3834} INFO - Setting next_dagrun for dataset_consumes_1 to None, run_after=None
[2024-03-16T19:27:09.321+0000] {logging_mixin.py:188} INFO - [2024-03-16T19:27:09.320+0000] {dag.py:3834} INFO - Setting next_dagrun for dataset_consumes_1_and_2 to None, run_after=None
[2024-03-16T19:27:09.322+0000] {logging_mixin.py:188} INFO - [2024-03-16T19:27:09.322+0000] {dag.py:3834} INFO - Setting next_dagrun for dataset_consumes_1_never_scheduled to None, run_after=None
[2024-03-16T19:27:09.323+0000] {logging_mixin.py:188} INFO - [2024-03-16T19:27:09.323+0000] {dag.py:3834} INFO - Setting next_dagrun for dataset_consumes_unknown_never_scheduled to None, run_after=None
[2024-03-16T19:27:09.326+0000] {logging_mixin.py:188} INFO - [2024-03-16T19:27:09.326+0000] {dag.py:3834} INFO - Setting next_dagrun for dataset_produces_1 to 2024-03-15 00:00:00+00:00, run_after=2024-03-16 00:00:00+00:00
[2024-03-16T19:27:09.327+0000] {logging_mixin.py:188} INFO - [2024-03-16T19:27:09.327+0000] {dag.py:3834} INFO - Setting next_dagrun for dataset_produces_2 to None, run_after=None
[2024-03-16T19:27:09.349+0000] {processor.py:183} INFO - Processing /home/airflow/.local/lib/python3.8/site-packages/airflow/example_dags/example_datasets.py took 0.077 seconds
[2024-03-16T19:27:39.446+0000] {processor.py:161} INFO - Started process (PID=784) to work on /home/airflow/.local/lib/python3.8/site-packages/airflow/example_dags/example_datasets.py
[2024-03-16T19:27:39.447+0000] {processor.py:830} INFO - Processing file /home/airflow/.local/lib/python3.8/site-packages/airflow/example_dags/example_datasets.py for tasks to queue
[2024-03-16T19:27:39.448+0000] {logging_mixin.py:188} INFO - [2024-03-16T19:27:39.448+0000] {dagbag.py:540} INFO - Filling up the DagBag from /home/airflow/.local/lib/python3.8/site-packages/airflow/example_dags/example_datasets.py
[2024-03-16T19:27:39.454+0000] {processor.py:840} INFO - DAG(s) 'dataset_consumes_unknown_never_scheduled', 'dataset_produces_2', 'dataset_consumes_1_never_scheduled', 'dataset_consumes_1_and_2', 'dataset_produces_1', 'dataset_consumes_1' retrieved from /home/airflow/.local/lib/python3.8/site-packages/airflow/example_dags/example_datasets.py
[2024-03-16T19:27:39.474+0000] {logging_mixin.py:188} INFO - [2024-03-16T19:27:39.474+0000] {dag.py:3047} INFO - Sync 6 DAGs
[2024-03-16T19:27:39.489+0000] {logging_mixin.py:188} INFO - [2024-03-16T19:27:39.489+0000] {dag.py:3834} INFO - Setting next_dagrun for dataset_consumes_1 to None, run_after=None
[2024-03-16T19:27:39.492+0000] {logging_mixin.py:188} INFO - [2024-03-16T19:27:39.492+0000] {dag.py:3834} INFO - Setting next_dagrun for dataset_consumes_1_and_2 to None, run_after=None
[2024-03-16T19:27:39.493+0000] {logging_mixin.py:188} INFO - [2024-03-16T19:27:39.493+0000] {dag.py:3834} INFO - Setting next_dagrun for dataset_consumes_1_never_scheduled to None, run_after=None
[2024-03-16T19:27:39.494+0000] {logging_mixin.py:188} INFO - [2024-03-16T19:27:39.494+0000] {dag.py:3834} INFO - Setting next_dagrun for dataset_consumes_unknown_never_scheduled to None, run_after=None
[2024-03-16T19:27:39.496+0000] {logging_mixin.py:188} INFO - [2024-03-16T19:27:39.496+0000] {dag.py:3834} INFO - Setting next_dagrun for dataset_produces_1 to 2024-03-15 00:00:00+00:00, run_after=2024-03-16 00:00:00+00:00
[2024-03-16T19:27:39.497+0000] {logging_mixin.py:188} INFO - [2024-03-16T19:27:39.497+0000] {dag.py:3834} INFO - Setting next_dagrun for dataset_produces_2 to None, run_after=None
[2024-03-16T19:27:39.518+0000] {processor.py:183} INFO - Processing /home/airflow/.local/lib/python3.8/site-packages/airflow/example_dags/example_datasets.py took 0.074 seconds
[2024-03-16T19:28:10.210+0000] {processor.py:161} INFO - Started process (PID=839) to work on /home/airflow/.local/lib/python3.8/site-packages/airflow/example_dags/example_datasets.py
[2024-03-16T19:28:10.211+0000] {processor.py:830} INFO - Processing file /home/airflow/.local/lib/python3.8/site-packages/airflow/example_dags/example_datasets.py for tasks to queue
[2024-03-16T19:28:10.212+0000] {logging_mixin.py:188} INFO - [2024-03-16T19:28:10.212+0000] {dagbag.py:540} INFO - Filling up the DagBag from /home/airflow/.local/lib/python3.8/site-packages/airflow/example_dags/example_datasets.py
[2024-03-16T19:28:10.218+0000] {processor.py:840} INFO - DAG(s) 'dataset_produces_1', 'dataset_produces_2', 'dataset_consumes_1_never_scheduled', 'dataset_consumes_unknown_never_scheduled', 'dataset_consumes_1_and_2', 'dataset_consumes_1' retrieved from /home/airflow/.local/lib/python3.8/site-packages/airflow/example_dags/example_datasets.py
[2024-03-16T19:28:10.240+0000] {logging_mixin.py:188} INFO - [2024-03-16T19:28:10.240+0000] {dag.py:3047} INFO - Sync 6 DAGs
[2024-03-16T19:28:10.255+0000] {logging_mixin.py:188} INFO - [2024-03-16T19:28:10.255+0000] {dag.py:3834} INFO - Setting next_dagrun for dataset_consumes_1 to None, run_after=None
[2024-03-16T19:28:10.257+0000] {logging_mixin.py:188} INFO - [2024-03-16T19:28:10.257+0000] {dag.py:3834} INFO - Setting next_dagrun for dataset_consumes_1_and_2 to None, run_after=None
[2024-03-16T19:28:10.258+0000] {logging_mixin.py:188} INFO - [2024-03-16T19:28:10.258+0000] {dag.py:3834} INFO - Setting next_dagrun for dataset_consumes_1_never_scheduled to None, run_after=None
[2024-03-16T19:28:10.259+0000] {logging_mixin.py:188} INFO - [2024-03-16T19:28:10.259+0000] {dag.py:3834} INFO - Setting next_dagrun for dataset_consumes_unknown_never_scheduled to None, run_after=None
[2024-03-16T19:28:10.261+0000] {logging_mixin.py:188} INFO - [2024-03-16T19:28:10.261+0000] {dag.py:3834} INFO - Setting next_dagrun for dataset_produces_1 to 2024-03-15 00:00:00+00:00, run_after=2024-03-16 00:00:00+00:00
[2024-03-16T19:28:10.262+0000] {logging_mixin.py:188} INFO - [2024-03-16T19:28:10.262+0000] {dag.py:3834} INFO - Setting next_dagrun for dataset_produces_2 to None, run_after=None
[2024-03-16T19:28:10.283+0000] {processor.py:183} INFO - Processing /home/airflow/.local/lib/python3.8/site-packages/airflow/example_dags/example_datasets.py took 0.075 seconds
[2024-03-16T19:28:41.029+0000] {processor.py:161} INFO - Started process (PID=894) to work on /home/airflow/.local/lib/python3.8/site-packages/airflow/example_dags/example_datasets.py
[2024-03-16T19:28:41.030+0000] {processor.py:830} INFO - Processing file /home/airflow/.local/lib/python3.8/site-packages/airflow/example_dags/example_datasets.py for tasks to queue
[2024-03-16T19:28:41.031+0000] {logging_mixin.py:188} INFO - [2024-03-16T19:28:41.031+0000] {dagbag.py:540} INFO - Filling up the DagBag from /home/airflow/.local/lib/python3.8/site-packages/airflow/example_dags/example_datasets.py
[2024-03-16T19:28:41.037+0000] {processor.py:840} INFO - DAG(s) 'dataset_consumes_1', 'dataset_consumes_1_and_2', 'dataset_consumes_unknown_never_scheduled', 'dataset_produces_2', 'dataset_consumes_1_never_scheduled', 'dataset_produces_1' retrieved from /home/airflow/.local/lib/python3.8/site-packages/airflow/example_dags/example_datasets.py
[2024-03-16T19:28:41.058+0000] {logging_mixin.py:188} INFO - [2024-03-16T19:28:41.058+0000] {dag.py:3047} INFO - Sync 6 DAGs
[2024-03-16T19:28:41.072+0000] {logging_mixin.py:188} INFO - [2024-03-16T19:28:41.072+0000] {dag.py:3834} INFO - Setting next_dagrun for dataset_consumes_1 to None, run_after=None
[2024-03-16T19:28:41.074+0000] {logging_mixin.py:188} INFO - [2024-03-16T19:28:41.074+0000] {dag.py:3834} INFO - Setting next_dagrun for dataset_consumes_1_and_2 to None, run_after=None
[2024-03-16T19:28:41.075+0000] {logging_mixin.py:188} INFO - [2024-03-16T19:28:41.075+0000] {dag.py:3834} INFO - Setting next_dagrun for dataset_consumes_1_never_scheduled to None, run_after=None
[2024-03-16T19:28:41.076+0000] {logging_mixin.py:188} INFO - [2024-03-16T19:28:41.076+0000] {dag.py:3834} INFO - Setting next_dagrun for dataset_consumes_unknown_never_scheduled to None, run_after=None
[2024-03-16T19:28:41.078+0000] {logging_mixin.py:188} INFO - [2024-03-16T19:28:41.078+0000] {dag.py:3834} INFO - Setting next_dagrun for dataset_produces_1 to 2024-03-15 00:00:00+00:00, run_after=2024-03-16 00:00:00+00:00
[2024-03-16T19:28:41.079+0000] {logging_mixin.py:188} INFO - [2024-03-16T19:28:41.079+0000] {dag.py:3834} INFO - Setting next_dagrun for dataset_produces_2 to None, run_after=None
[2024-03-16T19:28:41.099+0000] {processor.py:183} INFO - Processing /home/airflow/.local/lib/python3.8/site-packages/airflow/example_dags/example_datasets.py took 0.072 seconds
