[2024-03-16T19:21:01.783+0000] {processor.py:161} INFO - Started process (PID=48) to work on /home/airflow/.local/lib/python3.8/site-packages/airflow/example_dags/example_external_task_marker_dag.py
[2024-03-16T19:21:01.784+0000] {processor.py:830} INFO - Processing file /home/airflow/.local/lib/python3.8/site-packages/airflow/example_dags/example_external_task_marker_dag.py for tasks to queue
[2024-03-16T19:21:01.785+0000] {logging_mixin.py:188} INFO - [2024-03-16T19:21:01.785+0000] {dagbag.py:540} INFO - Filling up the DagBag from /home/airflow/.local/lib/python3.8/site-packages/airflow/example_dags/example_external_task_marker_dag.py
[2024-03-16T19:21:01.790+0000] {processor.py:840} INFO - DAG(s) 'example_external_task_marker_parent', 'example_external_task_marker_child' retrieved from /home/airflow/.local/lib/python3.8/site-packages/airflow/example_dags/example_external_task_marker_dag.py
[2024-03-16T19:21:01.798+0000] {logging_mixin.py:188} INFO - [2024-03-16T19:21:01.798+0000] {dag.py:3047} INFO - Sync 2 DAGs
[2024-03-16T19:21:01.807+0000] {logging_mixin.py:188} INFO - [2024-03-16T19:21:01.807+0000] {dag.py:3834} INFO - Setting next_dagrun for example_external_task_marker_child to None, run_after=None
[2024-03-16T19:21:01.810+0000] {logging_mixin.py:188} INFO - [2024-03-16T19:21:01.810+0000] {dag.py:3834} INFO - Setting next_dagrun for example_external_task_marker_parent to None, run_after=None
[2024-03-16T19:21:01.825+0000] {processor.py:183} INFO - Processing /home/airflow/.local/lib/python3.8/site-packages/airflow/example_dags/example_external_task_marker_dag.py took 0.044 seconds
[2024-03-16T19:21:32.510+0000] {processor.py:161} INFO - Started process (PID=103) to work on /home/airflow/.local/lib/python3.8/site-packages/airflow/example_dags/example_external_task_marker_dag.py
[2024-03-16T19:21:32.511+0000] {processor.py:830} INFO - Processing file /home/airflow/.local/lib/python3.8/site-packages/airflow/example_dags/example_external_task_marker_dag.py for tasks to queue
[2024-03-16T19:21:32.512+0000] {logging_mixin.py:188} INFO - [2024-03-16T19:21:32.512+0000] {dagbag.py:540} INFO - Filling up the DagBag from /home/airflow/.local/lib/python3.8/site-packages/airflow/example_dags/example_external_task_marker_dag.py
[2024-03-16T19:21:32.517+0000] {processor.py:840} INFO - DAG(s) 'example_external_task_marker_child', 'example_external_task_marker_parent' retrieved from /home/airflow/.local/lib/python3.8/site-packages/airflow/example_dags/example_external_task_marker_dag.py
[2024-03-16T19:21:32.587+0000] {logging_mixin.py:188} INFO - [2024-03-16T19:21:32.587+0000] {dag.py:3047} INFO - Sync 2 DAGs
[2024-03-16T19:21:32.595+0000] {logging_mixin.py:188} INFO - [2024-03-16T19:21:32.594+0000] {dag.py:3834} INFO - Setting next_dagrun for example_external_task_marker_child to None, run_after=None
[2024-03-16T19:21:32.597+0000] {logging_mixin.py:188} INFO - [2024-03-16T19:21:32.597+0000] {dag.py:3834} INFO - Setting next_dagrun for example_external_task_marker_parent to None, run_after=None
[2024-03-16T19:21:32.610+0000] {processor.py:183} INFO - Processing /home/airflow/.local/lib/python3.8/site-packages/airflow/example_dags/example_external_task_marker_dag.py took 0.102 seconds
[2024-03-16T19:22:03.594+0000] {processor.py:161} INFO - Started process (PID=158) to work on /home/airflow/.local/lib/python3.8/site-packages/airflow/example_dags/example_external_task_marker_dag.py
[2024-03-16T19:22:03.595+0000] {processor.py:830} INFO - Processing file /home/airflow/.local/lib/python3.8/site-packages/airflow/example_dags/example_external_task_marker_dag.py for tasks to queue
[2024-03-16T19:22:03.596+0000] {logging_mixin.py:188} INFO - [2024-03-16T19:22:03.596+0000] {dagbag.py:540} INFO - Filling up the DagBag from /home/airflow/.local/lib/python3.8/site-packages/airflow/example_dags/example_external_task_marker_dag.py
[2024-03-16T19:22:03.600+0000] {processor.py:840} INFO - DAG(s) 'example_external_task_marker_child', 'example_external_task_marker_parent' retrieved from /home/airflow/.local/lib/python3.8/site-packages/airflow/example_dags/example_external_task_marker_dag.py
[2024-03-16T19:22:03.620+0000] {logging_mixin.py:188} INFO - [2024-03-16T19:22:03.619+0000] {dag.py:3047} INFO - Sync 2 DAGs
[2024-03-16T19:22:03.630+0000] {logging_mixin.py:188} INFO - [2024-03-16T19:22:03.629+0000] {dag.py:3834} INFO - Setting next_dagrun for example_external_task_marker_child to None, run_after=None
[2024-03-16T19:22:03.632+0000] {logging_mixin.py:188} INFO - [2024-03-16T19:22:03.632+0000] {dag.py:3834} INFO - Setting next_dagrun for example_external_task_marker_parent to None, run_after=None
[2024-03-16T19:22:03.648+0000] {processor.py:183} INFO - Processing /home/airflow/.local/lib/python3.8/site-packages/airflow/example_dags/example_external_task_marker_dag.py took 0.055 seconds
[2024-03-16T19:22:33.679+0000] {processor.py:161} INFO - Started process (PID=213) to work on /home/airflow/.local/lib/python3.8/site-packages/airflow/example_dags/example_external_task_marker_dag.py
[2024-03-16T19:22:33.680+0000] {processor.py:830} INFO - Processing file /home/airflow/.local/lib/python3.8/site-packages/airflow/example_dags/example_external_task_marker_dag.py for tasks to queue
[2024-03-16T19:22:33.681+0000] {logging_mixin.py:188} INFO - [2024-03-16T19:22:33.681+0000] {dagbag.py:540} INFO - Filling up the DagBag from /home/airflow/.local/lib/python3.8/site-packages/airflow/example_dags/example_external_task_marker_dag.py
[2024-03-16T19:22:33.685+0000] {processor.py:840} INFO - DAG(s) 'example_external_task_marker_parent', 'example_external_task_marker_child' retrieved from /home/airflow/.local/lib/python3.8/site-packages/airflow/example_dags/example_external_task_marker_dag.py
[2024-03-16T19:22:33.703+0000] {logging_mixin.py:188} INFO - [2024-03-16T19:22:33.702+0000] {dag.py:3047} INFO - Sync 2 DAGs
[2024-03-16T19:22:33.710+0000] {logging_mixin.py:188} INFO - [2024-03-16T19:22:33.710+0000] {dag.py:3834} INFO - Setting next_dagrun for example_external_task_marker_child to None, run_after=None
[2024-03-16T19:22:33.713+0000] {logging_mixin.py:188} INFO - [2024-03-16T19:22:33.713+0000] {dag.py:3834} INFO - Setting next_dagrun for example_external_task_marker_parent to None, run_after=None
[2024-03-16T19:22:33.737+0000] {processor.py:183} INFO - Processing /home/airflow/.local/lib/python3.8/site-packages/airflow/example_dags/example_external_task_marker_dag.py took 0.060 seconds
[2024-03-16T19:23:03.802+0000] {processor.py:161} INFO - Started process (PID=268) to work on /home/airflow/.local/lib/python3.8/site-packages/airflow/example_dags/example_external_task_marker_dag.py
[2024-03-16T19:23:03.803+0000] {processor.py:830} INFO - Processing file /home/airflow/.local/lib/python3.8/site-packages/airflow/example_dags/example_external_task_marker_dag.py for tasks to queue
[2024-03-16T19:23:03.804+0000] {logging_mixin.py:188} INFO - [2024-03-16T19:23:03.804+0000] {dagbag.py:540} INFO - Filling up the DagBag from /home/airflow/.local/lib/python3.8/site-packages/airflow/example_dags/example_external_task_marker_dag.py
[2024-03-16T19:23:03.808+0000] {processor.py:840} INFO - DAG(s) 'example_external_task_marker_child', 'example_external_task_marker_parent' retrieved from /home/airflow/.local/lib/python3.8/site-packages/airflow/example_dags/example_external_task_marker_dag.py
[2024-03-16T19:23:03.825+0000] {logging_mixin.py:188} INFO - [2024-03-16T19:23:03.825+0000] {dag.py:3047} INFO - Sync 2 DAGs
[2024-03-16T19:23:03.835+0000] {logging_mixin.py:188} INFO - [2024-03-16T19:23:03.834+0000] {dag.py:3834} INFO - Setting next_dagrun for example_external_task_marker_child to None, run_after=None
[2024-03-16T19:23:03.837+0000] {logging_mixin.py:188} INFO - [2024-03-16T19:23:03.837+0000] {dag.py:3834} INFO - Setting next_dagrun for example_external_task_marker_parent to None, run_after=None
[2024-03-16T19:23:03.859+0000] {processor.py:183} INFO - Processing /home/airflow/.local/lib/python3.8/site-packages/airflow/example_dags/example_external_task_marker_dag.py took 0.060 seconds
[2024-03-16T19:23:33.993+0000] {processor.py:161} INFO - Started process (PID=323) to work on /home/airflow/.local/lib/python3.8/site-packages/airflow/example_dags/example_external_task_marker_dag.py
[2024-03-16T19:23:33.994+0000] {processor.py:830} INFO - Processing file /home/airflow/.local/lib/python3.8/site-packages/airflow/example_dags/example_external_task_marker_dag.py for tasks to queue
[2024-03-16T19:23:33.995+0000] {logging_mixin.py:188} INFO - [2024-03-16T19:23:33.995+0000] {dagbag.py:540} INFO - Filling up the DagBag from /home/airflow/.local/lib/python3.8/site-packages/airflow/example_dags/example_external_task_marker_dag.py
[2024-03-16T19:23:33.999+0000] {processor.py:840} INFO - DAG(s) 'example_external_task_marker_parent', 'example_external_task_marker_child' retrieved from /home/airflow/.local/lib/python3.8/site-packages/airflow/example_dags/example_external_task_marker_dag.py
[2024-03-16T19:23:34.017+0000] {logging_mixin.py:188} INFO - [2024-03-16T19:23:34.017+0000] {dag.py:3047} INFO - Sync 2 DAGs
[2024-03-16T19:23:34.025+0000] {logging_mixin.py:188} INFO - [2024-03-16T19:23:34.025+0000] {dag.py:3834} INFO - Setting next_dagrun for example_external_task_marker_child to None, run_after=None
[2024-03-16T19:23:34.028+0000] {logging_mixin.py:188} INFO - [2024-03-16T19:23:34.028+0000] {dag.py:3834} INFO - Setting next_dagrun for example_external_task_marker_parent to None, run_after=None
[2024-03-16T19:23:34.043+0000] {processor.py:183} INFO - Processing /home/airflow/.local/lib/python3.8/site-packages/airflow/example_dags/example_external_task_marker_dag.py took 0.052 seconds
[2024-03-16T19:24:04.889+0000] {processor.py:161} INFO - Started process (PID=378) to work on /home/airflow/.local/lib/python3.8/site-packages/airflow/example_dags/example_external_task_marker_dag.py
[2024-03-16T19:24:04.890+0000] {processor.py:830} INFO - Processing file /home/airflow/.local/lib/python3.8/site-packages/airflow/example_dags/example_external_task_marker_dag.py for tasks to queue
[2024-03-16T19:24:04.892+0000] {logging_mixin.py:188} INFO - [2024-03-16T19:24:04.892+0000] {dagbag.py:540} INFO - Filling up the DagBag from /home/airflow/.local/lib/python3.8/site-packages/airflow/example_dags/example_external_task_marker_dag.py
[2024-03-16T19:24:04.896+0000] {processor.py:840} INFO - DAG(s) 'example_external_task_marker_parent', 'example_external_task_marker_child' retrieved from /home/airflow/.local/lib/python3.8/site-packages/airflow/example_dags/example_external_task_marker_dag.py
[2024-03-16T19:24:04.913+0000] {logging_mixin.py:188} INFO - [2024-03-16T19:24:04.913+0000] {dag.py:3047} INFO - Sync 2 DAGs
[2024-03-16T19:24:04.922+0000] {logging_mixin.py:188} INFO - [2024-03-16T19:24:04.922+0000] {dag.py:3834} INFO - Setting next_dagrun for example_external_task_marker_child to None, run_after=None
[2024-03-16T19:24:04.925+0000] {logging_mixin.py:188} INFO - [2024-03-16T19:24:04.925+0000] {dag.py:3834} INFO - Setting next_dagrun for example_external_task_marker_parent to None, run_after=None
[2024-03-16T19:24:04.948+0000] {processor.py:183} INFO - Processing /home/airflow/.local/lib/python3.8/site-packages/airflow/example_dags/example_external_task_marker_dag.py took 0.061 seconds
[2024-03-16T19:24:35.044+0000] {processor.py:161} INFO - Started process (PID=433) to work on /home/airflow/.local/lib/python3.8/site-packages/airflow/example_dags/example_external_task_marker_dag.py
[2024-03-16T19:24:35.045+0000] {processor.py:830} INFO - Processing file /home/airflow/.local/lib/python3.8/site-packages/airflow/example_dags/example_external_task_marker_dag.py for tasks to queue
[2024-03-16T19:24:35.046+0000] {logging_mixin.py:188} INFO - [2024-03-16T19:24:35.046+0000] {dagbag.py:540} INFO - Filling up the DagBag from /home/airflow/.local/lib/python3.8/site-packages/airflow/example_dags/example_external_task_marker_dag.py
[2024-03-16T19:24:35.050+0000] {processor.py:840} INFO - DAG(s) 'example_external_task_marker_child', 'example_external_task_marker_parent' retrieved from /home/airflow/.local/lib/python3.8/site-packages/airflow/example_dags/example_external_task_marker_dag.py
[2024-03-16T19:24:35.066+0000] {logging_mixin.py:188} INFO - [2024-03-16T19:24:35.066+0000] {dag.py:3047} INFO - Sync 2 DAGs
[2024-03-16T19:24:35.074+0000] {logging_mixin.py:188} INFO - [2024-03-16T19:24:35.073+0000] {dag.py:3834} INFO - Setting next_dagrun for example_external_task_marker_child to None, run_after=None
[2024-03-16T19:24:35.078+0000] {logging_mixin.py:188} INFO - [2024-03-16T19:24:35.077+0000] {dag.py:3834} INFO - Setting next_dagrun for example_external_task_marker_parent to None, run_after=None
[2024-03-16T19:24:35.101+0000] {processor.py:183} INFO - Processing /home/airflow/.local/lib/python3.8/site-packages/airflow/example_dags/example_external_task_marker_dag.py took 0.059 seconds
[2024-03-16T19:25:05.275+0000] {processor.py:161} INFO - Started process (PID=488) to work on /home/airflow/.local/lib/python3.8/site-packages/airflow/example_dags/example_external_task_marker_dag.py
[2024-03-16T19:25:05.276+0000] {processor.py:830} INFO - Processing file /home/airflow/.local/lib/python3.8/site-packages/airflow/example_dags/example_external_task_marker_dag.py for tasks to queue
[2024-03-16T19:25:05.277+0000] {logging_mixin.py:188} INFO - [2024-03-16T19:25:05.277+0000] {dagbag.py:540} INFO - Filling up the DagBag from /home/airflow/.local/lib/python3.8/site-packages/airflow/example_dags/example_external_task_marker_dag.py
[2024-03-16T19:25:05.281+0000] {processor.py:840} INFO - DAG(s) 'example_external_task_marker_parent', 'example_external_task_marker_child' retrieved from /home/airflow/.local/lib/python3.8/site-packages/airflow/example_dags/example_external_task_marker_dag.py
[2024-03-16T19:25:05.298+0000] {logging_mixin.py:188} INFO - [2024-03-16T19:25:05.298+0000] {dag.py:3047} INFO - Sync 2 DAGs
[2024-03-16T19:25:05.306+0000] {logging_mixin.py:188} INFO - [2024-03-16T19:25:05.306+0000] {dag.py:3834} INFO - Setting next_dagrun for example_external_task_marker_child to None, run_after=None
[2024-03-16T19:25:05.309+0000] {logging_mixin.py:188} INFO - [2024-03-16T19:25:05.308+0000] {dag.py:3834} INFO - Setting next_dagrun for example_external_task_marker_parent to None, run_after=None
[2024-03-16T19:25:05.331+0000] {processor.py:183} INFO - Processing /home/airflow/.local/lib/python3.8/site-packages/airflow/example_dags/example_external_task_marker_dag.py took 0.058 seconds
[2024-03-16T19:25:36.041+0000] {processor.py:161} INFO - Started process (PID=543) to work on /home/airflow/.local/lib/python3.8/site-packages/airflow/example_dags/example_external_task_marker_dag.py
[2024-03-16T19:25:36.042+0000] {processor.py:830} INFO - Processing file /home/airflow/.local/lib/python3.8/site-packages/airflow/example_dags/example_external_task_marker_dag.py for tasks to queue
[2024-03-16T19:25:36.043+0000] {logging_mixin.py:188} INFO - [2024-03-16T19:25:36.043+0000] {dagbag.py:540} INFO - Filling up the DagBag from /home/airflow/.local/lib/python3.8/site-packages/airflow/example_dags/example_external_task_marker_dag.py
[2024-03-16T19:25:36.047+0000] {processor.py:840} INFO - DAG(s) 'example_external_task_marker_child', 'example_external_task_marker_parent' retrieved from /home/airflow/.local/lib/python3.8/site-packages/airflow/example_dags/example_external_task_marker_dag.py
[2024-03-16T19:25:36.062+0000] {logging_mixin.py:188} INFO - [2024-03-16T19:25:36.061+0000] {dag.py:3047} INFO - Sync 2 DAGs
[2024-03-16T19:25:36.070+0000] {logging_mixin.py:188} INFO - [2024-03-16T19:25:36.070+0000] {dag.py:3834} INFO - Setting next_dagrun for example_external_task_marker_child to None, run_after=None
[2024-03-16T19:25:36.073+0000] {logging_mixin.py:188} INFO - [2024-03-16T19:25:36.073+0000] {dag.py:3834} INFO - Setting next_dagrun for example_external_task_marker_parent to None, run_after=None
[2024-03-16T19:25:36.096+0000] {processor.py:183} INFO - Processing /home/airflow/.local/lib/python3.8/site-packages/airflow/example_dags/example_external_task_marker_dag.py took 0.057 seconds
[2024-03-16T19:26:07.023+0000] {processor.py:161} INFO - Started process (PID=598) to work on /home/airflow/.local/lib/python3.8/site-packages/airflow/example_dags/example_external_task_marker_dag.py
[2024-03-16T19:26:07.024+0000] {processor.py:830} INFO - Processing file /home/airflow/.local/lib/python3.8/site-packages/airflow/example_dags/example_external_task_marker_dag.py for tasks to queue
[2024-03-16T19:26:07.025+0000] {logging_mixin.py:188} INFO - [2024-03-16T19:26:07.025+0000] {dagbag.py:540} INFO - Filling up the DagBag from /home/airflow/.local/lib/python3.8/site-packages/airflow/example_dags/example_external_task_marker_dag.py
[2024-03-16T19:26:07.030+0000] {processor.py:840} INFO - DAG(s) 'example_external_task_marker_parent', 'example_external_task_marker_child' retrieved from /home/airflow/.local/lib/python3.8/site-packages/airflow/example_dags/example_external_task_marker_dag.py
[2024-03-16T19:26:07.052+0000] {logging_mixin.py:188} INFO - [2024-03-16T19:26:07.052+0000] {dag.py:3047} INFO - Sync 2 DAGs
[2024-03-16T19:26:07.062+0000] {logging_mixin.py:188} INFO - [2024-03-16T19:26:07.062+0000] {dag.py:3834} INFO - Setting next_dagrun for example_external_task_marker_child to None, run_after=None
[2024-03-16T19:26:07.065+0000] {logging_mixin.py:188} INFO - [2024-03-16T19:26:07.064+0000] {dag.py:3834} INFO - Setting next_dagrun for example_external_task_marker_parent to None, run_after=None
[2024-03-16T19:26:07.079+0000] {processor.py:183} INFO - Processing /home/airflow/.local/lib/python3.8/site-packages/airflow/example_dags/example_external_task_marker_dag.py took 0.057 seconds
[2024-03-16T19:26:37.153+0000] {processor.py:161} INFO - Started process (PID=653) to work on /home/airflow/.local/lib/python3.8/site-packages/airflow/example_dags/example_external_task_marker_dag.py
[2024-03-16T19:26:37.154+0000] {processor.py:830} INFO - Processing file /home/airflow/.local/lib/python3.8/site-packages/airflow/example_dags/example_external_task_marker_dag.py for tasks to queue
[2024-03-16T19:26:37.156+0000] {logging_mixin.py:188} INFO - [2024-03-16T19:26:37.155+0000] {dagbag.py:540} INFO - Filling up the DagBag from /home/airflow/.local/lib/python3.8/site-packages/airflow/example_dags/example_external_task_marker_dag.py
[2024-03-16T19:26:37.160+0000] {processor.py:840} INFO - DAG(s) 'example_external_task_marker_parent', 'example_external_task_marker_child' retrieved from /home/airflow/.local/lib/python3.8/site-packages/airflow/example_dags/example_external_task_marker_dag.py
[2024-03-16T19:26:37.176+0000] {logging_mixin.py:188} INFO - [2024-03-16T19:26:37.176+0000] {dag.py:3047} INFO - Sync 2 DAGs
[2024-03-16T19:26:37.186+0000] {logging_mixin.py:188} INFO - [2024-03-16T19:26:37.186+0000] {dag.py:3834} INFO - Setting next_dagrun for example_external_task_marker_child to None, run_after=None
[2024-03-16T19:26:37.188+0000] {logging_mixin.py:188} INFO - [2024-03-16T19:26:37.188+0000] {dag.py:3834} INFO - Setting next_dagrun for example_external_task_marker_parent to None, run_after=None
[2024-03-16T19:26:37.202+0000] {processor.py:183} INFO - Processing /home/airflow/.local/lib/python3.8/site-packages/airflow/example_dags/example_external_task_marker_dag.py took 0.052 seconds
[2024-03-16T19:27:07.466+0000] {processor.py:161} INFO - Started process (PID=708) to work on /home/airflow/.local/lib/python3.8/site-packages/airflow/example_dags/example_external_task_marker_dag.py
[2024-03-16T19:27:07.467+0000] {processor.py:830} INFO - Processing file /home/airflow/.local/lib/python3.8/site-packages/airflow/example_dags/example_external_task_marker_dag.py for tasks to queue
[2024-03-16T19:27:07.469+0000] {logging_mixin.py:188} INFO - [2024-03-16T19:27:07.468+0000] {dagbag.py:540} INFO - Filling up the DagBag from /home/airflow/.local/lib/python3.8/site-packages/airflow/example_dags/example_external_task_marker_dag.py
[2024-03-16T19:27:07.474+0000] {processor.py:840} INFO - DAG(s) 'example_external_task_marker_parent', 'example_external_task_marker_child' retrieved from /home/airflow/.local/lib/python3.8/site-packages/airflow/example_dags/example_external_task_marker_dag.py
[2024-03-16T19:27:07.491+0000] {logging_mixin.py:188} INFO - [2024-03-16T19:27:07.491+0000] {dag.py:3047} INFO - Sync 2 DAGs
[2024-03-16T19:27:07.501+0000] {logging_mixin.py:188} INFO - [2024-03-16T19:27:07.501+0000] {dag.py:3834} INFO - Setting next_dagrun for example_external_task_marker_child to None, run_after=None
[2024-03-16T19:27:07.504+0000] {logging_mixin.py:188} INFO - [2024-03-16T19:27:07.504+0000] {dag.py:3834} INFO - Setting next_dagrun for example_external_task_marker_parent to None, run_after=None
[2024-03-16T19:27:07.521+0000] {processor.py:183} INFO - Processing /home/airflow/.local/lib/python3.8/site-packages/airflow/example_dags/example_external_task_marker_dag.py took 0.057 seconds
[2024-03-16T19:27:37.622+0000] {processor.py:161} INFO - Started process (PID=763) to work on /home/airflow/.local/lib/python3.8/site-packages/airflow/example_dags/example_external_task_marker_dag.py
[2024-03-16T19:27:37.622+0000] {processor.py:830} INFO - Processing file /home/airflow/.local/lib/python3.8/site-packages/airflow/example_dags/example_external_task_marker_dag.py for tasks to queue
[2024-03-16T19:27:37.623+0000] {logging_mixin.py:188} INFO - [2024-03-16T19:27:37.623+0000] {dagbag.py:540} INFO - Filling up the DagBag from /home/airflow/.local/lib/python3.8/site-packages/airflow/example_dags/example_external_task_marker_dag.py
[2024-03-16T19:27:37.627+0000] {processor.py:840} INFO - DAG(s) 'example_external_task_marker_parent', 'example_external_task_marker_child' retrieved from /home/airflow/.local/lib/python3.8/site-packages/airflow/example_dags/example_external_task_marker_dag.py
[2024-03-16T19:27:37.641+0000] {logging_mixin.py:188} INFO - [2024-03-16T19:27:37.641+0000] {dag.py:3047} INFO - Sync 2 DAGs
[2024-03-16T19:27:37.649+0000] {logging_mixin.py:188} INFO - [2024-03-16T19:27:37.649+0000] {dag.py:3834} INFO - Setting next_dagrun for example_external_task_marker_child to None, run_after=None
[2024-03-16T19:27:37.651+0000] {logging_mixin.py:188} INFO - [2024-03-16T19:27:37.651+0000] {dag.py:3834} INFO - Setting next_dagrun for example_external_task_marker_parent to None, run_after=None
[2024-03-16T19:27:37.663+0000] {processor.py:183} INFO - Processing /home/airflow/.local/lib/python3.8/site-packages/airflow/example_dags/example_external_task_marker_dag.py took 0.043 seconds
[2024-03-16T19:28:08.373+0000] {processor.py:161} INFO - Started process (PID=818) to work on /home/airflow/.local/lib/python3.8/site-packages/airflow/example_dags/example_external_task_marker_dag.py
[2024-03-16T19:28:08.373+0000] {processor.py:830} INFO - Processing file /home/airflow/.local/lib/python3.8/site-packages/airflow/example_dags/example_external_task_marker_dag.py for tasks to queue
[2024-03-16T19:28:08.374+0000] {logging_mixin.py:188} INFO - [2024-03-16T19:28:08.374+0000] {dagbag.py:540} INFO - Filling up the DagBag from /home/airflow/.local/lib/python3.8/site-packages/airflow/example_dags/example_external_task_marker_dag.py
[2024-03-16T19:28:08.380+0000] {processor.py:840} INFO - DAG(s) 'example_external_task_marker_parent', 'example_external_task_marker_child' retrieved from /home/airflow/.local/lib/python3.8/site-packages/airflow/example_dags/example_external_task_marker_dag.py
[2024-03-16T19:28:08.399+0000] {logging_mixin.py:188} INFO - [2024-03-16T19:28:08.399+0000] {dag.py:3047} INFO - Sync 2 DAGs
[2024-03-16T19:28:08.407+0000] {logging_mixin.py:188} INFO - [2024-03-16T19:28:08.407+0000] {dag.py:3834} INFO - Setting next_dagrun for example_external_task_marker_child to None, run_after=None
[2024-03-16T19:28:08.409+0000] {logging_mixin.py:188} INFO - [2024-03-16T19:28:08.409+0000] {dag.py:3834} INFO - Setting next_dagrun for example_external_task_marker_parent to None, run_after=None
[2024-03-16T19:28:08.430+0000] {processor.py:183} INFO - Processing /home/airflow/.local/lib/python3.8/site-packages/airflow/example_dags/example_external_task_marker_dag.py took 0.060 seconds
[2024-03-16T19:28:39.190+0000] {processor.py:161} INFO - Started process (PID=873) to work on /home/airflow/.local/lib/python3.8/site-packages/airflow/example_dags/example_external_task_marker_dag.py
[2024-03-16T19:28:39.192+0000] {processor.py:830} INFO - Processing file /home/airflow/.local/lib/python3.8/site-packages/airflow/example_dags/example_external_task_marker_dag.py for tasks to queue
[2024-03-16T19:28:39.193+0000] {logging_mixin.py:188} INFO - [2024-03-16T19:28:39.193+0000] {dagbag.py:540} INFO - Filling up the DagBag from /home/airflow/.local/lib/python3.8/site-packages/airflow/example_dags/example_external_task_marker_dag.py
[2024-03-16T19:28:39.199+0000] {processor.py:840} INFO - DAG(s) 'example_external_task_marker_child', 'example_external_task_marker_parent' retrieved from /home/airflow/.local/lib/python3.8/site-packages/airflow/example_dags/example_external_task_marker_dag.py
[2024-03-16T19:28:39.217+0000] {logging_mixin.py:188} INFO - [2024-03-16T19:28:39.217+0000] {dag.py:3047} INFO - Sync 2 DAGs
[2024-03-16T19:28:39.226+0000] {logging_mixin.py:188} INFO - [2024-03-16T19:28:39.226+0000] {dag.py:3834} INFO - Setting next_dagrun for example_external_task_marker_child to None, run_after=None
[2024-03-16T19:28:39.229+0000] {logging_mixin.py:188} INFO - [2024-03-16T19:28:39.229+0000] {dag.py:3834} INFO - Setting next_dagrun for example_external_task_marker_parent to None, run_after=None
[2024-03-16T19:28:39.242+0000] {processor.py:183} INFO - Processing /home/airflow/.local/lib/python3.8/site-packages/airflow/example_dags/example_external_task_marker_dag.py took 0.055 seconds
