[2024-03-16T19:21:02.628+0000] {processor.py:161} INFO - Started process (PID=67) to work on /home/airflow/.local/lib/python3.8/site-packages/airflow/example_dags/example_skip_dag.py
[2024-03-16T19:21:02.628+0000] {processor.py:830} INFO - Processing file /home/airflow/.local/lib/python3.8/site-packages/airflow/example_dags/example_skip_dag.py for tasks to queue
[2024-03-16T19:21:02.630+0000] {logging_mixin.py:188} INFO - [2024-03-16T19:21:02.630+0000] {dagbag.py:540} INFO - Filling up the DagBag from /home/airflow/.local/lib/python3.8/site-packages/airflow/example_dags/example_skip_dag.py
[2024-03-16T19:21:02.637+0000] {processor.py:840} INFO - DAG(s) 'example_skip_dag' retrieved from /home/airflow/.local/lib/python3.8/site-packages/airflow/example_dags/example_skip_dag.py
[2024-03-16T19:21:02.645+0000] {logging_mixin.py:188} INFO - [2024-03-16T19:21:02.645+0000] {dag.py:3047} INFO - Sync 1 DAGs
[2024-03-16T19:21:02.662+0000] {logging_mixin.py:188} INFO - [2024-03-16T19:21:02.662+0000] {dag.py:3834} INFO - Setting next_dagrun for example_skip_dag to 2024-03-15 00:00:00+00:00, run_after=2024-03-16 00:00:00+00:00
[2024-03-16T19:21:02.679+0000] {processor.py:183} INFO - Processing /home/airflow/.local/lib/python3.8/site-packages/airflow/example_dags/example_skip_dag.py took 0.053 seconds
[2024-03-16T19:21:33.771+0000] {processor.py:161} INFO - Started process (PID=122) to work on /home/airflow/.local/lib/python3.8/site-packages/airflow/example_dags/example_skip_dag.py
[2024-03-16T19:21:33.771+0000] {processor.py:830} INFO - Processing file /home/airflow/.local/lib/python3.8/site-packages/airflow/example_dags/example_skip_dag.py for tasks to queue
[2024-03-16T19:21:33.773+0000] {logging_mixin.py:188} INFO - [2024-03-16T19:21:33.772+0000] {dagbag.py:540} INFO - Filling up the DagBag from /home/airflow/.local/lib/python3.8/site-packages/airflow/example_dags/example_skip_dag.py
[2024-03-16T19:21:33.777+0000] {processor.py:840} INFO - DAG(s) 'example_skip_dag' retrieved from /home/airflow/.local/lib/python3.8/site-packages/airflow/example_dags/example_skip_dag.py
[2024-03-16T19:21:33.841+0000] {logging_mixin.py:188} INFO - [2024-03-16T19:21:33.841+0000] {dag.py:3047} INFO - Sync 1 DAGs
[2024-03-16T19:21:33.854+0000] {logging_mixin.py:188} INFO - [2024-03-16T19:21:33.854+0000] {dag.py:3834} INFO - Setting next_dagrun for example_skip_dag to 2024-03-15 00:00:00+00:00, run_after=2024-03-16 00:00:00+00:00
[2024-03-16T19:21:33.868+0000] {processor.py:183} INFO - Processing /home/airflow/.local/lib/python3.8/site-packages/airflow/example_dags/example_skip_dag.py took 0.099 seconds
[2024-03-16T19:22:04.400+0000] {processor.py:161} INFO - Started process (PID=177) to work on /home/airflow/.local/lib/python3.8/site-packages/airflow/example_dags/example_skip_dag.py
[2024-03-16T19:22:04.401+0000] {processor.py:830} INFO - Processing file /home/airflow/.local/lib/python3.8/site-packages/airflow/example_dags/example_skip_dag.py for tasks to queue
[2024-03-16T19:22:04.402+0000] {logging_mixin.py:188} INFO - [2024-03-16T19:22:04.402+0000] {dagbag.py:540} INFO - Filling up the DagBag from /home/airflow/.local/lib/python3.8/site-packages/airflow/example_dags/example_skip_dag.py
[2024-03-16T19:22:04.406+0000] {processor.py:840} INFO - DAG(s) 'example_skip_dag' retrieved from /home/airflow/.local/lib/python3.8/site-packages/airflow/example_dags/example_skip_dag.py
[2024-03-16T19:22:04.418+0000] {logging_mixin.py:188} INFO - [2024-03-16T19:22:04.418+0000] {dag.py:3047} INFO - Sync 1 DAGs
[2024-03-16T19:22:04.431+0000] {logging_mixin.py:188} INFO - [2024-03-16T19:22:04.431+0000] {dag.py:3834} INFO - Setting next_dagrun for example_skip_dag to 2024-03-15 00:00:00+00:00, run_after=2024-03-16 00:00:00+00:00
[2024-03-16T19:22:04.443+0000] {processor.py:183} INFO - Processing /home/airflow/.local/lib/python3.8/site-packages/airflow/example_dags/example_skip_dag.py took 0.045 seconds
[2024-03-16T19:22:34.501+0000] {processor.py:161} INFO - Started process (PID=232) to work on /home/airflow/.local/lib/python3.8/site-packages/airflow/example_dags/example_skip_dag.py
[2024-03-16T19:22:34.501+0000] {processor.py:830} INFO - Processing file /home/airflow/.local/lib/python3.8/site-packages/airflow/example_dags/example_skip_dag.py for tasks to queue
[2024-03-16T19:22:34.503+0000] {logging_mixin.py:188} INFO - [2024-03-16T19:22:34.502+0000] {dagbag.py:540} INFO - Filling up the DagBag from /home/airflow/.local/lib/python3.8/site-packages/airflow/example_dags/example_skip_dag.py
[2024-03-16T19:22:34.507+0000] {processor.py:840} INFO - DAG(s) 'example_skip_dag' retrieved from /home/airflow/.local/lib/python3.8/site-packages/airflow/example_dags/example_skip_dag.py
[2024-03-16T19:22:34.521+0000] {logging_mixin.py:188} INFO - [2024-03-16T19:22:34.521+0000] {dag.py:3047} INFO - Sync 1 DAGs
[2024-03-16T19:22:34.536+0000] {logging_mixin.py:188} INFO - [2024-03-16T19:22:34.536+0000] {dag.py:3834} INFO - Setting next_dagrun for example_skip_dag to 2024-03-15 00:00:00+00:00, run_after=2024-03-16 00:00:00+00:00
[2024-03-16T19:22:34.549+0000] {processor.py:183} INFO - Processing /home/airflow/.local/lib/python3.8/site-packages/airflow/example_dags/example_skip_dag.py took 0.051 seconds
[2024-03-16T19:23:04.789+0000] {processor.py:161} INFO - Started process (PID=287) to work on /home/airflow/.local/lib/python3.8/site-packages/airflow/example_dags/example_skip_dag.py
[2024-03-16T19:23:04.790+0000] {processor.py:830} INFO - Processing file /home/airflow/.local/lib/python3.8/site-packages/airflow/example_dags/example_skip_dag.py for tasks to queue
[2024-03-16T19:23:04.791+0000] {logging_mixin.py:188} INFO - [2024-03-16T19:23:04.791+0000] {dagbag.py:540} INFO - Filling up the DagBag from /home/airflow/.local/lib/python3.8/site-packages/airflow/example_dags/example_skip_dag.py
[2024-03-16T19:23:04.796+0000] {processor.py:840} INFO - DAG(s) 'example_skip_dag' retrieved from /home/airflow/.local/lib/python3.8/site-packages/airflow/example_dags/example_skip_dag.py
[2024-03-16T19:23:04.812+0000] {logging_mixin.py:188} INFO - [2024-03-16T19:23:04.811+0000] {dag.py:3047} INFO - Sync 1 DAGs
[2024-03-16T19:23:04.827+0000] {logging_mixin.py:188} INFO - [2024-03-16T19:23:04.827+0000] {dag.py:3834} INFO - Setting next_dagrun for example_skip_dag to 2024-03-15 00:00:00+00:00, run_after=2024-03-16 00:00:00+00:00
[2024-03-16T19:23:04.845+0000] {processor.py:183} INFO - Processing /home/airflow/.local/lib/python3.8/site-packages/airflow/example_dags/example_skip_dag.py took 0.058 seconds
[2024-03-16T19:23:35.728+0000] {processor.py:161} INFO - Started process (PID=342) to work on /home/airflow/.local/lib/python3.8/site-packages/airflow/example_dags/example_skip_dag.py
[2024-03-16T19:23:35.728+0000] {processor.py:830} INFO - Processing file /home/airflow/.local/lib/python3.8/site-packages/airflow/example_dags/example_skip_dag.py for tasks to queue
[2024-03-16T19:23:35.730+0000] {logging_mixin.py:188} INFO - [2024-03-16T19:23:35.729+0000] {dagbag.py:540} INFO - Filling up the DagBag from /home/airflow/.local/lib/python3.8/site-packages/airflow/example_dags/example_skip_dag.py
[2024-03-16T19:23:35.734+0000] {processor.py:840} INFO - DAG(s) 'example_skip_dag' retrieved from /home/airflow/.local/lib/python3.8/site-packages/airflow/example_dags/example_skip_dag.py
[2024-03-16T19:23:35.749+0000] {logging_mixin.py:188} INFO - [2024-03-16T19:23:35.748+0000] {dag.py:3047} INFO - Sync 1 DAGs
[2024-03-16T19:23:35.763+0000] {logging_mixin.py:188} INFO - [2024-03-16T19:23:35.763+0000] {dag.py:3834} INFO - Setting next_dagrun for example_skip_dag to 2024-03-15 00:00:00+00:00, run_after=2024-03-16 00:00:00+00:00
[2024-03-16T19:23:35.777+0000] {processor.py:183} INFO - Processing /home/airflow/.local/lib/python3.8/site-packages/airflow/example_dags/example_skip_dag.py took 0.052 seconds
[2024-03-16T19:24:06.648+0000] {processor.py:161} INFO - Started process (PID=397) to work on /home/airflow/.local/lib/python3.8/site-packages/airflow/example_dags/example_skip_dag.py
[2024-03-16T19:24:06.649+0000] {processor.py:830} INFO - Processing file /home/airflow/.local/lib/python3.8/site-packages/airflow/example_dags/example_skip_dag.py for tasks to queue
[2024-03-16T19:24:06.650+0000] {logging_mixin.py:188} INFO - [2024-03-16T19:24:06.650+0000] {dagbag.py:540} INFO - Filling up the DagBag from /home/airflow/.local/lib/python3.8/site-packages/airflow/example_dags/example_skip_dag.py
[2024-03-16T19:24:06.655+0000] {processor.py:840} INFO - DAG(s) 'example_skip_dag' retrieved from /home/airflow/.local/lib/python3.8/site-packages/airflow/example_dags/example_skip_dag.py
[2024-03-16T19:24:06.669+0000] {logging_mixin.py:188} INFO - [2024-03-16T19:24:06.669+0000] {dag.py:3047} INFO - Sync 1 DAGs
[2024-03-16T19:24:06.683+0000] {logging_mixin.py:188} INFO - [2024-03-16T19:24:06.683+0000] {dag.py:3834} INFO - Setting next_dagrun for example_skip_dag to 2024-03-15 00:00:00+00:00, run_after=2024-03-16 00:00:00+00:00
[2024-03-16T19:24:06.699+0000] {processor.py:183} INFO - Processing /home/airflow/.local/lib/python3.8/site-packages/airflow/example_dags/example_skip_dag.py took 0.053 seconds
[2024-03-16T19:24:36.849+0000] {processor.py:161} INFO - Started process (PID=452) to work on /home/airflow/.local/lib/python3.8/site-packages/airflow/example_dags/example_skip_dag.py
[2024-03-16T19:24:36.850+0000] {processor.py:830} INFO - Processing file /home/airflow/.local/lib/python3.8/site-packages/airflow/example_dags/example_skip_dag.py for tasks to queue
[2024-03-16T19:24:36.851+0000] {logging_mixin.py:188} INFO - [2024-03-16T19:24:36.851+0000] {dagbag.py:540} INFO - Filling up the DagBag from /home/airflow/.local/lib/python3.8/site-packages/airflow/example_dags/example_skip_dag.py
[2024-03-16T19:24:36.855+0000] {processor.py:840} INFO - DAG(s) 'example_skip_dag' retrieved from /home/airflow/.local/lib/python3.8/site-packages/airflow/example_dags/example_skip_dag.py
[2024-03-16T19:24:36.869+0000] {logging_mixin.py:188} INFO - [2024-03-16T19:24:36.868+0000] {dag.py:3047} INFO - Sync 1 DAGs
[2024-03-16T19:24:36.883+0000] {logging_mixin.py:188} INFO - [2024-03-16T19:24:36.883+0000] {dag.py:3834} INFO - Setting next_dagrun for example_skip_dag to 2024-03-15 00:00:00+00:00, run_after=2024-03-16 00:00:00+00:00
[2024-03-16T19:24:36.898+0000] {processor.py:183} INFO - Processing /home/airflow/.local/lib/python3.8/site-packages/airflow/example_dags/example_skip_dag.py took 0.050 seconds
[2024-03-16T19:25:07.091+0000] {processor.py:161} INFO - Started process (PID=507) to work on /home/airflow/.local/lib/python3.8/site-packages/airflow/example_dags/example_skip_dag.py
[2024-03-16T19:25:07.092+0000] {processor.py:830} INFO - Processing file /home/airflow/.local/lib/python3.8/site-packages/airflow/example_dags/example_skip_dag.py for tasks to queue
[2024-03-16T19:25:07.093+0000] {logging_mixin.py:188} INFO - [2024-03-16T19:25:07.093+0000] {dagbag.py:540} INFO - Filling up the DagBag from /home/airflow/.local/lib/python3.8/site-packages/airflow/example_dags/example_skip_dag.py
[2024-03-16T19:25:07.097+0000] {processor.py:840} INFO - DAG(s) 'example_skip_dag' retrieved from /home/airflow/.local/lib/python3.8/site-packages/airflow/example_dags/example_skip_dag.py
[2024-03-16T19:25:07.110+0000] {logging_mixin.py:188} INFO - [2024-03-16T19:25:07.110+0000] {dag.py:3047} INFO - Sync 1 DAGs
[2024-03-16T19:25:07.122+0000] {logging_mixin.py:188} INFO - [2024-03-16T19:25:07.122+0000] {dag.py:3834} INFO - Setting next_dagrun for example_skip_dag to 2024-03-15 00:00:00+00:00, run_after=2024-03-16 00:00:00+00:00
[2024-03-16T19:25:07.136+0000] {processor.py:183} INFO - Processing /home/airflow/.local/lib/python3.8/site-packages/airflow/example_dags/example_skip_dag.py took 0.047 seconds
[2024-03-16T19:25:37.894+0000] {processor.py:161} INFO - Started process (PID=562) to work on /home/airflow/.local/lib/python3.8/site-packages/airflow/example_dags/example_skip_dag.py
[2024-03-16T19:25:37.894+0000] {processor.py:830} INFO - Processing file /home/airflow/.local/lib/python3.8/site-packages/airflow/example_dags/example_skip_dag.py for tasks to queue
[2024-03-16T19:25:37.896+0000] {logging_mixin.py:188} INFO - [2024-03-16T19:25:37.896+0000] {dagbag.py:540} INFO - Filling up the DagBag from /home/airflow/.local/lib/python3.8/site-packages/airflow/example_dags/example_skip_dag.py
[2024-03-16T19:25:37.902+0000] {processor.py:840} INFO - DAG(s) 'example_skip_dag' retrieved from /home/airflow/.local/lib/python3.8/site-packages/airflow/example_dags/example_skip_dag.py
[2024-03-16T19:25:37.915+0000] {logging_mixin.py:188} INFO - [2024-03-16T19:25:37.915+0000] {dag.py:3047} INFO - Sync 1 DAGs
[2024-03-16T19:25:37.929+0000] {logging_mixin.py:188} INFO - [2024-03-16T19:25:37.929+0000] {dag.py:3834} INFO - Setting next_dagrun for example_skip_dag to 2024-03-15 00:00:00+00:00, run_after=2024-03-16 00:00:00+00:00
[2024-03-16T19:25:37.942+0000] {processor.py:183} INFO - Processing /home/airflow/.local/lib/python3.8/site-packages/airflow/example_dags/example_skip_dag.py took 0.050 seconds
[2024-03-16T19:26:08.787+0000] {processor.py:161} INFO - Started process (PID=617) to work on /home/airflow/.local/lib/python3.8/site-packages/airflow/example_dags/example_skip_dag.py
[2024-03-16T19:26:08.788+0000] {processor.py:830} INFO - Processing file /home/airflow/.local/lib/python3.8/site-packages/airflow/example_dags/example_skip_dag.py for tasks to queue
[2024-03-16T19:26:08.789+0000] {logging_mixin.py:188} INFO - [2024-03-16T19:26:08.789+0000] {dagbag.py:540} INFO - Filling up the DagBag from /home/airflow/.local/lib/python3.8/site-packages/airflow/example_dags/example_skip_dag.py
[2024-03-16T19:26:08.793+0000] {processor.py:840} INFO - DAG(s) 'example_skip_dag' retrieved from /home/airflow/.local/lib/python3.8/site-packages/airflow/example_dags/example_skip_dag.py
[2024-03-16T19:26:08.807+0000] {logging_mixin.py:188} INFO - [2024-03-16T19:26:08.807+0000] {dag.py:3047} INFO - Sync 1 DAGs
[2024-03-16T19:26:08.822+0000] {logging_mixin.py:188} INFO - [2024-03-16T19:26:08.822+0000] {dag.py:3834} INFO - Setting next_dagrun for example_skip_dag to 2024-03-15 00:00:00+00:00, run_after=2024-03-16 00:00:00+00:00
[2024-03-16T19:26:08.835+0000] {processor.py:183} INFO - Processing /home/airflow/.local/lib/python3.8/site-packages/airflow/example_dags/example_skip_dag.py took 0.050 seconds
[2024-03-16T19:26:38.963+0000] {processor.py:161} INFO - Started process (PID=672) to work on /home/airflow/.local/lib/python3.8/site-packages/airflow/example_dags/example_skip_dag.py
[2024-03-16T19:26:38.963+0000] {processor.py:830} INFO - Processing file /home/airflow/.local/lib/python3.8/site-packages/airflow/example_dags/example_skip_dag.py for tasks to queue
[2024-03-16T19:26:38.965+0000] {logging_mixin.py:188} INFO - [2024-03-16T19:26:38.964+0000] {dagbag.py:540} INFO - Filling up the DagBag from /home/airflow/.local/lib/python3.8/site-packages/airflow/example_dags/example_skip_dag.py
[2024-03-16T19:26:38.969+0000] {processor.py:840} INFO - DAG(s) 'example_skip_dag' retrieved from /home/airflow/.local/lib/python3.8/site-packages/airflow/example_dags/example_skip_dag.py
[2024-03-16T19:26:38.982+0000] {logging_mixin.py:188} INFO - [2024-03-16T19:26:38.982+0000] {dag.py:3047} INFO - Sync 1 DAGs
[2024-03-16T19:26:38.996+0000] {logging_mixin.py:188} INFO - [2024-03-16T19:26:38.996+0000] {dag.py:3834} INFO - Setting next_dagrun for example_skip_dag to 2024-03-15 00:00:00+00:00, run_after=2024-03-16 00:00:00+00:00
[2024-03-16T19:26:39.010+0000] {processor.py:183} INFO - Processing /home/airflow/.local/lib/python3.8/site-packages/airflow/example_dags/example_skip_dag.py took 0.049 seconds
[2024-03-16T19:27:09.212+0000] {processor.py:161} INFO - Started process (PID=727) to work on /home/airflow/.local/lib/python3.8/site-packages/airflow/example_dags/example_skip_dag.py
[2024-03-16T19:27:09.213+0000] {processor.py:830} INFO - Processing file /home/airflow/.local/lib/python3.8/site-packages/airflow/example_dags/example_skip_dag.py for tasks to queue
[2024-03-16T19:27:09.214+0000] {logging_mixin.py:188} INFO - [2024-03-16T19:27:09.214+0000] {dagbag.py:540} INFO - Filling up the DagBag from /home/airflow/.local/lib/python3.8/site-packages/airflow/example_dags/example_skip_dag.py
[2024-03-16T19:27:09.219+0000] {processor.py:840} INFO - DAG(s) 'example_skip_dag' retrieved from /home/airflow/.local/lib/python3.8/site-packages/airflow/example_dags/example_skip_dag.py
[2024-03-16T19:27:09.232+0000] {logging_mixin.py:188} INFO - [2024-03-16T19:27:09.232+0000] {dag.py:3047} INFO - Sync 1 DAGs
[2024-03-16T19:27:09.246+0000] {logging_mixin.py:188} INFO - [2024-03-16T19:27:09.245+0000] {dag.py:3834} INFO - Setting next_dagrun for example_skip_dag to 2024-03-15 00:00:00+00:00, run_after=2024-03-16 00:00:00+00:00
[2024-03-16T19:27:09.258+0000] {processor.py:183} INFO - Processing /home/airflow/.local/lib/python3.8/site-packages/airflow/example_dags/example_skip_dag.py took 0.048 seconds
[2024-03-16T19:27:39.317+0000] {processor.py:161} INFO - Started process (PID=782) to work on /home/airflow/.local/lib/python3.8/site-packages/airflow/example_dags/example_skip_dag.py
[2024-03-16T19:27:39.317+0000] {processor.py:830} INFO - Processing file /home/airflow/.local/lib/python3.8/site-packages/airflow/example_dags/example_skip_dag.py for tasks to queue
[2024-03-16T19:27:39.319+0000] {logging_mixin.py:188} INFO - [2024-03-16T19:27:39.318+0000] {dagbag.py:540} INFO - Filling up the DagBag from /home/airflow/.local/lib/python3.8/site-packages/airflow/example_dags/example_skip_dag.py
[2024-03-16T19:27:39.323+0000] {processor.py:840} INFO - DAG(s) 'example_skip_dag' retrieved from /home/airflow/.local/lib/python3.8/site-packages/airflow/example_dags/example_skip_dag.py
[2024-03-16T19:27:39.335+0000] {logging_mixin.py:188} INFO - [2024-03-16T19:27:39.335+0000] {dag.py:3047} INFO - Sync 1 DAGs
[2024-03-16T19:27:39.348+0000] {logging_mixin.py:188} INFO - [2024-03-16T19:27:39.348+0000] {dag.py:3834} INFO - Setting next_dagrun for example_skip_dag to 2024-03-15 00:00:00+00:00, run_after=2024-03-16 00:00:00+00:00
[2024-03-16T19:27:39.360+0000] {processor.py:183} INFO - Processing /home/airflow/.local/lib/python3.8/site-packages/airflow/example_dags/example_skip_dag.py took 0.045 seconds
[2024-03-16T19:28:10.149+0000] {processor.py:161} INFO - Started process (PID=837) to work on /home/airflow/.local/lib/python3.8/site-packages/airflow/example_dags/example_skip_dag.py
[2024-03-16T19:28:10.150+0000] {processor.py:830} INFO - Processing file /home/airflow/.local/lib/python3.8/site-packages/airflow/example_dags/example_skip_dag.py for tasks to queue
[2024-03-16T19:28:10.151+0000] {logging_mixin.py:188} INFO - [2024-03-16T19:28:10.151+0000] {dagbag.py:540} INFO - Filling up the DagBag from /home/airflow/.local/lib/python3.8/site-packages/airflow/example_dags/example_skip_dag.py
[2024-03-16T19:28:10.155+0000] {processor.py:840} INFO - DAG(s) 'example_skip_dag' retrieved from /home/airflow/.local/lib/python3.8/site-packages/airflow/example_dags/example_skip_dag.py
[2024-03-16T19:28:10.168+0000] {logging_mixin.py:188} INFO - [2024-03-16T19:28:10.168+0000] {dag.py:3047} INFO - Sync 1 DAGs
[2024-03-16T19:28:10.182+0000] {logging_mixin.py:188} INFO - [2024-03-16T19:28:10.182+0000] {dag.py:3834} INFO - Setting next_dagrun for example_skip_dag to 2024-03-15 00:00:00+00:00, run_after=2024-03-16 00:00:00+00:00
[2024-03-16T19:28:10.194+0000] {processor.py:183} INFO - Processing /home/airflow/.local/lib/python3.8/site-packages/airflow/example_dags/example_skip_dag.py took 0.047 seconds
[2024-03-16T19:28:40.968+0000] {processor.py:161} INFO - Started process (PID=892) to work on /home/airflow/.local/lib/python3.8/site-packages/airflow/example_dags/example_skip_dag.py
[2024-03-16T19:28:40.969+0000] {processor.py:830} INFO - Processing file /home/airflow/.local/lib/python3.8/site-packages/airflow/example_dags/example_skip_dag.py for tasks to queue
[2024-03-16T19:28:40.970+0000] {logging_mixin.py:188} INFO - [2024-03-16T19:28:40.969+0000] {dagbag.py:540} INFO - Filling up the DagBag from /home/airflow/.local/lib/python3.8/site-packages/airflow/example_dags/example_skip_dag.py
[2024-03-16T19:28:40.974+0000] {processor.py:840} INFO - DAG(s) 'example_skip_dag' retrieved from /home/airflow/.local/lib/python3.8/site-packages/airflow/example_dags/example_skip_dag.py
[2024-03-16T19:28:40.987+0000] {logging_mixin.py:188} INFO - [2024-03-16T19:28:40.987+0000] {dag.py:3047} INFO - Sync 1 DAGs
[2024-03-16T19:28:41.000+0000] {logging_mixin.py:188} INFO - [2024-03-16T19:28:41.000+0000] {dag.py:3834} INFO - Setting next_dagrun for example_skip_dag to 2024-03-15 00:00:00+00:00, run_after=2024-03-16 00:00:00+00:00
[2024-03-16T19:28:41.013+0000] {processor.py:183} INFO - Processing /home/airflow/.local/lib/python3.8/site-packages/airflow/example_dags/example_skip_dag.py took 0.047 seconds
