[2024-03-16T19:21:01.924+0000] {processor.py:161} INFO - Started process (PID=52) to work on /home/airflow/.local/lib/python3.8/site-packages/airflow/example_dags/example_sensors.py
[2024-03-16T19:21:01.925+0000] {processor.py:830} INFO - Processing file /home/airflow/.local/lib/python3.8/site-packages/airflow/example_dags/example_sensors.py for tasks to queue
[2024-03-16T19:21:01.926+0000] {logging_mixin.py:188} INFO - [2024-03-16T19:21:01.926+0000] {dagbag.py:540} INFO - Filling up the DagBag from /home/airflow/.local/lib/python3.8/site-packages/airflow/example_dags/example_sensors.py
[2024-03-16T19:21:01.934+0000] {processor.py:840} INFO - DAG(s) 'example_sensors' retrieved from /home/airflow/.local/lib/python3.8/site-packages/airflow/example_dags/example_sensors.py
[2024-03-16T19:21:01.942+0000] {logging_mixin.py:188} INFO - [2024-03-16T19:21:01.942+0000] {dag.py:3047} INFO - Sync 1 DAGs
[2024-03-16T19:21:01.952+0000] {logging_mixin.py:188} INFO - [2024-03-16T19:21:01.952+0000] {dag.py:3834} INFO - Setting next_dagrun for example_sensors to None, run_after=None
[2024-03-16T19:21:01.967+0000] {processor.py:183} INFO - Processing /home/airflow/.local/lib/python3.8/site-packages/airflow/example_dags/example_sensors.py took 0.045 seconds
[2024-03-16T19:21:32.736+0000] {processor.py:161} INFO - Started process (PID=107) to work on /home/airflow/.local/lib/python3.8/site-packages/airflow/example_dags/example_sensors.py
[2024-03-16T19:21:32.737+0000] {processor.py:830} INFO - Processing file /home/airflow/.local/lib/python3.8/site-packages/airflow/example_dags/example_sensors.py for tasks to queue
[2024-03-16T19:21:32.738+0000] {logging_mixin.py:188} INFO - [2024-03-16T19:21:32.738+0000] {dagbag.py:540} INFO - Filling up the DagBag from /home/airflow/.local/lib/python3.8/site-packages/airflow/example_dags/example_sensors.py
[2024-03-16T19:21:32.744+0000] {processor.py:840} INFO - DAG(s) 'example_sensors' retrieved from /home/airflow/.local/lib/python3.8/site-packages/airflow/example_dags/example_sensors.py
[2024-03-16T19:21:32.804+0000] {logging_mixin.py:188} INFO - [2024-03-16T19:21:32.804+0000] {dag.py:3047} INFO - Sync 1 DAGs
[2024-03-16T19:21:32.810+0000] {logging_mixin.py:188} INFO - [2024-03-16T19:21:32.810+0000] {dag.py:3834} INFO - Setting next_dagrun for example_sensors to None, run_after=None
[2024-03-16T19:21:32.828+0000] {processor.py:183} INFO - Processing /home/airflow/.local/lib/python3.8/site-packages/airflow/example_dags/example_sensors.py took 0.093 seconds
[2024-03-16T19:22:03.726+0000] {processor.py:161} INFO - Started process (PID=162) to work on /home/airflow/.local/lib/python3.8/site-packages/airflow/example_dags/example_sensors.py
[2024-03-16T19:22:03.726+0000] {processor.py:830} INFO - Processing file /home/airflow/.local/lib/python3.8/site-packages/airflow/example_dags/example_sensors.py for tasks to queue
[2024-03-16T19:22:03.727+0000] {logging_mixin.py:188} INFO - [2024-03-16T19:22:03.727+0000] {dagbag.py:540} INFO - Filling up the DagBag from /home/airflow/.local/lib/python3.8/site-packages/airflow/example_dags/example_sensors.py
[2024-03-16T19:22:03.733+0000] {processor.py:840} INFO - DAG(s) 'example_sensors' retrieved from /home/airflow/.local/lib/python3.8/site-packages/airflow/example_dags/example_sensors.py
[2024-03-16T19:22:03.748+0000] {logging_mixin.py:188} INFO - [2024-03-16T19:22:03.748+0000] {dag.py:3047} INFO - Sync 1 DAGs
[2024-03-16T19:22:03.755+0000] {logging_mixin.py:188} INFO - [2024-03-16T19:22:03.755+0000] {dag.py:3834} INFO - Setting next_dagrun for example_sensors to None, run_after=None
[2024-03-16T19:22:03.767+0000] {processor.py:183} INFO - Processing /home/airflow/.local/lib/python3.8/site-packages/airflow/example_dags/example_sensors.py took 0.044 seconds
[2024-03-16T19:22:33.824+0000] {processor.py:161} INFO - Started process (PID=217) to work on /home/airflow/.local/lib/python3.8/site-packages/airflow/example_dags/example_sensors.py
[2024-03-16T19:22:33.825+0000] {processor.py:830} INFO - Processing file /home/airflow/.local/lib/python3.8/site-packages/airflow/example_dags/example_sensors.py for tasks to queue
[2024-03-16T19:22:33.826+0000] {logging_mixin.py:188} INFO - [2024-03-16T19:22:33.826+0000] {dagbag.py:540} INFO - Filling up the DagBag from /home/airflow/.local/lib/python3.8/site-packages/airflow/example_dags/example_sensors.py
[2024-03-16T19:22:33.833+0000] {processor.py:840} INFO - DAG(s) 'example_sensors' retrieved from /home/airflow/.local/lib/python3.8/site-packages/airflow/example_dags/example_sensors.py
[2024-03-16T19:22:33.850+0000] {logging_mixin.py:188} INFO - [2024-03-16T19:22:33.850+0000] {dag.py:3047} INFO - Sync 1 DAGs
[2024-03-16T19:22:33.858+0000] {logging_mixin.py:188} INFO - [2024-03-16T19:22:33.858+0000] {dag.py:3834} INFO - Setting next_dagrun for example_sensors to None, run_after=None
[2024-03-16T19:22:33.875+0000] {processor.py:183} INFO - Processing /home/airflow/.local/lib/python3.8/site-packages/airflow/example_dags/example_sensors.py took 0.053 seconds
[2024-03-16T19:23:03.958+0000] {processor.py:161} INFO - Started process (PID=272) to work on /home/airflow/.local/lib/python3.8/site-packages/airflow/example_dags/example_sensors.py
[2024-03-16T19:23:03.958+0000] {processor.py:830} INFO - Processing file /home/airflow/.local/lib/python3.8/site-packages/airflow/example_dags/example_sensors.py for tasks to queue
[2024-03-16T19:23:03.960+0000] {logging_mixin.py:188} INFO - [2024-03-16T19:23:03.960+0000] {dagbag.py:540} INFO - Filling up the DagBag from /home/airflow/.local/lib/python3.8/site-packages/airflow/example_dags/example_sensors.py
[2024-03-16T19:23:03.966+0000] {processor.py:840} INFO - DAG(s) 'example_sensors' retrieved from /home/airflow/.local/lib/python3.8/site-packages/airflow/example_dags/example_sensors.py
[2024-03-16T19:23:03.983+0000] {logging_mixin.py:188} INFO - [2024-03-16T19:23:03.983+0000] {dag.py:3047} INFO - Sync 1 DAGs
[2024-03-16T19:23:03.991+0000] {logging_mixin.py:188} INFO - [2024-03-16T19:23:03.991+0000] {dag.py:3834} INFO - Setting next_dagrun for example_sensors to None, run_after=None
[2024-03-16T19:23:04.006+0000] {processor.py:183} INFO - Processing /home/airflow/.local/lib/python3.8/site-packages/airflow/example_dags/example_sensors.py took 0.050 seconds
[2024-03-16T19:23:34.131+0000] {processor.py:161} INFO - Started process (PID=327) to work on /home/airflow/.local/lib/python3.8/site-packages/airflow/example_dags/example_sensors.py
[2024-03-16T19:23:34.132+0000] {processor.py:830} INFO - Processing file /home/airflow/.local/lib/python3.8/site-packages/airflow/example_dags/example_sensors.py for tasks to queue
[2024-03-16T19:23:34.133+0000] {logging_mixin.py:188} INFO - [2024-03-16T19:23:34.133+0000] {dagbag.py:540} INFO - Filling up the DagBag from /home/airflow/.local/lib/python3.8/site-packages/airflow/example_dags/example_sensors.py
[2024-03-16T19:23:34.140+0000] {processor.py:840} INFO - DAG(s) 'example_sensors' retrieved from /home/airflow/.local/lib/python3.8/site-packages/airflow/example_dags/example_sensors.py
[2024-03-16T19:23:34.157+0000] {logging_mixin.py:188} INFO - [2024-03-16T19:23:34.157+0000] {dag.py:3047} INFO - Sync 1 DAGs
[2024-03-16T19:23:34.165+0000] {logging_mixin.py:188} INFO - [2024-03-16T19:23:34.165+0000] {dag.py:3834} INFO - Setting next_dagrun for example_sensors to None, run_after=None
[2024-03-16T19:23:34.180+0000] {processor.py:183} INFO - Processing /home/airflow/.local/lib/python3.8/site-packages/airflow/example_dags/example_sensors.py took 0.051 seconds
[2024-03-16T19:24:05.040+0000] {processor.py:161} INFO - Started process (PID=382) to work on /home/airflow/.local/lib/python3.8/site-packages/airflow/example_dags/example_sensors.py
[2024-03-16T19:24:05.041+0000] {processor.py:830} INFO - Processing file /home/airflow/.local/lib/python3.8/site-packages/airflow/example_dags/example_sensors.py for tasks to queue
[2024-03-16T19:24:05.042+0000] {logging_mixin.py:188} INFO - [2024-03-16T19:24:05.042+0000] {dagbag.py:540} INFO - Filling up the DagBag from /home/airflow/.local/lib/python3.8/site-packages/airflow/example_dags/example_sensors.py
[2024-03-16T19:24:05.047+0000] {processor.py:840} INFO - DAG(s) 'example_sensors' retrieved from /home/airflow/.local/lib/python3.8/site-packages/airflow/example_dags/example_sensors.py
[2024-03-16T19:24:05.063+0000] {logging_mixin.py:188} INFO - [2024-03-16T19:24:05.063+0000] {dag.py:3047} INFO - Sync 1 DAGs
[2024-03-16T19:24:05.071+0000] {logging_mixin.py:188} INFO - [2024-03-16T19:24:05.071+0000] {dag.py:3834} INFO - Setting next_dagrun for example_sensors to None, run_after=None
[2024-03-16T19:24:05.086+0000] {processor.py:183} INFO - Processing /home/airflow/.local/lib/python3.8/site-packages/airflow/example_dags/example_sensors.py took 0.048 seconds
[2024-03-16T19:24:35.191+0000] {processor.py:161} INFO - Started process (PID=437) to work on /home/airflow/.local/lib/python3.8/site-packages/airflow/example_dags/example_sensors.py
[2024-03-16T19:24:35.192+0000] {processor.py:830} INFO - Processing file /home/airflow/.local/lib/python3.8/site-packages/airflow/example_dags/example_sensors.py for tasks to queue
[2024-03-16T19:24:35.193+0000] {logging_mixin.py:188} INFO - [2024-03-16T19:24:35.193+0000] {dagbag.py:540} INFO - Filling up the DagBag from /home/airflow/.local/lib/python3.8/site-packages/airflow/example_dags/example_sensors.py
[2024-03-16T19:24:35.199+0000] {processor.py:840} INFO - DAG(s) 'example_sensors' retrieved from /home/airflow/.local/lib/python3.8/site-packages/airflow/example_dags/example_sensors.py
[2024-03-16T19:24:35.216+0000] {logging_mixin.py:188} INFO - [2024-03-16T19:24:35.216+0000] {dag.py:3047} INFO - Sync 1 DAGs
[2024-03-16T19:24:35.224+0000] {logging_mixin.py:188} INFO - [2024-03-16T19:24:35.224+0000] {dag.py:3834} INFO - Setting next_dagrun for example_sensors to None, run_after=None
[2024-03-16T19:24:35.239+0000] {processor.py:183} INFO - Processing /home/airflow/.local/lib/python3.8/site-packages/airflow/example_dags/example_sensors.py took 0.049 seconds
[2024-03-16T19:25:05.427+0000] {processor.py:161} INFO - Started process (PID=492) to work on /home/airflow/.local/lib/python3.8/site-packages/airflow/example_dags/example_sensors.py
[2024-03-16T19:25:05.428+0000] {processor.py:830} INFO - Processing file /home/airflow/.local/lib/python3.8/site-packages/airflow/example_dags/example_sensors.py for tasks to queue
[2024-03-16T19:25:05.429+0000] {logging_mixin.py:188} INFO - [2024-03-16T19:25:05.429+0000] {dagbag.py:540} INFO - Filling up the DagBag from /home/airflow/.local/lib/python3.8/site-packages/airflow/example_dags/example_sensors.py
[2024-03-16T19:25:05.434+0000] {processor.py:840} INFO - DAG(s) 'example_sensors' retrieved from /home/airflow/.local/lib/python3.8/site-packages/airflow/example_dags/example_sensors.py
[2024-03-16T19:25:05.449+0000] {logging_mixin.py:188} INFO - [2024-03-16T19:25:05.449+0000] {dag.py:3047} INFO - Sync 1 DAGs
[2024-03-16T19:25:05.457+0000] {logging_mixin.py:188} INFO - [2024-03-16T19:25:05.456+0000] {dag.py:3834} INFO - Setting next_dagrun for example_sensors to None, run_after=None
[2024-03-16T19:25:05.472+0000] {processor.py:183} INFO - Processing /home/airflow/.local/lib/python3.8/site-packages/airflow/example_dags/example_sensors.py took 0.047 seconds
[2024-03-16T19:25:36.193+0000] {processor.py:161} INFO - Started process (PID=547) to work on /home/airflow/.local/lib/python3.8/site-packages/airflow/example_dags/example_sensors.py
[2024-03-16T19:25:36.193+0000] {processor.py:830} INFO - Processing file /home/airflow/.local/lib/python3.8/site-packages/airflow/example_dags/example_sensors.py for tasks to queue
[2024-03-16T19:25:36.195+0000] {logging_mixin.py:188} INFO - [2024-03-16T19:25:36.195+0000] {dagbag.py:540} INFO - Filling up the DagBag from /home/airflow/.local/lib/python3.8/site-packages/airflow/example_dags/example_sensors.py
[2024-03-16T19:25:36.201+0000] {processor.py:840} INFO - DAG(s) 'example_sensors' retrieved from /home/airflow/.local/lib/python3.8/site-packages/airflow/example_dags/example_sensors.py
[2024-03-16T19:25:36.216+0000] {logging_mixin.py:188} INFO - [2024-03-16T19:25:36.216+0000] {dag.py:3047} INFO - Sync 1 DAGs
[2024-03-16T19:25:36.224+0000] {logging_mixin.py:188} INFO - [2024-03-16T19:25:36.223+0000] {dag.py:3834} INFO - Setting next_dagrun for example_sensors to None, run_after=None
[2024-03-16T19:25:36.237+0000] {processor.py:183} INFO - Processing /home/airflow/.local/lib/python3.8/site-packages/airflow/example_dags/example_sensors.py took 0.047 seconds
[2024-03-16T19:26:07.169+0000] {processor.py:161} INFO - Started process (PID=602) to work on /home/airflow/.local/lib/python3.8/site-packages/airflow/example_dags/example_sensors.py
[2024-03-16T19:26:07.170+0000] {processor.py:830} INFO - Processing file /home/airflow/.local/lib/python3.8/site-packages/airflow/example_dags/example_sensors.py for tasks to queue
[2024-03-16T19:26:07.172+0000] {logging_mixin.py:188} INFO - [2024-03-16T19:26:07.171+0000] {dagbag.py:540} INFO - Filling up the DagBag from /home/airflow/.local/lib/python3.8/site-packages/airflow/example_dags/example_sensors.py
[2024-03-16T19:26:07.177+0000] {processor.py:840} INFO - DAG(s) 'example_sensors' retrieved from /home/airflow/.local/lib/python3.8/site-packages/airflow/example_dags/example_sensors.py
[2024-03-16T19:26:07.193+0000] {logging_mixin.py:188} INFO - [2024-03-16T19:26:07.193+0000] {dag.py:3047} INFO - Sync 1 DAGs
[2024-03-16T19:26:07.202+0000] {logging_mixin.py:188} INFO - [2024-03-16T19:26:07.201+0000] {dag.py:3834} INFO - Setting next_dagrun for example_sensors to None, run_after=None
[2024-03-16T19:26:07.219+0000] {processor.py:183} INFO - Processing /home/airflow/.local/lib/python3.8/site-packages/airflow/example_dags/example_sensors.py took 0.051 seconds
[2024-03-16T19:26:37.362+0000] {processor.py:161} INFO - Started process (PID=657) to work on /home/airflow/.local/lib/python3.8/site-packages/airflow/example_dags/example_sensors.py
[2024-03-16T19:26:37.362+0000] {processor.py:830} INFO - Processing file /home/airflow/.local/lib/python3.8/site-packages/airflow/example_dags/example_sensors.py for tasks to queue
[2024-03-16T19:26:37.363+0000] {logging_mixin.py:188} INFO - [2024-03-16T19:26:37.363+0000] {dagbag.py:540} INFO - Filling up the DagBag from /home/airflow/.local/lib/python3.8/site-packages/airflow/example_dags/example_sensors.py
[2024-03-16T19:26:37.368+0000] {processor.py:840} INFO - DAG(s) 'example_sensors' retrieved from /home/airflow/.local/lib/python3.8/site-packages/airflow/example_dags/example_sensors.py
[2024-03-16T19:26:37.385+0000] {logging_mixin.py:188} INFO - [2024-03-16T19:26:37.384+0000] {dag.py:3047} INFO - Sync 1 DAGs
[2024-03-16T19:26:37.392+0000] {logging_mixin.py:188} INFO - [2024-03-16T19:26:37.392+0000] {dag.py:3834} INFO - Setting next_dagrun for example_sensors to None, run_after=None
[2024-03-16T19:26:37.404+0000] {processor.py:183} INFO - Processing /home/airflow/.local/lib/python3.8/site-packages/airflow/example_dags/example_sensors.py took 0.045 seconds
[2024-03-16T19:27:07.610+0000] {processor.py:161} INFO - Started process (PID=712) to work on /home/airflow/.local/lib/python3.8/site-packages/airflow/example_dags/example_sensors.py
[2024-03-16T19:27:07.611+0000] {processor.py:830} INFO - Processing file /home/airflow/.local/lib/python3.8/site-packages/airflow/example_dags/example_sensors.py for tasks to queue
[2024-03-16T19:27:07.612+0000] {logging_mixin.py:188} INFO - [2024-03-16T19:27:07.612+0000] {dagbag.py:540} INFO - Filling up the DagBag from /home/airflow/.local/lib/python3.8/site-packages/airflow/example_dags/example_sensors.py
[2024-03-16T19:27:07.618+0000] {processor.py:840} INFO - DAG(s) 'example_sensors' retrieved from /home/airflow/.local/lib/python3.8/site-packages/airflow/example_dags/example_sensors.py
[2024-03-16T19:27:07.634+0000] {logging_mixin.py:188} INFO - [2024-03-16T19:27:07.634+0000] {dag.py:3047} INFO - Sync 1 DAGs
[2024-03-16T19:27:07.643+0000] {logging_mixin.py:188} INFO - [2024-03-16T19:27:07.643+0000] {dag.py:3834} INFO - Setting next_dagrun for example_sensors to None, run_after=None
[2024-03-16T19:27:07.658+0000] {processor.py:183} INFO - Processing /home/airflow/.local/lib/python3.8/site-packages/airflow/example_dags/example_sensors.py took 0.050 seconds
[2024-03-16T19:27:37.751+0000] {processor.py:161} INFO - Started process (PID=767) to work on /home/airflow/.local/lib/python3.8/site-packages/airflow/example_dags/example_sensors.py
[2024-03-16T19:27:37.752+0000] {processor.py:830} INFO - Processing file /home/airflow/.local/lib/python3.8/site-packages/airflow/example_dags/example_sensors.py for tasks to queue
[2024-03-16T19:27:37.753+0000] {logging_mixin.py:188} INFO - [2024-03-16T19:27:37.753+0000] {dagbag.py:540} INFO - Filling up the DagBag from /home/airflow/.local/lib/python3.8/site-packages/airflow/example_dags/example_sensors.py
[2024-03-16T19:27:37.759+0000] {processor.py:840} INFO - DAG(s) 'example_sensors' retrieved from /home/airflow/.local/lib/python3.8/site-packages/airflow/example_dags/example_sensors.py
[2024-03-16T19:27:37.774+0000] {logging_mixin.py:188} INFO - [2024-03-16T19:27:37.774+0000] {dag.py:3047} INFO - Sync 1 DAGs
[2024-03-16T19:27:37.782+0000] {logging_mixin.py:188} INFO - [2024-03-16T19:27:37.782+0000] {dag.py:3834} INFO - Setting next_dagrun for example_sensors to None, run_after=None
[2024-03-16T19:27:37.794+0000] {processor.py:183} INFO - Processing /home/airflow/.local/lib/python3.8/site-packages/airflow/example_dags/example_sensors.py took 0.044 seconds
[2024-03-16T19:28:08.514+0000] {processor.py:161} INFO - Started process (PID=822) to work on /home/airflow/.local/lib/python3.8/site-packages/airflow/example_dags/example_sensors.py
[2024-03-16T19:28:08.515+0000] {processor.py:830} INFO - Processing file /home/airflow/.local/lib/python3.8/site-packages/airflow/example_dags/example_sensors.py for tasks to queue
[2024-03-16T19:28:08.516+0000] {logging_mixin.py:188} INFO - [2024-03-16T19:28:08.516+0000] {dagbag.py:540} INFO - Filling up the DagBag from /home/airflow/.local/lib/python3.8/site-packages/airflow/example_dags/example_sensors.py
[2024-03-16T19:28:08.526+0000] {processor.py:840} INFO - DAG(s) 'example_sensors' retrieved from /home/airflow/.local/lib/python3.8/site-packages/airflow/example_dags/example_sensors.py
[2024-03-16T19:28:08.544+0000] {logging_mixin.py:188} INFO - [2024-03-16T19:28:08.544+0000] {dag.py:3047} INFO - Sync 1 DAGs
[2024-03-16T19:28:08.554+0000] {logging_mixin.py:188} INFO - [2024-03-16T19:28:08.553+0000] {dag.py:3834} INFO - Setting next_dagrun for example_sensors to None, run_after=None
[2024-03-16T19:28:08.567+0000] {processor.py:183} INFO - Processing /home/airflow/.local/lib/python3.8/site-packages/airflow/example_dags/example_sensors.py took 0.057 seconds
[2024-03-16T19:28:39.338+0000] {processor.py:161} INFO - Started process (PID=877) to work on /home/airflow/.local/lib/python3.8/site-packages/airflow/example_dags/example_sensors.py
[2024-03-16T19:28:39.338+0000] {processor.py:830} INFO - Processing file /home/airflow/.local/lib/python3.8/site-packages/airflow/example_dags/example_sensors.py for tasks to queue
[2024-03-16T19:28:39.339+0000] {logging_mixin.py:188} INFO - [2024-03-16T19:28:39.339+0000] {dagbag.py:540} INFO - Filling up the DagBag from /home/airflow/.local/lib/python3.8/site-packages/airflow/example_dags/example_sensors.py
[2024-03-16T19:28:39.345+0000] {processor.py:840} INFO - DAG(s) 'example_sensors' retrieved from /home/airflow/.local/lib/python3.8/site-packages/airflow/example_dags/example_sensors.py
[2024-03-16T19:28:39.359+0000] {logging_mixin.py:188} INFO - [2024-03-16T19:28:39.359+0000] {dag.py:3047} INFO - Sync 1 DAGs
[2024-03-16T19:28:39.366+0000] {logging_mixin.py:188} INFO - [2024-03-16T19:28:39.366+0000] {dag.py:3834} INFO - Setting next_dagrun for example_sensors to None, run_after=None
[2024-03-16T19:28:39.381+0000] {processor.py:183} INFO - Processing /home/airflow/.local/lib/python3.8/site-packages/airflow/example_dags/example_sensors.py took 0.045 seconds
