[2024-03-16T19:21:03.478+0000] {processor.py:161} INFO - Started process (PID=88) to work on /home/airflow/.local/lib/python3.8/site-packages/airflow/example_dags/example_xcomargs.py
[2024-03-16T19:21:03.479+0000] {processor.py:830} INFO - Processing file /home/airflow/.local/lib/python3.8/site-packages/airflow/example_dags/example_xcomargs.py for tasks to queue
[2024-03-16T19:21:03.481+0000] {logging_mixin.py:188} INFO - [2024-03-16T19:21:03.480+0000] {dagbag.py:540} INFO - Filling up the DagBag from /home/airflow/.local/lib/python3.8/site-packages/airflow/example_dags/example_xcomargs.py
[2024-03-16T19:21:03.487+0000] {processor.py:840} INFO - DAG(s) 'example_xcom_args_with_operators', 'example_xcom_args' retrieved from /home/airflow/.local/lib/python3.8/site-packages/airflow/example_dags/example_xcomargs.py
[2024-03-16T19:21:03.495+0000] {logging_mixin.py:188} INFO - [2024-03-16T19:21:03.495+0000] {dag.py:3047} INFO - Sync 2 DAGs
[2024-03-16T19:21:03.504+0000] {logging_mixin.py:188} INFO - [2024-03-16T19:21:03.504+0000] {dag.py:3834} INFO - Setting next_dagrun for example_xcom_args to None, run_after=None
[2024-03-16T19:21:03.507+0000] {logging_mixin.py:188} INFO - [2024-03-16T19:21:03.507+0000] {dag.py:3834} INFO - Setting next_dagrun for example_xcom_args_with_operators to None, run_after=None
[2024-03-16T19:21:03.520+0000] {processor.py:183} INFO - Processing /home/airflow/.local/lib/python3.8/site-packages/airflow/example_dags/example_xcomargs.py took 0.045 seconds
[2024-03-16T19:21:34.928+0000] {processor.py:161} INFO - Started process (PID=143) to work on /home/airflow/.local/lib/python3.8/site-packages/airflow/example_dags/example_xcomargs.py
[2024-03-16T19:21:34.929+0000] {processor.py:830} INFO - Processing file /home/airflow/.local/lib/python3.8/site-packages/airflow/example_dags/example_xcomargs.py for tasks to queue
[2024-03-16T19:21:34.930+0000] {logging_mixin.py:188} INFO - [2024-03-16T19:21:34.930+0000] {dagbag.py:540} INFO - Filling up the DagBag from /home/airflow/.local/lib/python3.8/site-packages/airflow/example_dags/example_xcomargs.py
[2024-03-16T19:21:34.935+0000] {processor.py:840} INFO - DAG(s) 'example_xcom_args_with_operators', 'example_xcom_args' retrieved from /home/airflow/.local/lib/python3.8/site-packages/airflow/example_dags/example_xcomargs.py
[2024-03-16T19:21:34.999+0000] {logging_mixin.py:188} INFO - [2024-03-16T19:21:34.999+0000] {dag.py:3047} INFO - Sync 2 DAGs
[2024-03-16T19:21:35.006+0000] {logging_mixin.py:188} INFO - [2024-03-16T19:21:35.006+0000] {dag.py:3834} INFO - Setting next_dagrun for example_xcom_args to None, run_after=None
[2024-03-16T19:21:35.008+0000] {logging_mixin.py:188} INFO - [2024-03-16T19:21:35.008+0000] {dag.py:3834} INFO - Setting next_dagrun for example_xcom_args_with_operators to None, run_after=None
[2024-03-16T19:21:35.021+0000] {processor.py:183} INFO - Processing /home/airflow/.local/lib/python3.8/site-packages/airflow/example_dags/example_xcomargs.py took 0.095 seconds
[2024-03-16T19:22:05.185+0000] {processor.py:161} INFO - Started process (PID=198) to work on /home/airflow/.local/lib/python3.8/site-packages/airflow/example_dags/example_xcomargs.py
[2024-03-16T19:22:05.185+0000] {processor.py:830} INFO - Processing file /home/airflow/.local/lib/python3.8/site-packages/airflow/example_dags/example_xcomargs.py for tasks to queue
[2024-03-16T19:22:05.187+0000] {logging_mixin.py:188} INFO - [2024-03-16T19:22:05.187+0000] {dagbag.py:540} INFO - Filling up the DagBag from /home/airflow/.local/lib/python3.8/site-packages/airflow/example_dags/example_xcomargs.py
[2024-03-16T19:22:05.192+0000] {processor.py:840} INFO - DAG(s) 'example_xcom_args', 'example_xcom_args_with_operators' retrieved from /home/airflow/.local/lib/python3.8/site-packages/airflow/example_dags/example_xcomargs.py
[2024-03-16T19:22:05.206+0000] {logging_mixin.py:188} INFO - [2024-03-16T19:22:05.206+0000] {dag.py:3047} INFO - Sync 2 DAGs
[2024-03-16T19:22:05.214+0000] {logging_mixin.py:188} INFO - [2024-03-16T19:22:05.213+0000] {dag.py:3834} INFO - Setting next_dagrun for example_xcom_args to None, run_after=None
[2024-03-16T19:22:05.216+0000] {logging_mixin.py:188} INFO - [2024-03-16T19:22:05.216+0000] {dag.py:3834} INFO - Setting next_dagrun for example_xcom_args_with_operators to None, run_after=None
[2024-03-16T19:22:05.227+0000] {processor.py:183} INFO - Processing /home/airflow/.local/lib/python3.8/site-packages/airflow/example_dags/example_xcomargs.py took 0.044 seconds
[2024-03-16T19:22:35.378+0000] {processor.py:161} INFO - Started process (PID=253) to work on /home/airflow/.local/lib/python3.8/site-packages/airflow/example_dags/example_xcomargs.py
[2024-03-16T19:22:35.379+0000] {processor.py:830} INFO - Processing file /home/airflow/.local/lib/python3.8/site-packages/airflow/example_dags/example_xcomargs.py for tasks to queue
[2024-03-16T19:22:35.380+0000] {logging_mixin.py:188} INFO - [2024-03-16T19:22:35.380+0000] {dagbag.py:540} INFO - Filling up the DagBag from /home/airflow/.local/lib/python3.8/site-packages/airflow/example_dags/example_xcomargs.py
[2024-03-16T19:22:35.386+0000] {processor.py:840} INFO - DAG(s) 'example_xcom_args_with_operators', 'example_xcom_args' retrieved from /home/airflow/.local/lib/python3.8/site-packages/airflow/example_dags/example_xcomargs.py
[2024-03-16T19:22:35.401+0000] {logging_mixin.py:188} INFO - [2024-03-16T19:22:35.401+0000] {dag.py:3047} INFO - Sync 2 DAGs
[2024-03-16T19:22:35.409+0000] {logging_mixin.py:188} INFO - [2024-03-16T19:22:35.409+0000] {dag.py:3834} INFO - Setting next_dagrun for example_xcom_args to None, run_after=None
[2024-03-16T19:22:35.412+0000] {logging_mixin.py:188} INFO - [2024-03-16T19:22:35.412+0000] {dag.py:3834} INFO - Setting next_dagrun for example_xcom_args_with_operators to None, run_after=None
[2024-03-16T19:22:35.424+0000] {processor.py:183} INFO - Processing /home/airflow/.local/lib/python3.8/site-packages/airflow/example_dags/example_xcomargs.py took 0.047 seconds
[2024-03-16T19:23:05.573+0000] {processor.py:161} INFO - Started process (PID=308) to work on /home/airflow/.local/lib/python3.8/site-packages/airflow/example_dags/example_xcomargs.py
[2024-03-16T19:23:05.574+0000] {processor.py:830} INFO - Processing file /home/airflow/.local/lib/python3.8/site-packages/airflow/example_dags/example_xcomargs.py for tasks to queue
[2024-03-16T19:23:05.575+0000] {logging_mixin.py:188} INFO - [2024-03-16T19:23:05.575+0000] {dagbag.py:540} INFO - Filling up the DagBag from /home/airflow/.local/lib/python3.8/site-packages/airflow/example_dags/example_xcomargs.py
[2024-03-16T19:23:05.580+0000] {processor.py:840} INFO - DAG(s) 'example_xcom_args', 'example_xcom_args_with_operators' retrieved from /home/airflow/.local/lib/python3.8/site-packages/airflow/example_dags/example_xcomargs.py
[2024-03-16T19:23:05.598+0000] {logging_mixin.py:188} INFO - [2024-03-16T19:23:05.598+0000] {dag.py:3047} INFO - Sync 2 DAGs
[2024-03-16T19:23:05.607+0000] {logging_mixin.py:188} INFO - [2024-03-16T19:23:05.606+0000] {dag.py:3834} INFO - Setting next_dagrun for example_xcom_args to None, run_after=None
[2024-03-16T19:23:05.609+0000] {logging_mixin.py:188} INFO - [2024-03-16T19:23:05.609+0000] {dag.py:3834} INFO - Setting next_dagrun for example_xcom_args_with_operators to None, run_after=None
[2024-03-16T19:23:05.622+0000] {processor.py:183} INFO - Processing /home/airflow/.local/lib/python3.8/site-packages/airflow/example_dags/example_xcomargs.py took 0.051 seconds
[2024-03-16T19:23:36.589+0000] {processor.py:161} INFO - Started process (PID=363) to work on /home/airflow/.local/lib/python3.8/site-packages/airflow/example_dags/example_xcomargs.py
[2024-03-16T19:23:36.590+0000] {processor.py:830} INFO - Processing file /home/airflow/.local/lib/python3.8/site-packages/airflow/example_dags/example_xcomargs.py for tasks to queue
[2024-03-16T19:23:36.591+0000] {logging_mixin.py:188} INFO - [2024-03-16T19:23:36.591+0000] {dagbag.py:540} INFO - Filling up the DagBag from /home/airflow/.local/lib/python3.8/site-packages/airflow/example_dags/example_xcomargs.py
[2024-03-16T19:23:36.597+0000] {processor.py:840} INFO - DAG(s) 'example_xcom_args_with_operators', 'example_xcom_args' retrieved from /home/airflow/.local/lib/python3.8/site-packages/airflow/example_dags/example_xcomargs.py
[2024-03-16T19:23:36.613+0000] {logging_mixin.py:188} INFO - [2024-03-16T19:23:36.613+0000] {dag.py:3047} INFO - Sync 2 DAGs
[2024-03-16T19:23:36.623+0000] {logging_mixin.py:188} INFO - [2024-03-16T19:23:36.622+0000] {dag.py:3834} INFO - Setting next_dagrun for example_xcom_args to None, run_after=None
[2024-03-16T19:23:36.625+0000] {logging_mixin.py:188} INFO - [2024-03-16T19:23:36.625+0000] {dag.py:3834} INFO - Setting next_dagrun for example_xcom_args_with_operators to None, run_after=None
[2024-03-16T19:23:36.640+0000] {processor.py:183} INFO - Processing /home/airflow/.local/lib/python3.8/site-packages/airflow/example_dags/example_xcomargs.py took 0.053 seconds
[2024-03-16T19:24:07.499+0000] {processor.py:161} INFO - Started process (PID=418) to work on /home/airflow/.local/lib/python3.8/site-packages/airflow/example_dags/example_xcomargs.py
[2024-03-16T19:24:07.499+0000] {processor.py:830} INFO - Processing file /home/airflow/.local/lib/python3.8/site-packages/airflow/example_dags/example_xcomargs.py for tasks to queue
[2024-03-16T19:24:07.501+0000] {logging_mixin.py:188} INFO - [2024-03-16T19:24:07.500+0000] {dagbag.py:540} INFO - Filling up the DagBag from /home/airflow/.local/lib/python3.8/site-packages/airflow/example_dags/example_xcomargs.py
[2024-03-16T19:24:07.506+0000] {processor.py:840} INFO - DAG(s) 'example_xcom_args_with_operators', 'example_xcom_args' retrieved from /home/airflow/.local/lib/python3.8/site-packages/airflow/example_dags/example_xcomargs.py
[2024-03-16T19:24:07.522+0000] {logging_mixin.py:188} INFO - [2024-03-16T19:24:07.522+0000] {dag.py:3047} INFO - Sync 2 DAGs
[2024-03-16T19:24:07.531+0000] {logging_mixin.py:188} INFO - [2024-03-16T19:24:07.530+0000] {dag.py:3834} INFO - Setting next_dagrun for example_xcom_args to None, run_after=None
[2024-03-16T19:24:07.533+0000] {logging_mixin.py:188} INFO - [2024-03-16T19:24:07.533+0000] {dag.py:3834} INFO - Setting next_dagrun for example_xcom_args_with_operators to None, run_after=None
[2024-03-16T19:24:07.546+0000] {processor.py:183} INFO - Processing /home/airflow/.local/lib/python3.8/site-packages/airflow/example_dags/example_xcomargs.py took 0.050 seconds
[2024-03-16T19:24:37.661+0000] {processor.py:161} INFO - Started process (PID=473) to work on /home/airflow/.local/lib/python3.8/site-packages/airflow/example_dags/example_xcomargs.py
[2024-03-16T19:24:37.662+0000] {processor.py:830} INFO - Processing file /home/airflow/.local/lib/python3.8/site-packages/airflow/example_dags/example_xcomargs.py for tasks to queue
[2024-03-16T19:24:37.663+0000] {logging_mixin.py:188} INFO - [2024-03-16T19:24:37.663+0000] {dagbag.py:540} INFO - Filling up the DagBag from /home/airflow/.local/lib/python3.8/site-packages/airflow/example_dags/example_xcomargs.py
[2024-03-16T19:24:37.668+0000] {processor.py:840} INFO - DAG(s) 'example_xcom_args_with_operators', 'example_xcom_args' retrieved from /home/airflow/.local/lib/python3.8/site-packages/airflow/example_dags/example_xcomargs.py
[2024-03-16T19:24:37.682+0000] {logging_mixin.py:188} INFO - [2024-03-16T19:24:37.682+0000] {dag.py:3047} INFO - Sync 2 DAGs
[2024-03-16T19:24:37.690+0000] {logging_mixin.py:188} INFO - [2024-03-16T19:24:37.690+0000] {dag.py:3834} INFO - Setting next_dagrun for example_xcom_args to None, run_after=None
[2024-03-16T19:24:37.692+0000] {logging_mixin.py:188} INFO - [2024-03-16T19:24:37.692+0000] {dag.py:3834} INFO - Setting next_dagrun for example_xcom_args_with_operators to None, run_after=None
[2024-03-16T19:24:37.704+0000] {processor.py:183} INFO - Processing /home/airflow/.local/lib/python3.8/site-packages/airflow/example_dags/example_xcomargs.py took 0.045 seconds
[2024-03-16T19:25:07.792+0000] {processor.py:161} INFO - Started process (PID=528) to work on /home/airflow/.local/lib/python3.8/site-packages/airflow/example_dags/example_xcomargs.py
[2024-03-16T19:25:07.792+0000] {processor.py:830} INFO - Processing file /home/airflow/.local/lib/python3.8/site-packages/airflow/example_dags/example_xcomargs.py for tasks to queue
[2024-03-16T19:25:07.794+0000] {logging_mixin.py:188} INFO - [2024-03-16T19:25:07.793+0000] {dagbag.py:540} INFO - Filling up the DagBag from /home/airflow/.local/lib/python3.8/site-packages/airflow/example_dags/example_xcomargs.py
[2024-03-16T19:25:07.799+0000] {processor.py:840} INFO - DAG(s) 'example_xcom_args_with_operators', 'example_xcom_args' retrieved from /home/airflow/.local/lib/python3.8/site-packages/airflow/example_dags/example_xcomargs.py
[2024-03-16T19:25:07.814+0000] {logging_mixin.py:188} INFO - [2024-03-16T19:25:07.814+0000] {dag.py:3047} INFO - Sync 2 DAGs
[2024-03-16T19:25:07.821+0000] {logging_mixin.py:188} INFO - [2024-03-16T19:25:07.821+0000] {dag.py:3834} INFO - Setting next_dagrun for example_xcom_args to None, run_after=None
[2024-03-16T19:25:07.824+0000] {logging_mixin.py:188} INFO - [2024-03-16T19:25:07.824+0000] {dag.py:3834} INFO - Setting next_dagrun for example_xcom_args_with_operators to None, run_after=None
[2024-03-16T19:25:07.836+0000] {processor.py:183} INFO - Processing /home/airflow/.local/lib/python3.8/site-packages/airflow/example_dags/example_xcomargs.py took 0.046 seconds
[2024-03-16T19:25:38.711+0000] {processor.py:161} INFO - Started process (PID=583) to work on /home/airflow/.local/lib/python3.8/site-packages/airflow/example_dags/example_xcomargs.py
[2024-03-16T19:25:38.712+0000] {processor.py:830} INFO - Processing file /home/airflow/.local/lib/python3.8/site-packages/airflow/example_dags/example_xcomargs.py for tasks to queue
[2024-03-16T19:25:38.713+0000] {logging_mixin.py:188} INFO - [2024-03-16T19:25:38.713+0000] {dagbag.py:540} INFO - Filling up the DagBag from /home/airflow/.local/lib/python3.8/site-packages/airflow/example_dags/example_xcomargs.py
[2024-03-16T19:25:38.718+0000] {processor.py:840} INFO - DAG(s) 'example_xcom_args', 'example_xcom_args_with_operators' retrieved from /home/airflow/.local/lib/python3.8/site-packages/airflow/example_dags/example_xcomargs.py
[2024-03-16T19:25:38.733+0000] {logging_mixin.py:188} INFO - [2024-03-16T19:25:38.733+0000] {dag.py:3047} INFO - Sync 2 DAGs
[2024-03-16T19:25:38.741+0000] {logging_mixin.py:188} INFO - [2024-03-16T19:25:38.740+0000] {dag.py:3834} INFO - Setting next_dagrun for example_xcom_args to None, run_after=None
[2024-03-16T19:25:38.743+0000] {logging_mixin.py:188} INFO - [2024-03-16T19:25:38.743+0000] {dag.py:3834} INFO - Setting next_dagrun for example_xcom_args_with_operators to None, run_after=None
[2024-03-16T19:25:38.754+0000] {processor.py:183} INFO - Processing /home/airflow/.local/lib/python3.8/site-packages/airflow/example_dags/example_xcomargs.py took 0.045 seconds
[2024-03-16T19:26:09.572+0000] {processor.py:161} INFO - Started process (PID=638) to work on /home/airflow/.local/lib/python3.8/site-packages/airflow/example_dags/example_xcomargs.py
[2024-03-16T19:26:09.573+0000] {processor.py:830} INFO - Processing file /home/airflow/.local/lib/python3.8/site-packages/airflow/example_dags/example_xcomargs.py for tasks to queue
[2024-03-16T19:26:09.574+0000] {logging_mixin.py:188} INFO - [2024-03-16T19:26:09.574+0000] {dagbag.py:540} INFO - Filling up the DagBag from /home/airflow/.local/lib/python3.8/site-packages/airflow/example_dags/example_xcomargs.py
[2024-03-16T19:26:09.579+0000] {processor.py:840} INFO - DAG(s) 'example_xcom_args', 'example_xcom_args_with_operators' retrieved from /home/airflow/.local/lib/python3.8/site-packages/airflow/example_dags/example_xcomargs.py
[2024-03-16T19:26:09.598+0000] {logging_mixin.py:188} INFO - [2024-03-16T19:26:09.598+0000] {dag.py:3047} INFO - Sync 2 DAGs
[2024-03-16T19:26:09.608+0000] {logging_mixin.py:188} INFO - [2024-03-16T19:26:09.607+0000] {dag.py:3834} INFO - Setting next_dagrun for example_xcom_args to None, run_after=None
[2024-03-16T19:26:09.611+0000] {logging_mixin.py:188} INFO - [2024-03-16T19:26:09.610+0000] {dag.py:3834} INFO - Setting next_dagrun for example_xcom_args_with_operators to None, run_after=None
[2024-03-16T19:26:09.625+0000] {processor.py:183} INFO - Processing /home/airflow/.local/lib/python3.8/site-packages/airflow/example_dags/example_xcomargs.py took 0.055 seconds
[2024-03-16T19:26:39.844+0000] {processor.py:161} INFO - Started process (PID=693) to work on /home/airflow/.local/lib/python3.8/site-packages/airflow/example_dags/example_xcomargs.py
[2024-03-16T19:26:39.844+0000] {processor.py:830} INFO - Processing file /home/airflow/.local/lib/python3.8/site-packages/airflow/example_dags/example_xcomargs.py for tasks to queue
[2024-03-16T19:26:39.846+0000] {logging_mixin.py:188} INFO - [2024-03-16T19:26:39.845+0000] {dagbag.py:540} INFO - Filling up the DagBag from /home/airflow/.local/lib/python3.8/site-packages/airflow/example_dags/example_xcomargs.py
[2024-03-16T19:26:39.851+0000] {processor.py:840} INFO - DAG(s) 'example_xcom_args', 'example_xcom_args_with_operators' retrieved from /home/airflow/.local/lib/python3.8/site-packages/airflow/example_dags/example_xcomargs.py
[2024-03-16T19:26:39.865+0000] {logging_mixin.py:188} INFO - [2024-03-16T19:26:39.865+0000] {dag.py:3047} INFO - Sync 2 DAGs
[2024-03-16T19:26:39.872+0000] {logging_mixin.py:188} INFO - [2024-03-16T19:26:39.872+0000] {dag.py:3834} INFO - Setting next_dagrun for example_xcom_args to None, run_after=None
[2024-03-16T19:26:39.875+0000] {logging_mixin.py:188} INFO - [2024-03-16T19:26:39.875+0000] {dag.py:3834} INFO - Setting next_dagrun for example_xcom_args_with_operators to None, run_after=None
[2024-03-16T19:26:39.887+0000] {processor.py:183} INFO - Processing /home/airflow/.local/lib/python3.8/site-packages/airflow/example_dags/example_xcomargs.py took 0.045 seconds
[2024-03-16T19:27:10.046+0000] {processor.py:161} INFO - Started process (PID=748) to work on /home/airflow/.local/lib/python3.8/site-packages/airflow/example_dags/example_xcomargs.py
[2024-03-16T19:27:10.047+0000] {processor.py:830} INFO - Processing file /home/airflow/.local/lib/python3.8/site-packages/airflow/example_dags/example_xcomargs.py for tasks to queue
[2024-03-16T19:27:10.048+0000] {logging_mixin.py:188} INFO - [2024-03-16T19:27:10.048+0000] {dagbag.py:540} INFO - Filling up the DagBag from /home/airflow/.local/lib/python3.8/site-packages/airflow/example_dags/example_xcomargs.py
[2024-03-16T19:27:10.054+0000] {processor.py:840} INFO - DAG(s) 'example_xcom_args', 'example_xcom_args_with_operators' retrieved from /home/airflow/.local/lib/python3.8/site-packages/airflow/example_dags/example_xcomargs.py
[2024-03-16T19:27:10.069+0000] {logging_mixin.py:188} INFO - [2024-03-16T19:27:10.069+0000] {dag.py:3047} INFO - Sync 2 DAGs
[2024-03-16T19:27:10.078+0000] {logging_mixin.py:188} INFO - [2024-03-16T19:27:10.077+0000] {dag.py:3834} INFO - Setting next_dagrun for example_xcom_args to None, run_after=None
[2024-03-16T19:27:10.080+0000] {logging_mixin.py:188} INFO - [2024-03-16T19:27:10.080+0000] {dag.py:3834} INFO - Setting next_dagrun for example_xcom_args_with_operators to None, run_after=None
[2024-03-16T19:27:10.092+0000] {processor.py:183} INFO - Processing /home/airflow/.local/lib/python3.8/site-packages/airflow/example_dags/example_xcomargs.py took 0.049 seconds
[2024-03-16T19:27:40.132+0000] {processor.py:161} INFO - Started process (PID=803) to work on /home/airflow/.local/lib/python3.8/site-packages/airflow/example_dags/example_xcomargs.py
[2024-03-16T19:27:40.132+0000] {processor.py:830} INFO - Processing file /home/airflow/.local/lib/python3.8/site-packages/airflow/example_dags/example_xcomargs.py for tasks to queue
[2024-03-16T19:27:40.134+0000] {logging_mixin.py:188} INFO - [2024-03-16T19:27:40.133+0000] {dagbag.py:540} INFO - Filling up the DagBag from /home/airflow/.local/lib/python3.8/site-packages/airflow/example_dags/example_xcomargs.py
[2024-03-16T19:27:40.139+0000] {processor.py:840} INFO - DAG(s) 'example_xcom_args_with_operators', 'example_xcom_args' retrieved from /home/airflow/.local/lib/python3.8/site-packages/airflow/example_dags/example_xcomargs.py
[2024-03-16T19:27:40.154+0000] {logging_mixin.py:188} INFO - [2024-03-16T19:27:40.153+0000] {dag.py:3047} INFO - Sync 2 DAGs
[2024-03-16T19:27:40.161+0000] {logging_mixin.py:188} INFO - [2024-03-16T19:27:40.161+0000] {dag.py:3834} INFO - Setting next_dagrun for example_xcom_args to None, run_after=None
[2024-03-16T19:27:40.163+0000] {logging_mixin.py:188} INFO - [2024-03-16T19:27:40.163+0000] {dag.py:3834} INFO - Setting next_dagrun for example_xcom_args_with_operators to None, run_after=None
[2024-03-16T19:27:40.176+0000] {processor.py:183} INFO - Processing /home/airflow/.local/lib/python3.8/site-packages/airflow/example_dags/example_xcomargs.py took 0.046 seconds
[2024-03-16T19:28:10.874+0000] {processor.py:161} INFO - Started process (PID=858) to work on /home/airflow/.local/lib/python3.8/site-packages/airflow/example_dags/example_xcomargs.py
[2024-03-16T19:28:10.875+0000] {processor.py:830} INFO - Processing file /home/airflow/.local/lib/python3.8/site-packages/airflow/example_dags/example_xcomargs.py for tasks to queue
[2024-03-16T19:28:10.876+0000] {logging_mixin.py:188} INFO - [2024-03-16T19:28:10.876+0000] {dagbag.py:540} INFO - Filling up the DagBag from /home/airflow/.local/lib/python3.8/site-packages/airflow/example_dags/example_xcomargs.py
[2024-03-16T19:28:10.881+0000] {processor.py:840} INFO - DAG(s) 'example_xcom_args_with_operators', 'example_xcom_args' retrieved from /home/airflow/.local/lib/python3.8/site-packages/airflow/example_dags/example_xcomargs.py
[2024-03-16T19:28:10.896+0000] {logging_mixin.py:188} INFO - [2024-03-16T19:28:10.896+0000] {dag.py:3047} INFO - Sync 2 DAGs
[2024-03-16T19:28:10.905+0000] {logging_mixin.py:188} INFO - [2024-03-16T19:28:10.905+0000] {dag.py:3834} INFO - Setting next_dagrun for example_xcom_args to None, run_after=None
[2024-03-16T19:28:10.908+0000] {logging_mixin.py:188} INFO - [2024-03-16T19:28:10.908+0000] {dag.py:3834} INFO - Setting next_dagrun for example_xcom_args_with_operators to None, run_after=None
[2024-03-16T19:28:10.919+0000] {processor.py:183} INFO - Processing /home/airflow/.local/lib/python3.8/site-packages/airflow/example_dags/example_xcomargs.py took 0.047 seconds
[2024-03-16T19:28:41.759+0000] {processor.py:161} INFO - Started process (PID=913) to work on /home/airflow/.local/lib/python3.8/site-packages/airflow/example_dags/example_xcomargs.py
[2024-03-16T19:28:41.760+0000] {processor.py:830} INFO - Processing file /home/airflow/.local/lib/python3.8/site-packages/airflow/example_dags/example_xcomargs.py for tasks to queue
[2024-03-16T19:28:41.761+0000] {logging_mixin.py:188} INFO - [2024-03-16T19:28:41.761+0000] {dagbag.py:540} INFO - Filling up the DagBag from /home/airflow/.local/lib/python3.8/site-packages/airflow/example_dags/example_xcomargs.py
[2024-03-16T19:28:41.766+0000] {processor.py:840} INFO - DAG(s) 'example_xcom_args_with_operators', 'example_xcom_args' retrieved from /home/airflow/.local/lib/python3.8/site-packages/airflow/example_dags/example_xcomargs.py
[2024-03-16T19:28:41.780+0000] {logging_mixin.py:188} INFO - [2024-03-16T19:28:41.780+0000] {dag.py:3047} INFO - Sync 2 DAGs
[2024-03-16T19:28:41.789+0000] {logging_mixin.py:188} INFO - [2024-03-16T19:28:41.788+0000] {dag.py:3834} INFO - Setting next_dagrun for example_xcom_args to None, run_after=None
[2024-03-16T19:28:41.791+0000] {logging_mixin.py:188} INFO - [2024-03-16T19:28:41.791+0000] {dag.py:3834} INFO - Setting next_dagrun for example_xcom_args_with_operators to None, run_after=None
[2024-03-16T19:28:41.804+0000] {processor.py:183} INFO - Processing /home/airflow/.local/lib/python3.8/site-packages/airflow/example_dags/example_xcomargs.py took 0.047 seconds
