[2024-03-16T19:21:01.852+0000] {processor.py:161} INFO - Started process (PID=50) to work on /home/airflow/.local/lib/python3.8/site-packages/airflow/example_dags/example_task_group.py
[2024-03-16T19:21:01.853+0000] {processor.py:830} INFO - Processing file /home/airflow/.local/lib/python3.8/site-packages/airflow/example_dags/example_task_group.py for tasks to queue
[2024-03-16T19:21:01.854+0000] {logging_mixin.py:188} INFO - [2024-03-16T19:21:01.854+0000] {dagbag.py:540} INFO - Filling up the DagBag from /home/airflow/.local/lib/python3.8/site-packages/airflow/example_dags/example_task_group.py
[2024-03-16T19:21:01.861+0000] {processor.py:840} INFO - DAG(s) 'example_task_group' retrieved from /home/airflow/.local/lib/python3.8/site-packages/airflow/example_dags/example_task_group.py
[2024-03-16T19:21:01.869+0000] {logging_mixin.py:188} INFO - [2024-03-16T19:21:01.868+0000] {dag.py:3047} INFO - Sync 1 DAGs
[2024-03-16T19:21:01.885+0000] {logging_mixin.py:188} INFO - [2024-03-16T19:21:01.885+0000] {dag.py:3834} INFO - Setting next_dagrun for example_task_group to 2024-03-15 00:00:00+00:00, run_after=2024-03-16 00:00:00+00:00
[2024-03-16T19:21:01.901+0000] {processor.py:183} INFO - Processing /home/airflow/.local/lib/python3.8/site-packages/airflow/example_dags/example_task_group.py took 0.052 seconds
[2024-03-16T19:21:32.626+0000] {processor.py:161} INFO - Started process (PID=105) to work on /home/airflow/.local/lib/python3.8/site-packages/airflow/example_dags/example_task_group.py
[2024-03-16T19:21:32.627+0000] {processor.py:830} INFO - Processing file /home/airflow/.local/lib/python3.8/site-packages/airflow/example_dags/example_task_group.py for tasks to queue
[2024-03-16T19:21:32.628+0000] {logging_mixin.py:188} INFO - [2024-03-16T19:21:32.628+0000] {dagbag.py:540} INFO - Filling up the DagBag from /home/airflow/.local/lib/python3.8/site-packages/airflow/example_dags/example_task_group.py
[2024-03-16T19:21:32.633+0000] {processor.py:840} INFO - DAG(s) 'example_task_group' retrieved from /home/airflow/.local/lib/python3.8/site-packages/airflow/example_dags/example_task_group.py
[2024-03-16T19:21:32.695+0000] {logging_mixin.py:188} INFO - [2024-03-16T19:21:32.695+0000] {dag.py:3047} INFO - Sync 1 DAGs
[2024-03-16T19:21:32.707+0000] {logging_mixin.py:188} INFO - [2024-03-16T19:21:32.707+0000] {dag.py:3834} INFO - Setting next_dagrun for example_task_group to 2024-03-15 00:00:00+00:00, run_after=2024-03-16 00:00:00+00:00
[2024-03-16T19:21:32.722+0000] {processor.py:183} INFO - Processing /home/airflow/.local/lib/python3.8/site-packages/airflow/example_dags/example_task_group.py took 0.097 seconds
[2024-03-16T19:22:03.664+0000] {processor.py:161} INFO - Started process (PID=160) to work on /home/airflow/.local/lib/python3.8/site-packages/airflow/example_dags/example_task_group.py
[2024-03-16T19:22:03.665+0000] {processor.py:830} INFO - Processing file /home/airflow/.local/lib/python3.8/site-packages/airflow/example_dags/example_task_group.py for tasks to queue
[2024-03-16T19:22:03.666+0000] {logging_mixin.py:188} INFO - [2024-03-16T19:22:03.666+0000] {dagbag.py:540} INFO - Filling up the DagBag from /home/airflow/.local/lib/python3.8/site-packages/airflow/example_dags/example_task_group.py
[2024-03-16T19:22:03.670+0000] {processor.py:840} INFO - DAG(s) 'example_task_group' retrieved from /home/airflow/.local/lib/python3.8/site-packages/airflow/example_dags/example_task_group.py
[2024-03-16T19:22:03.682+0000] {logging_mixin.py:188} INFO - [2024-03-16T19:22:03.682+0000] {dag.py:3047} INFO - Sync 1 DAGs
[2024-03-16T19:22:03.696+0000] {logging_mixin.py:188} INFO - [2024-03-16T19:22:03.695+0000] {dag.py:3834} INFO - Setting next_dagrun for example_task_group to 2024-03-15 00:00:00+00:00, run_after=2024-03-16 00:00:00+00:00
[2024-03-16T19:22:03.708+0000] {processor.py:183} INFO - Processing /home/airflow/.local/lib/python3.8/site-packages/airflow/example_dags/example_task_group.py took 0.045 seconds
[2024-03-16T19:22:33.757+0000] {processor.py:161} INFO - Started process (PID=215) to work on /home/airflow/.local/lib/python3.8/site-packages/airflow/example_dags/example_task_group.py
[2024-03-16T19:22:33.757+0000] {processor.py:830} INFO - Processing file /home/airflow/.local/lib/python3.8/site-packages/airflow/example_dags/example_task_group.py for tasks to queue
[2024-03-16T19:22:33.759+0000] {logging_mixin.py:188} INFO - [2024-03-16T19:22:33.758+0000] {dagbag.py:540} INFO - Filling up the DagBag from /home/airflow/.local/lib/python3.8/site-packages/airflow/example_dags/example_task_group.py
[2024-03-16T19:22:33.763+0000] {processor.py:840} INFO - DAG(s) 'example_task_group' retrieved from /home/airflow/.local/lib/python3.8/site-packages/airflow/example_dags/example_task_group.py
[2024-03-16T19:22:33.777+0000] {logging_mixin.py:188} INFO - [2024-03-16T19:22:33.777+0000] {dag.py:3047} INFO - Sync 1 DAGs
[2024-03-16T19:22:33.790+0000] {logging_mixin.py:188} INFO - [2024-03-16T19:22:33.790+0000] {dag.py:3834} INFO - Setting next_dagrun for example_task_group to 2024-03-15 00:00:00+00:00, run_after=2024-03-16 00:00:00+00:00
[2024-03-16T19:22:33.804+0000] {processor.py:183} INFO - Processing /home/airflow/.local/lib/python3.8/site-packages/airflow/example_dags/example_task_group.py took 0.049 seconds
[2024-03-16T19:23:03.878+0000] {processor.py:161} INFO - Started process (PID=270) to work on /home/airflow/.local/lib/python3.8/site-packages/airflow/example_dags/example_task_group.py
[2024-03-16T19:23:03.879+0000] {processor.py:830} INFO - Processing file /home/airflow/.local/lib/python3.8/site-packages/airflow/example_dags/example_task_group.py for tasks to queue
[2024-03-16T19:23:03.880+0000] {logging_mixin.py:188} INFO - [2024-03-16T19:23:03.880+0000] {dagbag.py:540} INFO - Filling up the DagBag from /home/airflow/.local/lib/python3.8/site-packages/airflow/example_dags/example_task_group.py
[2024-03-16T19:23:03.885+0000] {processor.py:840} INFO - DAG(s) 'example_task_group' retrieved from /home/airflow/.local/lib/python3.8/site-packages/airflow/example_dags/example_task_group.py
[2024-03-16T19:23:03.899+0000] {logging_mixin.py:188} INFO - [2024-03-16T19:23:03.899+0000] {dag.py:3047} INFO - Sync 1 DAGs
[2024-03-16T19:23:03.913+0000] {logging_mixin.py:188} INFO - [2024-03-16T19:23:03.913+0000] {dag.py:3834} INFO - Setting next_dagrun for example_task_group to 2024-03-15 00:00:00+00:00, run_after=2024-03-16 00:00:00+00:00
[2024-03-16T19:23:03.930+0000] {processor.py:183} INFO - Processing /home/airflow/.local/lib/python3.8/site-packages/airflow/example_dags/example_task_group.py took 0.054 seconds
[2024-03-16T19:23:34.062+0000] {processor.py:161} INFO - Started process (PID=325) to work on /home/airflow/.local/lib/python3.8/site-packages/airflow/example_dags/example_task_group.py
[2024-03-16T19:23:34.063+0000] {processor.py:830} INFO - Processing file /home/airflow/.local/lib/python3.8/site-packages/airflow/example_dags/example_task_group.py for tasks to queue
[2024-03-16T19:23:34.064+0000] {logging_mixin.py:188} INFO - [2024-03-16T19:23:34.064+0000] {dagbag.py:540} INFO - Filling up the DagBag from /home/airflow/.local/lib/python3.8/site-packages/airflow/example_dags/example_task_group.py
[2024-03-16T19:23:34.070+0000] {processor.py:840} INFO - DAG(s) 'example_task_group' retrieved from /home/airflow/.local/lib/python3.8/site-packages/airflow/example_dags/example_task_group.py
[2024-03-16T19:23:34.084+0000] {logging_mixin.py:188} INFO - [2024-03-16T19:23:34.084+0000] {dag.py:3047} INFO - Sync 1 DAGs
[2024-03-16T19:23:34.099+0000] {logging_mixin.py:188} INFO - [2024-03-16T19:23:34.099+0000] {dag.py:3834} INFO - Setting next_dagrun for example_task_group to 2024-03-15 00:00:00+00:00, run_after=2024-03-16 00:00:00+00:00
[2024-03-16T19:23:34.113+0000] {processor.py:183} INFO - Processing /home/airflow/.local/lib/python3.8/site-packages/airflow/example_dags/example_task_group.py took 0.054 seconds
[2024-03-16T19:24:04.967+0000] {processor.py:161} INFO - Started process (PID=380) to work on /home/airflow/.local/lib/python3.8/site-packages/airflow/example_dags/example_task_group.py
[2024-03-16T19:24:04.968+0000] {processor.py:830} INFO - Processing file /home/airflow/.local/lib/python3.8/site-packages/airflow/example_dags/example_task_group.py for tasks to queue
[2024-03-16T19:24:04.970+0000] {logging_mixin.py:188} INFO - [2024-03-16T19:24:04.969+0000] {dagbag.py:540} INFO - Filling up the DagBag from /home/airflow/.local/lib/python3.8/site-packages/airflow/example_dags/example_task_group.py
[2024-03-16T19:24:04.975+0000] {processor.py:840} INFO - DAG(s) 'example_task_group' retrieved from /home/airflow/.local/lib/python3.8/site-packages/airflow/example_dags/example_task_group.py
[2024-03-16T19:24:04.991+0000] {logging_mixin.py:188} INFO - [2024-03-16T19:24:04.991+0000] {dag.py:3047} INFO - Sync 1 DAGs
[2024-03-16T19:24:05.006+0000] {logging_mixin.py:188} INFO - [2024-03-16T19:24:05.005+0000] {dag.py:3834} INFO - Setting next_dagrun for example_task_group to 2024-03-15 00:00:00+00:00, run_after=2024-03-16 00:00:00+00:00
[2024-03-16T19:24:05.020+0000] {processor.py:183} INFO - Processing /home/airflow/.local/lib/python3.8/site-packages/airflow/example_dags/example_task_group.py took 0.055 seconds
[2024-03-16T19:24:35.119+0000] {processor.py:161} INFO - Started process (PID=435) to work on /home/airflow/.local/lib/python3.8/site-packages/airflow/example_dags/example_task_group.py
[2024-03-16T19:24:35.120+0000] {processor.py:830} INFO - Processing file /home/airflow/.local/lib/python3.8/site-packages/airflow/example_dags/example_task_group.py for tasks to queue
[2024-03-16T19:24:35.121+0000] {logging_mixin.py:188} INFO - [2024-03-16T19:24:35.121+0000] {dagbag.py:540} INFO - Filling up the DagBag from /home/airflow/.local/lib/python3.8/site-packages/airflow/example_dags/example_task_group.py
[2024-03-16T19:24:35.126+0000] {processor.py:840} INFO - DAG(s) 'example_task_group' retrieved from /home/airflow/.local/lib/python3.8/site-packages/airflow/example_dags/example_task_group.py
[2024-03-16T19:24:35.140+0000] {logging_mixin.py:188} INFO - [2024-03-16T19:24:35.140+0000] {dag.py:3047} INFO - Sync 1 DAGs
[2024-03-16T19:24:35.155+0000] {logging_mixin.py:188} INFO - [2024-03-16T19:24:35.155+0000] {dag.py:3834} INFO - Setting next_dagrun for example_task_group to 2024-03-15 00:00:00+00:00, run_after=2024-03-16 00:00:00+00:00
[2024-03-16T19:24:35.170+0000] {processor.py:183} INFO - Processing /home/airflow/.local/lib/python3.8/site-packages/airflow/example_dags/example_task_group.py took 0.053 seconds
[2024-03-16T19:25:05.353+0000] {processor.py:161} INFO - Started process (PID=490) to work on /home/airflow/.local/lib/python3.8/site-packages/airflow/example_dags/example_task_group.py
[2024-03-16T19:25:05.355+0000] {processor.py:830} INFO - Processing file /home/airflow/.local/lib/python3.8/site-packages/airflow/example_dags/example_task_group.py for tasks to queue
[2024-03-16T19:25:05.356+0000] {logging_mixin.py:188} INFO - [2024-03-16T19:25:05.356+0000] {dagbag.py:540} INFO - Filling up the DagBag from /home/airflow/.local/lib/python3.8/site-packages/airflow/example_dags/example_task_group.py
[2024-03-16T19:25:05.361+0000] {processor.py:840} INFO - DAG(s) 'example_task_group' retrieved from /home/airflow/.local/lib/python3.8/site-packages/airflow/example_dags/example_task_group.py
[2024-03-16T19:25:05.378+0000] {logging_mixin.py:188} INFO - [2024-03-16T19:25:05.378+0000] {dag.py:3047} INFO - Sync 1 DAGs
[2024-03-16T19:25:05.392+0000] {logging_mixin.py:188} INFO - [2024-03-16T19:25:05.392+0000] {dag.py:3834} INFO - Setting next_dagrun for example_task_group to 2024-03-15 00:00:00+00:00, run_after=2024-03-16 00:00:00+00:00
[2024-03-16T19:25:05.407+0000] {processor.py:183} INFO - Processing /home/airflow/.local/lib/python3.8/site-packages/airflow/example_dags/example_task_group.py took 0.056 seconds
[2024-03-16T19:25:36.116+0000] {processor.py:161} INFO - Started process (PID=545) to work on /home/airflow/.local/lib/python3.8/site-packages/airflow/example_dags/example_task_group.py
[2024-03-16T19:25:36.117+0000] {processor.py:830} INFO - Processing file /home/airflow/.local/lib/python3.8/site-packages/airflow/example_dags/example_task_group.py for tasks to queue
[2024-03-16T19:25:36.118+0000] {logging_mixin.py:188} INFO - [2024-03-16T19:25:36.118+0000] {dagbag.py:540} INFO - Filling up the DagBag from /home/airflow/.local/lib/python3.8/site-packages/airflow/example_dags/example_task_group.py
[2024-03-16T19:25:36.123+0000] {processor.py:840} INFO - DAG(s) 'example_task_group' retrieved from /home/airflow/.local/lib/python3.8/site-packages/airflow/example_dags/example_task_group.py
[2024-03-16T19:25:36.138+0000] {logging_mixin.py:188} INFO - [2024-03-16T19:25:36.138+0000] {dag.py:3047} INFO - Sync 1 DAGs
[2024-03-16T19:25:36.153+0000] {logging_mixin.py:188} INFO - [2024-03-16T19:25:36.153+0000] {dag.py:3834} INFO - Setting next_dagrun for example_task_group to 2024-03-15 00:00:00+00:00, run_after=2024-03-16 00:00:00+00:00
[2024-03-16T19:25:36.169+0000] {processor.py:183} INFO - Processing /home/airflow/.local/lib/python3.8/site-packages/airflow/example_dags/example_task_group.py took 0.054 seconds
[2024-03-16T19:26:07.099+0000] {processor.py:161} INFO - Started process (PID=600) to work on /home/airflow/.local/lib/python3.8/site-packages/airflow/example_dags/example_task_group.py
[2024-03-16T19:26:07.100+0000] {processor.py:830} INFO - Processing file /home/airflow/.local/lib/python3.8/site-packages/airflow/example_dags/example_task_group.py for tasks to queue
[2024-03-16T19:26:07.101+0000] {logging_mixin.py:188} INFO - [2024-03-16T19:26:07.101+0000] {dagbag.py:540} INFO - Filling up the DagBag from /home/airflow/.local/lib/python3.8/site-packages/airflow/example_dags/example_task_group.py
[2024-03-16T19:26:07.109+0000] {processor.py:840} INFO - DAG(s) 'example_task_group' retrieved from /home/airflow/.local/lib/python3.8/site-packages/airflow/example_dags/example_task_group.py
[2024-03-16T19:26:07.124+0000] {logging_mixin.py:188} INFO - [2024-03-16T19:26:07.124+0000] {dag.py:3047} INFO - Sync 1 DAGs
[2024-03-16T19:26:07.139+0000] {logging_mixin.py:188} INFO - [2024-03-16T19:26:07.139+0000] {dag.py:3834} INFO - Setting next_dagrun for example_task_group to 2024-03-15 00:00:00+00:00, run_after=2024-03-16 00:00:00+00:00
[2024-03-16T19:26:07.154+0000] {processor.py:183} INFO - Processing /home/airflow/.local/lib/python3.8/site-packages/airflow/example_dags/example_task_group.py took 0.056 seconds
[2024-03-16T19:26:37.221+0000] {processor.py:161} INFO - Started process (PID=655) to work on /home/airflow/.local/lib/python3.8/site-packages/airflow/example_dags/example_task_group.py
[2024-03-16T19:26:37.222+0000] {processor.py:830} INFO - Processing file /home/airflow/.local/lib/python3.8/site-packages/airflow/example_dags/example_task_group.py for tasks to queue
[2024-03-16T19:26:37.223+0000] {logging_mixin.py:188} INFO - [2024-03-16T19:26:37.223+0000] {dagbag.py:540} INFO - Filling up the DagBag from /home/airflow/.local/lib/python3.8/site-packages/airflow/example_dags/example_task_group.py
[2024-03-16T19:26:37.230+0000] {processor.py:840} INFO - DAG(s) 'example_task_group' retrieved from /home/airflow/.local/lib/python3.8/site-packages/airflow/example_dags/example_task_group.py
[2024-03-16T19:26:37.248+0000] {logging_mixin.py:188} INFO - [2024-03-16T19:26:37.248+0000] {dag.py:3047} INFO - Sync 1 DAGs
[2024-03-16T19:26:37.265+0000] {logging_mixin.py:188} INFO - [2024-03-16T19:26:37.265+0000] {dag.py:3834} INFO - Setting next_dagrun for example_task_group to 2024-03-15 00:00:00+00:00, run_after=2024-03-16 00:00:00+00:00
[2024-03-16T19:26:37.280+0000] {processor.py:183} INFO - Processing /home/airflow/.local/lib/python3.8/site-packages/airflow/example_dags/example_task_group.py took 0.061 seconds
[2024-03-16T19:27:07.544+0000] {processor.py:161} INFO - Started process (PID=710) to work on /home/airflow/.local/lib/python3.8/site-packages/airflow/example_dags/example_task_group.py
[2024-03-16T19:27:07.544+0000] {processor.py:830} INFO - Processing file /home/airflow/.local/lib/python3.8/site-packages/airflow/example_dags/example_task_group.py for tasks to queue
[2024-03-16T19:27:07.546+0000] {logging_mixin.py:188} INFO - [2024-03-16T19:27:07.546+0000] {dagbag.py:540} INFO - Filling up the DagBag from /home/airflow/.local/lib/python3.8/site-packages/airflow/example_dags/example_task_group.py
[2024-03-16T19:27:07.551+0000] {processor.py:840} INFO - DAG(s) 'example_task_group' retrieved from /home/airflow/.local/lib/python3.8/site-packages/airflow/example_dags/example_task_group.py
[2024-03-16T19:27:07.566+0000] {logging_mixin.py:188} INFO - [2024-03-16T19:27:07.565+0000] {dag.py:3047} INFO - Sync 1 DAGs
[2024-03-16T19:27:07.580+0000] {logging_mixin.py:188} INFO - [2024-03-16T19:27:07.580+0000] {dag.py:3834} INFO - Setting next_dagrun for example_task_group to 2024-03-15 00:00:00+00:00, run_after=2024-03-16 00:00:00+00:00
[2024-03-16T19:27:07.593+0000] {processor.py:183} INFO - Processing /home/airflow/.local/lib/python3.8/site-packages/airflow/example_dags/example_task_group.py took 0.054 seconds
[2024-03-16T19:27:37.680+0000] {processor.py:161} INFO - Started process (PID=765) to work on /home/airflow/.local/lib/python3.8/site-packages/airflow/example_dags/example_task_group.py
[2024-03-16T19:27:37.680+0000] {processor.py:830} INFO - Processing file /home/airflow/.local/lib/python3.8/site-packages/airflow/example_dags/example_task_group.py for tasks to queue
[2024-03-16T19:27:37.681+0000] {logging_mixin.py:188} INFO - [2024-03-16T19:27:37.681+0000] {dagbag.py:540} INFO - Filling up the DagBag from /home/airflow/.local/lib/python3.8/site-packages/airflow/example_dags/example_task_group.py
[2024-03-16T19:27:37.686+0000] {processor.py:840} INFO - DAG(s) 'example_task_group' retrieved from /home/airflow/.local/lib/python3.8/site-packages/airflow/example_dags/example_task_group.py
[2024-03-16T19:27:37.700+0000] {logging_mixin.py:188} INFO - [2024-03-16T19:27:37.700+0000] {dag.py:3047} INFO - Sync 1 DAGs
[2024-03-16T19:27:37.717+0000] {logging_mixin.py:188} INFO - [2024-03-16T19:27:37.716+0000] {dag.py:3834} INFO - Setting next_dagrun for example_task_group to 2024-03-15 00:00:00+00:00, run_after=2024-03-16 00:00:00+00:00
[2024-03-16T19:27:37.731+0000] {processor.py:183} INFO - Processing /home/airflow/.local/lib/python3.8/site-packages/airflow/example_dags/example_task_group.py took 0.053 seconds
[2024-03-16T19:28:08.448+0000] {processor.py:161} INFO - Started process (PID=820) to work on /home/airflow/.local/lib/python3.8/site-packages/airflow/example_dags/example_task_group.py
[2024-03-16T19:28:08.448+0000] {processor.py:830} INFO - Processing file /home/airflow/.local/lib/python3.8/site-packages/airflow/example_dags/example_task_group.py for tasks to queue
[2024-03-16T19:28:08.450+0000] {logging_mixin.py:188} INFO - [2024-03-16T19:28:08.449+0000] {dagbag.py:540} INFO - Filling up the DagBag from /home/airflow/.local/lib/python3.8/site-packages/airflow/example_dags/example_task_group.py
[2024-03-16T19:28:08.454+0000] {processor.py:840} INFO - DAG(s) 'example_task_group' retrieved from /home/airflow/.local/lib/python3.8/site-packages/airflow/example_dags/example_task_group.py
[2024-03-16T19:28:08.466+0000] {logging_mixin.py:188} INFO - [2024-03-16T19:28:08.466+0000] {dag.py:3047} INFO - Sync 1 DAGs
[2024-03-16T19:28:08.479+0000] {logging_mixin.py:188} INFO - [2024-03-16T19:28:08.479+0000] {dag.py:3834} INFO - Setting next_dagrun for example_task_group to 2024-03-15 00:00:00+00:00, run_after=2024-03-16 00:00:00+00:00
[2024-03-16T19:28:08.492+0000] {processor.py:183} INFO - Processing /home/airflow/.local/lib/python3.8/site-packages/airflow/example_dags/example_task_group.py took 0.046 seconds
[2024-03-16T19:28:39.263+0000] {processor.py:161} INFO - Started process (PID=875) to work on /home/airflow/.local/lib/python3.8/site-packages/airflow/example_dags/example_task_group.py
[2024-03-16T19:28:39.264+0000] {processor.py:830} INFO - Processing file /home/airflow/.local/lib/python3.8/site-packages/airflow/example_dags/example_task_group.py for tasks to queue
[2024-03-16T19:28:39.265+0000] {logging_mixin.py:188} INFO - [2024-03-16T19:28:39.265+0000] {dagbag.py:540} INFO - Filling up the DagBag from /home/airflow/.local/lib/python3.8/site-packages/airflow/example_dags/example_task_group.py
[2024-03-16T19:28:39.270+0000] {processor.py:840} INFO - DAG(s) 'example_task_group' retrieved from /home/airflow/.local/lib/python3.8/site-packages/airflow/example_dags/example_task_group.py
[2024-03-16T19:28:39.285+0000] {logging_mixin.py:188} INFO - [2024-03-16T19:28:39.285+0000] {dag.py:3047} INFO - Sync 1 DAGs
[2024-03-16T19:28:39.301+0000] {logging_mixin.py:188} INFO - [2024-03-16T19:28:39.301+0000] {dag.py:3834} INFO - Setting next_dagrun for example_task_group to 2024-03-15 00:00:00+00:00, run_after=2024-03-16 00:00:00+00:00
[2024-03-16T19:28:39.315+0000] {processor.py:183} INFO - Processing /home/airflow/.local/lib/python3.8/site-packages/airflow/example_dags/example_task_group.py took 0.055 seconds
