[2024-03-16T19:21:02.801+0000] {processor.py:161} INFO - Started process (PID=72) to work on /home/airflow/.local/lib/python3.8/site-packages/airflow/example_dags/example_python_decorator.py
[2024-03-16T19:21:02.802+0000] {processor.py:830} INFO - Processing file /home/airflow/.local/lib/python3.8/site-packages/airflow/example_dags/example_python_decorator.py for tasks to queue
[2024-03-16T19:21:02.804+0000] {logging_mixin.py:188} INFO - [2024-03-16T19:21:02.804+0000] {dagbag.py:540} INFO - Filling up the DagBag from /home/airflow/.local/lib/python3.8/site-packages/airflow/example_dags/example_python_decorator.py
[2024-03-16T19:21:02.816+0000] {processor.py:840} INFO - DAG(s) 'example_python_decorator' retrieved from /home/airflow/.local/lib/python3.8/site-packages/airflow/example_dags/example_python_decorator.py
[2024-03-16T19:21:02.825+0000] {logging_mixin.py:188} INFO - [2024-03-16T19:21:02.825+0000] {dag.py:3047} INFO - Sync 1 DAGs
[2024-03-16T19:21:02.835+0000] {logging_mixin.py:188} INFO - [2024-03-16T19:21:02.835+0000] {dag.py:3834} INFO - Setting next_dagrun for example_python_decorator to None, run_after=None
[2024-03-16T19:21:02.851+0000] {processor.py:183} INFO - Processing /home/airflow/.local/lib/python3.8/site-packages/airflow/example_dags/example_python_decorator.py took 0.053 seconds
[2024-03-16T19:21:34.057+0000] {processor.py:161} INFO - Started process (PID=127) to work on /home/airflow/.local/lib/python3.8/site-packages/airflow/example_dags/example_python_decorator.py
[2024-03-16T19:21:34.058+0000] {processor.py:830} INFO - Processing file /home/airflow/.local/lib/python3.8/site-packages/airflow/example_dags/example_python_decorator.py for tasks to queue
[2024-03-16T19:21:34.059+0000] {logging_mixin.py:188} INFO - [2024-03-16T19:21:34.059+0000] {dagbag.py:540} INFO - Filling up the DagBag from /home/airflow/.local/lib/python3.8/site-packages/airflow/example_dags/example_python_decorator.py
[2024-03-16T19:21:34.067+0000] {processor.py:840} INFO - DAG(s) 'example_python_decorator' retrieved from /home/airflow/.local/lib/python3.8/site-packages/airflow/example_dags/example_python_decorator.py
[2024-03-16T19:21:34.127+0000] {logging_mixin.py:188} INFO - [2024-03-16T19:21:34.127+0000] {dag.py:3047} INFO - Sync 1 DAGs
[2024-03-16T19:21:34.133+0000] {logging_mixin.py:188} INFO - [2024-03-16T19:21:34.133+0000] {dag.py:3834} INFO - Setting next_dagrun for example_python_decorator to None, run_after=None
[2024-03-16T19:21:34.145+0000] {processor.py:183} INFO - Processing /home/airflow/.local/lib/python3.8/site-packages/airflow/example_dags/example_python_decorator.py took 0.090 seconds
[2024-03-16T19:22:04.545+0000] {processor.py:161} INFO - Started process (PID=182) to work on /home/airflow/.local/lib/python3.8/site-packages/airflow/example_dags/example_python_decorator.py
[2024-03-16T19:22:04.545+0000] {processor.py:830} INFO - Processing file /home/airflow/.local/lib/python3.8/site-packages/airflow/example_dags/example_python_decorator.py for tasks to queue
[2024-03-16T19:22:04.546+0000] {logging_mixin.py:188} INFO - [2024-03-16T19:22:04.546+0000] {dagbag.py:540} INFO - Filling up the DagBag from /home/airflow/.local/lib/python3.8/site-packages/airflow/example_dags/example_python_decorator.py
[2024-03-16T19:22:04.554+0000] {processor.py:840} INFO - DAG(s) 'example_python_decorator' retrieved from /home/airflow/.local/lib/python3.8/site-packages/airflow/example_dags/example_python_decorator.py
[2024-03-16T19:22:04.566+0000] {logging_mixin.py:188} INFO - [2024-03-16T19:22:04.566+0000] {dag.py:3047} INFO - Sync 1 DAGs
[2024-03-16T19:22:04.574+0000] {logging_mixin.py:188} INFO - [2024-03-16T19:22:04.573+0000] {dag.py:3834} INFO - Setting next_dagrun for example_python_decorator to None, run_after=None
[2024-03-16T19:22:04.586+0000] {processor.py:183} INFO - Processing /home/airflow/.local/lib/python3.8/site-packages/airflow/example_dags/example_python_decorator.py took 0.043 seconds
[2024-03-16T19:22:34.735+0000] {processor.py:161} INFO - Started process (PID=237) to work on /home/airflow/.local/lib/python3.8/site-packages/airflow/example_dags/example_python_decorator.py
[2024-03-16T19:22:34.736+0000] {processor.py:830} INFO - Processing file /home/airflow/.local/lib/python3.8/site-packages/airflow/example_dags/example_python_decorator.py for tasks to queue
[2024-03-16T19:22:34.737+0000] {logging_mixin.py:188} INFO - [2024-03-16T19:22:34.737+0000] {dagbag.py:540} INFO - Filling up the DagBag from /home/airflow/.local/lib/python3.8/site-packages/airflow/example_dags/example_python_decorator.py
[2024-03-16T19:22:34.745+0000] {processor.py:840} INFO - DAG(s) 'example_python_decorator' retrieved from /home/airflow/.local/lib/python3.8/site-packages/airflow/example_dags/example_python_decorator.py
[2024-03-16T19:22:34.759+0000] {logging_mixin.py:188} INFO - [2024-03-16T19:22:34.759+0000] {dag.py:3047} INFO - Sync 1 DAGs
[2024-03-16T19:22:34.766+0000] {logging_mixin.py:188} INFO - [2024-03-16T19:22:34.766+0000] {dag.py:3834} INFO - Setting next_dagrun for example_python_decorator to None, run_after=None
[2024-03-16T19:22:34.780+0000] {processor.py:183} INFO - Processing /home/airflow/.local/lib/python3.8/site-packages/airflow/example_dags/example_python_decorator.py took 0.048 seconds
[2024-03-16T19:23:04.980+0000] {processor.py:161} INFO - Started process (PID=292) to work on /home/airflow/.local/lib/python3.8/site-packages/airflow/example_dags/example_python_decorator.py
[2024-03-16T19:23:04.981+0000] {processor.py:830} INFO - Processing file /home/airflow/.local/lib/python3.8/site-packages/airflow/example_dags/example_python_decorator.py for tasks to queue
[2024-03-16T19:23:04.982+0000] {logging_mixin.py:188} INFO - [2024-03-16T19:23:04.982+0000] {dagbag.py:540} INFO - Filling up the DagBag from /home/airflow/.local/lib/python3.8/site-packages/airflow/example_dags/example_python_decorator.py
[2024-03-16T19:23:04.991+0000] {processor.py:840} INFO - DAG(s) 'example_python_decorator' retrieved from /home/airflow/.local/lib/python3.8/site-packages/airflow/example_dags/example_python_decorator.py
[2024-03-16T19:23:05.005+0000] {logging_mixin.py:188} INFO - [2024-03-16T19:23:05.005+0000] {dag.py:3047} INFO - Sync 1 DAGs
[2024-03-16T19:23:05.013+0000] {logging_mixin.py:188} INFO - [2024-03-16T19:23:05.013+0000] {dag.py:3834} INFO - Setting next_dagrun for example_python_decorator to None, run_after=None
[2024-03-16T19:23:05.027+0000] {processor.py:183} INFO - Processing /home/airflow/.local/lib/python3.8/site-packages/airflow/example_dags/example_python_decorator.py took 0.049 seconds
[2024-03-16T19:23:35.969+0000] {processor.py:161} INFO - Started process (PID=347) to work on /home/airflow/.local/lib/python3.8/site-packages/airflow/example_dags/example_python_decorator.py
[2024-03-16T19:23:35.970+0000] {processor.py:830} INFO - Processing file /home/airflow/.local/lib/python3.8/site-packages/airflow/example_dags/example_python_decorator.py for tasks to queue
[2024-03-16T19:23:35.971+0000] {logging_mixin.py:188} INFO - [2024-03-16T19:23:35.971+0000] {dagbag.py:540} INFO - Filling up the DagBag from /home/airflow/.local/lib/python3.8/site-packages/airflow/example_dags/example_python_decorator.py
[2024-03-16T19:23:35.980+0000] {processor.py:840} INFO - DAG(s) 'example_python_decorator' retrieved from /home/airflow/.local/lib/python3.8/site-packages/airflow/example_dags/example_python_decorator.py
[2024-03-16T19:23:35.994+0000] {logging_mixin.py:188} INFO - [2024-03-16T19:23:35.994+0000] {dag.py:3047} INFO - Sync 1 DAGs
[2024-03-16T19:23:36.002+0000] {logging_mixin.py:188} INFO - [2024-03-16T19:23:36.002+0000] {dag.py:3834} INFO - Setting next_dagrun for example_python_decorator to None, run_after=None
[2024-03-16T19:23:36.019+0000] {processor.py:183} INFO - Processing /home/airflow/.local/lib/python3.8/site-packages/airflow/example_dags/example_python_decorator.py took 0.052 seconds
[2024-03-16T19:24:06.897+0000] {processor.py:161} INFO - Started process (PID=402) to work on /home/airflow/.local/lib/python3.8/site-packages/airflow/example_dags/example_python_decorator.py
[2024-03-16T19:24:06.898+0000] {processor.py:830} INFO - Processing file /home/airflow/.local/lib/python3.8/site-packages/airflow/example_dags/example_python_decorator.py for tasks to queue
[2024-03-16T19:24:06.899+0000] {logging_mixin.py:188} INFO - [2024-03-16T19:24:06.899+0000] {dagbag.py:540} INFO - Filling up the DagBag from /home/airflow/.local/lib/python3.8/site-packages/airflow/example_dags/example_python_decorator.py
[2024-03-16T19:24:06.908+0000] {processor.py:840} INFO - DAG(s) 'example_python_decorator' retrieved from /home/airflow/.local/lib/python3.8/site-packages/airflow/example_dags/example_python_decorator.py
[2024-03-16T19:24:06.922+0000] {logging_mixin.py:188} INFO - [2024-03-16T19:24:06.922+0000] {dag.py:3047} INFO - Sync 1 DAGs
[2024-03-16T19:24:06.932+0000] {logging_mixin.py:188} INFO - [2024-03-16T19:24:06.931+0000] {dag.py:3834} INFO - Setting next_dagrun for example_python_decorator to None, run_after=None
[2024-03-16T19:24:06.948+0000] {processor.py:183} INFO - Processing /home/airflow/.local/lib/python3.8/site-packages/airflow/example_dags/example_python_decorator.py took 0.053 seconds
[2024-03-16T19:24:37.071+0000] {processor.py:161} INFO - Started process (PID=457) to work on /home/airflow/.local/lib/python3.8/site-packages/airflow/example_dags/example_python_decorator.py
[2024-03-16T19:24:37.072+0000] {processor.py:830} INFO - Processing file /home/airflow/.local/lib/python3.8/site-packages/airflow/example_dags/example_python_decorator.py for tasks to queue
[2024-03-16T19:24:37.074+0000] {logging_mixin.py:188} INFO - [2024-03-16T19:24:37.073+0000] {dagbag.py:540} INFO - Filling up the DagBag from /home/airflow/.local/lib/python3.8/site-packages/airflow/example_dags/example_python_decorator.py
[2024-03-16T19:24:37.082+0000] {processor.py:840} INFO - DAG(s) 'example_python_decorator' retrieved from /home/airflow/.local/lib/python3.8/site-packages/airflow/example_dags/example_python_decorator.py
[2024-03-16T19:24:37.095+0000] {logging_mixin.py:188} INFO - [2024-03-16T19:24:37.095+0000] {dag.py:3047} INFO - Sync 1 DAGs
[2024-03-16T19:24:37.103+0000] {logging_mixin.py:188} INFO - [2024-03-16T19:24:37.103+0000] {dag.py:3834} INFO - Setting next_dagrun for example_python_decorator to None, run_after=None
[2024-03-16T19:24:37.117+0000] {processor.py:183} INFO - Processing /home/airflow/.local/lib/python3.8/site-packages/airflow/example_dags/example_python_decorator.py took 0.047 seconds
[2024-03-16T19:25:07.286+0000] {processor.py:161} INFO - Started process (PID=512) to work on /home/airflow/.local/lib/python3.8/site-packages/airflow/example_dags/example_python_decorator.py
[2024-03-16T19:25:07.287+0000] {processor.py:830} INFO - Processing file /home/airflow/.local/lib/python3.8/site-packages/airflow/example_dags/example_python_decorator.py for tasks to queue
[2024-03-16T19:25:07.289+0000] {logging_mixin.py:188} INFO - [2024-03-16T19:25:07.288+0000] {dagbag.py:540} INFO - Filling up the DagBag from /home/airflow/.local/lib/python3.8/site-packages/airflow/example_dags/example_python_decorator.py
[2024-03-16T19:25:07.306+0000] {processor.py:840} INFO - DAG(s) 'example_python_decorator' retrieved from /home/airflow/.local/lib/python3.8/site-packages/airflow/example_dags/example_python_decorator.py
[2024-03-16T19:25:07.321+0000] {logging_mixin.py:188} INFO - [2024-03-16T19:25:07.321+0000] {dag.py:3047} INFO - Sync 1 DAGs
[2024-03-16T19:25:07.329+0000] {logging_mixin.py:188} INFO - [2024-03-16T19:25:07.329+0000] {dag.py:3834} INFO - Setting next_dagrun for example_python_decorator to None, run_after=None
[2024-03-16T19:25:07.343+0000] {processor.py:183} INFO - Processing /home/airflow/.local/lib/python3.8/site-packages/airflow/example_dags/example_python_decorator.py took 0.059 seconds
[2024-03-16T19:25:38.124+0000] {processor.py:161} INFO - Started process (PID=567) to work on /home/airflow/.local/lib/python3.8/site-packages/airflow/example_dags/example_python_decorator.py
[2024-03-16T19:25:38.124+0000] {processor.py:830} INFO - Processing file /home/airflow/.local/lib/python3.8/site-packages/airflow/example_dags/example_python_decorator.py for tasks to queue
[2024-03-16T19:25:38.125+0000] {logging_mixin.py:188} INFO - [2024-03-16T19:25:38.125+0000] {dagbag.py:540} INFO - Filling up the DagBag from /home/airflow/.local/lib/python3.8/site-packages/airflow/example_dags/example_python_decorator.py
[2024-03-16T19:25:38.134+0000] {processor.py:840} INFO - DAG(s) 'example_python_decorator' retrieved from /home/airflow/.local/lib/python3.8/site-packages/airflow/example_dags/example_python_decorator.py
[2024-03-16T19:25:38.149+0000] {logging_mixin.py:188} INFO - [2024-03-16T19:25:38.149+0000] {dag.py:3047} INFO - Sync 1 DAGs
[2024-03-16T19:25:38.157+0000] {logging_mixin.py:188} INFO - [2024-03-16T19:25:38.156+0000] {dag.py:3834} INFO - Setting next_dagrun for example_python_decorator to None, run_after=None
[2024-03-16T19:25:38.172+0000] {processor.py:183} INFO - Processing /home/airflow/.local/lib/python3.8/site-packages/airflow/example_dags/example_python_decorator.py took 0.050 seconds
[2024-03-16T19:26:08.944+0000] {processor.py:161} INFO - Started process (PID=622) to work on /home/airflow/.local/lib/python3.8/site-packages/airflow/example_dags/example_python_decorator.py
[2024-03-16T19:26:08.945+0000] {processor.py:830} INFO - Processing file /home/airflow/.local/lib/python3.8/site-packages/airflow/example_dags/example_python_decorator.py for tasks to queue
[2024-03-16T19:26:08.946+0000] {logging_mixin.py:188} INFO - [2024-03-16T19:26:08.946+0000] {dagbag.py:540} INFO - Filling up the DagBag from /home/airflow/.local/lib/python3.8/site-packages/airflow/example_dags/example_python_decorator.py
[2024-03-16T19:26:08.954+0000] {processor.py:840} INFO - DAG(s) 'example_python_decorator' retrieved from /home/airflow/.local/lib/python3.8/site-packages/airflow/example_dags/example_python_decorator.py
[2024-03-16T19:26:08.966+0000] {logging_mixin.py:188} INFO - [2024-03-16T19:26:08.966+0000] {dag.py:3047} INFO - Sync 1 DAGs
[2024-03-16T19:26:08.974+0000] {logging_mixin.py:188} INFO - [2024-03-16T19:26:08.973+0000] {dag.py:3834} INFO - Setting next_dagrun for example_python_decorator to None, run_after=None
[2024-03-16T19:26:08.986+0000] {processor.py:183} INFO - Processing /home/airflow/.local/lib/python3.8/site-packages/airflow/example_dags/example_python_decorator.py took 0.044 seconds
[2024-03-16T19:26:39.194+0000] {processor.py:161} INFO - Started process (PID=677) to work on /home/airflow/.local/lib/python3.8/site-packages/airflow/example_dags/example_python_decorator.py
[2024-03-16T19:26:39.195+0000] {processor.py:830} INFO - Processing file /home/airflow/.local/lib/python3.8/site-packages/airflow/example_dags/example_python_decorator.py for tasks to queue
[2024-03-16T19:26:39.196+0000] {logging_mixin.py:188} INFO - [2024-03-16T19:26:39.196+0000] {dagbag.py:540} INFO - Filling up the DagBag from /home/airflow/.local/lib/python3.8/site-packages/airflow/example_dags/example_python_decorator.py
[2024-03-16T19:26:39.204+0000] {processor.py:840} INFO - DAG(s) 'example_python_decorator' retrieved from /home/airflow/.local/lib/python3.8/site-packages/airflow/example_dags/example_python_decorator.py
[2024-03-16T19:26:39.218+0000] {logging_mixin.py:188} INFO - [2024-03-16T19:26:39.217+0000] {dag.py:3047} INFO - Sync 1 DAGs
[2024-03-16T19:26:39.226+0000] {logging_mixin.py:188} INFO - [2024-03-16T19:26:39.226+0000] {dag.py:3834} INFO - Setting next_dagrun for example_python_decorator to None, run_after=None
[2024-03-16T19:26:39.241+0000] {processor.py:183} INFO - Processing /home/airflow/.local/lib/python3.8/site-packages/airflow/example_dags/example_python_decorator.py took 0.049 seconds
[2024-03-16T19:27:09.372+0000] {processor.py:161} INFO - Started process (PID=732) to work on /home/airflow/.local/lib/python3.8/site-packages/airflow/example_dags/example_python_decorator.py
[2024-03-16T19:27:09.372+0000] {processor.py:830} INFO - Processing file /home/airflow/.local/lib/python3.8/site-packages/airflow/example_dags/example_python_decorator.py for tasks to queue
[2024-03-16T19:27:09.374+0000] {logging_mixin.py:188} INFO - [2024-03-16T19:27:09.374+0000] {dagbag.py:540} INFO - Filling up the DagBag from /home/airflow/.local/lib/python3.8/site-packages/airflow/example_dags/example_python_decorator.py
[2024-03-16T19:27:09.382+0000] {processor.py:840} INFO - DAG(s) 'example_python_decorator' retrieved from /home/airflow/.local/lib/python3.8/site-packages/airflow/example_dags/example_python_decorator.py
[2024-03-16T19:27:09.395+0000] {logging_mixin.py:188} INFO - [2024-03-16T19:27:09.395+0000] {dag.py:3047} INFO - Sync 1 DAGs
[2024-03-16T19:27:09.402+0000] {logging_mixin.py:188} INFO - [2024-03-16T19:27:09.402+0000] {dag.py:3834} INFO - Setting next_dagrun for example_python_decorator to None, run_after=None
[2024-03-16T19:27:09.416+0000] {processor.py:183} INFO - Processing /home/airflow/.local/lib/python3.8/site-packages/airflow/example_dags/example_python_decorator.py took 0.047 seconds
[2024-03-16T19:27:39.535+0000] {processor.py:161} INFO - Started process (PID=787) to work on /home/airflow/.local/lib/python3.8/site-packages/airflow/example_dags/example_python_decorator.py
[2024-03-16T19:27:39.535+0000] {processor.py:830} INFO - Processing file /home/airflow/.local/lib/python3.8/site-packages/airflow/example_dags/example_python_decorator.py for tasks to queue
[2024-03-16T19:27:39.536+0000] {logging_mixin.py:188} INFO - [2024-03-16T19:27:39.536+0000] {dagbag.py:540} INFO - Filling up the DagBag from /home/airflow/.local/lib/python3.8/site-packages/airflow/example_dags/example_python_decorator.py
[2024-03-16T19:27:39.545+0000] {processor.py:840} INFO - DAG(s) 'example_python_decorator' retrieved from /home/airflow/.local/lib/python3.8/site-packages/airflow/example_dags/example_python_decorator.py
[2024-03-16T19:27:39.559+0000] {logging_mixin.py:188} INFO - [2024-03-16T19:27:39.559+0000] {dag.py:3047} INFO - Sync 1 DAGs
[2024-03-16T19:27:39.567+0000] {logging_mixin.py:188} INFO - [2024-03-16T19:27:39.566+0000] {dag.py:3834} INFO - Setting next_dagrun for example_python_decorator to None, run_after=None
[2024-03-16T19:27:39.580+0000] {processor.py:183} INFO - Processing /home/airflow/.local/lib/python3.8/site-packages/airflow/example_dags/example_python_decorator.py took 0.048 seconds
[2024-03-16T19:28:10.306+0000] {processor.py:161} INFO - Started process (PID=842) to work on /home/airflow/.local/lib/python3.8/site-packages/airflow/example_dags/example_python_decorator.py
[2024-03-16T19:28:10.307+0000] {processor.py:830} INFO - Processing file /home/airflow/.local/lib/python3.8/site-packages/airflow/example_dags/example_python_decorator.py for tasks to queue
[2024-03-16T19:28:10.308+0000] {logging_mixin.py:188} INFO - [2024-03-16T19:28:10.308+0000] {dagbag.py:540} INFO - Filling up the DagBag from /home/airflow/.local/lib/python3.8/site-packages/airflow/example_dags/example_python_decorator.py
[2024-03-16T19:28:10.316+0000] {processor.py:840} INFO - DAG(s) 'example_python_decorator' retrieved from /home/airflow/.local/lib/python3.8/site-packages/airflow/example_dags/example_python_decorator.py
[2024-03-16T19:28:10.329+0000] {logging_mixin.py:188} INFO - [2024-03-16T19:28:10.329+0000] {dag.py:3047} INFO - Sync 1 DAGs
[2024-03-16T19:28:10.336+0000] {logging_mixin.py:188} INFO - [2024-03-16T19:28:10.336+0000] {dag.py:3834} INFO - Setting next_dagrun for example_python_decorator to None, run_after=None
[2024-03-16T19:28:10.349+0000] {processor.py:183} INFO - Processing /home/airflow/.local/lib/python3.8/site-packages/airflow/example_dags/example_python_decorator.py took 0.045 seconds
[2024-03-16T19:28:41.124+0000] {processor.py:161} INFO - Started process (PID=897) to work on /home/airflow/.local/lib/python3.8/site-packages/airflow/example_dags/example_python_decorator.py
[2024-03-16T19:28:41.124+0000] {processor.py:830} INFO - Processing file /home/airflow/.local/lib/python3.8/site-packages/airflow/example_dags/example_python_decorator.py for tasks to queue
[2024-03-16T19:28:41.126+0000] {logging_mixin.py:188} INFO - [2024-03-16T19:28:41.125+0000] {dagbag.py:540} INFO - Filling up the DagBag from /home/airflow/.local/lib/python3.8/site-packages/airflow/example_dags/example_python_decorator.py
[2024-03-16T19:28:41.135+0000] {processor.py:840} INFO - DAG(s) 'example_python_decorator' retrieved from /home/airflow/.local/lib/python3.8/site-packages/airflow/example_dags/example_python_decorator.py
[2024-03-16T19:28:41.148+0000] {logging_mixin.py:188} INFO - [2024-03-16T19:28:41.148+0000] {dag.py:3047} INFO - Sync 1 DAGs
[2024-03-16T19:28:41.155+0000] {logging_mixin.py:188} INFO - [2024-03-16T19:28:41.155+0000] {dag.py:3834} INFO - Setting next_dagrun for example_python_decorator to None, run_after=None
[2024-03-16T19:28:41.168+0000] {processor.py:183} INFO - Processing /home/airflow/.local/lib/python3.8/site-packages/airflow/example_dags/example_python_decorator.py took 0.046 seconds
