[2024-03-16T19:21:01.917+0000] {processor.py:161} INFO - Started process (PID=51) to work on /home/airflow/.local/lib/python3.8/site-packages/airflow/example_dags/example_xcom.py
[2024-03-16T19:21:01.918+0000] {processor.py:830} INFO - Processing file /home/airflow/.local/lib/python3.8/site-packages/airflow/example_dags/example_xcom.py for tasks to queue
[2024-03-16T19:21:01.919+0000] {logging_mixin.py:188} INFO - [2024-03-16T19:21:01.919+0000] {dagbag.py:540} INFO - Filling up the DagBag from /home/airflow/.local/lib/python3.8/site-packages/airflow/example_dags/example_xcom.py
[2024-03-16T19:21:01.926+0000] {processor.py:840} INFO - DAG(s) 'example_xcom' retrieved from /home/airflow/.local/lib/python3.8/site-packages/airflow/example_dags/example_xcom.py
[2024-03-16T19:21:01.933+0000] {logging_mixin.py:188} INFO - [2024-03-16T19:21:01.933+0000] {dag.py:3047} INFO - Sync 1 DAGs
[2024-03-16T19:21:01.949+0000] {logging_mixin.py:188} INFO - [2024-03-16T19:21:01.949+0000] {dag.py:3834} INFO - Setting next_dagrun for example_xcom to 2021-01-01 00:00:00+00:00, run_after=2021-01-01 00:00:00+00:00
[2024-03-16T19:21:01.965+0000] {processor.py:183} INFO - Processing /home/airflow/.local/lib/python3.8/site-packages/airflow/example_dags/example_xcom.py took 0.050 seconds
[2024-03-16T19:21:32.638+0000] {processor.py:161} INFO - Started process (PID=106) to work on /home/airflow/.local/lib/python3.8/site-packages/airflow/example_dags/example_xcom.py
[2024-03-16T19:21:32.639+0000] {processor.py:830} INFO - Processing file /home/airflow/.local/lib/python3.8/site-packages/airflow/example_dags/example_xcom.py for tasks to queue
[2024-03-16T19:21:32.640+0000] {logging_mixin.py:188} INFO - [2024-03-16T19:21:32.640+0000] {dagbag.py:540} INFO - Filling up the DagBag from /home/airflow/.local/lib/python3.8/site-packages/airflow/example_dags/example_xcom.py
[2024-03-16T19:21:32.644+0000] {processor.py:840} INFO - DAG(s) 'example_xcom' retrieved from /home/airflow/.local/lib/python3.8/site-packages/airflow/example_dags/example_xcom.py
[2024-03-16T19:21:32.707+0000] {logging_mixin.py:188} INFO - [2024-03-16T19:21:32.707+0000] {dag.py:3047} INFO - Sync 1 DAGs
[2024-03-16T19:21:32.720+0000] {logging_mixin.py:188} INFO - [2024-03-16T19:21:32.720+0000] {dag.py:3834} INFO - Setting next_dagrun for example_xcom to 2021-01-01 00:00:00+00:00, run_after=2021-01-01 00:00:00+00:00
[2024-03-16T19:21:32.733+0000] {processor.py:183} INFO - Processing /home/airflow/.local/lib/python3.8/site-packages/airflow/example_dags/example_xcom.py took 0.097 seconds
[2024-03-16T19:22:03.725+0000] {processor.py:161} INFO - Started process (PID=161) to work on /home/airflow/.local/lib/python3.8/site-packages/airflow/example_dags/example_xcom.py
[2024-03-16T19:22:03.726+0000] {processor.py:830} INFO - Processing file /home/airflow/.local/lib/python3.8/site-packages/airflow/example_dags/example_xcom.py for tasks to queue
[2024-03-16T19:22:03.727+0000] {logging_mixin.py:188} INFO - [2024-03-16T19:22:03.727+0000] {dagbag.py:540} INFO - Filling up the DagBag from /home/airflow/.local/lib/python3.8/site-packages/airflow/example_dags/example_xcom.py
[2024-03-16T19:22:03.732+0000] {processor.py:840} INFO - DAG(s) 'example_xcom' retrieved from /home/airflow/.local/lib/python3.8/site-packages/airflow/example_dags/example_xcom.py
[2024-03-16T19:22:03.745+0000] {logging_mixin.py:188} INFO - [2024-03-16T19:22:03.745+0000] {dag.py:3047} INFO - Sync 1 DAGs
[2024-03-16T19:22:03.757+0000] {logging_mixin.py:188} INFO - [2024-03-16T19:22:03.757+0000] {dag.py:3834} INFO - Setting next_dagrun for example_xcom to 2021-01-01 00:00:00+00:00, run_after=2021-01-01 00:00:00+00:00
[2024-03-16T19:22:03.770+0000] {processor.py:183} INFO - Processing /home/airflow/.local/lib/python3.8/site-packages/airflow/example_dags/example_xcom.py took 0.047 seconds
[2024-03-16T19:22:33.824+0000] {processor.py:161} INFO - Started process (PID=216) to work on /home/airflow/.local/lib/python3.8/site-packages/airflow/example_dags/example_xcom.py
[2024-03-16T19:22:33.825+0000] {processor.py:830} INFO - Processing file /home/airflow/.local/lib/python3.8/site-packages/airflow/example_dags/example_xcom.py for tasks to queue
[2024-03-16T19:22:33.826+0000] {logging_mixin.py:188} INFO - [2024-03-16T19:22:33.826+0000] {dagbag.py:540} INFO - Filling up the DagBag from /home/airflow/.local/lib/python3.8/site-packages/airflow/example_dags/example_xcom.py
[2024-03-16T19:22:33.831+0000] {processor.py:840} INFO - DAG(s) 'example_xcom' retrieved from /home/airflow/.local/lib/python3.8/site-packages/airflow/example_dags/example_xcom.py
[2024-03-16T19:22:33.846+0000] {logging_mixin.py:188} INFO - [2024-03-16T19:22:33.846+0000] {dag.py:3047} INFO - Sync 1 DAGs
[2024-03-16T19:22:33.862+0000] {logging_mixin.py:188} INFO - [2024-03-16T19:22:33.861+0000] {dag.py:3834} INFO - Setting next_dagrun for example_xcom to 2021-01-01 00:00:00+00:00, run_after=2021-01-01 00:00:00+00:00
[2024-03-16T19:22:33.877+0000] {processor.py:183} INFO - Processing /home/airflow/.local/lib/python3.8/site-packages/airflow/example_dags/example_xcom.py took 0.055 seconds
[2024-03-16T19:23:03.958+0000] {processor.py:161} INFO - Started process (PID=271) to work on /home/airflow/.local/lib/python3.8/site-packages/airflow/example_dags/example_xcom.py
[2024-03-16T19:23:03.958+0000] {processor.py:830} INFO - Processing file /home/airflow/.local/lib/python3.8/site-packages/airflow/example_dags/example_xcom.py for tasks to queue
[2024-03-16T19:23:03.960+0000] {logging_mixin.py:188} INFO - [2024-03-16T19:23:03.960+0000] {dagbag.py:540} INFO - Filling up the DagBag from /home/airflow/.local/lib/python3.8/site-packages/airflow/example_dags/example_xcom.py
[2024-03-16T19:23:03.965+0000] {processor.py:840} INFO - DAG(s) 'example_xcom' retrieved from /home/airflow/.local/lib/python3.8/site-packages/airflow/example_dags/example_xcom.py
[2024-03-16T19:23:03.980+0000] {logging_mixin.py:188} INFO - [2024-03-16T19:23:03.979+0000] {dag.py:3047} INFO - Sync 1 DAGs
[2024-03-16T19:23:03.994+0000] {logging_mixin.py:188} INFO - [2024-03-16T19:23:03.994+0000] {dag.py:3834} INFO - Setting next_dagrun for example_xcom to 2021-01-01 00:00:00+00:00, run_after=2021-01-01 00:00:00+00:00
[2024-03-16T19:23:04.008+0000] {processor.py:183} INFO - Processing /home/airflow/.local/lib/python3.8/site-packages/airflow/example_dags/example_xcom.py took 0.054 seconds
[2024-03-16T19:23:34.071+0000] {processor.py:161} INFO - Started process (PID=326) to work on /home/airflow/.local/lib/python3.8/site-packages/airflow/example_dags/example_xcom.py
[2024-03-16T19:23:34.072+0000] {processor.py:830} INFO - Processing file /home/airflow/.local/lib/python3.8/site-packages/airflow/example_dags/example_xcom.py for tasks to queue
[2024-03-16T19:23:34.073+0000] {logging_mixin.py:188} INFO - [2024-03-16T19:23:34.073+0000] {dagbag.py:540} INFO - Filling up the DagBag from /home/airflow/.local/lib/python3.8/site-packages/airflow/example_dags/example_xcom.py
[2024-03-16T19:23:34.078+0000] {processor.py:840} INFO - DAG(s) 'example_xcom' retrieved from /home/airflow/.local/lib/python3.8/site-packages/airflow/example_dags/example_xcom.py
[2024-03-16T19:23:34.092+0000] {logging_mixin.py:188} INFO - [2024-03-16T19:23:34.092+0000] {dag.py:3047} INFO - Sync 1 DAGs
[2024-03-16T19:23:34.106+0000] {logging_mixin.py:188} INFO - [2024-03-16T19:23:34.106+0000] {dag.py:3834} INFO - Setting next_dagrun for example_xcom to 2021-01-01 00:00:00+00:00, run_after=2021-01-01 00:00:00+00:00
[2024-03-16T19:23:34.122+0000] {processor.py:183} INFO - Processing /home/airflow/.local/lib/python3.8/site-packages/airflow/example_dags/example_xcom.py took 0.053 seconds
[2024-03-16T19:24:05.039+0000] {processor.py:161} INFO - Started process (PID=381) to work on /home/airflow/.local/lib/python3.8/site-packages/airflow/example_dags/example_xcom.py
[2024-03-16T19:24:05.040+0000] {processor.py:830} INFO - Processing file /home/airflow/.local/lib/python3.8/site-packages/airflow/example_dags/example_xcom.py for tasks to queue
[2024-03-16T19:24:05.041+0000] {logging_mixin.py:188} INFO - [2024-03-16T19:24:05.041+0000] {dagbag.py:540} INFO - Filling up the DagBag from /home/airflow/.local/lib/python3.8/site-packages/airflow/example_dags/example_xcom.py
[2024-03-16T19:24:05.046+0000] {processor.py:840} INFO - DAG(s) 'example_xcom' retrieved from /home/airflow/.local/lib/python3.8/site-packages/airflow/example_dags/example_xcom.py
[2024-03-16T19:24:05.060+0000] {logging_mixin.py:188} INFO - [2024-03-16T19:24:05.060+0000] {dag.py:3047} INFO - Sync 1 DAGs
[2024-03-16T19:24:05.073+0000] {logging_mixin.py:188} INFO - [2024-03-16T19:24:05.073+0000] {dag.py:3834} INFO - Setting next_dagrun for example_xcom to 2021-01-01 00:00:00+00:00, run_after=2021-01-01 00:00:00+00:00
[2024-03-16T19:24:05.090+0000] {processor.py:183} INFO - Processing /home/airflow/.local/lib/python3.8/site-packages/airflow/example_dags/example_xcom.py took 0.053 seconds
[2024-03-16T19:24:35.191+0000] {processor.py:161} INFO - Started process (PID=436) to work on /home/airflow/.local/lib/python3.8/site-packages/airflow/example_dags/example_xcom.py
[2024-03-16T19:24:35.192+0000] {processor.py:830} INFO - Processing file /home/airflow/.local/lib/python3.8/site-packages/airflow/example_dags/example_xcom.py for tasks to queue
[2024-03-16T19:24:35.193+0000] {logging_mixin.py:188} INFO - [2024-03-16T19:24:35.193+0000] {dagbag.py:540} INFO - Filling up the DagBag from /home/airflow/.local/lib/python3.8/site-packages/airflow/example_dags/example_xcom.py
[2024-03-16T19:24:35.197+0000] {processor.py:840} INFO - DAG(s) 'example_xcom' retrieved from /home/airflow/.local/lib/python3.8/site-packages/airflow/example_dags/example_xcom.py
[2024-03-16T19:24:35.212+0000] {logging_mixin.py:188} INFO - [2024-03-16T19:24:35.212+0000] {dag.py:3047} INFO - Sync 1 DAGs
[2024-03-16T19:24:35.226+0000] {logging_mixin.py:188} INFO - [2024-03-16T19:24:35.226+0000] {dag.py:3834} INFO - Setting next_dagrun for example_xcom to 2021-01-01 00:00:00+00:00, run_after=2021-01-01 00:00:00+00:00
[2024-03-16T19:24:35.242+0000] {processor.py:183} INFO - Processing /home/airflow/.local/lib/python3.8/site-packages/airflow/example_dags/example_xcom.py took 0.053 seconds
[2024-03-16T19:25:05.427+0000] {processor.py:161} INFO - Started process (PID=491) to work on /home/airflow/.local/lib/python3.8/site-packages/airflow/example_dags/example_xcom.py
[2024-03-16T19:25:05.428+0000] {processor.py:830} INFO - Processing file /home/airflow/.local/lib/python3.8/site-packages/airflow/example_dags/example_xcom.py for tasks to queue
[2024-03-16T19:25:05.429+0000] {logging_mixin.py:188} INFO - [2024-03-16T19:25:05.429+0000] {dagbag.py:540} INFO - Filling up the DagBag from /home/airflow/.local/lib/python3.8/site-packages/airflow/example_dags/example_xcom.py
[2024-03-16T19:25:05.433+0000] {processor.py:840} INFO - DAG(s) 'example_xcom' retrieved from /home/airflow/.local/lib/python3.8/site-packages/airflow/example_dags/example_xcom.py
[2024-03-16T19:25:05.446+0000] {logging_mixin.py:188} INFO - [2024-03-16T19:25:05.446+0000] {dag.py:3047} INFO - Sync 1 DAGs
[2024-03-16T19:25:05.459+0000] {logging_mixin.py:188} INFO - [2024-03-16T19:25:05.459+0000] {dag.py:3834} INFO - Setting next_dagrun for example_xcom to 2021-01-01 00:00:00+00:00, run_after=2021-01-01 00:00:00+00:00
[2024-03-16T19:25:05.475+0000] {processor.py:183} INFO - Processing /home/airflow/.local/lib/python3.8/site-packages/airflow/example_dags/example_xcom.py took 0.051 seconds
[2024-03-16T19:25:36.192+0000] {processor.py:161} INFO - Started process (PID=546) to work on /home/airflow/.local/lib/python3.8/site-packages/airflow/example_dags/example_xcom.py
[2024-03-16T19:25:36.193+0000] {processor.py:830} INFO - Processing file /home/airflow/.local/lib/python3.8/site-packages/airflow/example_dags/example_xcom.py for tasks to queue
[2024-03-16T19:25:36.194+0000] {logging_mixin.py:188} INFO - [2024-03-16T19:25:36.194+0000] {dagbag.py:540} INFO - Filling up the DagBag from /home/airflow/.local/lib/python3.8/site-packages/airflow/example_dags/example_xcom.py
[2024-03-16T19:25:36.199+0000] {processor.py:840} INFO - DAG(s) 'example_xcom' retrieved from /home/airflow/.local/lib/python3.8/site-packages/airflow/example_dags/example_xcom.py
[2024-03-16T19:25:36.213+0000] {logging_mixin.py:188} INFO - [2024-03-16T19:25:36.213+0000] {dag.py:3047} INFO - Sync 1 DAGs
[2024-03-16T19:25:36.226+0000] {logging_mixin.py:188} INFO - [2024-03-16T19:25:36.226+0000] {dag.py:3834} INFO - Setting next_dagrun for example_xcom to 2021-01-01 00:00:00+00:00, run_after=2021-01-01 00:00:00+00:00
[2024-03-16T19:25:36.240+0000] {processor.py:183} INFO - Processing /home/airflow/.local/lib/python3.8/site-packages/airflow/example_dags/example_xcom.py took 0.050 seconds
[2024-03-16T19:26:07.111+0000] {processor.py:161} INFO - Started process (PID=601) to work on /home/airflow/.local/lib/python3.8/site-packages/airflow/example_dags/example_xcom.py
[2024-03-16T19:26:07.112+0000] {processor.py:830} INFO - Processing file /home/airflow/.local/lib/python3.8/site-packages/airflow/example_dags/example_xcom.py for tasks to queue
[2024-03-16T19:26:07.114+0000] {logging_mixin.py:188} INFO - [2024-03-16T19:26:07.113+0000] {dagbag.py:540} INFO - Filling up the DagBag from /home/airflow/.local/lib/python3.8/site-packages/airflow/example_dags/example_xcom.py
[2024-03-16T19:26:07.119+0000] {processor.py:840} INFO - DAG(s) 'example_xcom' retrieved from /home/airflow/.local/lib/python3.8/site-packages/airflow/example_dags/example_xcom.py
[2024-03-16T19:26:07.133+0000] {logging_mixin.py:188} INFO - [2024-03-16T19:26:07.133+0000] {dag.py:3047} INFO - Sync 1 DAGs
[2024-03-16T19:26:07.147+0000] {logging_mixin.py:188} INFO - [2024-03-16T19:26:07.147+0000] {dag.py:3834} INFO - Setting next_dagrun for example_xcom to 2021-01-01 00:00:00+00:00, run_after=2021-01-01 00:00:00+00:00
[2024-03-16T19:26:07.162+0000] {processor.py:183} INFO - Processing /home/airflow/.local/lib/python3.8/site-packages/airflow/example_dags/example_xcom.py took 0.053 seconds
[2024-03-16T19:26:37.300+0000] {processor.py:161} INFO - Started process (PID=656) to work on /home/airflow/.local/lib/python3.8/site-packages/airflow/example_dags/example_xcom.py
[2024-03-16T19:26:37.300+0000] {processor.py:830} INFO - Processing file /home/airflow/.local/lib/python3.8/site-packages/airflow/example_dags/example_xcom.py for tasks to queue
[2024-03-16T19:26:37.301+0000] {logging_mixin.py:188} INFO - [2024-03-16T19:26:37.301+0000] {dagbag.py:540} INFO - Filling up the DagBag from /home/airflow/.local/lib/python3.8/site-packages/airflow/example_dags/example_xcom.py
[2024-03-16T19:26:37.306+0000] {processor.py:840} INFO - DAG(s) 'example_xcom' retrieved from /home/airflow/.local/lib/python3.8/site-packages/airflow/example_dags/example_xcom.py
[2024-03-16T19:26:37.318+0000] {logging_mixin.py:188} INFO - [2024-03-16T19:26:37.318+0000] {dag.py:3047} INFO - Sync 1 DAGs
[2024-03-16T19:26:37.330+0000] {logging_mixin.py:188} INFO - [2024-03-16T19:26:37.330+0000] {dag.py:3834} INFO - Setting next_dagrun for example_xcom to 2021-01-01 00:00:00+00:00, run_after=2021-01-01 00:00:00+00:00
[2024-03-16T19:26:37.344+0000] {processor.py:183} INFO - Processing /home/airflow/.local/lib/python3.8/site-packages/airflow/example_dags/example_xcom.py took 0.046 seconds
[2024-03-16T19:27:07.554+0000] {processor.py:161} INFO - Started process (PID=711) to work on /home/airflow/.local/lib/python3.8/site-packages/airflow/example_dags/example_xcom.py
[2024-03-16T19:27:07.555+0000] {processor.py:830} INFO - Processing file /home/airflow/.local/lib/python3.8/site-packages/airflow/example_dags/example_xcom.py for tasks to queue
[2024-03-16T19:27:07.556+0000] {logging_mixin.py:188} INFO - [2024-03-16T19:27:07.556+0000] {dagbag.py:540} INFO - Filling up the DagBag from /home/airflow/.local/lib/python3.8/site-packages/airflow/example_dags/example_xcom.py
[2024-03-16T19:27:07.562+0000] {processor.py:840} INFO - DAG(s) 'example_xcom' retrieved from /home/airflow/.local/lib/python3.8/site-packages/airflow/example_dags/example_xcom.py
[2024-03-16T19:27:07.575+0000] {logging_mixin.py:188} INFO - [2024-03-16T19:27:07.575+0000] {dag.py:3047} INFO - Sync 1 DAGs
[2024-03-16T19:27:07.589+0000] {logging_mixin.py:188} INFO - [2024-03-16T19:27:07.588+0000] {dag.py:3834} INFO - Setting next_dagrun for example_xcom to 2021-01-01 00:00:00+00:00, run_after=2021-01-01 00:00:00+00:00
[2024-03-16T19:27:07.603+0000] {processor.py:183} INFO - Processing /home/airflow/.local/lib/python3.8/site-packages/airflow/example_dags/example_xcom.py took 0.051 seconds
[2024-03-16T19:27:37.684+0000] {processor.py:161} INFO - Started process (PID=766) to work on /home/airflow/.local/lib/python3.8/site-packages/airflow/example_dags/example_xcom.py
[2024-03-16T19:27:37.685+0000] {processor.py:830} INFO - Processing file /home/airflow/.local/lib/python3.8/site-packages/airflow/example_dags/example_xcom.py for tasks to queue
[2024-03-16T19:27:37.686+0000] {logging_mixin.py:188} INFO - [2024-03-16T19:27:37.686+0000] {dagbag.py:540} INFO - Filling up the DagBag from /home/airflow/.local/lib/python3.8/site-packages/airflow/example_dags/example_xcom.py
[2024-03-16T19:27:37.691+0000] {processor.py:840} INFO - DAG(s) 'example_xcom' retrieved from /home/airflow/.local/lib/python3.8/site-packages/airflow/example_dags/example_xcom.py
[2024-03-16T19:27:37.706+0000] {logging_mixin.py:188} INFO - [2024-03-16T19:27:37.706+0000] {dag.py:3047} INFO - Sync 1 DAGs
[2024-03-16T19:27:37.721+0000] {logging_mixin.py:188} INFO - [2024-03-16T19:27:37.721+0000] {dag.py:3834} INFO - Setting next_dagrun for example_xcom to 2021-01-01 00:00:00+00:00, run_after=2021-01-01 00:00:00+00:00
[2024-03-16T19:27:37.735+0000] {processor.py:183} INFO - Processing /home/airflow/.local/lib/python3.8/site-packages/airflow/example_dags/example_xcom.py took 0.053 seconds
[2024-03-16T19:28:08.510+0000] {processor.py:161} INFO - Started process (PID=821) to work on /home/airflow/.local/lib/python3.8/site-packages/airflow/example_dags/example_xcom.py
[2024-03-16T19:28:08.511+0000] {processor.py:830} INFO - Processing file /home/airflow/.local/lib/python3.8/site-packages/airflow/example_dags/example_xcom.py for tasks to queue
[2024-03-16T19:28:08.513+0000] {logging_mixin.py:188} INFO - [2024-03-16T19:28:08.512+0000] {dagbag.py:540} INFO - Filling up the DagBag from /home/airflow/.local/lib/python3.8/site-packages/airflow/example_dags/example_xcom.py
[2024-03-16T19:28:08.521+0000] {processor.py:840} INFO - DAG(s) 'example_xcom' retrieved from /home/airflow/.local/lib/python3.8/site-packages/airflow/example_dags/example_xcom.py
[2024-03-16T19:28:08.539+0000] {logging_mixin.py:188} INFO - [2024-03-16T19:28:08.539+0000] {dag.py:3047} INFO - Sync 1 DAGs
[2024-03-16T19:28:08.557+0000] {logging_mixin.py:188} INFO - [2024-03-16T19:28:08.556+0000] {dag.py:3834} INFO - Setting next_dagrun for example_xcom to 2021-01-01 00:00:00+00:00, run_after=2021-01-01 00:00:00+00:00
[2024-03-16T19:28:08.570+0000] {processor.py:183} INFO - Processing /home/airflow/.local/lib/python3.8/site-packages/airflow/example_dags/example_xcom.py took 0.062 seconds
[2024-03-16T19:28:39.337+0000] {processor.py:161} INFO - Started process (PID=876) to work on /home/airflow/.local/lib/python3.8/site-packages/airflow/example_dags/example_xcom.py
[2024-03-16T19:28:39.338+0000] {processor.py:830} INFO - Processing file /home/airflow/.local/lib/python3.8/site-packages/airflow/example_dags/example_xcom.py for tasks to queue
[2024-03-16T19:28:39.339+0000] {logging_mixin.py:188} INFO - [2024-03-16T19:28:39.339+0000] {dagbag.py:540} INFO - Filling up the DagBag from /home/airflow/.local/lib/python3.8/site-packages/airflow/example_dags/example_xcom.py
[2024-03-16T19:28:39.344+0000] {processor.py:840} INFO - DAG(s) 'example_xcom' retrieved from /home/airflow/.local/lib/python3.8/site-packages/airflow/example_dags/example_xcom.py
[2024-03-16T19:28:39.357+0000] {logging_mixin.py:188} INFO - [2024-03-16T19:28:39.356+0000] {dag.py:3047} INFO - Sync 1 DAGs
[2024-03-16T19:28:39.370+0000] {logging_mixin.py:188} INFO - [2024-03-16T19:28:39.369+0000] {dag.py:3834} INFO - Setting next_dagrun for example_xcom to 2021-01-01 00:00:00+00:00, run_after=2021-01-01 00:00:00+00:00
[2024-03-16T19:28:39.383+0000] {processor.py:183} INFO - Processing /home/airflow/.local/lib/python3.8/site-packages/airflow/example_dags/example_xcom.py took 0.048 seconds
