[2024-03-16T19:21:02.075+0000] {processor.py:161} INFO - Started process (PID=54) to work on /home/airflow/.local/lib/python3.8/site-packages/airflow/example_dags/example_branch_labels.py
[2024-03-16T19:21:02.076+0000] {processor.py:830} INFO - Processing file /home/airflow/.local/lib/python3.8/site-packages/airflow/example_dags/example_branch_labels.py for tasks to queue
[2024-03-16T19:21:02.078+0000] {logging_mixin.py:188} INFO - [2024-03-16T19:21:02.077+0000] {dagbag.py:540} INFO - Filling up the DagBag from /home/airflow/.local/lib/python3.8/site-packages/airflow/example_dags/example_branch_labels.py
[2024-03-16T19:21:02.086+0000] {processor.py:840} INFO - DAG(s) 'example_branch_labels' retrieved from /home/airflow/.local/lib/python3.8/site-packages/airflow/example_dags/example_branch_labels.py
[2024-03-16T19:21:02.095+0000] {logging_mixin.py:188} INFO - [2024-03-16T19:21:02.095+0000] {dag.py:3047} INFO - Sync 1 DAGs
[2024-03-16T19:21:02.117+0000] {logging_mixin.py:188} INFO - [2024-03-16T19:21:02.117+0000] {dag.py:3834} INFO - Setting next_dagrun for example_branch_labels to 2024-03-15 00:00:00+00:00, run_after=2024-03-16 00:00:00+00:00
[2024-03-16T19:21:02.134+0000] {processor.py:183} INFO - Processing /home/airflow/.local/lib/python3.8/site-packages/airflow/example_dags/example_branch_labels.py took 0.061 seconds
[2024-03-16T19:21:32.844+0000] {processor.py:161} INFO - Started process (PID=109) to work on /home/airflow/.local/lib/python3.8/site-packages/airflow/example_dags/example_branch_labels.py
[2024-03-16T19:21:32.845+0000] {processor.py:830} INFO - Processing file /home/airflow/.local/lib/python3.8/site-packages/airflow/example_dags/example_branch_labels.py for tasks to queue
[2024-03-16T19:21:32.847+0000] {logging_mixin.py:188} INFO - [2024-03-16T19:21:32.846+0000] {dagbag.py:540} INFO - Filling up the DagBag from /home/airflow/.local/lib/python3.8/site-packages/airflow/example_dags/example_branch_labels.py
[2024-03-16T19:21:32.851+0000] {processor.py:840} INFO - DAG(s) 'example_branch_labels' retrieved from /home/airflow/.local/lib/python3.8/site-packages/airflow/example_dags/example_branch_labels.py
[2024-03-16T19:21:32.912+0000] {logging_mixin.py:188} INFO - [2024-03-16T19:21:32.912+0000] {dag.py:3047} INFO - Sync 1 DAGs
[2024-03-16T19:21:32.924+0000] {logging_mixin.py:188} INFO - [2024-03-16T19:21:32.924+0000] {dag.py:3834} INFO - Setting next_dagrun for example_branch_labels to 2024-03-15 00:00:00+00:00, run_after=2024-03-16 00:00:00+00:00
[2024-03-16T19:21:32.936+0000] {processor.py:183} INFO - Processing /home/airflow/.local/lib/python3.8/site-packages/airflow/example_dags/example_branch_labels.py took 0.093 seconds
[2024-03-16T19:22:03.858+0000] {processor.py:161} INFO - Started process (PID=164) to work on /home/airflow/.local/lib/python3.8/site-packages/airflow/example_dags/example_branch_labels.py
[2024-03-16T19:22:03.859+0000] {processor.py:830} INFO - Processing file /home/airflow/.local/lib/python3.8/site-packages/airflow/example_dags/example_branch_labels.py for tasks to queue
[2024-03-16T19:22:03.860+0000] {logging_mixin.py:188} INFO - [2024-03-16T19:22:03.860+0000] {dagbag.py:540} INFO - Filling up the DagBag from /home/airflow/.local/lib/python3.8/site-packages/airflow/example_dags/example_branch_labels.py
[2024-03-16T19:22:03.865+0000] {processor.py:840} INFO - DAG(s) 'example_branch_labels' retrieved from /home/airflow/.local/lib/python3.8/site-packages/airflow/example_dags/example_branch_labels.py
[2024-03-16T19:22:03.878+0000] {logging_mixin.py:188} INFO - [2024-03-16T19:22:03.878+0000] {dag.py:3047} INFO - Sync 1 DAGs
[2024-03-16T19:22:03.891+0000] {logging_mixin.py:188} INFO - [2024-03-16T19:22:03.891+0000] {dag.py:3834} INFO - Setting next_dagrun for example_branch_labels to 2024-03-15 00:00:00+00:00, run_after=2024-03-16 00:00:00+00:00
[2024-03-16T19:22:03.904+0000] {processor.py:183} INFO - Processing /home/airflow/.local/lib/python3.8/site-packages/airflow/example_dags/example_branch_labels.py took 0.048 seconds
[2024-03-16T19:22:33.974+0000] {processor.py:161} INFO - Started process (PID=219) to work on /home/airflow/.local/lib/python3.8/site-packages/airflow/example_dags/example_branch_labels.py
[2024-03-16T19:22:33.975+0000] {processor.py:830} INFO - Processing file /home/airflow/.local/lib/python3.8/site-packages/airflow/example_dags/example_branch_labels.py for tasks to queue
[2024-03-16T19:22:33.976+0000] {logging_mixin.py:188} INFO - [2024-03-16T19:22:33.976+0000] {dagbag.py:540} INFO - Filling up the DagBag from /home/airflow/.local/lib/python3.8/site-packages/airflow/example_dags/example_branch_labels.py
[2024-03-16T19:22:33.981+0000] {processor.py:840} INFO - DAG(s) 'example_branch_labels' retrieved from /home/airflow/.local/lib/python3.8/site-packages/airflow/example_dags/example_branch_labels.py
[2024-03-16T19:22:33.994+0000] {logging_mixin.py:188} INFO - [2024-03-16T19:22:33.994+0000] {dag.py:3047} INFO - Sync 1 DAGs
[2024-03-16T19:22:34.008+0000] {logging_mixin.py:188} INFO - [2024-03-16T19:22:34.008+0000] {dag.py:3834} INFO - Setting next_dagrun for example_branch_labels to 2024-03-15 00:00:00+00:00, run_after=2024-03-16 00:00:00+00:00
[2024-03-16T19:22:34.023+0000] {processor.py:183} INFO - Processing /home/airflow/.local/lib/python3.8/site-packages/airflow/example_dags/example_branch_labels.py took 0.051 seconds
[2024-03-16T19:23:04.110+0000] {processor.py:161} INFO - Started process (PID=274) to work on /home/airflow/.local/lib/python3.8/site-packages/airflow/example_dags/example_branch_labels.py
[2024-03-16T19:23:04.111+0000] {processor.py:830} INFO - Processing file /home/airflow/.local/lib/python3.8/site-packages/airflow/example_dags/example_branch_labels.py for tasks to queue
[2024-03-16T19:23:04.112+0000] {logging_mixin.py:188} INFO - [2024-03-16T19:23:04.112+0000] {dagbag.py:540} INFO - Filling up the DagBag from /home/airflow/.local/lib/python3.8/site-packages/airflow/example_dags/example_branch_labels.py
[2024-03-16T19:23:04.118+0000] {processor.py:840} INFO - DAG(s) 'example_branch_labels' retrieved from /home/airflow/.local/lib/python3.8/site-packages/airflow/example_dags/example_branch_labels.py
[2024-03-16T19:23:04.132+0000] {logging_mixin.py:188} INFO - [2024-03-16T19:23:04.132+0000] {dag.py:3047} INFO - Sync 1 DAGs
[2024-03-16T19:23:04.147+0000] {logging_mixin.py:188} INFO - [2024-03-16T19:23:04.147+0000] {dag.py:3834} INFO - Setting next_dagrun for example_branch_labels to 2024-03-15 00:00:00+00:00, run_after=2024-03-16 00:00:00+00:00
[2024-03-16T19:23:04.162+0000] {processor.py:183} INFO - Processing /home/airflow/.local/lib/python3.8/site-packages/airflow/example_dags/example_branch_labels.py took 0.054 seconds
[2024-03-16T19:23:34.198+0000] {processor.py:161} INFO - Started process (PID=329) to work on /home/airflow/.local/lib/python3.8/site-packages/airflow/example_dags/example_branch_labels.py
[2024-03-16T19:23:34.199+0000] {processor.py:830} INFO - Processing file /home/airflow/.local/lib/python3.8/site-packages/airflow/example_dags/example_branch_labels.py for tasks to queue
[2024-03-16T19:23:34.200+0000] {logging_mixin.py:188} INFO - [2024-03-16T19:23:34.200+0000] {dagbag.py:540} INFO - Filling up the DagBag from /home/airflow/.local/lib/python3.8/site-packages/airflow/example_dags/example_branch_labels.py
[2024-03-16T19:23:34.205+0000] {processor.py:840} INFO - DAG(s) 'example_branch_labels' retrieved from /home/airflow/.local/lib/python3.8/site-packages/airflow/example_dags/example_branch_labels.py
[2024-03-16T19:23:34.219+0000] {logging_mixin.py:188} INFO - [2024-03-16T19:23:34.219+0000] {dag.py:3047} INFO - Sync 1 DAGs
[2024-03-16T19:23:34.234+0000] {logging_mixin.py:188} INFO - [2024-03-16T19:23:34.234+0000] {dag.py:3834} INFO - Setting next_dagrun for example_branch_labels to 2024-03-15 00:00:00+00:00, run_after=2024-03-16 00:00:00+00:00
[2024-03-16T19:23:34.248+0000] {processor.py:183} INFO - Processing /home/airflow/.local/lib/python3.8/site-packages/airflow/example_dags/example_branch_labels.py took 0.053 seconds
[2024-03-16T19:24:05.187+0000] {processor.py:161} INFO - Started process (PID=384) to work on /home/airflow/.local/lib/python3.8/site-packages/airflow/example_dags/example_branch_labels.py
[2024-03-16T19:24:05.188+0000] {processor.py:830} INFO - Processing file /home/airflow/.local/lib/python3.8/site-packages/airflow/example_dags/example_branch_labels.py for tasks to queue
[2024-03-16T19:24:05.189+0000] {logging_mixin.py:188} INFO - [2024-03-16T19:24:05.189+0000] {dagbag.py:540} INFO - Filling up the DagBag from /home/airflow/.local/lib/python3.8/site-packages/airflow/example_dags/example_branch_labels.py
[2024-03-16T19:24:05.194+0000] {processor.py:840} INFO - DAG(s) 'example_branch_labels' retrieved from /home/airflow/.local/lib/python3.8/site-packages/airflow/example_dags/example_branch_labels.py
[2024-03-16T19:24:05.208+0000] {logging_mixin.py:188} INFO - [2024-03-16T19:24:05.208+0000] {dag.py:3047} INFO - Sync 1 DAGs
[2024-03-16T19:24:05.223+0000] {logging_mixin.py:188} INFO - [2024-03-16T19:24:05.223+0000] {dag.py:3834} INFO - Setting next_dagrun for example_branch_labels to 2024-03-15 00:00:00+00:00, run_after=2024-03-16 00:00:00+00:00
[2024-03-16T19:24:05.238+0000] {processor.py:183} INFO - Processing /home/airflow/.local/lib/python3.8/site-packages/airflow/example_dags/example_branch_labels.py took 0.053 seconds
[2024-03-16T19:24:35.337+0000] {processor.py:161} INFO - Started process (PID=439) to work on /home/airflow/.local/lib/python3.8/site-packages/airflow/example_dags/example_branch_labels.py
[2024-03-16T19:24:35.338+0000] {processor.py:830} INFO - Processing file /home/airflow/.local/lib/python3.8/site-packages/airflow/example_dags/example_branch_labels.py for tasks to queue
[2024-03-16T19:24:35.339+0000] {logging_mixin.py:188} INFO - [2024-03-16T19:24:35.339+0000] {dagbag.py:540} INFO - Filling up the DagBag from /home/airflow/.local/lib/python3.8/site-packages/airflow/example_dags/example_branch_labels.py
[2024-03-16T19:24:35.344+0000] {processor.py:840} INFO - DAG(s) 'example_branch_labels' retrieved from /home/airflow/.local/lib/python3.8/site-packages/airflow/example_dags/example_branch_labels.py
[2024-03-16T19:24:35.357+0000] {logging_mixin.py:188} INFO - [2024-03-16T19:24:35.357+0000] {dag.py:3047} INFO - Sync 1 DAGs
[2024-03-16T19:24:35.373+0000] {logging_mixin.py:188} INFO - [2024-03-16T19:24:35.373+0000] {dag.py:3834} INFO - Setting next_dagrun for example_branch_labels to 2024-03-15 00:00:00+00:00, run_after=2024-03-16 00:00:00+00:00
[2024-03-16T19:24:35.387+0000] {processor.py:183} INFO - Processing /home/airflow/.local/lib/python3.8/site-packages/airflow/example_dags/example_branch_labels.py took 0.052 seconds
[2024-03-16T19:25:05.574+0000] {processor.py:161} INFO - Started process (PID=494) to work on /home/airflow/.local/lib/python3.8/site-packages/airflow/example_dags/example_branch_labels.py
[2024-03-16T19:25:05.575+0000] {processor.py:830} INFO - Processing file /home/airflow/.local/lib/python3.8/site-packages/airflow/example_dags/example_branch_labels.py for tasks to queue
[2024-03-16T19:25:05.576+0000] {logging_mixin.py:188} INFO - [2024-03-16T19:25:05.576+0000] {dagbag.py:540} INFO - Filling up the DagBag from /home/airflow/.local/lib/python3.8/site-packages/airflow/example_dags/example_branch_labels.py
[2024-03-16T19:25:05.581+0000] {processor.py:840} INFO - DAG(s) 'example_branch_labels' retrieved from /home/airflow/.local/lib/python3.8/site-packages/airflow/example_dags/example_branch_labels.py
[2024-03-16T19:25:05.595+0000] {logging_mixin.py:188} INFO - [2024-03-16T19:25:05.594+0000] {dag.py:3047} INFO - Sync 1 DAGs
[2024-03-16T19:25:05.609+0000] {logging_mixin.py:188} INFO - [2024-03-16T19:25:05.608+0000] {dag.py:3834} INFO - Setting next_dagrun for example_branch_labels to 2024-03-15 00:00:00+00:00, run_after=2024-03-16 00:00:00+00:00
[2024-03-16T19:25:05.623+0000] {processor.py:183} INFO - Processing /home/airflow/.local/lib/python3.8/site-packages/airflow/example_dags/example_branch_labels.py took 0.051 seconds
[2024-03-16T19:25:36.348+0000] {processor.py:161} INFO - Started process (PID=549) to work on /home/airflow/.local/lib/python3.8/site-packages/airflow/example_dags/example_branch_labels.py
[2024-03-16T19:25:36.348+0000] {processor.py:830} INFO - Processing file /home/airflow/.local/lib/python3.8/site-packages/airflow/example_dags/example_branch_labels.py for tasks to queue
[2024-03-16T19:25:36.350+0000] {logging_mixin.py:188} INFO - [2024-03-16T19:25:36.350+0000] {dagbag.py:540} INFO - Filling up the DagBag from /home/airflow/.local/lib/python3.8/site-packages/airflow/example_dags/example_branch_labels.py
[2024-03-16T19:25:36.355+0000] {processor.py:840} INFO - DAG(s) 'example_branch_labels' retrieved from /home/airflow/.local/lib/python3.8/site-packages/airflow/example_dags/example_branch_labels.py
[2024-03-16T19:25:36.371+0000] {logging_mixin.py:188} INFO - [2024-03-16T19:25:36.371+0000] {dag.py:3047} INFO - Sync 1 DAGs
[2024-03-16T19:25:36.388+0000] {logging_mixin.py:188} INFO - [2024-03-16T19:25:36.388+0000] {dag.py:3834} INFO - Setting next_dagrun for example_branch_labels to 2024-03-15 00:00:00+00:00, run_after=2024-03-16 00:00:00+00:00
[2024-03-16T19:25:36.403+0000] {processor.py:183} INFO - Processing /home/airflow/.local/lib/python3.8/site-packages/airflow/example_dags/example_branch_labels.py took 0.058 seconds
[2024-03-16T19:26:07.235+0000] {processor.py:161} INFO - Started process (PID=604) to work on /home/airflow/.local/lib/python3.8/site-packages/airflow/example_dags/example_branch_labels.py
[2024-03-16T19:26:07.236+0000] {processor.py:830} INFO - Processing file /home/airflow/.local/lib/python3.8/site-packages/airflow/example_dags/example_branch_labels.py for tasks to queue
[2024-03-16T19:26:07.237+0000] {logging_mixin.py:188} INFO - [2024-03-16T19:26:07.237+0000] {dagbag.py:540} INFO - Filling up the DagBag from /home/airflow/.local/lib/python3.8/site-packages/airflow/example_dags/example_branch_labels.py
[2024-03-16T19:26:07.242+0000] {processor.py:840} INFO - DAG(s) 'example_branch_labels' retrieved from /home/airflow/.local/lib/python3.8/site-packages/airflow/example_dags/example_branch_labels.py
[2024-03-16T19:26:07.256+0000] {logging_mixin.py:188} INFO - [2024-03-16T19:26:07.256+0000] {dag.py:3047} INFO - Sync 1 DAGs
[2024-03-16T19:26:07.271+0000] {logging_mixin.py:188} INFO - [2024-03-16T19:26:07.271+0000] {dag.py:3834} INFO - Setting next_dagrun for example_branch_labels to 2024-03-15 00:00:00+00:00, run_after=2024-03-16 00:00:00+00:00
[2024-03-16T19:26:07.285+0000] {processor.py:183} INFO - Processing /home/airflow/.local/lib/python3.8/site-packages/airflow/example_dags/example_branch_labels.py took 0.052 seconds
[2024-03-16T19:26:37.424+0000] {processor.py:161} INFO - Started process (PID=659) to work on /home/airflow/.local/lib/python3.8/site-packages/airflow/example_dags/example_branch_labels.py
[2024-03-16T19:26:37.425+0000] {processor.py:830} INFO - Processing file /home/airflow/.local/lib/python3.8/site-packages/airflow/example_dags/example_branch_labels.py for tasks to queue
[2024-03-16T19:26:37.427+0000] {logging_mixin.py:188} INFO - [2024-03-16T19:26:37.427+0000] {dagbag.py:540} INFO - Filling up the DagBag from /home/airflow/.local/lib/python3.8/site-packages/airflow/example_dags/example_branch_labels.py
[2024-03-16T19:26:37.438+0000] {processor.py:840} INFO - DAG(s) 'example_branch_labels' retrieved from /home/airflow/.local/lib/python3.8/site-packages/airflow/example_dags/example_branch_labels.py
[2024-03-16T19:26:37.456+0000] {logging_mixin.py:188} INFO - [2024-03-16T19:26:37.456+0000] {dag.py:3047} INFO - Sync 1 DAGs
[2024-03-16T19:26:37.472+0000] {logging_mixin.py:188} INFO - [2024-03-16T19:26:37.471+0000] {dag.py:3834} INFO - Setting next_dagrun for example_branch_labels to 2024-03-15 00:00:00+00:00, run_after=2024-03-16 00:00:00+00:00
[2024-03-16T19:26:37.485+0000] {processor.py:183} INFO - Processing /home/airflow/.local/lib/python3.8/site-packages/airflow/example_dags/example_branch_labels.py took 0.063 seconds
[2024-03-16T19:27:07.674+0000] {processor.py:161} INFO - Started process (PID=714) to work on /home/airflow/.local/lib/python3.8/site-packages/airflow/example_dags/example_branch_labels.py
[2024-03-16T19:27:07.675+0000] {processor.py:830} INFO - Processing file /home/airflow/.local/lib/python3.8/site-packages/airflow/example_dags/example_branch_labels.py for tasks to queue
[2024-03-16T19:27:07.676+0000] {logging_mixin.py:188} INFO - [2024-03-16T19:27:07.676+0000] {dagbag.py:540} INFO - Filling up the DagBag from /home/airflow/.local/lib/python3.8/site-packages/airflow/example_dags/example_branch_labels.py
[2024-03-16T19:27:07.681+0000] {processor.py:840} INFO - DAG(s) 'example_branch_labels' retrieved from /home/airflow/.local/lib/python3.8/site-packages/airflow/example_dags/example_branch_labels.py
[2024-03-16T19:27:07.694+0000] {logging_mixin.py:188} INFO - [2024-03-16T19:27:07.694+0000] {dag.py:3047} INFO - Sync 1 DAGs
[2024-03-16T19:27:07.709+0000] {logging_mixin.py:188} INFO - [2024-03-16T19:27:07.708+0000] {dag.py:3834} INFO - Setting next_dagrun for example_branch_labels to 2024-03-15 00:00:00+00:00, run_after=2024-03-16 00:00:00+00:00
[2024-03-16T19:27:07.721+0000] {processor.py:183} INFO - Processing /home/airflow/.local/lib/python3.8/site-packages/airflow/example_dags/example_branch_labels.py took 0.049 seconds
[2024-03-16T19:27:37.812+0000] {processor.py:161} INFO - Started process (PID=769) to work on /home/airflow/.local/lib/python3.8/site-packages/airflow/example_dags/example_branch_labels.py
[2024-03-16T19:27:37.813+0000] {processor.py:830} INFO - Processing file /home/airflow/.local/lib/python3.8/site-packages/airflow/example_dags/example_branch_labels.py for tasks to queue
[2024-03-16T19:27:37.814+0000] {logging_mixin.py:188} INFO - [2024-03-16T19:27:37.814+0000] {dagbag.py:540} INFO - Filling up the DagBag from /home/airflow/.local/lib/python3.8/site-packages/airflow/example_dags/example_branch_labels.py
[2024-03-16T19:27:37.818+0000] {processor.py:840} INFO - DAG(s) 'example_branch_labels' retrieved from /home/airflow/.local/lib/python3.8/site-packages/airflow/example_dags/example_branch_labels.py
[2024-03-16T19:27:37.831+0000] {logging_mixin.py:188} INFO - [2024-03-16T19:27:37.831+0000] {dag.py:3047} INFO - Sync 1 DAGs
[2024-03-16T19:27:37.847+0000] {logging_mixin.py:188} INFO - [2024-03-16T19:27:37.847+0000] {dag.py:3834} INFO - Setting next_dagrun for example_branch_labels to 2024-03-15 00:00:00+00:00, run_after=2024-03-16 00:00:00+00:00
[2024-03-16T19:27:37.862+0000] {processor.py:183} INFO - Processing /home/airflow/.local/lib/python3.8/site-packages/airflow/example_dags/example_branch_labels.py took 0.052 seconds
[2024-03-16T19:28:08.663+0000] {processor.py:161} INFO - Started process (PID=824) to work on /home/airflow/.local/lib/python3.8/site-packages/airflow/example_dags/example_branch_labels.py
[2024-03-16T19:28:08.664+0000] {processor.py:830} INFO - Processing file /home/airflow/.local/lib/python3.8/site-packages/airflow/example_dags/example_branch_labels.py for tasks to queue
[2024-03-16T19:28:08.665+0000] {logging_mixin.py:188} INFO - [2024-03-16T19:28:08.665+0000] {dagbag.py:540} INFO - Filling up the DagBag from /home/airflow/.local/lib/python3.8/site-packages/airflow/example_dags/example_branch_labels.py
[2024-03-16T19:28:08.670+0000] {processor.py:840} INFO - DAG(s) 'example_branch_labels' retrieved from /home/airflow/.local/lib/python3.8/site-packages/airflow/example_dags/example_branch_labels.py
[2024-03-16T19:28:08.684+0000] {logging_mixin.py:188} INFO - [2024-03-16T19:28:08.683+0000] {dag.py:3047} INFO - Sync 1 DAGs
[2024-03-16T19:28:08.698+0000] {logging_mixin.py:188} INFO - [2024-03-16T19:28:08.697+0000] {dag.py:3834} INFO - Setting next_dagrun for example_branch_labels to 2024-03-15 00:00:00+00:00, run_after=2024-03-16 00:00:00+00:00
[2024-03-16T19:28:08.712+0000] {processor.py:183} INFO - Processing /home/airflow/.local/lib/python3.8/site-packages/airflow/example_dags/example_branch_labels.py took 0.050 seconds
[2024-03-16T19:28:39.475+0000] {processor.py:161} INFO - Started process (PID=879) to work on /home/airflow/.local/lib/python3.8/site-packages/airflow/example_dags/example_branch_labels.py
[2024-03-16T19:28:39.475+0000] {processor.py:830} INFO - Processing file /home/airflow/.local/lib/python3.8/site-packages/airflow/example_dags/example_branch_labels.py for tasks to queue
[2024-03-16T19:28:39.477+0000] {logging_mixin.py:188} INFO - [2024-03-16T19:28:39.476+0000] {dagbag.py:540} INFO - Filling up the DagBag from /home/airflow/.local/lib/python3.8/site-packages/airflow/example_dags/example_branch_labels.py
[2024-03-16T19:28:39.482+0000] {processor.py:840} INFO - DAG(s) 'example_branch_labels' retrieved from /home/airflow/.local/lib/python3.8/site-packages/airflow/example_dags/example_branch_labels.py
[2024-03-16T19:28:39.496+0000] {logging_mixin.py:188} INFO - [2024-03-16T19:28:39.496+0000] {dag.py:3047} INFO - Sync 1 DAGs
[2024-03-16T19:28:39.511+0000] {logging_mixin.py:188} INFO - [2024-03-16T19:28:39.511+0000] {dag.py:3834} INFO - Setting next_dagrun for example_branch_labels to 2024-03-15 00:00:00+00:00, run_after=2024-03-16 00:00:00+00:00
[2024-03-16T19:28:39.528+0000] {processor.py:183} INFO - Processing /home/airflow/.local/lib/python3.8/site-packages/airflow/example_dags/example_branch_labels.py took 0.055 seconds
