[2024-03-16T19:21:03.081+0000] {processor.py:161} INFO - Started process (PID=78) to work on /home/airflow/.local/lib/python3.8/site-packages/airflow/example_dags/example_complex.py
[2024-03-16T19:21:03.082+0000] {processor.py:830} INFO - Processing file /home/airflow/.local/lib/python3.8/site-packages/airflow/example_dags/example_complex.py for tasks to queue
[2024-03-16T19:21:03.084+0000] {logging_mixin.py:188} INFO - [2024-03-16T19:21:03.084+0000] {dagbag.py:540} INFO - Filling up the DagBag from /home/airflow/.local/lib/python3.8/site-packages/airflow/example_dags/example_complex.py
[2024-03-16T19:21:03.094+0000] {processor.py:840} INFO - DAG(s) 'example_complex' retrieved from /home/airflow/.local/lib/python3.8/site-packages/airflow/example_dags/example_complex.py
[2024-03-16T19:21:03.103+0000] {logging_mixin.py:188} INFO - [2024-03-16T19:21:03.103+0000] {dag.py:3047} INFO - Sync 1 DAGs
[2024-03-16T19:21:03.113+0000] {logging_mixin.py:188} INFO - [2024-03-16T19:21:03.113+0000] {dag.py:3834} INFO - Setting next_dagrun for example_complex to None, run_after=None
[2024-03-16T19:21:03.129+0000] {processor.py:183} INFO - Processing /home/airflow/.local/lib/python3.8/site-packages/airflow/example_dags/example_complex.py took 0.050 seconds
[2024-03-16T19:21:34.371+0000] {processor.py:161} INFO - Started process (PID=133) to work on /home/airflow/.local/lib/python3.8/site-packages/airflow/example_dags/example_complex.py
[2024-03-16T19:21:34.371+0000] {processor.py:830} INFO - Processing file /home/airflow/.local/lib/python3.8/site-packages/airflow/example_dags/example_complex.py for tasks to queue
[2024-03-16T19:21:34.372+0000] {logging_mixin.py:188} INFO - [2024-03-16T19:21:34.372+0000] {dagbag.py:540} INFO - Filling up the DagBag from /home/airflow/.local/lib/python3.8/site-packages/airflow/example_dags/example_complex.py
[2024-03-16T19:21:34.379+0000] {processor.py:840} INFO - DAG(s) 'example_complex' retrieved from /home/airflow/.local/lib/python3.8/site-packages/airflow/example_dags/example_complex.py
[2024-03-16T19:21:34.444+0000] {logging_mixin.py:188} INFO - [2024-03-16T19:21:34.444+0000] {dag.py:3047} INFO - Sync 1 DAGs
[2024-03-16T19:21:34.451+0000] {logging_mixin.py:188} INFO - [2024-03-16T19:21:34.450+0000] {dag.py:3834} INFO - Setting next_dagrun for example_complex to None, run_after=None
[2024-03-16T19:21:34.467+0000] {processor.py:183} INFO - Processing /home/airflow/.local/lib/python3.8/site-packages/airflow/example_dags/example_complex.py took 0.099 seconds
[2024-03-16T19:22:04.783+0000] {processor.py:161} INFO - Started process (PID=188) to work on /home/airflow/.local/lib/python3.8/site-packages/airflow/example_dags/example_complex.py
[2024-03-16T19:22:04.784+0000] {processor.py:830} INFO - Processing file /home/airflow/.local/lib/python3.8/site-packages/airflow/example_dags/example_complex.py for tasks to queue
[2024-03-16T19:22:04.785+0000] {logging_mixin.py:188} INFO - [2024-03-16T19:22:04.785+0000] {dagbag.py:540} INFO - Filling up the DagBag from /home/airflow/.local/lib/python3.8/site-packages/airflow/example_dags/example_complex.py
[2024-03-16T19:22:04.794+0000] {processor.py:840} INFO - DAG(s) 'example_complex' retrieved from /home/airflow/.local/lib/python3.8/site-packages/airflow/example_dags/example_complex.py
[2024-03-16T19:22:04.813+0000] {logging_mixin.py:188} INFO - [2024-03-16T19:22:04.813+0000] {dag.py:3047} INFO - Sync 1 DAGs
[2024-03-16T19:22:04.822+0000] {logging_mixin.py:188} INFO - [2024-03-16T19:22:04.821+0000] {dag.py:3834} INFO - Setting next_dagrun for example_complex to None, run_after=None
[2024-03-16T19:22:04.836+0000] {processor.py:183} INFO - Processing /home/airflow/.local/lib/python3.8/site-packages/airflow/example_dags/example_complex.py took 0.056 seconds
[2024-03-16T19:22:34.991+0000] {processor.py:161} INFO - Started process (PID=243) to work on /home/airflow/.local/lib/python3.8/site-packages/airflow/example_dags/example_complex.py
[2024-03-16T19:22:34.992+0000] {processor.py:830} INFO - Processing file /home/airflow/.local/lib/python3.8/site-packages/airflow/example_dags/example_complex.py for tasks to queue
[2024-03-16T19:22:34.993+0000] {logging_mixin.py:188} INFO - [2024-03-16T19:22:34.993+0000] {dagbag.py:540} INFO - Filling up the DagBag from /home/airflow/.local/lib/python3.8/site-packages/airflow/example_dags/example_complex.py
[2024-03-16T19:22:35.000+0000] {processor.py:840} INFO - DAG(s) 'example_complex' retrieved from /home/airflow/.local/lib/python3.8/site-packages/airflow/example_dags/example_complex.py
[2024-03-16T19:22:35.018+0000] {logging_mixin.py:188} INFO - [2024-03-16T19:22:35.018+0000] {dag.py:3047} INFO - Sync 1 DAGs
[2024-03-16T19:22:35.026+0000] {logging_mixin.py:188} INFO - [2024-03-16T19:22:35.026+0000] {dag.py:3834} INFO - Setting next_dagrun for example_complex to None, run_after=None
[2024-03-16T19:22:35.040+0000] {processor.py:183} INFO - Processing /home/airflow/.local/lib/python3.8/site-packages/airflow/example_dags/example_complex.py took 0.051 seconds
[2024-03-16T19:23:05.233+0000] {processor.py:161} INFO - Started process (PID=298) to work on /home/airflow/.local/lib/python3.8/site-packages/airflow/example_dags/example_complex.py
[2024-03-16T19:23:05.233+0000] {processor.py:830} INFO - Processing file /home/airflow/.local/lib/python3.8/site-packages/airflow/example_dags/example_complex.py for tasks to queue
[2024-03-16T19:23:05.235+0000] {logging_mixin.py:188} INFO - [2024-03-16T19:23:05.234+0000] {dagbag.py:540} INFO - Filling up the DagBag from /home/airflow/.local/lib/python3.8/site-packages/airflow/example_dags/example_complex.py
[2024-03-16T19:23:05.242+0000] {processor.py:840} INFO - DAG(s) 'example_complex' retrieved from /home/airflow/.local/lib/python3.8/site-packages/airflow/example_dags/example_complex.py
[2024-03-16T19:23:05.262+0000] {logging_mixin.py:188} INFO - [2024-03-16T19:23:05.262+0000] {dag.py:3047} INFO - Sync 1 DAGs
[2024-03-16T19:23:05.270+0000] {logging_mixin.py:188} INFO - [2024-03-16T19:23:05.270+0000] {dag.py:3834} INFO - Setting next_dagrun for example_complex to None, run_after=None
[2024-03-16T19:23:05.286+0000] {processor.py:183} INFO - Processing /home/airflow/.local/lib/python3.8/site-packages/airflow/example_dags/example_complex.py took 0.055 seconds
[2024-03-16T19:23:36.171+0000] {processor.py:161} INFO - Started process (PID=353) to work on /home/airflow/.local/lib/python3.8/site-packages/airflow/example_dags/example_complex.py
[2024-03-16T19:23:36.172+0000] {processor.py:830} INFO - Processing file /home/airflow/.local/lib/python3.8/site-packages/airflow/example_dags/example_complex.py for tasks to queue
[2024-03-16T19:23:36.173+0000] {logging_mixin.py:188} INFO - [2024-03-16T19:23:36.173+0000] {dagbag.py:540} INFO - Filling up the DagBag from /home/airflow/.local/lib/python3.8/site-packages/airflow/example_dags/example_complex.py
[2024-03-16T19:23:36.181+0000] {processor.py:840} INFO - DAG(s) 'example_complex' retrieved from /home/airflow/.local/lib/python3.8/site-packages/airflow/example_dags/example_complex.py
[2024-03-16T19:23:36.200+0000] {logging_mixin.py:188} INFO - [2024-03-16T19:23:36.200+0000] {dag.py:3047} INFO - Sync 1 DAGs
[2024-03-16T19:23:36.209+0000] {logging_mixin.py:188} INFO - [2024-03-16T19:23:36.209+0000] {dag.py:3834} INFO - Setting next_dagrun for example_complex to None, run_after=None
[2024-03-16T19:23:36.224+0000] {processor.py:183} INFO - Processing /home/airflow/.local/lib/python3.8/site-packages/airflow/example_dags/example_complex.py took 0.055 seconds
[2024-03-16T19:24:07.095+0000] {processor.py:161} INFO - Started process (PID=408) to work on /home/airflow/.local/lib/python3.8/site-packages/airflow/example_dags/example_complex.py
[2024-03-16T19:24:07.096+0000] {processor.py:830} INFO - Processing file /home/airflow/.local/lib/python3.8/site-packages/airflow/example_dags/example_complex.py for tasks to queue
[2024-03-16T19:24:07.097+0000] {logging_mixin.py:188} INFO - [2024-03-16T19:24:07.097+0000] {dagbag.py:540} INFO - Filling up the DagBag from /home/airflow/.local/lib/python3.8/site-packages/airflow/example_dags/example_complex.py
[2024-03-16T19:24:07.104+0000] {processor.py:840} INFO - DAG(s) 'example_complex' retrieved from /home/airflow/.local/lib/python3.8/site-packages/airflow/example_dags/example_complex.py
[2024-03-16T19:24:07.125+0000] {logging_mixin.py:188} INFO - [2024-03-16T19:24:07.125+0000] {dag.py:3047} INFO - Sync 1 DAGs
[2024-03-16T19:24:07.133+0000] {logging_mixin.py:188} INFO - [2024-03-16T19:24:07.133+0000] {dag.py:3834} INFO - Setting next_dagrun for example_complex to None, run_after=None
[2024-03-16T19:24:07.150+0000] {processor.py:183} INFO - Processing /home/airflow/.local/lib/python3.8/site-packages/airflow/example_dags/example_complex.py took 0.057 seconds
[2024-03-16T19:24:37.266+0000] {processor.py:161} INFO - Started process (PID=463) to work on /home/airflow/.local/lib/python3.8/site-packages/airflow/example_dags/example_complex.py
[2024-03-16T19:24:37.267+0000] {processor.py:830} INFO - Processing file /home/airflow/.local/lib/python3.8/site-packages/airflow/example_dags/example_complex.py for tasks to queue
[2024-03-16T19:24:37.268+0000] {logging_mixin.py:188} INFO - [2024-03-16T19:24:37.268+0000] {dagbag.py:540} INFO - Filling up the DagBag from /home/airflow/.local/lib/python3.8/site-packages/airflow/example_dags/example_complex.py
[2024-03-16T19:24:37.275+0000] {processor.py:840} INFO - DAG(s) 'example_complex' retrieved from /home/airflow/.local/lib/python3.8/site-packages/airflow/example_dags/example_complex.py
[2024-03-16T19:24:37.294+0000] {logging_mixin.py:188} INFO - [2024-03-16T19:24:37.294+0000] {dag.py:3047} INFO - Sync 1 DAGs
[2024-03-16T19:24:37.302+0000] {logging_mixin.py:188} INFO - [2024-03-16T19:24:37.302+0000] {dag.py:3834} INFO - Setting next_dagrun for example_complex to None, run_after=None
[2024-03-16T19:24:37.317+0000] {processor.py:183} INFO - Processing /home/airflow/.local/lib/python3.8/site-packages/airflow/example_dags/example_complex.py took 0.053 seconds
[2024-03-16T19:25:07.473+0000] {processor.py:161} INFO - Started process (PID=518) to work on /home/airflow/.local/lib/python3.8/site-packages/airflow/example_dags/example_complex.py
[2024-03-16T19:25:07.474+0000] {processor.py:830} INFO - Processing file /home/airflow/.local/lib/python3.8/site-packages/airflow/example_dags/example_complex.py for tasks to queue
[2024-03-16T19:25:07.475+0000] {logging_mixin.py:188} INFO - [2024-03-16T19:25:07.475+0000] {dagbag.py:540} INFO - Filling up the DagBag from /home/airflow/.local/lib/python3.8/site-packages/airflow/example_dags/example_complex.py
[2024-03-16T19:25:07.482+0000] {processor.py:840} INFO - DAG(s) 'example_complex' retrieved from /home/airflow/.local/lib/python3.8/site-packages/airflow/example_dags/example_complex.py
[2024-03-16T19:25:07.500+0000] {logging_mixin.py:188} INFO - [2024-03-16T19:25:07.500+0000] {dag.py:3047} INFO - Sync 1 DAGs
[2024-03-16T19:25:07.508+0000] {logging_mixin.py:188} INFO - [2024-03-16T19:25:07.507+0000] {dag.py:3834} INFO - Setting next_dagrun for example_complex to None, run_after=None
[2024-03-16T19:25:07.522+0000] {processor.py:183} INFO - Processing /home/airflow/.local/lib/python3.8/site-packages/airflow/example_dags/example_complex.py took 0.051 seconds
[2024-03-16T19:25:38.315+0000] {processor.py:161} INFO - Started process (PID=573) to work on /home/airflow/.local/lib/python3.8/site-packages/airflow/example_dags/example_complex.py
[2024-03-16T19:25:38.315+0000] {processor.py:830} INFO - Processing file /home/airflow/.local/lib/python3.8/site-packages/airflow/example_dags/example_complex.py for tasks to queue
[2024-03-16T19:25:38.317+0000] {logging_mixin.py:188} INFO - [2024-03-16T19:25:38.316+0000] {dagbag.py:540} INFO - Filling up the DagBag from /home/airflow/.local/lib/python3.8/site-packages/airflow/example_dags/example_complex.py
[2024-03-16T19:25:38.325+0000] {processor.py:840} INFO - DAG(s) 'example_complex' retrieved from /home/airflow/.local/lib/python3.8/site-packages/airflow/example_dags/example_complex.py
[2024-03-16T19:25:38.345+0000] {logging_mixin.py:188} INFO - [2024-03-16T19:25:38.345+0000] {dag.py:3047} INFO - Sync 1 DAGs
[2024-03-16T19:25:38.352+0000] {logging_mixin.py:188} INFO - [2024-03-16T19:25:38.352+0000] {dag.py:3834} INFO - Setting next_dagrun for example_complex to None, run_after=None
[2024-03-16T19:25:38.369+0000] {processor.py:183} INFO - Processing /home/airflow/.local/lib/python3.8/site-packages/airflow/example_dags/example_complex.py took 0.056 seconds
[2024-03-16T19:26:09.184+0000] {processor.py:161} INFO - Started process (PID=628) to work on /home/airflow/.local/lib/python3.8/site-packages/airflow/example_dags/example_complex.py
[2024-03-16T19:26:09.185+0000] {processor.py:830} INFO - Processing file /home/airflow/.local/lib/python3.8/site-packages/airflow/example_dags/example_complex.py for tasks to queue
[2024-03-16T19:26:09.186+0000] {logging_mixin.py:188} INFO - [2024-03-16T19:26:09.186+0000] {dagbag.py:540} INFO - Filling up the DagBag from /home/airflow/.local/lib/python3.8/site-packages/airflow/example_dags/example_complex.py
[2024-03-16T19:26:09.194+0000] {processor.py:840} INFO - DAG(s) 'example_complex' retrieved from /home/airflow/.local/lib/python3.8/site-packages/airflow/example_dags/example_complex.py
[2024-03-16T19:26:09.218+0000] {logging_mixin.py:188} INFO - [2024-03-16T19:26:09.218+0000] {dag.py:3047} INFO - Sync 1 DAGs
[2024-03-16T19:26:09.227+0000] {logging_mixin.py:188} INFO - [2024-03-16T19:26:09.227+0000] {dag.py:3834} INFO - Setting next_dagrun for example_complex to None, run_after=None
[2024-03-16T19:26:09.245+0000] {processor.py:183} INFO - Processing /home/airflow/.local/lib/python3.8/site-packages/airflow/example_dags/example_complex.py took 0.063 seconds
[2024-03-16T19:26:39.456+0000] {processor.py:161} INFO - Started process (PID=683) to work on /home/airflow/.local/lib/python3.8/site-packages/airflow/example_dags/example_complex.py
[2024-03-16T19:26:39.456+0000] {processor.py:830} INFO - Processing file /home/airflow/.local/lib/python3.8/site-packages/airflow/example_dags/example_complex.py for tasks to queue
[2024-03-16T19:26:39.457+0000] {logging_mixin.py:188} INFO - [2024-03-16T19:26:39.457+0000] {dagbag.py:540} INFO - Filling up the DagBag from /home/airflow/.local/lib/python3.8/site-packages/airflow/example_dags/example_complex.py
[2024-03-16T19:26:39.464+0000] {processor.py:840} INFO - DAG(s) 'example_complex' retrieved from /home/airflow/.local/lib/python3.8/site-packages/airflow/example_dags/example_complex.py
[2024-03-16T19:26:39.483+0000] {logging_mixin.py:188} INFO - [2024-03-16T19:26:39.482+0000] {dag.py:3047} INFO - Sync 1 DAGs
[2024-03-16T19:26:39.490+0000] {logging_mixin.py:188} INFO - [2024-03-16T19:26:39.490+0000] {dag.py:3834} INFO - Setting next_dagrun for example_complex to None, run_after=None
[2024-03-16T19:26:39.502+0000] {processor.py:183} INFO - Processing /home/airflow/.local/lib/python3.8/site-packages/airflow/example_dags/example_complex.py took 0.049 seconds
[2024-03-16T19:27:09.647+0000] {processor.py:161} INFO - Started process (PID=738) to work on /home/airflow/.local/lib/python3.8/site-packages/airflow/example_dags/example_complex.py
[2024-03-16T19:27:09.648+0000] {processor.py:830} INFO - Processing file /home/airflow/.local/lib/python3.8/site-packages/airflow/example_dags/example_complex.py for tasks to queue
[2024-03-16T19:27:09.649+0000] {logging_mixin.py:188} INFO - [2024-03-16T19:27:09.649+0000] {dagbag.py:540} INFO - Filling up the DagBag from /home/airflow/.local/lib/python3.8/site-packages/airflow/example_dags/example_complex.py
[2024-03-16T19:27:09.656+0000] {processor.py:840} INFO - DAG(s) 'example_complex' retrieved from /home/airflow/.local/lib/python3.8/site-packages/airflow/example_dags/example_complex.py
[2024-03-16T19:27:09.674+0000] {logging_mixin.py:188} INFO - [2024-03-16T19:27:09.674+0000] {dag.py:3047} INFO - Sync 1 DAGs
[2024-03-16T19:27:09.684+0000] {logging_mixin.py:188} INFO - [2024-03-16T19:27:09.683+0000] {dag.py:3834} INFO - Setting next_dagrun for example_complex to None, run_after=None
[2024-03-16T19:27:09.698+0000] {processor.py:183} INFO - Processing /home/airflow/.local/lib/python3.8/site-packages/airflow/example_dags/example_complex.py took 0.053 seconds
[2024-03-16T19:27:39.757+0000] {processor.py:161} INFO - Started process (PID=794) to work on /home/airflow/.local/lib/python3.8/site-packages/airflow/example_dags/example_complex.py
[2024-03-16T19:27:39.757+0000] {processor.py:830} INFO - Processing file /home/airflow/.local/lib/python3.8/site-packages/airflow/example_dags/example_complex.py for tasks to queue
[2024-03-16T19:27:39.759+0000] {logging_mixin.py:188} INFO - [2024-03-16T19:27:39.759+0000] {dagbag.py:540} INFO - Filling up the DagBag from /home/airflow/.local/lib/python3.8/site-packages/airflow/example_dags/example_complex.py
[2024-03-16T19:27:39.766+0000] {processor.py:840} INFO - DAG(s) 'example_complex' retrieved from /home/airflow/.local/lib/python3.8/site-packages/airflow/example_dags/example_complex.py
[2024-03-16T19:27:39.784+0000] {logging_mixin.py:188} INFO - [2024-03-16T19:27:39.784+0000] {dag.py:3047} INFO - Sync 1 DAGs
[2024-03-16T19:27:39.792+0000] {logging_mixin.py:188} INFO - [2024-03-16T19:27:39.792+0000] {dag.py:3834} INFO - Setting next_dagrun for example_complex to None, run_after=None
[2024-03-16T19:27:39.805+0000] {processor.py:183} INFO - Processing /home/airflow/.local/lib/python3.8/site-packages/airflow/example_dags/example_complex.py took 0.050 seconds
[2024-03-16T19:28:10.495+0000] {processor.py:161} INFO - Started process (PID=848) to work on /home/airflow/.local/lib/python3.8/site-packages/airflow/example_dags/example_complex.py
[2024-03-16T19:28:10.495+0000] {processor.py:830} INFO - Processing file /home/airflow/.local/lib/python3.8/site-packages/airflow/example_dags/example_complex.py for tasks to queue
[2024-03-16T19:28:10.496+0000] {logging_mixin.py:188} INFO - [2024-03-16T19:28:10.496+0000] {dagbag.py:540} INFO - Filling up the DagBag from /home/airflow/.local/lib/python3.8/site-packages/airflow/example_dags/example_complex.py
[2024-03-16T19:28:10.503+0000] {processor.py:840} INFO - DAG(s) 'example_complex' retrieved from /home/airflow/.local/lib/python3.8/site-packages/airflow/example_dags/example_complex.py
[2024-03-16T19:28:10.524+0000] {logging_mixin.py:188} INFO - [2024-03-16T19:28:10.523+0000] {dag.py:3047} INFO - Sync 1 DAGs
[2024-03-16T19:28:10.531+0000] {logging_mixin.py:188} INFO - [2024-03-16T19:28:10.531+0000] {dag.py:3834} INFO - Setting next_dagrun for example_complex to None, run_after=None
[2024-03-16T19:28:10.546+0000] {processor.py:183} INFO - Processing /home/airflow/.local/lib/python3.8/site-packages/airflow/example_dags/example_complex.py took 0.053 seconds
[2024-03-16T19:28:41.369+0000] {processor.py:161} INFO - Started process (PID=903) to work on /home/airflow/.local/lib/python3.8/site-packages/airflow/example_dags/example_complex.py
[2024-03-16T19:28:41.369+0000] {processor.py:830} INFO - Processing file /home/airflow/.local/lib/python3.8/site-packages/airflow/example_dags/example_complex.py for tasks to queue
[2024-03-16T19:28:41.371+0000] {logging_mixin.py:188} INFO - [2024-03-16T19:28:41.370+0000] {dagbag.py:540} INFO - Filling up the DagBag from /home/airflow/.local/lib/python3.8/site-packages/airflow/example_dags/example_complex.py
[2024-03-16T19:28:41.377+0000] {processor.py:840} INFO - DAG(s) 'example_complex' retrieved from /home/airflow/.local/lib/python3.8/site-packages/airflow/example_dags/example_complex.py
[2024-03-16T19:28:41.396+0000] {logging_mixin.py:188} INFO - [2024-03-16T19:28:41.395+0000] {dag.py:3047} INFO - Sync 1 DAGs
[2024-03-16T19:28:41.403+0000] {logging_mixin.py:188} INFO - [2024-03-16T19:28:41.403+0000] {dag.py:3834} INFO - Setting next_dagrun for example_complex to None, run_after=None
[2024-03-16T19:28:41.417+0000] {processor.py:183} INFO - Processing /home/airflow/.local/lib/python3.8/site-packages/airflow/example_dags/example_complex.py took 0.050 seconds
