[2024-03-16T19:21:02.941+0000] {processor.py:161} INFO - Started process (PID=75) to work on /home/airflow/.local/lib/python3.8/site-packages/airflow/example_dags/example_setup_teardown.py
[2024-03-16T19:21:02.942+0000] {processor.py:830} INFO - Processing file /home/airflow/.local/lib/python3.8/site-packages/airflow/example_dags/example_setup_teardown.py for tasks to queue
[2024-03-16T19:21:02.943+0000] {logging_mixin.py:188} INFO - [2024-03-16T19:21:02.943+0000] {dagbag.py:540} INFO - Filling up the DagBag from /home/airflow/.local/lib/python3.8/site-packages/airflow/example_dags/example_setup_teardown.py
[2024-03-16T19:21:02.949+0000] {processor.py:840} INFO - DAG(s) 'example_setup_teardown' retrieved from /home/airflow/.local/lib/python3.8/site-packages/airflow/example_dags/example_setup_teardown.py
[2024-03-16T19:21:02.957+0000] {logging_mixin.py:188} INFO - [2024-03-16T19:21:02.957+0000] {dag.py:3047} INFO - Sync 1 DAGs
[2024-03-16T19:21:02.973+0000] {logging_mixin.py:188} INFO - [2024-03-16T19:21:02.973+0000] {dag.py:3834} INFO - Setting next_dagrun for example_setup_teardown to 2024-03-15 00:00:00+00:00, run_after=2024-03-16 00:00:00+00:00
[2024-03-16T19:21:02.987+0000] {processor.py:183} INFO - Processing /home/airflow/.local/lib/python3.8/site-packages/airflow/example_dags/example_setup_teardown.py took 0.048 seconds
[2024-03-16T19:21:34.225+0000] {processor.py:161} INFO - Started process (PID=130) to work on /home/airflow/.local/lib/python3.8/site-packages/airflow/example_dags/example_setup_teardown.py
[2024-03-16T19:21:34.226+0000] {processor.py:830} INFO - Processing file /home/airflow/.local/lib/python3.8/site-packages/airflow/example_dags/example_setup_teardown.py for tasks to queue
[2024-03-16T19:21:34.227+0000] {logging_mixin.py:188} INFO - [2024-03-16T19:21:34.227+0000] {dagbag.py:540} INFO - Filling up the DagBag from /home/airflow/.local/lib/python3.8/site-packages/airflow/example_dags/example_setup_teardown.py
[2024-03-16T19:21:34.231+0000] {processor.py:840} INFO - DAG(s) 'example_setup_teardown' retrieved from /home/airflow/.local/lib/python3.8/site-packages/airflow/example_dags/example_setup_teardown.py
[2024-03-16T19:21:34.290+0000] {logging_mixin.py:188} INFO - [2024-03-16T19:21:34.290+0000] {dag.py:3047} INFO - Sync 1 DAGs
[2024-03-16T19:21:34.301+0000] {logging_mixin.py:188} INFO - [2024-03-16T19:21:34.301+0000] {dag.py:3834} INFO - Setting next_dagrun for example_setup_teardown to 2024-03-15 00:00:00+00:00, run_after=2024-03-16 00:00:00+00:00
[2024-03-16T19:21:34.315+0000] {processor.py:183} INFO - Processing /home/airflow/.local/lib/python3.8/site-packages/airflow/example_dags/example_setup_teardown.py took 0.091 seconds
[2024-03-16T19:22:04.654+0000] {processor.py:161} INFO - Started process (PID=185) to work on /home/airflow/.local/lib/python3.8/site-packages/airflow/example_dags/example_setup_teardown.py
[2024-03-16T19:22:04.655+0000] {processor.py:830} INFO - Processing file /home/airflow/.local/lib/python3.8/site-packages/airflow/example_dags/example_setup_teardown.py for tasks to queue
[2024-03-16T19:22:04.656+0000] {logging_mixin.py:188} INFO - [2024-03-16T19:22:04.656+0000] {dagbag.py:540} INFO - Filling up the DagBag from /home/airflow/.local/lib/python3.8/site-packages/airflow/example_dags/example_setup_teardown.py
[2024-03-16T19:22:04.660+0000] {processor.py:840} INFO - DAG(s) 'example_setup_teardown' retrieved from /home/airflow/.local/lib/python3.8/site-packages/airflow/example_dags/example_setup_teardown.py
[2024-03-16T19:22:04.672+0000] {logging_mixin.py:188} INFO - [2024-03-16T19:22:04.672+0000] {dag.py:3047} INFO - Sync 1 DAGs
[2024-03-16T19:22:04.685+0000] {logging_mixin.py:188} INFO - [2024-03-16T19:22:04.685+0000] {dag.py:3834} INFO - Setting next_dagrun for example_setup_teardown to 2024-03-15 00:00:00+00:00, run_after=2024-03-16 00:00:00+00:00
[2024-03-16T19:22:04.697+0000] {processor.py:183} INFO - Processing /home/airflow/.local/lib/python3.8/site-packages/airflow/example_dags/example_setup_teardown.py took 0.044 seconds
[2024-03-16T19:22:34.861+0000] {processor.py:161} INFO - Started process (PID=240) to work on /home/airflow/.local/lib/python3.8/site-packages/airflow/example_dags/example_setup_teardown.py
[2024-03-16T19:22:34.862+0000] {processor.py:830} INFO - Processing file /home/airflow/.local/lib/python3.8/site-packages/airflow/example_dags/example_setup_teardown.py for tasks to queue
[2024-03-16T19:22:34.863+0000] {logging_mixin.py:188} INFO - [2024-03-16T19:22:34.863+0000] {dagbag.py:540} INFO - Filling up the DagBag from /home/airflow/.local/lib/python3.8/site-packages/airflow/example_dags/example_setup_teardown.py
[2024-03-16T19:22:34.867+0000] {processor.py:840} INFO - DAG(s) 'example_setup_teardown' retrieved from /home/airflow/.local/lib/python3.8/site-packages/airflow/example_dags/example_setup_teardown.py
[2024-03-16T19:22:34.880+0000] {logging_mixin.py:188} INFO - [2024-03-16T19:22:34.880+0000] {dag.py:3047} INFO - Sync 1 DAGs
[2024-03-16T19:22:34.894+0000] {logging_mixin.py:188} INFO - [2024-03-16T19:22:34.893+0000] {dag.py:3834} INFO - Setting next_dagrun for example_setup_teardown to 2024-03-15 00:00:00+00:00, run_after=2024-03-16 00:00:00+00:00
[2024-03-16T19:22:34.909+0000] {processor.py:183} INFO - Processing /home/airflow/.local/lib/python3.8/site-packages/airflow/example_dags/example_setup_teardown.py took 0.050 seconds
[2024-03-16T19:23:05.109+0000] {processor.py:161} INFO - Started process (PID=295) to work on /home/airflow/.local/lib/python3.8/site-packages/airflow/example_dags/example_setup_teardown.py
[2024-03-16T19:23:05.110+0000] {processor.py:830} INFO - Processing file /home/airflow/.local/lib/python3.8/site-packages/airflow/example_dags/example_setup_teardown.py for tasks to queue
[2024-03-16T19:23:05.111+0000] {logging_mixin.py:188} INFO - [2024-03-16T19:23:05.111+0000] {dagbag.py:540} INFO - Filling up the DagBag from /home/airflow/.local/lib/python3.8/site-packages/airflow/example_dags/example_setup_teardown.py
[2024-03-16T19:23:05.115+0000] {processor.py:840} INFO - DAG(s) 'example_setup_teardown' retrieved from /home/airflow/.local/lib/python3.8/site-packages/airflow/example_dags/example_setup_teardown.py
[2024-03-16T19:23:05.129+0000] {logging_mixin.py:188} INFO - [2024-03-16T19:23:05.129+0000] {dag.py:3047} INFO - Sync 1 DAGs
[2024-03-16T19:23:05.144+0000] {logging_mixin.py:188} INFO - [2024-03-16T19:23:05.143+0000] {dag.py:3834} INFO - Setting next_dagrun for example_setup_teardown to 2024-03-15 00:00:00+00:00, run_after=2024-03-16 00:00:00+00:00
[2024-03-16T19:23:05.158+0000] {processor.py:183} INFO - Processing /home/airflow/.local/lib/python3.8/site-packages/airflow/example_dags/example_setup_teardown.py took 0.051 seconds
[2024-03-16T19:23:36.082+0000] {processor.py:161} INFO - Started process (PID=350) to work on /home/airflow/.local/lib/python3.8/site-packages/airflow/example_dags/example_setup_teardown.py
[2024-03-16T19:23:36.083+0000] {processor.py:830} INFO - Processing file /home/airflow/.local/lib/python3.8/site-packages/airflow/example_dags/example_setup_teardown.py for tasks to queue
[2024-03-16T19:23:36.084+0000] {logging_mixin.py:188} INFO - [2024-03-16T19:23:36.084+0000] {dagbag.py:540} INFO - Filling up the DagBag from /home/airflow/.local/lib/python3.8/site-packages/airflow/example_dags/example_setup_teardown.py
[2024-03-16T19:23:36.091+0000] {processor.py:840} INFO - DAG(s) 'example_setup_teardown' retrieved from /home/airflow/.local/lib/python3.8/site-packages/airflow/example_dags/example_setup_teardown.py
[2024-03-16T19:23:36.106+0000] {logging_mixin.py:188} INFO - [2024-03-16T19:23:36.106+0000] {dag.py:3047} INFO - Sync 1 DAGs
[2024-03-16T19:23:36.123+0000] {logging_mixin.py:188} INFO - [2024-03-16T19:23:36.123+0000] {dag.py:3834} INFO - Setting next_dagrun for example_setup_teardown to 2024-03-15 00:00:00+00:00, run_after=2024-03-16 00:00:00+00:00
[2024-03-16T19:23:36.142+0000] {processor.py:183} INFO - Processing /home/airflow/.local/lib/python3.8/site-packages/airflow/example_dags/example_setup_teardown.py took 0.062 seconds
[2024-03-16T19:24:07.009+0000] {processor.py:161} INFO - Started process (PID=405) to work on /home/airflow/.local/lib/python3.8/site-packages/airflow/example_dags/example_setup_teardown.py
[2024-03-16T19:24:07.010+0000] {processor.py:830} INFO - Processing file /home/airflow/.local/lib/python3.8/site-packages/airflow/example_dags/example_setup_teardown.py for tasks to queue
[2024-03-16T19:24:07.011+0000] {logging_mixin.py:188} INFO - [2024-03-16T19:24:07.011+0000] {dagbag.py:540} INFO - Filling up the DagBag from /home/airflow/.local/lib/python3.8/site-packages/airflow/example_dags/example_setup_teardown.py
[2024-03-16T19:24:07.016+0000] {processor.py:840} INFO - DAG(s) 'example_setup_teardown' retrieved from /home/airflow/.local/lib/python3.8/site-packages/airflow/example_dags/example_setup_teardown.py
[2024-03-16T19:24:07.030+0000] {logging_mixin.py:188} INFO - [2024-03-16T19:24:07.030+0000] {dag.py:3047} INFO - Sync 1 DAGs
[2024-03-16T19:24:07.046+0000] {logging_mixin.py:188} INFO - [2024-03-16T19:24:07.046+0000] {dag.py:3834} INFO - Setting next_dagrun for example_setup_teardown to 2024-03-15 00:00:00+00:00, run_after=2024-03-16 00:00:00+00:00
[2024-03-16T19:24:07.061+0000] {processor.py:183} INFO - Processing /home/airflow/.local/lib/python3.8/site-packages/airflow/example_dags/example_setup_teardown.py took 0.054 seconds
[2024-03-16T19:24:37.191+0000] {processor.py:161} INFO - Started process (PID=460) to work on /home/airflow/.local/lib/python3.8/site-packages/airflow/example_dags/example_setup_teardown.py
[2024-03-16T19:24:37.191+0000] {processor.py:830} INFO - Processing file /home/airflow/.local/lib/python3.8/site-packages/airflow/example_dags/example_setup_teardown.py for tasks to queue
[2024-03-16T19:24:37.193+0000] {logging_mixin.py:188} INFO - [2024-03-16T19:24:37.192+0000] {dagbag.py:540} INFO - Filling up the DagBag from /home/airflow/.local/lib/python3.8/site-packages/airflow/example_dags/example_setup_teardown.py
[2024-03-16T19:24:37.197+0000] {processor.py:840} INFO - DAG(s) 'example_setup_teardown' retrieved from /home/airflow/.local/lib/python3.8/site-packages/airflow/example_dags/example_setup_teardown.py
[2024-03-16T19:24:37.210+0000] {logging_mixin.py:188} INFO - [2024-03-16T19:24:37.210+0000] {dag.py:3047} INFO - Sync 1 DAGs
[2024-03-16T19:24:37.223+0000] {logging_mixin.py:188} INFO - [2024-03-16T19:24:37.223+0000] {dag.py:3834} INFO - Setting next_dagrun for example_setup_teardown to 2024-03-15 00:00:00+00:00, run_after=2024-03-16 00:00:00+00:00
[2024-03-16T19:24:37.236+0000] {processor.py:183} INFO - Processing /home/airflow/.local/lib/python3.8/site-packages/airflow/example_dags/example_setup_teardown.py took 0.048 seconds
[2024-03-16T19:25:07.395+0000] {processor.py:161} INFO - Started process (PID=515) to work on /home/airflow/.local/lib/python3.8/site-packages/airflow/example_dags/example_setup_teardown.py
[2024-03-16T19:25:07.396+0000] {processor.py:830} INFO - Processing file /home/airflow/.local/lib/python3.8/site-packages/airflow/example_dags/example_setup_teardown.py for tasks to queue
[2024-03-16T19:25:07.397+0000] {logging_mixin.py:188} INFO - [2024-03-16T19:25:07.397+0000] {dagbag.py:540} INFO - Filling up the DagBag from /home/airflow/.local/lib/python3.8/site-packages/airflow/example_dags/example_setup_teardown.py
[2024-03-16T19:25:07.401+0000] {processor.py:840} INFO - DAG(s) 'example_setup_teardown' retrieved from /home/airflow/.local/lib/python3.8/site-packages/airflow/example_dags/example_setup_teardown.py
[2024-03-16T19:25:07.414+0000] {logging_mixin.py:188} INFO - [2024-03-16T19:25:07.414+0000] {dag.py:3047} INFO - Sync 1 DAGs
[2024-03-16T19:25:07.427+0000] {logging_mixin.py:188} INFO - [2024-03-16T19:25:07.427+0000] {dag.py:3834} INFO - Setting next_dagrun for example_setup_teardown to 2024-03-15 00:00:00+00:00, run_after=2024-03-16 00:00:00+00:00
[2024-03-16T19:25:07.440+0000] {processor.py:183} INFO - Processing /home/airflow/.local/lib/python3.8/site-packages/airflow/example_dags/example_setup_teardown.py took 0.047 seconds
[2024-03-16T19:25:38.232+0000] {processor.py:161} INFO - Started process (PID=570) to work on /home/airflow/.local/lib/python3.8/site-packages/airflow/example_dags/example_setup_teardown.py
[2024-03-16T19:25:38.233+0000] {processor.py:830} INFO - Processing file /home/airflow/.local/lib/python3.8/site-packages/airflow/example_dags/example_setup_teardown.py for tasks to queue
[2024-03-16T19:25:38.235+0000] {logging_mixin.py:188} INFO - [2024-03-16T19:25:38.234+0000] {dagbag.py:540} INFO - Filling up the DagBag from /home/airflow/.local/lib/python3.8/site-packages/airflow/example_dags/example_setup_teardown.py
[2024-03-16T19:25:38.241+0000] {processor.py:840} INFO - DAG(s) 'example_setup_teardown' retrieved from /home/airflow/.local/lib/python3.8/site-packages/airflow/example_dags/example_setup_teardown.py
[2024-03-16T19:25:38.254+0000] {logging_mixin.py:188} INFO - [2024-03-16T19:25:38.254+0000] {dag.py:3047} INFO - Sync 1 DAGs
[2024-03-16T19:25:38.270+0000] {logging_mixin.py:188} INFO - [2024-03-16T19:25:38.269+0000] {dag.py:3834} INFO - Setting next_dagrun for example_setup_teardown to 2024-03-15 00:00:00+00:00, run_after=2024-03-16 00:00:00+00:00
[2024-03-16T19:25:38.284+0000] {processor.py:183} INFO - Processing /home/airflow/.local/lib/python3.8/site-packages/airflow/example_dags/example_setup_teardown.py took 0.054 seconds
[2024-03-16T19:26:09.061+0000] {processor.py:161} INFO - Started process (PID=625) to work on /home/airflow/.local/lib/python3.8/site-packages/airflow/example_dags/example_setup_teardown.py
[2024-03-16T19:26:09.061+0000] {processor.py:830} INFO - Processing file /home/airflow/.local/lib/python3.8/site-packages/airflow/example_dags/example_setup_teardown.py for tasks to queue
[2024-03-16T19:26:09.062+0000] {logging_mixin.py:188} INFO - [2024-03-16T19:26:09.062+0000] {dagbag.py:540} INFO - Filling up the DagBag from /home/airflow/.local/lib/python3.8/site-packages/airflow/example_dags/example_setup_teardown.py
[2024-03-16T19:26:09.066+0000] {processor.py:840} INFO - DAG(s) 'example_setup_teardown' retrieved from /home/airflow/.local/lib/python3.8/site-packages/airflow/example_dags/example_setup_teardown.py
[2024-03-16T19:26:09.078+0000] {logging_mixin.py:188} INFO - [2024-03-16T19:26:09.078+0000] {dag.py:3047} INFO - Sync 1 DAGs
[2024-03-16T19:26:09.091+0000] {logging_mixin.py:188} INFO - [2024-03-16T19:26:09.091+0000] {dag.py:3834} INFO - Setting next_dagrun for example_setup_teardown to 2024-03-15 00:00:00+00:00, run_after=2024-03-16 00:00:00+00:00
[2024-03-16T19:26:09.104+0000] {processor.py:183} INFO - Processing /home/airflow/.local/lib/python3.8/site-packages/airflow/example_dags/example_setup_teardown.py took 0.045 seconds
[2024-03-16T19:26:39.317+0000] {processor.py:161} INFO - Started process (PID=680) to work on /home/airflow/.local/lib/python3.8/site-packages/airflow/example_dags/example_setup_teardown.py
[2024-03-16T19:26:39.318+0000] {processor.py:830} INFO - Processing file /home/airflow/.local/lib/python3.8/site-packages/airflow/example_dags/example_setup_teardown.py for tasks to queue
[2024-03-16T19:26:39.320+0000] {logging_mixin.py:188} INFO - [2024-03-16T19:26:39.319+0000] {dagbag.py:540} INFO - Filling up the DagBag from /home/airflow/.local/lib/python3.8/site-packages/airflow/example_dags/example_setup_teardown.py
[2024-03-16T19:26:39.324+0000] {processor.py:840} INFO - DAG(s) 'example_setup_teardown' retrieved from /home/airflow/.local/lib/python3.8/site-packages/airflow/example_dags/example_setup_teardown.py
[2024-03-16T19:26:39.336+0000] {logging_mixin.py:188} INFO - [2024-03-16T19:26:39.336+0000] {dag.py:3047} INFO - Sync 1 DAGs
[2024-03-16T19:26:39.350+0000] {logging_mixin.py:188} INFO - [2024-03-16T19:26:39.350+0000] {dag.py:3834} INFO - Setting next_dagrun for example_setup_teardown to 2024-03-15 00:00:00+00:00, run_after=2024-03-16 00:00:00+00:00
[2024-03-16T19:26:39.365+0000] {processor.py:183} INFO - Processing /home/airflow/.local/lib/python3.8/site-packages/airflow/example_dags/example_setup_teardown.py took 0.050 seconds
[2024-03-16T19:27:09.505+0000] {processor.py:161} INFO - Started process (PID=735) to work on /home/airflow/.local/lib/python3.8/site-packages/airflow/example_dags/example_setup_teardown.py
[2024-03-16T19:27:09.506+0000] {processor.py:830} INFO - Processing file /home/airflow/.local/lib/python3.8/site-packages/airflow/example_dags/example_setup_teardown.py for tasks to queue
[2024-03-16T19:27:09.507+0000] {logging_mixin.py:188} INFO - [2024-03-16T19:27:09.507+0000] {dagbag.py:540} INFO - Filling up the DagBag from /home/airflow/.local/lib/python3.8/site-packages/airflow/example_dags/example_setup_teardown.py
[2024-03-16T19:27:09.512+0000] {processor.py:840} INFO - DAG(s) 'example_setup_teardown' retrieved from /home/airflow/.local/lib/python3.8/site-packages/airflow/example_dags/example_setup_teardown.py
[2024-03-16T19:27:09.526+0000] {logging_mixin.py:188} INFO - [2024-03-16T19:27:09.526+0000] {dag.py:3047} INFO - Sync 1 DAGs
[2024-03-16T19:27:09.541+0000] {logging_mixin.py:188} INFO - [2024-03-16T19:27:09.541+0000] {dag.py:3834} INFO - Setting next_dagrun for example_setup_teardown to 2024-03-15 00:00:00+00:00, run_after=2024-03-16 00:00:00+00:00
[2024-03-16T19:27:09.558+0000] {processor.py:183} INFO - Processing /home/airflow/.local/lib/python3.8/site-packages/airflow/example_dags/example_setup_teardown.py took 0.055 seconds
[2024-03-16T19:27:39.632+0000] {processor.py:161} INFO - Started process (PID=790) to work on /home/airflow/.local/lib/python3.8/site-packages/airflow/example_dags/example_setup_teardown.py
[2024-03-16T19:27:39.633+0000] {processor.py:830} INFO - Processing file /home/airflow/.local/lib/python3.8/site-packages/airflow/example_dags/example_setup_teardown.py for tasks to queue
[2024-03-16T19:27:39.634+0000] {logging_mixin.py:188} INFO - [2024-03-16T19:27:39.634+0000] {dagbag.py:540} INFO - Filling up the DagBag from /home/airflow/.local/lib/python3.8/site-packages/airflow/example_dags/example_setup_teardown.py
[2024-03-16T19:27:39.639+0000] {processor.py:840} INFO - DAG(s) 'example_setup_teardown' retrieved from /home/airflow/.local/lib/python3.8/site-packages/airflow/example_dags/example_setup_teardown.py
[2024-03-16T19:27:39.653+0000] {logging_mixin.py:188} INFO - [2024-03-16T19:27:39.653+0000] {dag.py:3047} INFO - Sync 1 DAGs
[2024-03-16T19:27:39.666+0000] {logging_mixin.py:188} INFO - [2024-03-16T19:27:39.665+0000] {dag.py:3834} INFO - Setting next_dagrun for example_setup_teardown to 2024-03-15 00:00:00+00:00, run_after=2024-03-16 00:00:00+00:00
[2024-03-16T19:27:39.679+0000] {processor.py:183} INFO - Processing /home/airflow/.local/lib/python3.8/site-packages/airflow/example_dags/example_setup_teardown.py took 0.048 seconds
[2024-03-16T19:28:10.424+0000] {processor.py:161} INFO - Started process (PID=845) to work on /home/airflow/.local/lib/python3.8/site-packages/airflow/example_dags/example_setup_teardown.py
[2024-03-16T19:28:10.425+0000] {processor.py:830} INFO - Processing file /home/airflow/.local/lib/python3.8/site-packages/airflow/example_dags/example_setup_teardown.py for tasks to queue
[2024-03-16T19:28:10.426+0000] {logging_mixin.py:188} INFO - [2024-03-16T19:28:10.426+0000] {dagbag.py:540} INFO - Filling up the DagBag from /home/airflow/.local/lib/python3.8/site-packages/airflow/example_dags/example_setup_teardown.py
[2024-03-16T19:28:10.430+0000] {processor.py:840} INFO - DAG(s) 'example_setup_teardown' retrieved from /home/airflow/.local/lib/python3.8/site-packages/airflow/example_dags/example_setup_teardown.py
[2024-03-16T19:28:10.442+0000] {logging_mixin.py:188} INFO - [2024-03-16T19:28:10.442+0000] {dag.py:3047} INFO - Sync 1 DAGs
[2024-03-16T19:28:10.456+0000] {logging_mixin.py:188} INFO - [2024-03-16T19:28:10.456+0000] {dag.py:3834} INFO - Setting next_dagrun for example_setup_teardown to 2024-03-15 00:00:00+00:00, run_after=2024-03-16 00:00:00+00:00
[2024-03-16T19:28:10.469+0000] {processor.py:183} INFO - Processing /home/airflow/.local/lib/python3.8/site-packages/airflow/example_dags/example_setup_teardown.py took 0.047 seconds
[2024-03-16T19:28:41.243+0000] {processor.py:161} INFO - Started process (PID=900) to work on /home/airflow/.local/lib/python3.8/site-packages/airflow/example_dags/example_setup_teardown.py
[2024-03-16T19:28:41.244+0000] {processor.py:830} INFO - Processing file /home/airflow/.local/lib/python3.8/site-packages/airflow/example_dags/example_setup_teardown.py for tasks to queue
[2024-03-16T19:28:41.245+0000] {logging_mixin.py:188} INFO - [2024-03-16T19:28:41.245+0000] {dagbag.py:540} INFO - Filling up the DagBag from /home/airflow/.local/lib/python3.8/site-packages/airflow/example_dags/example_setup_teardown.py
[2024-03-16T19:28:41.249+0000] {processor.py:840} INFO - DAG(s) 'example_setup_teardown' retrieved from /home/airflow/.local/lib/python3.8/site-packages/airflow/example_dags/example_setup_teardown.py
[2024-03-16T19:28:41.263+0000] {logging_mixin.py:188} INFO - [2024-03-16T19:28:41.262+0000] {dag.py:3047} INFO - Sync 1 DAGs
[2024-03-16T19:28:41.275+0000] {logging_mixin.py:188} INFO - [2024-03-16T19:28:41.275+0000] {dag.py:3834} INFO - Setting next_dagrun for example_setup_teardown to 2024-03-15 00:00:00+00:00, run_after=2024-03-16 00:00:00+00:00
[2024-03-16T19:28:41.288+0000] {processor.py:183} INFO - Processing /home/airflow/.local/lib/python3.8/site-packages/airflow/example_dags/example_setup_teardown.py took 0.047 seconds
