[2024-03-16T19:21:02.477+0000] {processor.py:161} INFO - Started process (PID=63) to work on /home/airflow/.local/lib/python3.8/site-packages/airflow/example_dags/example_nested_branch_dag.py
[2024-03-16T19:21:02.478+0000] {processor.py:830} INFO - Processing file /home/airflow/.local/lib/python3.8/site-packages/airflow/example_dags/example_nested_branch_dag.py for tasks to queue
[2024-03-16T19:21:02.479+0000] {logging_mixin.py:188} INFO - [2024-03-16T19:21:02.479+0000] {dagbag.py:540} INFO - Filling up the DagBag from /home/airflow/.local/lib/python3.8/site-packages/airflow/example_dags/example_nested_branch_dag.py
[2024-03-16T19:21:02.487+0000] {processor.py:840} INFO - DAG(s) 'example_nested_branch_dag' retrieved from /home/airflow/.local/lib/python3.8/site-packages/airflow/example_dags/example_nested_branch_dag.py
[2024-03-16T19:21:02.497+0000] {logging_mixin.py:188} INFO - [2024-03-16T19:21:02.497+0000] {dag.py:3047} INFO - Sync 1 DAGs
[2024-03-16T19:21:02.515+0000] {logging_mixin.py:188} INFO - [2024-03-16T19:21:02.515+0000] {dag.py:3834} INFO - Setting next_dagrun for example_nested_branch_dag to 2024-03-15 00:00:00+00:00, run_after=2024-03-16 00:00:00+00:00
[2024-03-16T19:21:02.531+0000] {processor.py:183} INFO - Processing /home/airflow/.local/lib/python3.8/site-packages/airflow/example_dags/example_nested_branch_dag.py took 0.057 seconds
[2024-03-16T19:21:33.413+0000] {processor.py:161} INFO - Started process (PID=118) to work on /home/airflow/.local/lib/python3.8/site-packages/airflow/example_dags/example_nested_branch_dag.py
[2024-03-16T19:21:33.413+0000] {processor.py:830} INFO - Processing file /home/airflow/.local/lib/python3.8/site-packages/airflow/example_dags/example_nested_branch_dag.py for tasks to queue
[2024-03-16T19:21:33.414+0000] {logging_mixin.py:188} INFO - [2024-03-16T19:21:33.414+0000] {dagbag.py:540} INFO - Filling up the DagBag from /home/airflow/.local/lib/python3.8/site-packages/airflow/example_dags/example_nested_branch_dag.py
[2024-03-16T19:21:33.421+0000] {processor.py:840} INFO - DAG(s) 'example_nested_branch_dag' retrieved from /home/airflow/.local/lib/python3.8/site-packages/airflow/example_dags/example_nested_branch_dag.py
[2024-03-16T19:21:33.481+0000] {logging_mixin.py:188} INFO - [2024-03-16T19:21:33.481+0000] {dag.py:3047} INFO - Sync 1 DAGs
[2024-03-16T19:21:33.494+0000] {logging_mixin.py:188} INFO - [2024-03-16T19:21:33.494+0000] {dag.py:3834} INFO - Setting next_dagrun for example_nested_branch_dag to 2024-03-15 00:00:00+00:00, run_after=2024-03-16 00:00:00+00:00
[2024-03-16T19:21:33.509+0000] {processor.py:183} INFO - Processing /home/airflow/.local/lib/python3.8/site-packages/airflow/example_dags/example_nested_branch_dag.py took 0.098 seconds
[2024-03-16T19:22:04.199+0000] {processor.py:161} INFO - Started process (PID=173) to work on /home/airflow/.local/lib/python3.8/site-packages/airflow/example_dags/example_nested_branch_dag.py
[2024-03-16T19:22:04.199+0000] {processor.py:830} INFO - Processing file /home/airflow/.local/lib/python3.8/site-packages/airflow/example_dags/example_nested_branch_dag.py for tasks to queue
[2024-03-16T19:22:04.200+0000] {logging_mixin.py:188} INFO - [2024-03-16T19:22:04.200+0000] {dagbag.py:540} INFO - Filling up the DagBag from /home/airflow/.local/lib/python3.8/site-packages/airflow/example_dags/example_nested_branch_dag.py
[2024-03-16T19:22:04.206+0000] {processor.py:840} INFO - DAG(s) 'example_nested_branch_dag' retrieved from /home/airflow/.local/lib/python3.8/site-packages/airflow/example_dags/example_nested_branch_dag.py
[2024-03-16T19:22:04.219+0000] {logging_mixin.py:188} INFO - [2024-03-16T19:22:04.219+0000] {dag.py:3047} INFO - Sync 1 DAGs
[2024-03-16T19:22:04.232+0000] {logging_mixin.py:188} INFO - [2024-03-16T19:22:04.232+0000] {dag.py:3834} INFO - Setting next_dagrun for example_nested_branch_dag to 2024-03-15 00:00:00+00:00, run_after=2024-03-16 00:00:00+00:00
[2024-03-16T19:22:04.252+0000] {processor.py:183} INFO - Processing /home/airflow/.local/lib/python3.8/site-packages/airflow/example_dags/example_nested_branch_dag.py took 0.055 seconds
[2024-03-16T19:22:34.366+0000] {processor.py:161} INFO - Started process (PID=228) to work on /home/airflow/.local/lib/python3.8/site-packages/airflow/example_dags/example_nested_branch_dag.py
[2024-03-16T19:22:34.367+0000] {processor.py:830} INFO - Processing file /home/airflow/.local/lib/python3.8/site-packages/airflow/example_dags/example_nested_branch_dag.py for tasks to queue
[2024-03-16T19:22:34.368+0000] {logging_mixin.py:188} INFO - [2024-03-16T19:22:34.368+0000] {dagbag.py:540} INFO - Filling up the DagBag from /home/airflow/.local/lib/python3.8/site-packages/airflow/example_dags/example_nested_branch_dag.py
[2024-03-16T19:22:34.375+0000] {processor.py:840} INFO - DAG(s) 'example_nested_branch_dag' retrieved from /home/airflow/.local/lib/python3.8/site-packages/airflow/example_dags/example_nested_branch_dag.py
[2024-03-16T19:22:34.388+0000] {logging_mixin.py:188} INFO - [2024-03-16T19:22:34.388+0000] {dag.py:3047} INFO - Sync 1 DAGs
[2024-03-16T19:22:34.403+0000] {logging_mixin.py:188} INFO - [2024-03-16T19:22:34.403+0000] {dag.py:3834} INFO - Setting next_dagrun for example_nested_branch_dag to 2024-03-15 00:00:00+00:00, run_after=2024-03-16 00:00:00+00:00
[2024-03-16T19:22:34.419+0000] {processor.py:183} INFO - Processing /home/airflow/.local/lib/python3.8/site-packages/airflow/example_dags/example_nested_branch_dag.py took 0.055 seconds
[2024-03-16T19:23:04.641+0000] {processor.py:161} INFO - Started process (PID=283) to work on /home/airflow/.local/lib/python3.8/site-packages/airflow/example_dags/example_nested_branch_dag.py
[2024-03-16T19:23:04.641+0000] {processor.py:830} INFO - Processing file /home/airflow/.local/lib/python3.8/site-packages/airflow/example_dags/example_nested_branch_dag.py for tasks to queue
[2024-03-16T19:23:04.643+0000] {logging_mixin.py:188} INFO - [2024-03-16T19:23:04.642+0000] {dagbag.py:540} INFO - Filling up the DagBag from /home/airflow/.local/lib/python3.8/site-packages/airflow/example_dags/example_nested_branch_dag.py
[2024-03-16T19:23:04.649+0000] {processor.py:840} INFO - DAG(s) 'example_nested_branch_dag' retrieved from /home/airflow/.local/lib/python3.8/site-packages/airflow/example_dags/example_nested_branch_dag.py
[2024-03-16T19:23:04.664+0000] {logging_mixin.py:188} INFO - [2024-03-16T19:23:04.664+0000] {dag.py:3047} INFO - Sync 1 DAGs
[2024-03-16T19:23:04.679+0000] {logging_mixin.py:188} INFO - [2024-03-16T19:23:04.679+0000] {dag.py:3834} INFO - Setting next_dagrun for example_nested_branch_dag to 2024-03-15 00:00:00+00:00, run_after=2024-03-16 00:00:00+00:00
[2024-03-16T19:23:04.694+0000] {processor.py:183} INFO - Processing /home/airflow/.local/lib/python3.8/site-packages/airflow/example_dags/example_nested_branch_dag.py took 0.055 seconds
[2024-03-16T19:23:35.583+0000] {processor.py:161} INFO - Started process (PID=338) to work on /home/airflow/.local/lib/python3.8/site-packages/airflow/example_dags/example_nested_branch_dag.py
[2024-03-16T19:23:35.584+0000] {processor.py:830} INFO - Processing file /home/airflow/.local/lib/python3.8/site-packages/airflow/example_dags/example_nested_branch_dag.py for tasks to queue
[2024-03-16T19:23:35.586+0000] {logging_mixin.py:188} INFO - [2024-03-16T19:23:35.585+0000] {dagbag.py:540} INFO - Filling up the DagBag from /home/airflow/.local/lib/python3.8/site-packages/airflow/example_dags/example_nested_branch_dag.py
[2024-03-16T19:23:35.593+0000] {processor.py:840} INFO - DAG(s) 'example_nested_branch_dag' retrieved from /home/airflow/.local/lib/python3.8/site-packages/airflow/example_dags/example_nested_branch_dag.py
[2024-03-16T19:23:35.607+0000] {logging_mixin.py:188} INFO - [2024-03-16T19:23:35.607+0000] {dag.py:3047} INFO - Sync 1 DAGs
[2024-03-16T19:23:35.623+0000] {logging_mixin.py:188} INFO - [2024-03-16T19:23:35.623+0000] {dag.py:3834} INFO - Setting next_dagrun for example_nested_branch_dag to 2024-03-15 00:00:00+00:00, run_after=2024-03-16 00:00:00+00:00
[2024-03-16T19:23:35.640+0000] {processor.py:183} INFO - Processing /home/airflow/.local/lib/python3.8/site-packages/airflow/example_dags/example_nested_branch_dag.py took 0.058 seconds
[2024-03-16T19:24:06.510+0000] {processor.py:161} INFO - Started process (PID=393) to work on /home/airflow/.local/lib/python3.8/site-packages/airflow/example_dags/example_nested_branch_dag.py
[2024-03-16T19:24:06.510+0000] {processor.py:830} INFO - Processing file /home/airflow/.local/lib/python3.8/site-packages/airflow/example_dags/example_nested_branch_dag.py for tasks to queue
[2024-03-16T19:24:06.512+0000] {logging_mixin.py:188} INFO - [2024-03-16T19:24:06.511+0000] {dagbag.py:540} INFO - Filling up the DagBag from /home/airflow/.local/lib/python3.8/site-packages/airflow/example_dags/example_nested_branch_dag.py
[2024-03-16T19:24:06.518+0000] {processor.py:840} INFO - DAG(s) 'example_nested_branch_dag' retrieved from /home/airflow/.local/lib/python3.8/site-packages/airflow/example_dags/example_nested_branch_dag.py
[2024-03-16T19:24:06.532+0000] {logging_mixin.py:188} INFO - [2024-03-16T19:24:06.532+0000] {dag.py:3047} INFO - Sync 1 DAGs
[2024-03-16T19:24:06.548+0000] {logging_mixin.py:188} INFO - [2024-03-16T19:24:06.548+0000] {dag.py:3834} INFO - Setting next_dagrun for example_nested_branch_dag to 2024-03-15 00:00:00+00:00, run_after=2024-03-16 00:00:00+00:00
[2024-03-16T19:24:06.563+0000] {processor.py:183} INFO - Processing /home/airflow/.local/lib/python3.8/site-packages/airflow/example_dags/example_nested_branch_dag.py took 0.055 seconds
[2024-03-16T19:24:36.720+0000] {processor.py:161} INFO - Started process (PID=448) to work on /home/airflow/.local/lib/python3.8/site-packages/airflow/example_dags/example_nested_branch_dag.py
[2024-03-16T19:24:36.721+0000] {processor.py:830} INFO - Processing file /home/airflow/.local/lib/python3.8/site-packages/airflow/example_dags/example_nested_branch_dag.py for tasks to queue
[2024-03-16T19:24:36.722+0000] {logging_mixin.py:188} INFO - [2024-03-16T19:24:36.721+0000] {dagbag.py:540} INFO - Filling up the DagBag from /home/airflow/.local/lib/python3.8/site-packages/airflow/example_dags/example_nested_branch_dag.py
[2024-03-16T19:24:36.728+0000] {processor.py:840} INFO - DAG(s) 'example_nested_branch_dag' retrieved from /home/airflow/.local/lib/python3.8/site-packages/airflow/example_dags/example_nested_branch_dag.py
[2024-03-16T19:24:36.742+0000] {logging_mixin.py:188} INFO - [2024-03-16T19:24:36.741+0000] {dag.py:3047} INFO - Sync 1 DAGs
[2024-03-16T19:24:36.755+0000] {logging_mixin.py:188} INFO - [2024-03-16T19:24:36.755+0000] {dag.py:3834} INFO - Setting next_dagrun for example_nested_branch_dag to 2024-03-15 00:00:00+00:00, run_after=2024-03-16 00:00:00+00:00
[2024-03-16T19:24:36.768+0000] {processor.py:183} INFO - Processing /home/airflow/.local/lib/python3.8/site-packages/airflow/example_dags/example_nested_branch_dag.py took 0.050 seconds
[2024-03-16T19:25:06.888+0000] {processor.py:161} INFO - Started process (PID=503) to work on /home/airflow/.local/lib/python3.8/site-packages/airflow/example_dags/example_nested_branch_dag.py
[2024-03-16T19:25:06.888+0000] {processor.py:830} INFO - Processing file /home/airflow/.local/lib/python3.8/site-packages/airflow/example_dags/example_nested_branch_dag.py for tasks to queue
[2024-03-16T19:25:06.890+0000] {logging_mixin.py:188} INFO - [2024-03-16T19:25:06.889+0000] {dagbag.py:540} INFO - Filling up the DagBag from /home/airflow/.local/lib/python3.8/site-packages/airflow/example_dags/example_nested_branch_dag.py
[2024-03-16T19:25:06.896+0000] {processor.py:840} INFO - DAG(s) 'example_nested_branch_dag' retrieved from /home/airflow/.local/lib/python3.8/site-packages/airflow/example_dags/example_nested_branch_dag.py
[2024-03-16T19:25:06.910+0000] {logging_mixin.py:188} INFO - [2024-03-16T19:25:06.910+0000] {dag.py:3047} INFO - Sync 1 DAGs
[2024-03-16T19:25:06.924+0000] {logging_mixin.py:188} INFO - [2024-03-16T19:25:06.924+0000] {dag.py:3834} INFO - Setting next_dagrun for example_nested_branch_dag to 2024-03-15 00:00:00+00:00, run_after=2024-03-16 00:00:00+00:00
[2024-03-16T19:25:06.939+0000] {processor.py:183} INFO - Processing /home/airflow/.local/lib/python3.8/site-packages/airflow/example_dags/example_nested_branch_dag.py took 0.053 seconds
[2024-03-16T19:25:37.737+0000] {processor.py:161} INFO - Started process (PID=558) to work on /home/airflow/.local/lib/python3.8/site-packages/airflow/example_dags/example_nested_branch_dag.py
[2024-03-16T19:25:37.737+0000] {processor.py:830} INFO - Processing file /home/airflow/.local/lib/python3.8/site-packages/airflow/example_dags/example_nested_branch_dag.py for tasks to queue
[2024-03-16T19:25:37.739+0000] {logging_mixin.py:188} INFO - [2024-03-16T19:25:37.738+0000] {dagbag.py:540} INFO - Filling up the DagBag from /home/airflow/.local/lib/python3.8/site-packages/airflow/example_dags/example_nested_branch_dag.py
[2024-03-16T19:25:37.745+0000] {processor.py:840} INFO - DAG(s) 'example_nested_branch_dag' retrieved from /home/airflow/.local/lib/python3.8/site-packages/airflow/example_dags/example_nested_branch_dag.py
[2024-03-16T19:25:37.758+0000] {logging_mixin.py:188} INFO - [2024-03-16T19:25:37.758+0000] {dag.py:3047} INFO - Sync 1 DAGs
[2024-03-16T19:25:37.772+0000] {logging_mixin.py:188} INFO - [2024-03-16T19:25:37.771+0000] {dag.py:3834} INFO - Setting next_dagrun for example_nested_branch_dag to 2024-03-15 00:00:00+00:00, run_after=2024-03-16 00:00:00+00:00
[2024-03-16T19:25:37.784+0000] {processor.py:183} INFO - Processing /home/airflow/.local/lib/python3.8/site-packages/airflow/example_dags/example_nested_branch_dag.py took 0.050 seconds
[2024-03-16T19:26:08.651+0000] {processor.py:161} INFO - Started process (PID=613) to work on /home/airflow/.local/lib/python3.8/site-packages/airflow/example_dags/example_nested_branch_dag.py
[2024-03-16T19:26:08.652+0000] {processor.py:830} INFO - Processing file /home/airflow/.local/lib/python3.8/site-packages/airflow/example_dags/example_nested_branch_dag.py for tasks to queue
[2024-03-16T19:26:08.653+0000] {logging_mixin.py:188} INFO - [2024-03-16T19:26:08.653+0000] {dagbag.py:540} INFO - Filling up the DagBag from /home/airflow/.local/lib/python3.8/site-packages/airflow/example_dags/example_nested_branch_dag.py
[2024-03-16T19:26:08.659+0000] {processor.py:840} INFO - DAG(s) 'example_nested_branch_dag' retrieved from /home/airflow/.local/lib/python3.8/site-packages/airflow/example_dags/example_nested_branch_dag.py
[2024-03-16T19:26:08.672+0000] {logging_mixin.py:188} INFO - [2024-03-16T19:26:08.672+0000] {dag.py:3047} INFO - Sync 1 DAGs
[2024-03-16T19:26:08.687+0000] {logging_mixin.py:188} INFO - [2024-03-16T19:26:08.686+0000] {dag.py:3834} INFO - Setting next_dagrun for example_nested_branch_dag to 2024-03-15 00:00:00+00:00, run_after=2024-03-16 00:00:00+00:00
[2024-03-16T19:26:08.701+0000] {processor.py:183} INFO - Processing /home/airflow/.local/lib/python3.8/site-packages/airflow/example_dags/example_nested_branch_dag.py took 0.051 seconds
[2024-03-16T19:26:38.835+0000] {processor.py:161} INFO - Started process (PID=668) to work on /home/airflow/.local/lib/python3.8/site-packages/airflow/example_dags/example_nested_branch_dag.py
[2024-03-16T19:26:38.836+0000] {processor.py:830} INFO - Processing file /home/airflow/.local/lib/python3.8/site-packages/airflow/example_dags/example_nested_branch_dag.py for tasks to queue
[2024-03-16T19:26:38.837+0000] {logging_mixin.py:188} INFO - [2024-03-16T19:26:38.837+0000] {dagbag.py:540} INFO - Filling up the DagBag from /home/airflow/.local/lib/python3.8/site-packages/airflow/example_dags/example_nested_branch_dag.py
[2024-03-16T19:26:38.843+0000] {processor.py:840} INFO - DAG(s) 'example_nested_branch_dag' retrieved from /home/airflow/.local/lib/python3.8/site-packages/airflow/example_dags/example_nested_branch_dag.py
[2024-03-16T19:26:38.857+0000] {logging_mixin.py:188} INFO - [2024-03-16T19:26:38.856+0000] {dag.py:3047} INFO - Sync 1 DAGs
[2024-03-16T19:26:38.870+0000] {logging_mixin.py:188} INFO - [2024-03-16T19:26:38.870+0000] {dag.py:3834} INFO - Setting next_dagrun for example_nested_branch_dag to 2024-03-15 00:00:00+00:00, run_after=2024-03-16 00:00:00+00:00
[2024-03-16T19:26:38.883+0000] {processor.py:183} INFO - Processing /home/airflow/.local/lib/python3.8/site-packages/airflow/example_dags/example_nested_branch_dag.py took 0.049 seconds
[2024-03-16T19:27:09.083+0000] {processor.py:161} INFO - Started process (PID=723) to work on /home/airflow/.local/lib/python3.8/site-packages/airflow/example_dags/example_nested_branch_dag.py
[2024-03-16T19:27:09.084+0000] {processor.py:830} INFO - Processing file /home/airflow/.local/lib/python3.8/site-packages/airflow/example_dags/example_nested_branch_dag.py for tasks to queue
[2024-03-16T19:27:09.085+0000] {logging_mixin.py:188} INFO - [2024-03-16T19:27:09.085+0000] {dagbag.py:540} INFO - Filling up the DagBag from /home/airflow/.local/lib/python3.8/site-packages/airflow/example_dags/example_nested_branch_dag.py
[2024-03-16T19:27:09.091+0000] {processor.py:840} INFO - DAG(s) 'example_nested_branch_dag' retrieved from /home/airflow/.local/lib/python3.8/site-packages/airflow/example_dags/example_nested_branch_dag.py
[2024-03-16T19:27:09.104+0000] {logging_mixin.py:188} INFO - [2024-03-16T19:27:09.103+0000] {dag.py:3047} INFO - Sync 1 DAGs
[2024-03-16T19:27:09.117+0000] {logging_mixin.py:188} INFO - [2024-03-16T19:27:09.117+0000] {dag.py:3834} INFO - Setting next_dagrun for example_nested_branch_dag to 2024-03-15 00:00:00+00:00, run_after=2024-03-16 00:00:00+00:00
[2024-03-16T19:27:09.131+0000] {processor.py:183} INFO - Processing /home/airflow/.local/lib/python3.8/site-packages/airflow/example_dags/example_nested_branch_dag.py took 0.050 seconds
[2024-03-16T19:27:39.186+0000] {processor.py:161} INFO - Started process (PID=778) to work on /home/airflow/.local/lib/python3.8/site-packages/airflow/example_dags/example_nested_branch_dag.py
[2024-03-16T19:27:39.187+0000] {processor.py:830} INFO - Processing file /home/airflow/.local/lib/python3.8/site-packages/airflow/example_dags/example_nested_branch_dag.py for tasks to queue
[2024-03-16T19:27:39.188+0000] {logging_mixin.py:188} INFO - [2024-03-16T19:27:39.188+0000] {dagbag.py:540} INFO - Filling up the DagBag from /home/airflow/.local/lib/python3.8/site-packages/airflow/example_dags/example_nested_branch_dag.py
[2024-03-16T19:27:39.194+0000] {processor.py:840} INFO - DAG(s) 'example_nested_branch_dag' retrieved from /home/airflow/.local/lib/python3.8/site-packages/airflow/example_dags/example_nested_branch_dag.py
[2024-03-16T19:27:39.206+0000] {logging_mixin.py:188} INFO - [2024-03-16T19:27:39.206+0000] {dag.py:3047} INFO - Sync 1 DAGs
[2024-03-16T19:27:39.221+0000] {logging_mixin.py:188} INFO - [2024-03-16T19:27:39.221+0000] {dag.py:3834} INFO - Setting next_dagrun for example_nested_branch_dag to 2024-03-15 00:00:00+00:00, run_after=2024-03-16 00:00:00+00:00
[2024-03-16T19:27:39.234+0000] {processor.py:183} INFO - Processing /home/airflow/.local/lib/python3.8/site-packages/airflow/example_dags/example_nested_branch_dag.py took 0.050 seconds
[2024-03-16T19:28:10.018+0000] {processor.py:161} INFO - Started process (PID=833) to work on /home/airflow/.local/lib/python3.8/site-packages/airflow/example_dags/example_nested_branch_dag.py
[2024-03-16T19:28:10.019+0000] {processor.py:830} INFO - Processing file /home/airflow/.local/lib/python3.8/site-packages/airflow/example_dags/example_nested_branch_dag.py for tasks to queue
[2024-03-16T19:28:10.020+0000] {logging_mixin.py:188} INFO - [2024-03-16T19:28:10.020+0000] {dagbag.py:540} INFO - Filling up the DagBag from /home/airflow/.local/lib/python3.8/site-packages/airflow/example_dags/example_nested_branch_dag.py
[2024-03-16T19:28:10.026+0000] {processor.py:840} INFO - DAG(s) 'example_nested_branch_dag' retrieved from /home/airflow/.local/lib/python3.8/site-packages/airflow/example_dags/example_nested_branch_dag.py
[2024-03-16T19:28:10.040+0000] {logging_mixin.py:188} INFO - [2024-03-16T19:28:10.040+0000] {dag.py:3047} INFO - Sync 1 DAGs
[2024-03-16T19:28:10.054+0000] {logging_mixin.py:188} INFO - [2024-03-16T19:28:10.053+0000] {dag.py:3834} INFO - Setting next_dagrun for example_nested_branch_dag to 2024-03-15 00:00:00+00:00, run_after=2024-03-16 00:00:00+00:00
[2024-03-16T19:28:10.066+0000] {processor.py:183} INFO - Processing /home/airflow/.local/lib/python3.8/site-packages/airflow/example_dags/example_nested_branch_dag.py took 0.049 seconds
[2024-03-16T19:28:40.840+0000] {processor.py:161} INFO - Started process (PID=888) to work on /home/airflow/.local/lib/python3.8/site-packages/airflow/example_dags/example_nested_branch_dag.py
[2024-03-16T19:28:40.841+0000] {processor.py:830} INFO - Processing file /home/airflow/.local/lib/python3.8/site-packages/airflow/example_dags/example_nested_branch_dag.py for tasks to queue
[2024-03-16T19:28:40.843+0000] {logging_mixin.py:188} INFO - [2024-03-16T19:28:40.842+0000] {dagbag.py:540} INFO - Filling up the DagBag from /home/airflow/.local/lib/python3.8/site-packages/airflow/example_dags/example_nested_branch_dag.py
[2024-03-16T19:28:40.849+0000] {processor.py:840} INFO - DAG(s) 'example_nested_branch_dag' retrieved from /home/airflow/.local/lib/python3.8/site-packages/airflow/example_dags/example_nested_branch_dag.py
[2024-03-16T19:28:40.863+0000] {logging_mixin.py:188} INFO - [2024-03-16T19:28:40.862+0000] {dag.py:3047} INFO - Sync 1 DAGs
[2024-03-16T19:28:40.876+0000] {logging_mixin.py:188} INFO - [2024-03-16T19:28:40.875+0000] {dag.py:3834} INFO - Setting next_dagrun for example_nested_branch_dag to 2024-03-15 00:00:00+00:00, run_after=2024-03-16 00:00:00+00:00
[2024-03-16T19:28:40.888+0000] {processor.py:183} INFO - Processing /home/airflow/.local/lib/python3.8/site-packages/airflow/example_dags/example_nested_branch_dag.py took 0.050 seconds
