[2024-03-16T19:21:02.791+0000] {processor.py:161} INFO - Started process (PID=71) to work on /home/airflow/.local/lib/python3.8/site-packages/airflow/example_dags/example_subdag_operator.py
[2024-03-16T19:21:02.792+0000] {processor.py:830} INFO - Processing file /home/airflow/.local/lib/python3.8/site-packages/airflow/example_dags/example_subdag_operator.py for tasks to queue
[2024-03-16T19:21:02.793+0000] {logging_mixin.py:188} INFO - [2024-03-16T19:21:02.793+0000] {dagbag.py:540} INFO - Filling up the DagBag from /home/airflow/.local/lib/python3.8/site-packages/airflow/example_dags/example_subdag_operator.py
[2024-03-16T19:21:02.812+0000] {processor.py:840} INFO - DAG(s) 'example_subdag_operator.section-1', 'example_subdag_operator.section-2', 'example_subdag_operator' retrieved from /home/airflow/.local/lib/python3.8/site-packages/airflow/example_dags/example_subdag_operator.py
[2024-03-16T19:21:02.815+0000] {logging_mixin.py:188} INFO - [2024-03-16T19:21:02.815+0000] {dag.py:3047} INFO - Sync 3 DAGs
[2024-03-16T19:21:02.831+0000] {logging_mixin.py:188} INFO - [2024-03-16T19:21:02.831+0000] {dag.py:3834} INFO - Setting next_dagrun for example_subdag_operator to 2022-01-01 00:00:00+00:00, run_after=2022-01-01 00:00:00+00:00
[2024-03-16T19:21:02.834+0000] {logging_mixin.py:188} INFO - [2024-03-16T19:21:02.834+0000] {dag.py:3834} INFO - Setting next_dagrun for example_subdag_operator.section-1 to None, run_after=None
[2024-03-16T19:21:02.836+0000] {logging_mixin.py:188} INFO - [2024-03-16T19:21:02.835+0000] {dag.py:3834} INFO - Setting next_dagrun for example_subdag_operator.section-2 to None, run_after=None
[2024-03-16T19:21:02.841+0000] {logging_mixin.py:188} INFO - [2024-03-16T19:21:02.841+0000] {dag.py:3047} INFO - Sync 2 DAGs
[2024-03-16T19:21:02.845+0000] {logging_mixin.py:188} INFO - [2024-03-16T19:21:02.845+0000] {dag.py:3834} INFO - Setting next_dagrun for example_subdag_operator.section-1 to None, run_after=None
[2024-03-16T19:21:02.846+0000] {logging_mixin.py:188} INFO - [2024-03-16T19:21:02.846+0000] {dag.py:3834} INFO - Setting next_dagrun for example_subdag_operator.section-2 to None, run_after=None
[2024-03-16T19:21:02.856+0000] {processor.py:183} INFO - Processing /home/airflow/.local/lib/python3.8/site-packages/airflow/example_dags/example_subdag_operator.py took 0.067 seconds
[2024-03-16T19:21:34.000+0000] {processor.py:161} INFO - Started process (PID=126) to work on /home/airflow/.local/lib/python3.8/site-packages/airflow/example_dags/example_subdag_operator.py
[2024-03-16T19:21:34.001+0000] {processor.py:830} INFO - Processing file /home/airflow/.local/lib/python3.8/site-packages/airflow/example_dags/example_subdag_operator.py for tasks to queue
[2024-03-16T19:21:34.002+0000] {logging_mixin.py:188} INFO - [2024-03-16T19:21:34.002+0000] {dagbag.py:540} INFO - Filling up the DagBag from /home/airflow/.local/lib/python3.8/site-packages/airflow/example_dags/example_subdag_operator.py
[2024-03-16T19:21:34.016+0000] {processor.py:840} INFO - DAG(s) 'example_subdag_operator.section-1', 'example_subdag_operator.section-2', 'example_subdag_operator' retrieved from /home/airflow/.local/lib/python3.8/site-packages/airflow/example_dags/example_subdag_operator.py
[2024-03-16T19:21:34.073+0000] {logging_mixin.py:188} INFO - [2024-03-16T19:21:34.073+0000] {dag.py:3047} INFO - Sync 3 DAGs
[2024-03-16T19:21:34.084+0000] {logging_mixin.py:188} INFO - [2024-03-16T19:21:34.084+0000] {dag.py:3834} INFO - Setting next_dagrun for example_subdag_operator to 2022-01-01 00:00:00+00:00, run_after=2022-01-01 00:00:00+00:00
[2024-03-16T19:21:34.087+0000] {logging_mixin.py:188} INFO - [2024-03-16T19:21:34.087+0000] {dag.py:3834} INFO - Setting next_dagrun for example_subdag_operator.section-1 to None, run_after=None
[2024-03-16T19:21:34.088+0000] {logging_mixin.py:188} INFO - [2024-03-16T19:21:34.088+0000] {dag.py:3834} INFO - Setting next_dagrun for example_subdag_operator.section-2 to None, run_after=None
[2024-03-16T19:21:34.094+0000] {logging_mixin.py:188} INFO - [2024-03-16T19:21:34.094+0000] {dag.py:3047} INFO - Sync 2 DAGs
[2024-03-16T19:21:34.097+0000] {logging_mixin.py:188} INFO - [2024-03-16T19:21:34.097+0000] {dag.py:3834} INFO - Setting next_dagrun for example_subdag_operator.section-1 to None, run_after=None
[2024-03-16T19:21:34.098+0000] {logging_mixin.py:188} INFO - [2024-03-16T19:21:34.098+0000] {dag.py:3834} INFO - Setting next_dagrun for example_subdag_operator.section-2 to None, run_after=None
[2024-03-16T19:21:34.107+0000] {processor.py:183} INFO - Processing /home/airflow/.local/lib/python3.8/site-packages/airflow/example_dags/example_subdag_operator.py took 0.109 seconds
[2024-03-16T19:22:04.521+0000] {processor.py:161} INFO - Started process (PID=181) to work on /home/airflow/.local/lib/python3.8/site-packages/airflow/example_dags/example_subdag_operator.py
[2024-03-16T19:22:04.522+0000] {processor.py:830} INFO - Processing file /home/airflow/.local/lib/python3.8/site-packages/airflow/example_dags/example_subdag_operator.py for tasks to queue
[2024-03-16T19:22:04.524+0000] {logging_mixin.py:188} INFO - [2024-03-16T19:22:04.523+0000] {dagbag.py:540} INFO - Filling up the DagBag from /home/airflow/.local/lib/python3.8/site-packages/airflow/example_dags/example_subdag_operator.py
[2024-03-16T19:22:04.539+0000] {processor.py:840} INFO - DAG(s) 'example_subdag_operator.section-1', 'example_subdag_operator.section-2', 'example_subdag_operator' retrieved from /home/airflow/.local/lib/python3.8/site-packages/airflow/example_dags/example_subdag_operator.py
[2024-03-16T19:22:04.549+0000] {logging_mixin.py:188} INFO - [2024-03-16T19:22:04.549+0000] {dag.py:3047} INFO - Sync 3 DAGs
[2024-03-16T19:22:04.562+0000] {logging_mixin.py:188} INFO - [2024-03-16T19:22:04.562+0000] {dag.py:3834} INFO - Setting next_dagrun for example_subdag_operator to 2022-01-01 00:00:00+00:00, run_after=2022-01-01 00:00:00+00:00
[2024-03-16T19:22:04.564+0000] {logging_mixin.py:188} INFO - [2024-03-16T19:22:04.564+0000] {dag.py:3834} INFO - Setting next_dagrun for example_subdag_operator.section-1 to None, run_after=None
[2024-03-16T19:22:04.565+0000] {logging_mixin.py:188} INFO - [2024-03-16T19:22:04.564+0000] {dag.py:3834} INFO - Setting next_dagrun for example_subdag_operator.section-2 to None, run_after=None
[2024-03-16T19:22:04.569+0000] {logging_mixin.py:188} INFO - [2024-03-16T19:22:04.568+0000] {dag.py:3047} INFO - Sync 2 DAGs
[2024-03-16T19:22:04.572+0000] {logging_mixin.py:188} INFO - [2024-03-16T19:22:04.572+0000] {dag.py:3834} INFO - Setting next_dagrun for example_subdag_operator.section-1 to None, run_after=None
[2024-03-16T19:22:04.573+0000] {logging_mixin.py:188} INFO - [2024-03-16T19:22:04.572+0000] {dag.py:3834} INFO - Setting next_dagrun for example_subdag_operator.section-2 to None, run_after=None
[2024-03-16T19:22:04.581+0000] {processor.py:183} INFO - Processing /home/airflow/.local/lib/python3.8/site-packages/airflow/example_dags/example_subdag_operator.py took 0.061 seconds
[2024-03-16T19:22:34.657+0000] {processor.py:161} INFO - Started process (PID=236) to work on /home/airflow/.local/lib/python3.8/site-packages/airflow/example_dags/example_subdag_operator.py
[2024-03-16T19:22:34.658+0000] {processor.py:830} INFO - Processing file /home/airflow/.local/lib/python3.8/site-packages/airflow/example_dags/example_subdag_operator.py for tasks to queue
[2024-03-16T19:22:34.659+0000] {logging_mixin.py:188} INFO - [2024-03-16T19:22:34.659+0000] {dagbag.py:540} INFO - Filling up the DagBag from /home/airflow/.local/lib/python3.8/site-packages/airflow/example_dags/example_subdag_operator.py
[2024-03-16T19:22:34.673+0000] {processor.py:840} INFO - DAG(s) 'example_subdag_operator.section-1', 'example_subdag_operator.section-2', 'example_subdag_operator' retrieved from /home/airflow/.local/lib/python3.8/site-packages/airflow/example_dags/example_subdag_operator.py
[2024-03-16T19:22:34.683+0000] {logging_mixin.py:188} INFO - [2024-03-16T19:22:34.683+0000] {dag.py:3047} INFO - Sync 3 DAGs
[2024-03-16T19:22:34.696+0000] {logging_mixin.py:188} INFO - [2024-03-16T19:22:34.696+0000] {dag.py:3834} INFO - Setting next_dagrun for example_subdag_operator to 2022-01-01 00:00:00+00:00, run_after=2022-01-01 00:00:00+00:00
[2024-03-16T19:22:34.698+0000] {logging_mixin.py:188} INFO - [2024-03-16T19:22:34.698+0000] {dag.py:3834} INFO - Setting next_dagrun for example_subdag_operator.section-1 to None, run_after=None
[2024-03-16T19:22:34.699+0000] {logging_mixin.py:188} INFO - [2024-03-16T19:22:34.699+0000] {dag.py:3834} INFO - Setting next_dagrun for example_subdag_operator.section-2 to None, run_after=None
[2024-03-16T19:22:34.704+0000] {logging_mixin.py:188} INFO - [2024-03-16T19:22:34.703+0000] {dag.py:3047} INFO - Sync 2 DAGs
[2024-03-16T19:22:34.707+0000] {logging_mixin.py:188} INFO - [2024-03-16T19:22:34.706+0000] {dag.py:3834} INFO - Setting next_dagrun for example_subdag_operator.section-1 to None, run_after=None
[2024-03-16T19:22:34.707+0000] {logging_mixin.py:188} INFO - [2024-03-16T19:22:34.707+0000] {dag.py:3834} INFO - Setting next_dagrun for example_subdag_operator.section-2 to None, run_after=None
[2024-03-16T19:22:34.715+0000] {processor.py:183} INFO - Processing /home/airflow/.local/lib/python3.8/site-packages/airflow/example_dags/example_subdag_operator.py took 0.060 seconds
[2024-03-16T19:23:04.961+0000] {processor.py:161} INFO - Started process (PID=291) to work on /home/airflow/.local/lib/python3.8/site-packages/airflow/example_dags/example_subdag_operator.py
[2024-03-16T19:23:04.961+0000] {processor.py:830} INFO - Processing file /home/airflow/.local/lib/python3.8/site-packages/airflow/example_dags/example_subdag_operator.py for tasks to queue
[2024-03-16T19:23:04.963+0000] {logging_mixin.py:188} INFO - [2024-03-16T19:23:04.963+0000] {dagbag.py:540} INFO - Filling up the DagBag from /home/airflow/.local/lib/python3.8/site-packages/airflow/example_dags/example_subdag_operator.py
[2024-03-16T19:23:04.978+0000] {processor.py:840} INFO - DAG(s) 'example_subdag_operator.section-1', 'example_subdag_operator.section-2', 'example_subdag_operator' retrieved from /home/airflow/.local/lib/python3.8/site-packages/airflow/example_dags/example_subdag_operator.py
[2024-03-16T19:23:04.989+0000] {logging_mixin.py:188} INFO - [2024-03-16T19:23:04.988+0000] {dag.py:3047} INFO - Sync 3 DAGs
[2024-03-16T19:23:05.003+0000] {logging_mixin.py:188} INFO - [2024-03-16T19:23:05.002+0000] {dag.py:3834} INFO - Setting next_dagrun for example_subdag_operator to 2022-01-01 00:00:00+00:00, run_after=2022-01-01 00:00:00+00:00
[2024-03-16T19:23:05.005+0000] {logging_mixin.py:188} INFO - [2024-03-16T19:23:05.005+0000] {dag.py:3834} INFO - Setting next_dagrun for example_subdag_operator.section-1 to None, run_after=None
[2024-03-16T19:23:05.006+0000] {logging_mixin.py:188} INFO - [2024-03-16T19:23:05.006+0000] {dag.py:3834} INFO - Setting next_dagrun for example_subdag_operator.section-2 to None, run_after=None
[2024-03-16T19:23:05.011+0000] {logging_mixin.py:188} INFO - [2024-03-16T19:23:05.010+0000] {dag.py:3047} INFO - Sync 2 DAGs
[2024-03-16T19:23:05.014+0000] {logging_mixin.py:188} INFO - [2024-03-16T19:23:05.014+0000] {dag.py:3834} INFO - Setting next_dagrun for example_subdag_operator.section-1 to None, run_after=None
[2024-03-16T19:23:05.014+0000] {logging_mixin.py:188} INFO - [2024-03-16T19:23:05.014+0000] {dag.py:3834} INFO - Setting next_dagrun for example_subdag_operator.section-2 to None, run_after=None
[2024-03-16T19:23:05.024+0000] {processor.py:183} INFO - Processing /home/airflow/.local/lib/python3.8/site-packages/airflow/example_dags/example_subdag_operator.py took 0.066 seconds
[2024-03-16T19:23:35.935+0000] {processor.py:161} INFO - Started process (PID=346) to work on /home/airflow/.local/lib/python3.8/site-packages/airflow/example_dags/example_subdag_operator.py
[2024-03-16T19:23:35.935+0000] {processor.py:830} INFO - Processing file /home/airflow/.local/lib/python3.8/site-packages/airflow/example_dags/example_subdag_operator.py for tasks to queue
[2024-03-16T19:23:35.937+0000] {logging_mixin.py:188} INFO - [2024-03-16T19:23:35.937+0000] {dagbag.py:540} INFO - Filling up the DagBag from /home/airflow/.local/lib/python3.8/site-packages/airflow/example_dags/example_subdag_operator.py
[2024-03-16T19:23:35.954+0000] {processor.py:840} INFO - DAG(s) 'example_subdag_operator.section-1', 'example_subdag_operator.section-2', 'example_subdag_operator' retrieved from /home/airflow/.local/lib/python3.8/site-packages/airflow/example_dags/example_subdag_operator.py
[2024-03-16T19:23:35.964+0000] {logging_mixin.py:188} INFO - [2024-03-16T19:23:35.964+0000] {dag.py:3047} INFO - Sync 3 DAGs
[2024-03-16T19:23:35.980+0000] {logging_mixin.py:188} INFO - [2024-03-16T19:23:35.980+0000] {dag.py:3834} INFO - Setting next_dagrun for example_subdag_operator to 2022-01-01 00:00:00+00:00, run_after=2022-01-01 00:00:00+00:00
[2024-03-16T19:23:35.983+0000] {logging_mixin.py:188} INFO - [2024-03-16T19:23:35.983+0000] {dag.py:3834} INFO - Setting next_dagrun for example_subdag_operator.section-1 to None, run_after=None
[2024-03-16T19:23:35.984+0000] {logging_mixin.py:188} INFO - [2024-03-16T19:23:35.984+0000] {dag.py:3834} INFO - Setting next_dagrun for example_subdag_operator.section-2 to None, run_after=None
[2024-03-16T19:23:35.989+0000] {logging_mixin.py:188} INFO - [2024-03-16T19:23:35.989+0000] {dag.py:3047} INFO - Sync 2 DAGs
[2024-03-16T19:23:35.993+0000] {logging_mixin.py:188} INFO - [2024-03-16T19:23:35.992+0000] {dag.py:3834} INFO - Setting next_dagrun for example_subdag_operator.section-1 to None, run_after=None
[2024-03-16T19:23:35.993+0000] {logging_mixin.py:188} INFO - [2024-03-16T19:23:35.993+0000] {dag.py:3834} INFO - Setting next_dagrun for example_subdag_operator.section-2 to None, run_after=None
[2024-03-16T19:23:36.003+0000] {processor.py:183} INFO - Processing /home/airflow/.local/lib/python3.8/site-packages/airflow/example_dags/example_subdag_operator.py took 0.071 seconds
[2024-03-16T19:24:06.861+0000] {processor.py:161} INFO - Started process (PID=401) to work on /home/airflow/.local/lib/python3.8/site-packages/airflow/example_dags/example_subdag_operator.py
[2024-03-16T19:24:06.861+0000] {processor.py:830} INFO - Processing file /home/airflow/.local/lib/python3.8/site-packages/airflow/example_dags/example_subdag_operator.py for tasks to queue
[2024-03-16T19:24:06.863+0000] {logging_mixin.py:188} INFO - [2024-03-16T19:24:06.862+0000] {dagbag.py:540} INFO - Filling up the DagBag from /home/airflow/.local/lib/python3.8/site-packages/airflow/example_dags/example_subdag_operator.py
[2024-03-16T19:24:06.878+0000] {processor.py:840} INFO - DAG(s) 'example_subdag_operator.section-1', 'example_subdag_operator.section-2', 'example_subdag_operator' retrieved from /home/airflow/.local/lib/python3.8/site-packages/airflow/example_dags/example_subdag_operator.py
[2024-03-16T19:24:06.888+0000] {logging_mixin.py:188} INFO - [2024-03-16T19:24:06.888+0000] {dag.py:3047} INFO - Sync 3 DAGs
[2024-03-16T19:24:06.903+0000] {logging_mixin.py:188} INFO - [2024-03-16T19:24:06.902+0000] {dag.py:3834} INFO - Setting next_dagrun for example_subdag_operator to 2022-01-01 00:00:00+00:00, run_after=2022-01-01 00:00:00+00:00
[2024-03-16T19:24:06.905+0000] {logging_mixin.py:188} INFO - [2024-03-16T19:24:06.905+0000] {dag.py:3834} INFO - Setting next_dagrun for example_subdag_operator.section-1 to None, run_after=None
[2024-03-16T19:24:06.906+0000] {logging_mixin.py:188} INFO - [2024-03-16T19:24:06.906+0000] {dag.py:3834} INFO - Setting next_dagrun for example_subdag_operator.section-2 to None, run_after=None
[2024-03-16T19:24:06.911+0000] {logging_mixin.py:188} INFO - [2024-03-16T19:24:06.911+0000] {dag.py:3047} INFO - Sync 2 DAGs
[2024-03-16T19:24:06.915+0000] {logging_mixin.py:188} INFO - [2024-03-16T19:24:06.915+0000] {dag.py:3834} INFO - Setting next_dagrun for example_subdag_operator.section-1 to None, run_after=None
[2024-03-16T19:24:06.915+0000] {logging_mixin.py:188} INFO - [2024-03-16T19:24:06.915+0000] {dag.py:3834} INFO - Setting next_dagrun for example_subdag_operator.section-2 to None, run_after=None
[2024-03-16T19:24:06.925+0000] {processor.py:183} INFO - Processing /home/airflow/.local/lib/python3.8/site-packages/airflow/example_dags/example_subdag_operator.py took 0.066 seconds
[2024-03-16T19:24:37.071+0000] {processor.py:161} INFO - Started process (PID=456) to work on /home/airflow/.local/lib/python3.8/site-packages/airflow/example_dags/example_subdag_operator.py
[2024-03-16T19:24:37.072+0000] {processor.py:830} INFO - Processing file /home/airflow/.local/lib/python3.8/site-packages/airflow/example_dags/example_subdag_operator.py for tasks to queue
[2024-03-16T19:24:37.074+0000] {logging_mixin.py:188} INFO - [2024-03-16T19:24:37.073+0000] {dagbag.py:540} INFO - Filling up the DagBag from /home/airflow/.local/lib/python3.8/site-packages/airflow/example_dags/example_subdag_operator.py
[2024-03-16T19:24:37.088+0000] {processor.py:840} INFO - DAG(s) 'example_subdag_operator.section-1', 'example_subdag_operator.section-2', 'example_subdag_operator' retrieved from /home/airflow/.local/lib/python3.8/site-packages/airflow/example_dags/example_subdag_operator.py
[2024-03-16T19:24:37.098+0000] {logging_mixin.py:188} INFO - [2024-03-16T19:24:37.098+0000] {dag.py:3047} INFO - Sync 3 DAGs
[2024-03-16T19:24:37.111+0000] {logging_mixin.py:188} INFO - [2024-03-16T19:24:37.110+0000] {dag.py:3834} INFO - Setting next_dagrun for example_subdag_operator to 2022-01-01 00:00:00+00:00, run_after=2022-01-01 00:00:00+00:00
[2024-03-16T19:24:37.113+0000] {logging_mixin.py:188} INFO - [2024-03-16T19:24:37.113+0000] {dag.py:3834} INFO - Setting next_dagrun for example_subdag_operator.section-1 to None, run_after=None
[2024-03-16T19:24:37.114+0000] {logging_mixin.py:188} INFO - [2024-03-16T19:24:37.114+0000] {dag.py:3834} INFO - Setting next_dagrun for example_subdag_operator.section-2 to None, run_after=None
[2024-03-16T19:24:37.118+0000] {logging_mixin.py:188} INFO - [2024-03-16T19:24:37.118+0000] {dag.py:3047} INFO - Sync 2 DAGs
[2024-03-16T19:24:37.122+0000] {logging_mixin.py:188} INFO - [2024-03-16T19:24:37.122+0000] {dag.py:3834} INFO - Setting next_dagrun for example_subdag_operator.section-1 to None, run_after=None
[2024-03-16T19:24:37.122+0000] {logging_mixin.py:188} INFO - [2024-03-16T19:24:37.122+0000] {dag.py:3834} INFO - Setting next_dagrun for example_subdag_operator.section-2 to None, run_after=None
[2024-03-16T19:24:37.131+0000] {processor.py:183} INFO - Processing /home/airflow/.local/lib/python3.8/site-packages/airflow/example_dags/example_subdag_operator.py took 0.062 seconds
[2024-03-16T19:25:07.245+0000] {processor.py:161} INFO - Started process (PID=511) to work on /home/airflow/.local/lib/python3.8/site-packages/airflow/example_dags/example_subdag_operator.py
[2024-03-16T19:25:07.246+0000] {processor.py:830} INFO - Processing file /home/airflow/.local/lib/python3.8/site-packages/airflow/example_dags/example_subdag_operator.py for tasks to queue
[2024-03-16T19:25:07.247+0000] {logging_mixin.py:188} INFO - [2024-03-16T19:25:07.247+0000] {dagbag.py:540} INFO - Filling up the DagBag from /home/airflow/.local/lib/python3.8/site-packages/airflow/example_dags/example_subdag_operator.py
[2024-03-16T19:25:07.260+0000] {processor.py:840} INFO - DAG(s) 'example_subdag_operator.section-1', 'example_subdag_operator.section-2', 'example_subdag_operator' retrieved from /home/airflow/.local/lib/python3.8/site-packages/airflow/example_dags/example_subdag_operator.py
[2024-03-16T19:25:07.271+0000] {logging_mixin.py:188} INFO - [2024-03-16T19:25:07.271+0000] {dag.py:3047} INFO - Sync 3 DAGs
[2024-03-16T19:25:07.289+0000] {logging_mixin.py:188} INFO - [2024-03-16T19:25:07.289+0000] {dag.py:3834} INFO - Setting next_dagrun for example_subdag_operator to 2022-01-01 00:00:00+00:00, run_after=2022-01-01 00:00:00+00:00
[2024-03-16T19:25:07.296+0000] {logging_mixin.py:188} INFO - [2024-03-16T19:25:07.294+0000] {dag.py:3834} INFO - Setting next_dagrun for example_subdag_operator.section-1 to None, run_after=None
[2024-03-16T19:25:07.298+0000] {logging_mixin.py:188} INFO - [2024-03-16T19:25:07.298+0000] {dag.py:3834} INFO - Setting next_dagrun for example_subdag_operator.section-2 to None, run_after=None
[2024-03-16T19:25:07.305+0000] {logging_mixin.py:188} INFO - [2024-03-16T19:25:07.305+0000] {dag.py:3047} INFO - Sync 2 DAGs
[2024-03-16T19:25:07.310+0000] {logging_mixin.py:188} INFO - [2024-03-16T19:25:07.310+0000] {dag.py:3834} INFO - Setting next_dagrun for example_subdag_operator.section-1 to None, run_after=None
[2024-03-16T19:25:07.311+0000] {logging_mixin.py:188} INFO - [2024-03-16T19:25:07.310+0000] {dag.py:3834} INFO - Setting next_dagrun for example_subdag_operator.section-2 to None, run_after=None
[2024-03-16T19:25:07.321+0000] {processor.py:183} INFO - Processing /home/airflow/.local/lib/python3.8/site-packages/airflow/example_dags/example_subdag_operator.py took 0.078 seconds
[2024-03-16T19:25:38.090+0000] {processor.py:161} INFO - Started process (PID=566) to work on /home/airflow/.local/lib/python3.8/site-packages/airflow/example_dags/example_subdag_operator.py
[2024-03-16T19:25:38.091+0000] {processor.py:830} INFO - Processing file /home/airflow/.local/lib/python3.8/site-packages/airflow/example_dags/example_subdag_operator.py for tasks to queue
[2024-03-16T19:25:38.092+0000] {logging_mixin.py:188} INFO - [2024-03-16T19:25:38.092+0000] {dagbag.py:540} INFO - Filling up the DagBag from /home/airflow/.local/lib/python3.8/site-packages/airflow/example_dags/example_subdag_operator.py
[2024-03-16T19:25:38.107+0000] {processor.py:840} INFO - DAG(s) 'example_subdag_operator.section-1', 'example_subdag_operator.section-2', 'example_subdag_operator' retrieved from /home/airflow/.local/lib/python3.8/site-packages/airflow/example_dags/example_subdag_operator.py
[2024-03-16T19:25:38.117+0000] {logging_mixin.py:188} INFO - [2024-03-16T19:25:38.117+0000] {dag.py:3047} INFO - Sync 3 DAGs
[2024-03-16T19:25:38.131+0000] {logging_mixin.py:188} INFO - [2024-03-16T19:25:38.130+0000] {dag.py:3834} INFO - Setting next_dagrun for example_subdag_operator to 2022-01-01 00:00:00+00:00, run_after=2022-01-01 00:00:00+00:00
[2024-03-16T19:25:38.133+0000] {logging_mixin.py:188} INFO - [2024-03-16T19:25:38.133+0000] {dag.py:3834} INFO - Setting next_dagrun for example_subdag_operator.section-1 to None, run_after=None
[2024-03-16T19:25:38.134+0000] {logging_mixin.py:188} INFO - [2024-03-16T19:25:38.134+0000] {dag.py:3834} INFO - Setting next_dagrun for example_subdag_operator.section-2 to None, run_after=None
[2024-03-16T19:25:38.140+0000] {logging_mixin.py:188} INFO - [2024-03-16T19:25:38.139+0000] {dag.py:3047} INFO - Sync 2 DAGs
[2024-03-16T19:25:38.143+0000] {logging_mixin.py:188} INFO - [2024-03-16T19:25:38.143+0000] {dag.py:3834} INFO - Setting next_dagrun for example_subdag_operator.section-1 to None, run_after=None
[2024-03-16T19:25:38.143+0000] {logging_mixin.py:188} INFO - [2024-03-16T19:25:38.143+0000] {dag.py:3834} INFO - Setting next_dagrun for example_subdag_operator.section-2 to None, run_after=None
[2024-03-16T19:25:38.152+0000] {processor.py:183} INFO - Processing /home/airflow/.local/lib/python3.8/site-packages/airflow/example_dags/example_subdag_operator.py took 0.064 seconds
[2024-03-16T19:26:08.936+0000] {processor.py:161} INFO - Started process (PID=621) to work on /home/airflow/.local/lib/python3.8/site-packages/airflow/example_dags/example_subdag_operator.py
[2024-03-16T19:26:08.937+0000] {processor.py:830} INFO - Processing file /home/airflow/.local/lib/python3.8/site-packages/airflow/example_dags/example_subdag_operator.py for tasks to queue
[2024-03-16T19:26:08.939+0000] {logging_mixin.py:188} INFO - [2024-03-16T19:26:08.938+0000] {dagbag.py:540} INFO - Filling up the DagBag from /home/airflow/.local/lib/python3.8/site-packages/airflow/example_dags/example_subdag_operator.py
[2024-03-16T19:26:08.952+0000] {processor.py:840} INFO - DAG(s) 'example_subdag_operator.section-1', 'example_subdag_operator.section-2', 'example_subdag_operator' retrieved from /home/airflow/.local/lib/python3.8/site-packages/airflow/example_dags/example_subdag_operator.py
[2024-03-16T19:26:08.962+0000] {logging_mixin.py:188} INFO - [2024-03-16T19:26:08.961+0000] {dag.py:3047} INFO - Sync 3 DAGs
[2024-03-16T19:26:08.975+0000] {logging_mixin.py:188} INFO - [2024-03-16T19:26:08.975+0000] {dag.py:3834} INFO - Setting next_dagrun for example_subdag_operator to 2022-01-01 00:00:00+00:00, run_after=2022-01-01 00:00:00+00:00
[2024-03-16T19:26:08.977+0000] {logging_mixin.py:188} INFO - [2024-03-16T19:26:08.977+0000] {dag.py:3834} INFO - Setting next_dagrun for example_subdag_operator.section-1 to None, run_after=None
[2024-03-16T19:26:08.978+0000] {logging_mixin.py:188} INFO - [2024-03-16T19:26:08.978+0000] {dag.py:3834} INFO - Setting next_dagrun for example_subdag_operator.section-2 to None, run_after=None
[2024-03-16T19:26:08.982+0000] {logging_mixin.py:188} INFO - [2024-03-16T19:26:08.982+0000] {dag.py:3047} INFO - Sync 2 DAGs
[2024-03-16T19:26:08.986+0000] {logging_mixin.py:188} INFO - [2024-03-16T19:26:08.985+0000] {dag.py:3834} INFO - Setting next_dagrun for example_subdag_operator.section-1 to None, run_after=None
[2024-03-16T19:26:08.986+0000] {logging_mixin.py:188} INFO - [2024-03-16T19:26:08.986+0000] {dag.py:3834} INFO - Setting next_dagrun for example_subdag_operator.section-2 to None, run_after=None
[2024-03-16T19:26:08.994+0000] {processor.py:183} INFO - Processing /home/airflow/.local/lib/python3.8/site-packages/airflow/example_dags/example_subdag_operator.py took 0.060 seconds
[2024-03-16T19:26:39.116+0000] {processor.py:161} INFO - Started process (PID=676) to work on /home/airflow/.local/lib/python3.8/site-packages/airflow/example_dags/example_subdag_operator.py
[2024-03-16T19:26:39.116+0000] {processor.py:830} INFO - Processing file /home/airflow/.local/lib/python3.8/site-packages/airflow/example_dags/example_subdag_operator.py for tasks to queue
[2024-03-16T19:26:39.118+0000] {logging_mixin.py:188} INFO - [2024-03-16T19:26:39.117+0000] {dagbag.py:540} INFO - Filling up the DagBag from /home/airflow/.local/lib/python3.8/site-packages/airflow/example_dags/example_subdag_operator.py
[2024-03-16T19:26:39.133+0000] {processor.py:840} INFO - DAG(s) 'example_subdag_operator.section-1', 'example_subdag_operator.section-2', 'example_subdag_operator' retrieved from /home/airflow/.local/lib/python3.8/site-packages/airflow/example_dags/example_subdag_operator.py
[2024-03-16T19:26:39.142+0000] {logging_mixin.py:188} INFO - [2024-03-16T19:26:39.142+0000] {dag.py:3047} INFO - Sync 3 DAGs
[2024-03-16T19:26:39.156+0000] {logging_mixin.py:188} INFO - [2024-03-16T19:26:39.155+0000] {dag.py:3834} INFO - Setting next_dagrun for example_subdag_operator to 2022-01-01 00:00:00+00:00, run_after=2022-01-01 00:00:00+00:00
[2024-03-16T19:26:39.158+0000] {logging_mixin.py:188} INFO - [2024-03-16T19:26:39.158+0000] {dag.py:3834} INFO - Setting next_dagrun for example_subdag_operator.section-1 to None, run_after=None
[2024-03-16T19:26:39.159+0000] {logging_mixin.py:188} INFO - [2024-03-16T19:26:39.159+0000] {dag.py:3834} INFO - Setting next_dagrun for example_subdag_operator.section-2 to None, run_after=None
[2024-03-16T19:26:39.164+0000] {logging_mixin.py:188} INFO - [2024-03-16T19:26:39.163+0000] {dag.py:3047} INFO - Sync 2 DAGs
[2024-03-16T19:26:39.167+0000] {logging_mixin.py:188} INFO - [2024-03-16T19:26:39.166+0000] {dag.py:3834} INFO - Setting next_dagrun for example_subdag_operator.section-1 to None, run_after=None
[2024-03-16T19:26:39.167+0000] {logging_mixin.py:188} INFO - [2024-03-16T19:26:39.167+0000] {dag.py:3834} INFO - Setting next_dagrun for example_subdag_operator.section-2 to None, run_after=None
[2024-03-16T19:26:39.176+0000] {processor.py:183} INFO - Processing /home/airflow/.local/lib/python3.8/site-packages/airflow/example_dags/example_subdag_operator.py took 0.062 seconds
[2024-03-16T19:27:09.366+0000] {processor.py:161} INFO - Started process (PID=731) to work on /home/airflow/.local/lib/python3.8/site-packages/airflow/example_dags/example_subdag_operator.py
[2024-03-16T19:27:09.367+0000] {processor.py:830} INFO - Processing file /home/airflow/.local/lib/python3.8/site-packages/airflow/example_dags/example_subdag_operator.py for tasks to queue
[2024-03-16T19:27:09.368+0000] {logging_mixin.py:188} INFO - [2024-03-16T19:27:09.368+0000] {dagbag.py:540} INFO - Filling up the DagBag from /home/airflow/.local/lib/python3.8/site-packages/airflow/example_dags/example_subdag_operator.py
[2024-03-16T19:27:09.383+0000] {processor.py:840} INFO - DAG(s) 'example_subdag_operator.section-1', 'example_subdag_operator.section-2', 'example_subdag_operator' retrieved from /home/airflow/.local/lib/python3.8/site-packages/airflow/example_dags/example_subdag_operator.py
[2024-03-16T19:27:09.393+0000] {logging_mixin.py:188} INFO - [2024-03-16T19:27:09.393+0000] {dag.py:3047} INFO - Sync 3 DAGs
[2024-03-16T19:27:09.406+0000] {logging_mixin.py:188} INFO - [2024-03-16T19:27:09.406+0000] {dag.py:3834} INFO - Setting next_dagrun for example_subdag_operator to 2022-01-01 00:00:00+00:00, run_after=2022-01-01 00:00:00+00:00
[2024-03-16T19:27:09.409+0000] {logging_mixin.py:188} INFO - [2024-03-16T19:27:09.409+0000] {dag.py:3834} INFO - Setting next_dagrun for example_subdag_operator.section-1 to None, run_after=None
[2024-03-16T19:27:09.410+0000] {logging_mixin.py:188} INFO - [2024-03-16T19:27:09.410+0000] {dag.py:3834} INFO - Setting next_dagrun for example_subdag_operator.section-2 to None, run_after=None
[2024-03-16T19:27:09.415+0000] {logging_mixin.py:188} INFO - [2024-03-16T19:27:09.415+0000] {dag.py:3047} INFO - Sync 2 DAGs
[2024-03-16T19:27:09.418+0000] {logging_mixin.py:188} INFO - [2024-03-16T19:27:09.418+0000] {dag.py:3834} INFO - Setting next_dagrun for example_subdag_operator.section-1 to None, run_after=None
[2024-03-16T19:27:09.419+0000] {logging_mixin.py:188} INFO - [2024-03-16T19:27:09.419+0000] {dag.py:3834} INFO - Setting next_dagrun for example_subdag_operator.section-2 to None, run_after=None
[2024-03-16T19:27:09.427+0000] {processor.py:183} INFO - Processing /home/airflow/.local/lib/python3.8/site-packages/airflow/example_dags/example_subdag_operator.py took 0.063 seconds
[2024-03-16T19:27:39.498+0000] {processor.py:161} INFO - Started process (PID=786) to work on /home/airflow/.local/lib/python3.8/site-packages/airflow/example_dags/example_subdag_operator.py
[2024-03-16T19:27:39.499+0000] {processor.py:830} INFO - Processing file /home/airflow/.local/lib/python3.8/site-packages/airflow/example_dags/example_subdag_operator.py for tasks to queue
[2024-03-16T19:27:39.500+0000] {logging_mixin.py:188} INFO - [2024-03-16T19:27:39.500+0000] {dagbag.py:540} INFO - Filling up the DagBag from /home/airflow/.local/lib/python3.8/site-packages/airflow/example_dags/example_subdag_operator.py
[2024-03-16T19:27:39.514+0000] {processor.py:840} INFO - DAG(s) 'example_subdag_operator.section-1', 'example_subdag_operator.section-2', 'example_subdag_operator' retrieved from /home/airflow/.local/lib/python3.8/site-packages/airflow/example_dags/example_subdag_operator.py
[2024-03-16T19:27:39.524+0000] {logging_mixin.py:188} INFO - [2024-03-16T19:27:39.523+0000] {dag.py:3047} INFO - Sync 3 DAGs
[2024-03-16T19:27:39.538+0000] {logging_mixin.py:188} INFO - [2024-03-16T19:27:39.538+0000] {dag.py:3834} INFO - Setting next_dagrun for example_subdag_operator to 2022-01-01 00:00:00+00:00, run_after=2022-01-01 00:00:00+00:00
[2024-03-16T19:27:39.541+0000] {logging_mixin.py:188} INFO - [2024-03-16T19:27:39.540+0000] {dag.py:3834} INFO - Setting next_dagrun for example_subdag_operator.section-1 to None, run_after=None
[2024-03-16T19:27:39.541+0000] {logging_mixin.py:188} INFO - [2024-03-16T19:27:39.541+0000] {dag.py:3834} INFO - Setting next_dagrun for example_subdag_operator.section-2 to None, run_after=None
[2024-03-16T19:27:39.547+0000] {logging_mixin.py:188} INFO - [2024-03-16T19:27:39.547+0000] {dag.py:3047} INFO - Sync 2 DAGs
[2024-03-16T19:27:39.551+0000] {logging_mixin.py:188} INFO - [2024-03-16T19:27:39.551+0000] {dag.py:3834} INFO - Setting next_dagrun for example_subdag_operator.section-1 to None, run_after=None
[2024-03-16T19:27:39.551+0000] {logging_mixin.py:188} INFO - [2024-03-16T19:27:39.551+0000] {dag.py:3834} INFO - Setting next_dagrun for example_subdag_operator.section-2 to None, run_after=None
[2024-03-16T19:27:39.560+0000] {processor.py:183} INFO - Processing /home/airflow/.local/lib/python3.8/site-packages/airflow/example_dags/example_subdag_operator.py took 0.064 seconds
[2024-03-16T19:28:10.301+0000] {processor.py:161} INFO - Started process (PID=841) to work on /home/airflow/.local/lib/python3.8/site-packages/airflow/example_dags/example_subdag_operator.py
[2024-03-16T19:28:10.302+0000] {processor.py:830} INFO - Processing file /home/airflow/.local/lib/python3.8/site-packages/airflow/example_dags/example_subdag_operator.py for tasks to queue
[2024-03-16T19:28:10.303+0000] {logging_mixin.py:188} INFO - [2024-03-16T19:28:10.303+0000] {dagbag.py:540} INFO - Filling up the DagBag from /home/airflow/.local/lib/python3.8/site-packages/airflow/example_dags/example_subdag_operator.py
[2024-03-16T19:28:10.317+0000] {processor.py:840} INFO - DAG(s) 'example_subdag_operator.section-1', 'example_subdag_operator.section-2', 'example_subdag_operator' retrieved from /home/airflow/.local/lib/python3.8/site-packages/airflow/example_dags/example_subdag_operator.py
[2024-03-16T19:28:10.327+0000] {logging_mixin.py:188} INFO - [2024-03-16T19:28:10.326+0000] {dag.py:3047} INFO - Sync 3 DAGs
[2024-03-16T19:28:10.340+0000] {logging_mixin.py:188} INFO - [2024-03-16T19:28:10.340+0000] {dag.py:3834} INFO - Setting next_dagrun for example_subdag_operator to 2022-01-01 00:00:00+00:00, run_after=2022-01-01 00:00:00+00:00
[2024-03-16T19:28:10.342+0000] {logging_mixin.py:188} INFO - [2024-03-16T19:28:10.342+0000] {dag.py:3834} INFO - Setting next_dagrun for example_subdag_operator.section-1 to None, run_after=None
[2024-03-16T19:28:10.343+0000] {logging_mixin.py:188} INFO - [2024-03-16T19:28:10.343+0000] {dag.py:3834} INFO - Setting next_dagrun for example_subdag_operator.section-2 to None, run_after=None
[2024-03-16T19:28:10.348+0000] {logging_mixin.py:188} INFO - [2024-03-16T19:28:10.348+0000] {dag.py:3047} INFO - Sync 2 DAGs
[2024-03-16T19:28:10.351+0000] {logging_mixin.py:188} INFO - [2024-03-16T19:28:10.351+0000] {dag.py:3834} INFO - Setting next_dagrun for example_subdag_operator.section-1 to None, run_after=None
[2024-03-16T19:28:10.352+0000] {logging_mixin.py:188} INFO - [2024-03-16T19:28:10.352+0000] {dag.py:3834} INFO - Setting next_dagrun for example_subdag_operator.section-2 to None, run_after=None
[2024-03-16T19:28:10.360+0000] {processor.py:183} INFO - Processing /home/airflow/.local/lib/python3.8/site-packages/airflow/example_dags/example_subdag_operator.py took 0.061 seconds
[2024-03-16T19:28:41.114+0000] {processor.py:161} INFO - Started process (PID=896) to work on /home/airflow/.local/lib/python3.8/site-packages/airflow/example_dags/example_subdag_operator.py
[2024-03-16T19:28:41.115+0000] {processor.py:830} INFO - Processing file /home/airflow/.local/lib/python3.8/site-packages/airflow/example_dags/example_subdag_operator.py for tasks to queue
[2024-03-16T19:28:41.116+0000] {logging_mixin.py:188} INFO - [2024-03-16T19:28:41.116+0000] {dagbag.py:540} INFO - Filling up the DagBag from /home/airflow/.local/lib/python3.8/site-packages/airflow/example_dags/example_subdag_operator.py
[2024-03-16T19:28:41.131+0000] {processor.py:840} INFO - DAG(s) 'example_subdag_operator.section-1', 'example_subdag_operator.section-2', 'example_subdag_operator' retrieved from /home/airflow/.local/lib/python3.8/site-packages/airflow/example_dags/example_subdag_operator.py
[2024-03-16T19:28:41.141+0000] {logging_mixin.py:188} INFO - [2024-03-16T19:28:41.140+0000] {dag.py:3047} INFO - Sync 3 DAGs
[2024-03-16T19:28:41.154+0000] {logging_mixin.py:188} INFO - [2024-03-16T19:28:41.154+0000] {dag.py:3834} INFO - Setting next_dagrun for example_subdag_operator to 2022-01-01 00:00:00+00:00, run_after=2022-01-01 00:00:00+00:00
[2024-03-16T19:28:41.156+0000] {logging_mixin.py:188} INFO - [2024-03-16T19:28:41.156+0000] {dag.py:3834} INFO - Setting next_dagrun for example_subdag_operator.section-1 to None, run_after=None
[2024-03-16T19:28:41.157+0000] {logging_mixin.py:188} INFO - [2024-03-16T19:28:41.157+0000] {dag.py:3834} INFO - Setting next_dagrun for example_subdag_operator.section-2 to None, run_after=None
[2024-03-16T19:28:41.161+0000] {logging_mixin.py:188} INFO - [2024-03-16T19:28:41.161+0000] {dag.py:3047} INFO - Sync 2 DAGs
[2024-03-16T19:28:41.164+0000] {logging_mixin.py:188} INFO - [2024-03-16T19:28:41.164+0000] {dag.py:3834} INFO - Setting next_dagrun for example_subdag_operator.section-1 to None, run_after=None
[2024-03-16T19:28:41.164+0000] {logging_mixin.py:188} INFO - [2024-03-16T19:28:41.164+0000] {dag.py:3834} INFO - Setting next_dagrun for example_subdag_operator.section-2 to None, run_after=None
[2024-03-16T19:28:41.173+0000] {processor.py:183} INFO - Processing /home/airflow/.local/lib/python3.8/site-packages/airflow/example_dags/example_subdag_operator.py took 0.060 seconds
