[2024-03-16T19:21:03.436+0000] {processor.py:161} INFO - Started process (PID=87) to work on /home/airflow/.local/lib/python3.8/site-packages/airflow/example_dags/example_bash_operator.py
[2024-03-16T19:21:03.436+0000] {processor.py:830} INFO - Processing file /home/airflow/.local/lib/python3.8/site-packages/airflow/example_dags/example_bash_operator.py for tasks to queue
[2024-03-16T19:21:03.438+0000] {logging_mixin.py:188} INFO - [2024-03-16T19:21:03.437+0000] {dagbag.py:540} INFO - Filling up the DagBag from /home/airflow/.local/lib/python3.8/site-packages/airflow/example_dags/example_bash_operator.py
[2024-03-16T19:21:03.446+0000] {processor.py:840} INFO - DAG(s) 'example_bash_operator' retrieved from /home/airflow/.local/lib/python3.8/site-packages/airflow/example_dags/example_bash_operator.py
[2024-03-16T19:21:03.453+0000] {logging_mixin.py:188} INFO - [2024-03-16T19:21:03.452+0000] {dag.py:3047} INFO - Sync 1 DAGs
[2024-03-16T19:21:03.469+0000] {logging_mixin.py:188} INFO - [2024-03-16T19:21:03.469+0000] {dag.py:3834} INFO - Setting next_dagrun for example_bash_operator to 2024-03-15 00:00:00+00:00, run_after=2024-03-16 00:00:00+00:00
[2024-03-16T19:21:03.484+0000] {processor.py:183} INFO - Processing /home/airflow/.local/lib/python3.8/site-packages/airflow/example_dags/example_bash_operator.py took 0.051 seconds
[2024-03-16T19:21:34.925+0000] {processor.py:161} INFO - Started process (PID=142) to work on /home/airflow/.local/lib/python3.8/site-packages/airflow/example_dags/example_bash_operator.py
[2024-03-16T19:21:34.925+0000] {processor.py:830} INFO - Processing file /home/airflow/.local/lib/python3.8/site-packages/airflow/example_dags/example_bash_operator.py for tasks to queue
[2024-03-16T19:21:34.927+0000] {logging_mixin.py:188} INFO - [2024-03-16T19:21:34.926+0000] {dagbag.py:540} INFO - Filling up the DagBag from /home/airflow/.local/lib/python3.8/site-packages/airflow/example_dags/example_bash_operator.py
[2024-03-16T19:21:34.934+0000] {processor.py:840} INFO - DAG(s) 'example_bash_operator' retrieved from /home/airflow/.local/lib/python3.8/site-packages/airflow/example_dags/example_bash_operator.py
[2024-03-16T19:21:34.995+0000] {logging_mixin.py:188} INFO - [2024-03-16T19:21:34.995+0000] {dag.py:3047} INFO - Sync 1 DAGs
[2024-03-16T19:21:35.008+0000] {logging_mixin.py:188} INFO - [2024-03-16T19:21:35.008+0000] {dag.py:3834} INFO - Setting next_dagrun for example_bash_operator to 2024-03-15 00:00:00+00:00, run_after=2024-03-16 00:00:00+00:00
[2024-03-16T19:21:35.026+0000] {processor.py:183} INFO - Processing /home/airflow/.local/lib/python3.8/site-packages/airflow/example_dags/example_bash_operator.py took 0.102 seconds
[2024-03-16T19:22:05.170+0000] {processor.py:161} INFO - Started process (PID=197) to work on /home/airflow/.local/lib/python3.8/site-packages/airflow/example_dags/example_bash_operator.py
[2024-03-16T19:22:05.171+0000] {processor.py:830} INFO - Processing file /home/airflow/.local/lib/python3.8/site-packages/airflow/example_dags/example_bash_operator.py for tasks to queue
[2024-03-16T19:22:05.172+0000] {logging_mixin.py:188} INFO - [2024-03-16T19:22:05.172+0000] {dagbag.py:540} INFO - Filling up the DagBag from /home/airflow/.local/lib/python3.8/site-packages/airflow/example_dags/example_bash_operator.py
[2024-03-16T19:22:05.180+0000] {processor.py:840} INFO - DAG(s) 'example_bash_operator' retrieved from /home/airflow/.local/lib/python3.8/site-packages/airflow/example_dags/example_bash_operator.py
[2024-03-16T19:22:05.198+0000] {logging_mixin.py:188} INFO - [2024-03-16T19:22:05.198+0000] {dag.py:3047} INFO - Sync 1 DAGs
[2024-03-16T19:22:05.212+0000] {logging_mixin.py:188} INFO - [2024-03-16T19:22:05.212+0000] {dag.py:3834} INFO - Setting next_dagrun for example_bash_operator to 2024-03-15 00:00:00+00:00, run_after=2024-03-16 00:00:00+00:00
[2024-03-16T19:22:05.224+0000] {processor.py:183} INFO - Processing /home/airflow/.local/lib/python3.8/site-packages/airflow/example_dags/example_bash_operator.py took 0.056 seconds
[2024-03-16T19:22:35.323+0000] {processor.py:161} INFO - Started process (PID=252) to work on /home/airflow/.local/lib/python3.8/site-packages/airflow/example_dags/example_bash_operator.py
[2024-03-16T19:22:35.323+0000] {processor.py:830} INFO - Processing file /home/airflow/.local/lib/python3.8/site-packages/airflow/example_dags/example_bash_operator.py for tasks to queue
[2024-03-16T19:22:35.325+0000] {logging_mixin.py:188} INFO - [2024-03-16T19:22:35.324+0000] {dagbag.py:540} INFO - Filling up the DagBag from /home/airflow/.local/lib/python3.8/site-packages/airflow/example_dags/example_bash_operator.py
[2024-03-16T19:22:35.332+0000] {processor.py:840} INFO - DAG(s) 'example_bash_operator' retrieved from /home/airflow/.local/lib/python3.8/site-packages/airflow/example_dags/example_bash_operator.py
[2024-03-16T19:22:35.350+0000] {logging_mixin.py:188} INFO - [2024-03-16T19:22:35.350+0000] {dag.py:3047} INFO - Sync 1 DAGs
[2024-03-16T19:22:35.364+0000] {logging_mixin.py:188} INFO - [2024-03-16T19:22:35.364+0000] {dag.py:3834} INFO - Setting next_dagrun for example_bash_operator to 2024-03-15 00:00:00+00:00, run_after=2024-03-16 00:00:00+00:00
[2024-03-16T19:22:35.378+0000] {processor.py:183} INFO - Processing /home/airflow/.local/lib/python3.8/site-packages/airflow/example_dags/example_bash_operator.py took 0.058 seconds
[2024-03-16T19:23:05.549+0000] {processor.py:161} INFO - Started process (PID=307) to work on /home/airflow/.local/lib/python3.8/site-packages/airflow/example_dags/example_bash_operator.py
[2024-03-16T19:23:05.550+0000] {processor.py:830} INFO - Processing file /home/airflow/.local/lib/python3.8/site-packages/airflow/example_dags/example_bash_operator.py for tasks to queue
[2024-03-16T19:23:05.551+0000] {logging_mixin.py:188} INFO - [2024-03-16T19:23:05.551+0000] {dagbag.py:540} INFO - Filling up the DagBag from /home/airflow/.local/lib/python3.8/site-packages/airflow/example_dags/example_bash_operator.py
[2024-03-16T19:23:05.558+0000] {processor.py:840} INFO - DAG(s) 'example_bash_operator' retrieved from /home/airflow/.local/lib/python3.8/site-packages/airflow/example_dags/example_bash_operator.py
[2024-03-16T19:23:05.577+0000] {logging_mixin.py:188} INFO - [2024-03-16T19:23:05.577+0000] {dag.py:3047} INFO - Sync 1 DAGs
[2024-03-16T19:23:05.593+0000] {logging_mixin.py:188} INFO - [2024-03-16T19:23:05.592+0000] {dag.py:3834} INFO - Setting next_dagrun for example_bash_operator to 2024-03-15 00:00:00+00:00, run_after=2024-03-16 00:00:00+00:00
[2024-03-16T19:23:05.609+0000] {processor.py:183} INFO - Processing /home/airflow/.local/lib/python3.8/site-packages/airflow/example_dags/example_bash_operator.py took 0.063 seconds
[2024-03-16T19:23:36.546+0000] {processor.py:161} INFO - Started process (PID=362) to work on /home/airflow/.local/lib/python3.8/site-packages/airflow/example_dags/example_bash_operator.py
[2024-03-16T19:23:36.547+0000] {processor.py:830} INFO - Processing file /home/airflow/.local/lib/python3.8/site-packages/airflow/example_dags/example_bash_operator.py for tasks to queue
[2024-03-16T19:23:36.548+0000] {logging_mixin.py:188} INFO - [2024-03-16T19:23:36.548+0000] {dagbag.py:540} INFO - Filling up the DagBag from /home/airflow/.local/lib/python3.8/site-packages/airflow/example_dags/example_bash_operator.py
[2024-03-16T19:23:36.555+0000] {processor.py:840} INFO - DAG(s) 'example_bash_operator' retrieved from /home/airflow/.local/lib/python3.8/site-packages/airflow/example_dags/example_bash_operator.py
[2024-03-16T19:23:36.577+0000] {logging_mixin.py:188} INFO - [2024-03-16T19:23:36.577+0000] {dag.py:3047} INFO - Sync 1 DAGs
[2024-03-16T19:23:36.593+0000] {logging_mixin.py:188} INFO - [2024-03-16T19:23:36.593+0000] {dag.py:3834} INFO - Setting next_dagrun for example_bash_operator to 2024-03-15 00:00:00+00:00, run_after=2024-03-16 00:00:00+00:00
[2024-03-16T19:23:36.607+0000] {processor.py:183} INFO - Processing /home/airflow/.local/lib/python3.8/site-packages/airflow/example_dags/example_bash_operator.py took 0.064 seconds
[2024-03-16T19:24:07.441+0000] {processor.py:161} INFO - Started process (PID=417) to work on /home/airflow/.local/lib/python3.8/site-packages/airflow/example_dags/example_bash_operator.py
[2024-03-16T19:24:07.442+0000] {processor.py:830} INFO - Processing file /home/airflow/.local/lib/python3.8/site-packages/airflow/example_dags/example_bash_operator.py for tasks to queue
[2024-03-16T19:24:07.443+0000] {logging_mixin.py:188} INFO - [2024-03-16T19:24:07.443+0000] {dagbag.py:540} INFO - Filling up the DagBag from /home/airflow/.local/lib/python3.8/site-packages/airflow/example_dags/example_bash_operator.py
[2024-03-16T19:24:07.451+0000] {processor.py:840} INFO - DAG(s) 'example_bash_operator' retrieved from /home/airflow/.local/lib/python3.8/site-packages/airflow/example_dags/example_bash_operator.py
[2024-03-16T19:24:07.469+0000] {logging_mixin.py:188} INFO - [2024-03-16T19:24:07.469+0000] {dag.py:3047} INFO - Sync 1 DAGs
[2024-03-16T19:24:07.484+0000] {logging_mixin.py:188} INFO - [2024-03-16T19:24:07.484+0000] {dag.py:3834} INFO - Setting next_dagrun for example_bash_operator to 2024-03-15 00:00:00+00:00, run_after=2024-03-16 00:00:00+00:00
[2024-03-16T19:24:07.498+0000] {processor.py:183} INFO - Processing /home/airflow/.local/lib/python3.8/site-packages/airflow/example_dags/example_bash_operator.py took 0.059 seconds
[2024-03-16T19:24:37.645+0000] {processor.py:161} INFO - Started process (PID=472) to work on /home/airflow/.local/lib/python3.8/site-packages/airflow/example_dags/example_bash_operator.py
[2024-03-16T19:24:37.646+0000] {processor.py:830} INFO - Processing file /home/airflow/.local/lib/python3.8/site-packages/airflow/example_dags/example_bash_operator.py for tasks to queue
[2024-03-16T19:24:37.647+0000] {logging_mixin.py:188} INFO - [2024-03-16T19:24:37.647+0000] {dagbag.py:540} INFO - Filling up the DagBag from /home/airflow/.local/lib/python3.8/site-packages/airflow/example_dags/example_bash_operator.py
[2024-03-16T19:24:37.656+0000] {processor.py:840} INFO - DAG(s) 'example_bash_operator' retrieved from /home/airflow/.local/lib/python3.8/site-packages/airflow/example_dags/example_bash_operator.py
[2024-03-16T19:24:37.674+0000] {logging_mixin.py:188} INFO - [2024-03-16T19:24:37.674+0000] {dag.py:3047} INFO - Sync 1 DAGs
[2024-03-16T19:24:37.688+0000] {logging_mixin.py:188} INFO - [2024-03-16T19:24:37.688+0000] {dag.py:3834} INFO - Setting next_dagrun for example_bash_operator to 2024-03-15 00:00:00+00:00, run_after=2024-03-16 00:00:00+00:00
[2024-03-16T19:24:37.701+0000] {processor.py:183} INFO - Processing /home/airflow/.local/lib/python3.8/site-packages/airflow/example_dags/example_bash_operator.py took 0.058 seconds
[2024-03-16T19:25:07.769+0000] {processor.py:161} INFO - Started process (PID=527) to work on /home/airflow/.local/lib/python3.8/site-packages/airflow/example_dags/example_bash_operator.py
[2024-03-16T19:25:07.770+0000] {processor.py:830} INFO - Processing file /home/airflow/.local/lib/python3.8/site-packages/airflow/example_dags/example_bash_operator.py for tasks to queue
[2024-03-16T19:25:07.771+0000] {logging_mixin.py:188} INFO - [2024-03-16T19:25:07.771+0000] {dagbag.py:540} INFO - Filling up the DagBag from /home/airflow/.local/lib/python3.8/site-packages/airflow/example_dags/example_bash_operator.py
[2024-03-16T19:25:07.778+0000] {processor.py:840} INFO - DAG(s) 'example_bash_operator' retrieved from /home/airflow/.local/lib/python3.8/site-packages/airflow/example_dags/example_bash_operator.py
[2024-03-16T19:25:07.796+0000] {logging_mixin.py:188} INFO - [2024-03-16T19:25:07.796+0000] {dag.py:3047} INFO - Sync 1 DAGs
[2024-03-16T19:25:07.810+0000] {logging_mixin.py:188} INFO - [2024-03-16T19:25:07.810+0000] {dag.py:3834} INFO - Setting next_dagrun for example_bash_operator to 2024-03-15 00:00:00+00:00, run_after=2024-03-16 00:00:00+00:00
[2024-03-16T19:25:07.823+0000] {processor.py:183} INFO - Processing /home/airflow/.local/lib/python3.8/site-packages/airflow/example_dags/example_bash_operator.py took 0.056 seconds
[2024-03-16T19:25:38.656+0000] {processor.py:161} INFO - Started process (PID=582) to work on /home/airflow/.local/lib/python3.8/site-packages/airflow/example_dags/example_bash_operator.py
[2024-03-16T19:25:38.656+0000] {processor.py:830} INFO - Processing file /home/airflow/.local/lib/python3.8/site-packages/airflow/example_dags/example_bash_operator.py for tasks to queue
[2024-03-16T19:25:38.657+0000] {logging_mixin.py:188} INFO - [2024-03-16T19:25:38.657+0000] {dagbag.py:540} INFO - Filling up the DagBag from /home/airflow/.local/lib/python3.8/site-packages/airflow/example_dags/example_bash_operator.py
[2024-03-16T19:25:38.664+0000] {processor.py:840} INFO - DAG(s) 'example_bash_operator' retrieved from /home/airflow/.local/lib/python3.8/site-packages/airflow/example_dags/example_bash_operator.py
[2024-03-16T19:25:38.682+0000] {logging_mixin.py:188} INFO - [2024-03-16T19:25:38.682+0000] {dag.py:3047} INFO - Sync 1 DAGs
[2024-03-16T19:25:38.696+0000] {logging_mixin.py:188} INFO - [2024-03-16T19:25:38.696+0000] {dag.py:3834} INFO - Setting next_dagrun for example_bash_operator to 2024-03-15 00:00:00+00:00, run_after=2024-03-16 00:00:00+00:00
[2024-03-16T19:25:38.711+0000] {processor.py:183} INFO - Processing /home/airflow/.local/lib/python3.8/site-packages/airflow/example_dags/example_bash_operator.py took 0.057 seconds
[2024-03-16T19:26:09.543+0000] {processor.py:161} INFO - Started process (PID=637) to work on /home/airflow/.local/lib/python3.8/site-packages/airflow/example_dags/example_bash_operator.py
[2024-03-16T19:26:09.543+0000] {processor.py:830} INFO - Processing file /home/airflow/.local/lib/python3.8/site-packages/airflow/example_dags/example_bash_operator.py for tasks to queue
[2024-03-16T19:26:09.545+0000] {logging_mixin.py:188} INFO - [2024-03-16T19:26:09.544+0000] {dagbag.py:540} INFO - Filling up the DagBag from /home/airflow/.local/lib/python3.8/site-packages/airflow/example_dags/example_bash_operator.py
[2024-03-16T19:26:09.553+0000] {processor.py:840} INFO - DAG(s) 'example_bash_operator' retrieved from /home/airflow/.local/lib/python3.8/site-packages/airflow/example_dags/example_bash_operator.py
[2024-03-16T19:26:09.572+0000] {logging_mixin.py:188} INFO - [2024-03-16T19:26:09.572+0000] {dag.py:3047} INFO - Sync 1 DAGs
[2024-03-16T19:26:09.590+0000] {logging_mixin.py:188} INFO - [2024-03-16T19:26:09.590+0000] {dag.py:3834} INFO - Setting next_dagrun for example_bash_operator to 2024-03-15 00:00:00+00:00, run_after=2024-03-16 00:00:00+00:00
[2024-03-16T19:26:09.607+0000] {processor.py:183} INFO - Processing /home/airflow/.local/lib/python3.8/site-packages/airflow/example_dags/example_bash_operator.py took 0.066 seconds
[2024-03-16T19:26:39.829+0000] {processor.py:161} INFO - Started process (PID=692) to work on /home/airflow/.local/lib/python3.8/site-packages/airflow/example_dags/example_bash_operator.py
[2024-03-16T19:26:39.829+0000] {processor.py:830} INFO - Processing file /home/airflow/.local/lib/python3.8/site-packages/airflow/example_dags/example_bash_operator.py for tasks to queue
[2024-03-16T19:26:39.831+0000] {logging_mixin.py:188} INFO - [2024-03-16T19:26:39.830+0000] {dagbag.py:540} INFO - Filling up the DagBag from /home/airflow/.local/lib/python3.8/site-packages/airflow/example_dags/example_bash_operator.py
[2024-03-16T19:26:39.838+0000] {processor.py:840} INFO - DAG(s) 'example_bash_operator' retrieved from /home/airflow/.local/lib/python3.8/site-packages/airflow/example_dags/example_bash_operator.py
[2024-03-16T19:26:39.857+0000] {logging_mixin.py:188} INFO - [2024-03-16T19:26:39.857+0000] {dag.py:3047} INFO - Sync 1 DAGs
[2024-03-16T19:26:39.870+0000] {logging_mixin.py:188} INFO - [2024-03-16T19:26:39.870+0000] {dag.py:3834} INFO - Setting next_dagrun for example_bash_operator to 2024-03-15 00:00:00+00:00, run_after=2024-03-16 00:00:00+00:00
[2024-03-16T19:26:39.883+0000] {processor.py:183} INFO - Processing /home/airflow/.local/lib/python3.8/site-packages/airflow/example_dags/example_bash_operator.py took 0.057 seconds
[2024-03-16T19:27:09.990+0000] {processor.py:161} INFO - Started process (PID=747) to work on /home/airflow/.local/lib/python3.8/site-packages/airflow/example_dags/example_bash_operator.py
[2024-03-16T19:27:09.991+0000] {processor.py:830} INFO - Processing file /home/airflow/.local/lib/python3.8/site-packages/airflow/example_dags/example_bash_operator.py for tasks to queue
[2024-03-16T19:27:09.992+0000] {logging_mixin.py:188} INFO - [2024-03-16T19:27:09.992+0000] {dagbag.py:540} INFO - Filling up the DagBag from /home/airflow/.local/lib/python3.8/site-packages/airflow/example_dags/example_bash_operator.py
[2024-03-16T19:27:09.999+0000] {processor.py:840} INFO - DAG(s) 'example_bash_operator' retrieved from /home/airflow/.local/lib/python3.8/site-packages/airflow/example_dags/example_bash_operator.py
[2024-03-16T19:27:10.018+0000] {logging_mixin.py:188} INFO - [2024-03-16T19:27:10.018+0000] {dag.py:3047} INFO - Sync 1 DAGs
[2024-03-16T19:27:10.032+0000] {logging_mixin.py:188} INFO - [2024-03-16T19:27:10.032+0000] {dag.py:3834} INFO - Setting next_dagrun for example_bash_operator to 2024-03-15 00:00:00+00:00, run_after=2024-03-16 00:00:00+00:00
[2024-03-16T19:27:10.047+0000] {processor.py:183} INFO - Processing /home/airflow/.local/lib/python3.8/site-packages/airflow/example_dags/example_bash_operator.py took 0.059 seconds
[2024-03-16T19:27:40.079+0000] {processor.py:161} INFO - Started process (PID=802) to work on /home/airflow/.local/lib/python3.8/site-packages/airflow/example_dags/example_bash_operator.py
[2024-03-16T19:27:40.079+0000] {processor.py:830} INFO - Processing file /home/airflow/.local/lib/python3.8/site-packages/airflow/example_dags/example_bash_operator.py for tasks to queue
[2024-03-16T19:27:40.081+0000] {logging_mixin.py:188} INFO - [2024-03-16T19:27:40.080+0000] {dagbag.py:540} INFO - Filling up the DagBag from /home/airflow/.local/lib/python3.8/site-packages/airflow/example_dags/example_bash_operator.py
[2024-03-16T19:27:40.088+0000] {processor.py:840} INFO - DAG(s) 'example_bash_operator' retrieved from /home/airflow/.local/lib/python3.8/site-packages/airflow/example_dags/example_bash_operator.py
[2024-03-16T19:27:40.104+0000] {logging_mixin.py:188} INFO - [2024-03-16T19:27:40.104+0000] {dag.py:3047} INFO - Sync 1 DAGs
[2024-03-16T19:27:40.118+0000] {logging_mixin.py:188} INFO - [2024-03-16T19:27:40.118+0000] {dag.py:3834} INFO - Setting next_dagrun for example_bash_operator to 2024-03-15 00:00:00+00:00, run_after=2024-03-16 00:00:00+00:00
[2024-03-16T19:27:40.131+0000] {processor.py:183} INFO - Processing /home/airflow/.local/lib/python3.8/site-packages/airflow/example_dags/example_bash_operator.py took 0.055 seconds
[2024-03-16T19:28:10.821+0000] {processor.py:161} INFO - Started process (PID=857) to work on /home/airflow/.local/lib/python3.8/site-packages/airflow/example_dags/example_bash_operator.py
[2024-03-16T19:28:10.822+0000] {processor.py:830} INFO - Processing file /home/airflow/.local/lib/python3.8/site-packages/airflow/example_dags/example_bash_operator.py for tasks to queue
[2024-03-16T19:28:10.823+0000] {logging_mixin.py:188} INFO - [2024-03-16T19:28:10.823+0000] {dagbag.py:540} INFO - Filling up the DagBag from /home/airflow/.local/lib/python3.8/site-packages/airflow/example_dags/example_bash_operator.py
[2024-03-16T19:28:10.831+0000] {processor.py:840} INFO - DAG(s) 'example_bash_operator' retrieved from /home/airflow/.local/lib/python3.8/site-packages/airflow/example_dags/example_bash_operator.py
[2024-03-16T19:28:10.849+0000] {logging_mixin.py:188} INFO - [2024-03-16T19:28:10.849+0000] {dag.py:3047} INFO - Sync 1 DAGs
[2024-03-16T19:28:10.862+0000] {logging_mixin.py:188} INFO - [2024-03-16T19:28:10.862+0000] {dag.py:3834} INFO - Setting next_dagrun for example_bash_operator to 2024-03-15 00:00:00+00:00, run_after=2024-03-16 00:00:00+00:00
[2024-03-16T19:28:10.876+0000] {processor.py:183} INFO - Processing /home/airflow/.local/lib/python3.8/site-packages/airflow/example_dags/example_bash_operator.py took 0.057 seconds
[2024-03-16T19:28:41.747+0000] {processor.py:161} INFO - Started process (PID=912) to work on /home/airflow/.local/lib/python3.8/site-packages/airflow/example_dags/example_bash_operator.py
[2024-03-16T19:28:41.748+0000] {processor.py:830} INFO - Processing file /home/airflow/.local/lib/python3.8/site-packages/airflow/example_dags/example_bash_operator.py for tasks to queue
[2024-03-16T19:28:41.749+0000] {logging_mixin.py:188} INFO - [2024-03-16T19:28:41.749+0000] {dagbag.py:540} INFO - Filling up the DagBag from /home/airflow/.local/lib/python3.8/site-packages/airflow/example_dags/example_bash_operator.py
[2024-03-16T19:28:41.756+0000] {processor.py:840} INFO - DAG(s) 'example_bash_operator' retrieved from /home/airflow/.local/lib/python3.8/site-packages/airflow/example_dags/example_bash_operator.py
[2024-03-16T19:28:41.774+0000] {logging_mixin.py:188} INFO - [2024-03-16T19:28:41.774+0000] {dag.py:3047} INFO - Sync 1 DAGs
[2024-03-16T19:28:41.790+0000] {logging_mixin.py:188} INFO - [2024-03-16T19:28:41.790+0000] {dag.py:3834} INFO - Setting next_dagrun for example_bash_operator to 2024-03-15 00:00:00+00:00, run_after=2024-03-16 00:00:00+00:00
[2024-03-16T19:28:41.802+0000] {processor.py:183} INFO - Processing /home/airflow/.local/lib/python3.8/site-packages/airflow/example_dags/example_bash_operator.py took 0.057 seconds
