[2024-03-16T19:21:03.147+0000] {processor.py:161} INFO - Started process (PID=79) to work on /home/airflow/.local/lib/python3.8/site-packages/airflow/example_dags/tutorial.py
[2024-03-16T19:21:03.148+0000] {processor.py:830} INFO - Processing file /home/airflow/.local/lib/python3.8/site-packages/airflow/example_dags/tutorial.py for tasks to queue
[2024-03-16T19:21:03.149+0000] {logging_mixin.py:188} INFO - [2024-03-16T19:21:03.149+0000] {dagbag.py:540} INFO - Filling up the DagBag from /home/airflow/.local/lib/python3.8/site-packages/airflow/example_dags/tutorial.py
[2024-03-16T19:21:03.153+0000] {processor.py:840} INFO - DAG(s) 'tutorial' retrieved from /home/airflow/.local/lib/python3.8/site-packages/airflow/example_dags/tutorial.py
[2024-03-16T19:21:03.160+0000] {logging_mixin.py:188} INFO - [2024-03-16T19:21:03.160+0000] {dag.py:3047} INFO - Sync 1 DAGs
[2024-03-16T19:21:03.175+0000] {logging_mixin.py:188} INFO - [2024-03-16T19:21:03.175+0000] {dag.py:3834} INFO - Setting next_dagrun for tutorial to 2024-03-15 00:00:00+00:00, run_after=2024-03-16 00:00:00+00:00
[2024-03-16T19:21:03.191+0000] {processor.py:183} INFO - Processing /home/airflow/.local/lib/python3.8/site-packages/airflow/example_dags/tutorial.py took 0.046 seconds
[2024-03-16T19:21:34.434+0000] {processor.py:161} INFO - Started process (PID=134) to work on /home/airflow/.local/lib/python3.8/site-packages/airflow/example_dags/tutorial.py
[2024-03-16T19:21:34.435+0000] {processor.py:830} INFO - Processing file /home/airflow/.local/lib/python3.8/site-packages/airflow/example_dags/tutorial.py for tasks to queue
[2024-03-16T19:21:34.436+0000] {logging_mixin.py:188} INFO - [2024-03-16T19:21:34.436+0000] {dagbag.py:540} INFO - Filling up the DagBag from /home/airflow/.local/lib/python3.8/site-packages/airflow/example_dags/tutorial.py
[2024-03-16T19:21:34.440+0000] {processor.py:840} INFO - DAG(s) 'tutorial' retrieved from /home/airflow/.local/lib/python3.8/site-packages/airflow/example_dags/tutorial.py
[2024-03-16T19:21:34.502+0000] {logging_mixin.py:188} INFO - [2024-03-16T19:21:34.501+0000] {dag.py:3047} INFO - Sync 1 DAGs
[2024-03-16T19:21:34.514+0000] {logging_mixin.py:188} INFO - [2024-03-16T19:21:34.514+0000] {dag.py:3834} INFO - Setting next_dagrun for tutorial to 2024-03-15 00:00:00+00:00, run_after=2024-03-16 00:00:00+00:00
[2024-03-16T19:21:34.531+0000] {processor.py:183} INFO - Processing /home/airflow/.local/lib/python3.8/site-packages/airflow/example_dags/tutorial.py took 0.099 seconds
[2024-03-16T19:22:04.856+0000] {processor.py:161} INFO - Started process (PID=189) to work on /home/airflow/.local/lib/python3.8/site-packages/airflow/example_dags/tutorial.py
[2024-03-16T19:22:04.857+0000] {processor.py:830} INFO - Processing file /home/airflow/.local/lib/python3.8/site-packages/airflow/example_dags/tutorial.py for tasks to queue
[2024-03-16T19:22:04.858+0000] {logging_mixin.py:188} INFO - [2024-03-16T19:22:04.858+0000] {dagbag.py:540} INFO - Filling up the DagBag from /home/airflow/.local/lib/python3.8/site-packages/airflow/example_dags/tutorial.py
[2024-03-16T19:22:04.862+0000] {processor.py:840} INFO - DAG(s) 'tutorial' retrieved from /home/airflow/.local/lib/python3.8/site-packages/airflow/example_dags/tutorial.py
[2024-03-16T19:22:04.875+0000] {logging_mixin.py:188} INFO - [2024-03-16T19:22:04.875+0000] {dag.py:3047} INFO - Sync 1 DAGs
[2024-03-16T19:22:04.888+0000] {logging_mixin.py:188} INFO - [2024-03-16T19:22:04.888+0000] {dag.py:3834} INFO - Setting next_dagrun for tutorial to 2024-03-15 00:00:00+00:00, run_after=2024-03-16 00:00:00+00:00
[2024-03-16T19:22:04.902+0000] {processor.py:183} INFO - Processing /home/airflow/.local/lib/python3.8/site-packages/airflow/example_dags/tutorial.py took 0.048 seconds
[2024-03-16T19:22:34.992+0000] {processor.py:161} INFO - Started process (PID=244) to work on /home/airflow/.local/lib/python3.8/site-packages/airflow/example_dags/tutorial.py
[2024-03-16T19:22:34.993+0000] {processor.py:830} INFO - Processing file /home/airflow/.local/lib/python3.8/site-packages/airflow/example_dags/tutorial.py for tasks to queue
[2024-03-16T19:22:34.994+0000] {logging_mixin.py:188} INFO - [2024-03-16T19:22:34.994+0000] {dagbag.py:540} INFO - Filling up the DagBag from /home/airflow/.local/lib/python3.8/site-packages/airflow/example_dags/tutorial.py
[2024-03-16T19:22:34.997+0000] {processor.py:840} INFO - DAG(s) 'tutorial' retrieved from /home/airflow/.local/lib/python3.8/site-packages/airflow/example_dags/tutorial.py
[2024-03-16T19:22:35.010+0000] {logging_mixin.py:188} INFO - [2024-03-16T19:22:35.010+0000] {dag.py:3047} INFO - Sync 1 DAGs
[2024-03-16T19:22:35.023+0000] {logging_mixin.py:188} INFO - [2024-03-16T19:22:35.023+0000] {dag.py:3834} INFO - Setting next_dagrun for tutorial to 2024-03-15 00:00:00+00:00, run_after=2024-03-16 00:00:00+00:00
[2024-03-16T19:22:35.038+0000] {processor.py:183} INFO - Processing /home/airflow/.local/lib/python3.8/site-packages/airflow/example_dags/tutorial.py took 0.048 seconds
[2024-03-16T19:23:05.245+0000] {processor.py:161} INFO - Started process (PID=299) to work on /home/airflow/.local/lib/python3.8/site-packages/airflow/example_dags/tutorial.py
[2024-03-16T19:23:05.246+0000] {processor.py:830} INFO - Processing file /home/airflow/.local/lib/python3.8/site-packages/airflow/example_dags/tutorial.py for tasks to queue
[2024-03-16T19:23:05.247+0000] {logging_mixin.py:188} INFO - [2024-03-16T19:23:05.247+0000] {dagbag.py:540} INFO - Filling up the DagBag from /home/airflow/.local/lib/python3.8/site-packages/airflow/example_dags/tutorial.py
[2024-03-16T19:23:05.251+0000] {processor.py:840} INFO - DAG(s) 'tutorial' retrieved from /home/airflow/.local/lib/python3.8/site-packages/airflow/example_dags/tutorial.py
[2024-03-16T19:23:05.263+0000] {logging_mixin.py:188} INFO - [2024-03-16T19:23:05.263+0000] {dag.py:3047} INFO - Sync 1 DAGs
[2024-03-16T19:23:05.277+0000] {logging_mixin.py:188} INFO - [2024-03-16T19:23:05.277+0000] {dag.py:3834} INFO - Setting next_dagrun for tutorial to 2024-03-15 00:00:00+00:00, run_after=2024-03-16 00:00:00+00:00
[2024-03-16T19:23:05.292+0000] {processor.py:183} INFO - Processing /home/airflow/.local/lib/python3.8/site-packages/airflow/example_dags/tutorial.py took 0.049 seconds
[2024-03-16T19:23:36.226+0000] {processor.py:161} INFO - Started process (PID=354) to work on /home/airflow/.local/lib/python3.8/site-packages/airflow/example_dags/tutorial.py
[2024-03-16T19:23:36.227+0000] {processor.py:830} INFO - Processing file /home/airflow/.local/lib/python3.8/site-packages/airflow/example_dags/tutorial.py for tasks to queue
[2024-03-16T19:23:36.229+0000] {logging_mixin.py:188} INFO - [2024-03-16T19:23:36.228+0000] {dagbag.py:540} INFO - Filling up the DagBag from /home/airflow/.local/lib/python3.8/site-packages/airflow/example_dags/tutorial.py
[2024-03-16T19:23:36.232+0000] {processor.py:840} INFO - DAG(s) 'tutorial' retrieved from /home/airflow/.local/lib/python3.8/site-packages/airflow/example_dags/tutorial.py
[2024-03-16T19:23:36.247+0000] {logging_mixin.py:188} INFO - [2024-03-16T19:23:36.247+0000] {dag.py:3047} INFO - Sync 1 DAGs
[2024-03-16T19:23:36.262+0000] {logging_mixin.py:188} INFO - [2024-03-16T19:23:36.262+0000] {dag.py:3834} INFO - Setting next_dagrun for tutorial to 2024-03-15 00:00:00+00:00, run_after=2024-03-16 00:00:00+00:00
[2024-03-16T19:23:36.277+0000] {processor.py:183} INFO - Processing /home/airflow/.local/lib/python3.8/site-packages/airflow/example_dags/tutorial.py took 0.053 seconds
[2024-03-16T19:24:07.149+0000] {processor.py:161} INFO - Started process (PID=409) to work on /home/airflow/.local/lib/python3.8/site-packages/airflow/example_dags/tutorial.py
[2024-03-16T19:24:07.150+0000] {processor.py:830} INFO - Processing file /home/airflow/.local/lib/python3.8/site-packages/airflow/example_dags/tutorial.py for tasks to queue
[2024-03-16T19:24:07.151+0000] {logging_mixin.py:188} INFO - [2024-03-16T19:24:07.151+0000] {dagbag.py:540} INFO - Filling up the DagBag from /home/airflow/.local/lib/python3.8/site-packages/airflow/example_dags/tutorial.py
[2024-03-16T19:24:07.156+0000] {processor.py:840} INFO - DAG(s) 'tutorial' retrieved from /home/airflow/.local/lib/python3.8/site-packages/airflow/example_dags/tutorial.py
[2024-03-16T19:24:07.169+0000] {logging_mixin.py:188} INFO - [2024-03-16T19:24:07.169+0000] {dag.py:3047} INFO - Sync 1 DAGs
[2024-03-16T19:24:07.184+0000] {logging_mixin.py:188} INFO - [2024-03-16T19:24:07.184+0000] {dag.py:3834} INFO - Setting next_dagrun for tutorial to 2024-03-15 00:00:00+00:00, run_after=2024-03-16 00:00:00+00:00
[2024-03-16T19:24:07.200+0000] {processor.py:183} INFO - Processing /home/airflow/.local/lib/python3.8/site-packages/airflow/example_dags/tutorial.py took 0.053 seconds
[2024-03-16T19:24:37.319+0000] {processor.py:161} INFO - Started process (PID=464) to work on /home/airflow/.local/lib/python3.8/site-packages/airflow/example_dags/tutorial.py
[2024-03-16T19:24:37.320+0000] {processor.py:830} INFO - Processing file /home/airflow/.local/lib/python3.8/site-packages/airflow/example_dags/tutorial.py for tasks to queue
[2024-03-16T19:24:37.321+0000] {logging_mixin.py:188} INFO - [2024-03-16T19:24:37.321+0000] {dagbag.py:540} INFO - Filling up the DagBag from /home/airflow/.local/lib/python3.8/site-packages/airflow/example_dags/tutorial.py
[2024-03-16T19:24:37.325+0000] {processor.py:840} INFO - DAG(s) 'tutorial' retrieved from /home/airflow/.local/lib/python3.8/site-packages/airflow/example_dags/tutorial.py
[2024-03-16T19:24:37.339+0000] {logging_mixin.py:188} INFO - [2024-03-16T19:24:37.339+0000] {dag.py:3047} INFO - Sync 1 DAGs
[2024-03-16T19:24:37.355+0000] {logging_mixin.py:188} INFO - [2024-03-16T19:24:37.355+0000] {dag.py:3834} INFO - Setting next_dagrun for tutorial to 2024-03-15 00:00:00+00:00, run_after=2024-03-16 00:00:00+00:00
[2024-03-16T19:24:37.372+0000] {processor.py:183} INFO - Processing /home/airflow/.local/lib/python3.8/site-packages/airflow/example_dags/tutorial.py took 0.055 seconds
[2024-03-16T19:25:07.518+0000] {processor.py:161} INFO - Started process (PID=519) to work on /home/airflow/.local/lib/python3.8/site-packages/airflow/example_dags/tutorial.py
[2024-03-16T19:25:07.519+0000] {processor.py:830} INFO - Processing file /home/airflow/.local/lib/python3.8/site-packages/airflow/example_dags/tutorial.py for tasks to queue
[2024-03-16T19:25:07.520+0000] {logging_mixin.py:188} INFO - [2024-03-16T19:25:07.520+0000] {dagbag.py:540} INFO - Filling up the DagBag from /home/airflow/.local/lib/python3.8/site-packages/airflow/example_dags/tutorial.py
[2024-03-16T19:25:07.524+0000] {processor.py:840} INFO - DAG(s) 'tutorial' retrieved from /home/airflow/.local/lib/python3.8/site-packages/airflow/example_dags/tutorial.py
[2024-03-16T19:25:07.537+0000] {logging_mixin.py:188} INFO - [2024-03-16T19:25:07.537+0000] {dag.py:3047} INFO - Sync 1 DAGs
[2024-03-16T19:25:07.550+0000] {logging_mixin.py:188} INFO - [2024-03-16T19:25:07.550+0000] {dag.py:3834} INFO - Setting next_dagrun for tutorial to 2024-03-15 00:00:00+00:00, run_after=2024-03-16 00:00:00+00:00
[2024-03-16T19:25:07.563+0000] {processor.py:183} INFO - Processing /home/airflow/.local/lib/python3.8/site-packages/airflow/example_dags/tutorial.py took 0.047 seconds
[2024-03-16T19:25:38.371+0000] {processor.py:161} INFO - Started process (PID=574) to work on /home/airflow/.local/lib/python3.8/site-packages/airflow/example_dags/tutorial.py
[2024-03-16T19:25:38.371+0000] {processor.py:830} INFO - Processing file /home/airflow/.local/lib/python3.8/site-packages/airflow/example_dags/tutorial.py for tasks to queue
[2024-03-16T19:25:38.373+0000] {logging_mixin.py:188} INFO - [2024-03-16T19:25:38.372+0000] {dagbag.py:540} INFO - Filling up the DagBag from /home/airflow/.local/lib/python3.8/site-packages/airflow/example_dags/tutorial.py
[2024-03-16T19:25:38.376+0000] {processor.py:840} INFO - DAG(s) 'tutorial' retrieved from /home/airflow/.local/lib/python3.8/site-packages/airflow/example_dags/tutorial.py
[2024-03-16T19:25:38.390+0000] {logging_mixin.py:188} INFO - [2024-03-16T19:25:38.390+0000] {dag.py:3047} INFO - Sync 1 DAGs
[2024-03-16T19:25:38.405+0000] {logging_mixin.py:188} INFO - [2024-03-16T19:25:38.404+0000] {dag.py:3834} INFO - Setting next_dagrun for tutorial to 2024-03-15 00:00:00+00:00, run_after=2024-03-16 00:00:00+00:00
[2024-03-16T19:25:38.420+0000] {processor.py:183} INFO - Processing /home/airflow/.local/lib/python3.8/site-packages/airflow/example_dags/tutorial.py took 0.051 seconds
[2024-03-16T19:26:09.265+0000] {processor.py:161} INFO - Started process (PID=629) to work on /home/airflow/.local/lib/python3.8/site-packages/airflow/example_dags/tutorial.py
[2024-03-16T19:26:09.265+0000] {processor.py:830} INFO - Processing file /home/airflow/.local/lib/python3.8/site-packages/airflow/example_dags/tutorial.py for tasks to queue
[2024-03-16T19:26:09.267+0000] {logging_mixin.py:188} INFO - [2024-03-16T19:26:09.266+0000] {dagbag.py:540} INFO - Filling up the DagBag from /home/airflow/.local/lib/python3.8/site-packages/airflow/example_dags/tutorial.py
[2024-03-16T19:26:09.270+0000] {processor.py:840} INFO - DAG(s) 'tutorial' retrieved from /home/airflow/.local/lib/python3.8/site-packages/airflow/example_dags/tutorial.py
[2024-03-16T19:26:09.282+0000] {logging_mixin.py:188} INFO - [2024-03-16T19:26:09.282+0000] {dag.py:3047} INFO - Sync 1 DAGs
[2024-03-16T19:26:09.295+0000] {logging_mixin.py:188} INFO - [2024-03-16T19:26:09.295+0000] {dag.py:3834} INFO - Setting next_dagrun for tutorial to 2024-03-15 00:00:00+00:00, run_after=2024-03-16 00:00:00+00:00
[2024-03-16T19:26:09.307+0000] {processor.py:183} INFO - Processing /home/airflow/.local/lib/python3.8/site-packages/airflow/example_dags/tutorial.py took 0.045 seconds
[2024-03-16T19:26:39.521+0000] {processor.py:161} INFO - Started process (PID=684) to work on /home/airflow/.local/lib/python3.8/site-packages/airflow/example_dags/tutorial.py
[2024-03-16T19:26:39.522+0000] {processor.py:830} INFO - Processing file /home/airflow/.local/lib/python3.8/site-packages/airflow/example_dags/tutorial.py for tasks to queue
[2024-03-16T19:26:39.523+0000] {logging_mixin.py:188} INFO - [2024-03-16T19:26:39.523+0000] {dagbag.py:540} INFO - Filling up the DagBag from /home/airflow/.local/lib/python3.8/site-packages/airflow/example_dags/tutorial.py
[2024-03-16T19:26:39.527+0000] {processor.py:840} INFO - DAG(s) 'tutorial' retrieved from /home/airflow/.local/lib/python3.8/site-packages/airflow/example_dags/tutorial.py
[2024-03-16T19:26:39.539+0000] {logging_mixin.py:188} INFO - [2024-03-16T19:26:39.539+0000] {dag.py:3047} INFO - Sync 1 DAGs
[2024-03-16T19:26:39.553+0000] {logging_mixin.py:188} INFO - [2024-03-16T19:26:39.553+0000] {dag.py:3834} INFO - Setting next_dagrun for tutorial to 2024-03-15 00:00:00+00:00, run_after=2024-03-16 00:00:00+00:00
[2024-03-16T19:26:39.568+0000] {processor.py:183} INFO - Processing /home/airflow/.local/lib/python3.8/site-packages/airflow/example_dags/tutorial.py took 0.048 seconds
[2024-03-16T19:27:09.649+0000] {processor.py:161} INFO - Started process (PID=739) to work on /home/airflow/.local/lib/python3.8/site-packages/airflow/example_dags/tutorial.py
[2024-03-16T19:27:09.649+0000] {processor.py:830} INFO - Processing file /home/airflow/.local/lib/python3.8/site-packages/airflow/example_dags/tutorial.py for tasks to queue
[2024-03-16T19:27:09.651+0000] {logging_mixin.py:188} INFO - [2024-03-16T19:27:09.651+0000] {dagbag.py:540} INFO - Filling up the DagBag from /home/airflow/.local/lib/python3.8/site-packages/airflow/example_dags/tutorial.py
[2024-03-16T19:27:09.654+0000] {processor.py:840} INFO - DAG(s) 'tutorial' retrieved from /home/airflow/.local/lib/python3.8/site-packages/airflow/example_dags/tutorial.py
[2024-03-16T19:27:09.667+0000] {logging_mixin.py:188} INFO - [2024-03-16T19:27:09.667+0000] {dag.py:3047} INFO - Sync 1 DAGs
[2024-03-16T19:27:09.681+0000] {logging_mixin.py:188} INFO - [2024-03-16T19:27:09.681+0000] {dag.py:3834} INFO - Setting next_dagrun for tutorial to 2024-03-15 00:00:00+00:00, run_after=2024-03-16 00:00:00+00:00
[2024-03-16T19:27:09.695+0000] {processor.py:183} INFO - Processing /home/airflow/.local/lib/python3.8/site-packages/airflow/example_dags/tutorial.py took 0.049 seconds
[2024-03-16T19:27:39.709+0000] {processor.py:161} INFO - Started process (PID=793) to work on /home/airflow/.local/lib/python3.8/site-packages/airflow/example_dags/tutorial.py
[2024-03-16T19:27:39.710+0000] {processor.py:830} INFO - Processing file /home/airflow/.local/lib/python3.8/site-packages/airflow/example_dags/tutorial.py for tasks to queue
[2024-03-16T19:27:39.711+0000] {logging_mixin.py:188} INFO - [2024-03-16T19:27:39.711+0000] {dagbag.py:540} INFO - Filling up the DagBag from /home/airflow/.local/lib/python3.8/site-packages/airflow/example_dags/tutorial.py
[2024-03-16T19:27:39.714+0000] {processor.py:840} INFO - DAG(s) 'tutorial' retrieved from /home/airflow/.local/lib/python3.8/site-packages/airflow/example_dags/tutorial.py
[2024-03-16T19:27:39.726+0000] {logging_mixin.py:188} INFO - [2024-03-16T19:27:39.726+0000] {dag.py:3047} INFO - Sync 1 DAGs
[2024-03-16T19:27:39.739+0000] {logging_mixin.py:188} INFO - [2024-03-16T19:27:39.739+0000] {dag.py:3834} INFO - Setting next_dagrun for tutorial to 2024-03-15 00:00:00+00:00, run_after=2024-03-16 00:00:00+00:00
[2024-03-16T19:27:39.754+0000] {processor.py:183} INFO - Processing /home/airflow/.local/lib/python3.8/site-packages/airflow/example_dags/tutorial.py took 0.046 seconds
[2024-03-16T19:28:10.550+0000] {processor.py:161} INFO - Started process (PID=849) to work on /home/airflow/.local/lib/python3.8/site-packages/airflow/example_dags/tutorial.py
[2024-03-16T19:28:10.551+0000] {processor.py:830} INFO - Processing file /home/airflow/.local/lib/python3.8/site-packages/airflow/example_dags/tutorial.py for tasks to queue
[2024-03-16T19:28:10.552+0000] {logging_mixin.py:188} INFO - [2024-03-16T19:28:10.552+0000] {dagbag.py:540} INFO - Filling up the DagBag from /home/airflow/.local/lib/python3.8/site-packages/airflow/example_dags/tutorial.py
[2024-03-16T19:28:10.556+0000] {processor.py:840} INFO - DAG(s) 'tutorial' retrieved from /home/airflow/.local/lib/python3.8/site-packages/airflow/example_dags/tutorial.py
[2024-03-16T19:28:10.569+0000] {logging_mixin.py:188} INFO - [2024-03-16T19:28:10.569+0000] {dag.py:3047} INFO - Sync 1 DAGs
[2024-03-16T19:28:10.584+0000] {logging_mixin.py:188} INFO - [2024-03-16T19:28:10.584+0000] {dag.py:3834} INFO - Setting next_dagrun for tutorial to 2024-03-15 00:00:00+00:00, run_after=2024-03-16 00:00:00+00:00
[2024-03-16T19:28:10.599+0000] {processor.py:183} INFO - Processing /home/airflow/.local/lib/python3.8/site-packages/airflow/example_dags/tutorial.py took 0.051 seconds
[2024-03-16T19:28:41.434+0000] {processor.py:161} INFO - Started process (PID=904) to work on /home/airflow/.local/lib/python3.8/site-packages/airflow/example_dags/tutorial.py
[2024-03-16T19:28:41.434+0000] {processor.py:830} INFO - Processing file /home/airflow/.local/lib/python3.8/site-packages/airflow/example_dags/tutorial.py for tasks to queue
[2024-03-16T19:28:41.435+0000] {logging_mixin.py:188} INFO - [2024-03-16T19:28:41.435+0000] {dagbag.py:540} INFO - Filling up the DagBag from /home/airflow/.local/lib/python3.8/site-packages/airflow/example_dags/tutorial.py
[2024-03-16T19:28:41.439+0000] {processor.py:840} INFO - DAG(s) 'tutorial' retrieved from /home/airflow/.local/lib/python3.8/site-packages/airflow/example_dags/tutorial.py
[2024-03-16T19:28:41.451+0000] {logging_mixin.py:188} INFO - [2024-03-16T19:28:41.451+0000] {dag.py:3047} INFO - Sync 1 DAGs
[2024-03-16T19:28:41.465+0000] {logging_mixin.py:188} INFO - [2024-03-16T19:28:41.464+0000] {dag.py:3834} INFO - Setting next_dagrun for tutorial to 2024-03-15 00:00:00+00:00, run_after=2024-03-16 00:00:00+00:00
[2024-03-16T19:28:41.477+0000] {processor.py:183} INFO - Processing /home/airflow/.local/lib/python3.8/site-packages/airflow/example_dags/tutorial.py took 0.045 seconds
